#
# There is insufficient memory for the Java Runtime Environment to continue.
# Native memory allocation (malloc) failed to allocate 104333312 bytes for committing reserved memory.
# Possible reasons:
#   The system is out of physical RAM or swap space
#   In 32 bit mode, the process size limit was hit
# Possible solutions:
#   Reduce memory load on the system
#   Increase physical memory or swap space
#   Check if swap backing store is full
#   Use 64 bit Java on a 64 bit OS
#   Decrease Java heap size (-Xmx/-Xms)
#   Decrease number of Java threads
#   Decrease Java thread stack sizes (-Xss)
#   Set larger code cache with -XX:ReservedCodeCacheSize=
# This output file may be truncated or incomplete.
#
#  Out of Memory Error (os_linux.cpp:2756), pid=13733, tid=139934743967488
#
# JRE version: Java(TM) SE Runtime Environment (7.0_80-b15) (build 1.7.0_80-b15)
# Java VM: Java HotSpot(TM) 64-Bit Server VM (24.80-b11 mixed mode linux-amd64 compressed oops)
# Failed to write core dump. Core dumps have been disabled. To enable core dumping, try "ulimit -c unlimited" before starting Java again
#

---------------  T H R E A D  ---------------

Current thread (0x00007f4514069800):  VMThread [stack: 0x00007f4518a4b000,0x00007f4518b4c000] [id=13741]

Stack: [0x00007f4518a4b000,0x00007f4518b4c000],  sp=0x00007f4518b4a360,  free space=1020k
Native frames: (J=compiled Java code, j=interpreted, Vv=VM code, C=native code)
V  [libjvm.so+0x9a320a]  VMError::report_and_die()+0x2ea
V  [libjvm.so+0x498d3b]  report_vm_out_of_memory(char const*, int, unsigned long, char const*)+0x9b
V  [libjvm.so+0x82191e]  os::Linux::commit_memory_impl(char*, unsigned long, bool)+0xfe
V  [libjvm.so+0x821e69]  os::pd_commit_memory(char*, unsigned long, unsigned long, bool)+0x29
V  [libjvm.so+0x81bb6a]  os::commit_memory(char*, unsigned long, unsigned long, bool)+0x2a
V  [libjvm.so+0x88d623]  PSVirtualSpace::expand_by(unsigned long)+0x53
V  [libjvm.so+0x87ca80]  PSOldGen::expand(unsigned long)+0x170
V  [libjvm.so+0x87cc8b]  PSOldGen::resize(unsigned long)+0x1cb
V  [libjvm.so+0x885951]  PSParallelCompact::invoke_no_policy(bool)+0x9b1
V  [libjvm.so+0x88b8cd]  PSScavenge::invoke()+0x1ad
V  [libjvm.so+0x843f40]  ParallelScavengeHeap::failed_mem_allocate(unsigned long)+0x70
V  [libjvm.so+0x9a4a97]  VM_ParallelGCFailedAllocation::doit()+0x97
V  [libjvm.so+0x9abf35]  VM_Operation::evaluate()+0x55
V  [libjvm.so+0x9aa2fa]  VMThread::evaluate_operation(VM_Operation*)+0xba
V  [libjvm.so+0x9aa67e]  VMThread::loop()+0x1ce
V  [libjvm.so+0x9aaaf0]  VMThread::run()+0x70
V  [libjvm.so+0x8238c8]  java_start(Thread*)+0x108

VM_Operation (0x00007f45064c0f30): ParallelGCFailedAllocation, mode: safepoint, requested by thread 0x00007f44a8015800


---------------  P R O C E S S  ---------------

Java Threads: ( => current thread )
  0x00007f44a8015800 JavaThread "pool-15-thread-4" [_thread_blocked, id=14545, stack(0x00007f45063c2000,0x00007f45064c3000)]
  0x00007f44a8015000 JavaThread "pool-15-thread-3" [_thread_blocked, id=14544, stack(0x00007f45065c4000,0x00007f45066c5000)]
  0x00007f44a8014000 JavaThread "pool-15-thread-2" [_thread_blocked, id=14543, stack(0x00007f45064c3000,0x00007f45065c4000)]
  0x00007f44a8013800 JavaThread "pool-16-thread-1" [_thread_blocked, id=14542, stack(0x00007f4506ccb000,0x00007f4506dcc000)]
  0x00007f44a8012800 JavaThread "pool-15-thread-1" [_thread_blocked, id=14541, stack(0x00007f45067c6000,0x00007f45068c7000)]
  0x00007f44c8454800 JavaThread "pool-14-thread-1" [_thread_blocked, id=14540, stack(0x00007f45068c7000,0x00007f45069c8000)]
  0x00007f44c8007800 JavaThread "Stdin handler" [_thread_blocked, id=14539, stack(0x00007f4507522000,0x00007f4507623000)]
  0x00007f44d4003800 JavaThread "Cancel handler" [_thread_blocked, id=14536, stack(0x00007f450772b000,0x00007f450782c000)]
  0x00007f44d400a000 JavaThread "Handler for socket connection from /127.0.0.1:45257 to /127.0.0.1:54712" [_thread_in_native, id=14532, stack(0x00007f450782c000,0x00007f450792d000)]
  0x00007f44d400c000 JavaThread "Daemon worker Thread 4" [_thread_blocked, id=14476, stack(0x00007f450762a000,0x00007f450772b000)]
  0x00007f44d004f800 JavaThread "Daemon Thread 4" [_thread_blocked, id=14473, stack(0x00007f450792d000,0x00007f4507a2e000)]
  0x00007f44c103e000 JavaThread "pool-2-thread-4" [_thread_blocked, id=14188, stack(0x00007f45066c5000,0x00007f45067c6000)]
  0x00007f44cc001000 JavaThread "pool-2-thread-3" [_thread_blocked, id=14182, stack(0x00007f4506ac9000,0x00007f4506bca000)]
  0x00007f44c820e800 JavaThread "pool-2-thread-2" [_thread_blocked, id=13996, stack(0x00007f4506bca000,0x00007f4506ccb000)]
  0x00007f44c4002800 JavaThread "pool-2-thread-1" [_thread_blocked, id=13989, stack(0x00007f45069c8000,0x00007f4506ac9000)]
  0x00007f44c027c800 JavaThread "File lock request listener" [_thread_in_native, id=13758, stack(0x00007f45073b6000,0x00007f45074b7000)]
  0x00007f4514a54800 JavaThread "Incoming local TCP Connector on port 45257" [_thread_in_native, id=13750, stack(0x00007f4507a2e000,0x00007f4507b2f000)]
  0x00007f4514099800 JavaThread "Service Thread" daemon [_thread_blocked, id=13747, stack(0x00007f451816c000,0x00007f451826d000)]
  0x00007f4514097000 JavaThread "C2 CompilerThread1" daemon [_thread_blocked, id=13746, stack(0x00007f451826d000,0x00007f451836e000)]
  0x00007f4514094000 JavaThread "C2 CompilerThread0" daemon [_thread_blocked, id=13745, stack(0x00007f451836e000,0x00007f451846f000)]
  0x00007f4514092000 JavaThread "Signal Dispatcher" daemon [_thread_blocked, id=13744, stack(0x00007f451846f000,0x00007f4518570000)]
  0x00007f4514070000 JavaThread "Finalizer" daemon [_thread_blocked, id=13743, stack(0x00007f4518849000,0x00007f451894a000)]
  0x00007f451406e000 JavaThread "Reference Handler" daemon [_thread_blocked, id=13742, stack(0x00007f451894a000,0x00007f4518a4b000)]
  0x00007f451400a000 JavaThread "main" [_thread_blocked, id=13734, stack(0x00007f451da68000,0x00007f451db69000)]

Other Threads:
=>0x00007f4514069800 VMThread [stack: 0x00007f4518a4b000,0x00007f4518b4c000] [id=13741]
  0x00007f45140a4000 WatcherThread [stack: 0x00007f451806b000,0x00007f451816c000] [id=13748]

VM state:at safepoint (normal execution)

VM Mutex/Monitor currently owned by a thread:  ([mutex/lock_event])
[0x00007f4514005d10] ExpandHeap_lock - owner thread: 0x00007f4514069800
[0x00007f4514006390] Threads_lock - owner thread: 0x00007f4514069800
[0x00007f4514006890] Heap_lock - owner thread: 0x00007f44a8015800

Heap
 PSYoungGen      total 561664K, used 30977K [0x00000007d5500000, 0x0000000800000000, 0x0000000800000000)
  eden space 447488K, 0% used [0x00000007d5500000,0x00000007d5500000,0x00000007f0a00000)
  from space 114176K, 27% used [0x00000007f9080000,0x00000007faec0640,0x0000000800000000)
  to   space 125952K, 0% used [0x00000007f0a00000,0x00000007f0a00000,0x00000007f8500000)
 ParOldGen       total 187392K, used 187179K [0x0000000780000000, 0x000000078b700000, 0x00000007d5500000)
  object space 187392K, 99% used [0x0000000780000000,0x000000078b6cacb8,0x000000078b700000)
 PSPermGen       total 83968K, used 61744K [0x000000077ae00000, 0x0000000780000000, 0x0000000780000000)
  object space 83968K, 73% used [0x000000077ae00000,0x000000077ea4c358,0x0000000780000000)

Card table byte_map: [0x00007f451a92f000,0x00007f451ad59000] byte_map_base: 0x00007f4516d58000

Polling page: 0x00007f451db96000

Code Cache  [0x00007f4511000000, 0x00007f4511d60000, 0x00007f4514000000)
 total_blobs=4679 nmethods=4001 adapters=630 free_code_cache=35621Kb largest_free_block=36311040

Compilation events (10 events):
Event: 1887,734 Thread 0x00007f4514094000 nmethod 4562 0x00007f4511d37dd0 code [0x00007f4511d37f00, 0x00007f4511d37f78]
Event: 1887,995 Thread 0x00007f4514094000 4563             com.android.dx.rop.code.LocalItem::hashCode (41 bytes)
Event: 1888,005 Thread 0x00007f4514094000 nmethod 4563 0x00007f4511d35250 code [0x00007f4511d353a0, 0x00007f4511d356b8]
Event: 1888,009 Thread 0x00007f4514094000 4564             com.android.dx.rop.code.LocalItem::compareTo (9 bytes)
Event: 1888,018 Thread 0x00007f4514094000 nmethod 4564 0x00007f4511d43910 code [0x00007f4511d43a80, 0x00007f4511d43e58]
Event: 1888,018 Thread 0x00007f4514097000 nmethod 4561 0x00007f4511d533d0 code [0x00007f4511d538a0, 0x00007f4511d560b8]
Event: 1888,086 Thread 0x00007f4514094000 4565   !         com.android.dx.cf.direct.StdAttributeFactory::parseLocalVariables (274 bytes)
Event: 1888,188 Thread 0x00007f4514097000 4566             java.io.DataInputStream::readUnsignedShort (39 bytes)
Event: 1888,195 Thread 0x00007f4514097000 nmethod 4566 0x00007f4511d36610 code [0x00007f4511d36780, 0x00007f4511d369f8]
Event: 1888,217 Thread 0x00007f4514094000 nmethod 4565 0x00007f4511d5a410 code [0x00007f4511d5a6a0, 0x00007f4511d5bbb8]

GC Heap History (10 events):
Event: 1779,111 GC heap after
Heap after GC invocations=27 (full 6):
 PSYoungGen      total 473088K, used 2048K [0x00000007d5500000, 0x00000007ff880000, 0x0000000800000000)
  eden space 470528K, 0% used [0x00000007d5500000,0x00000007d5500000,0x00000007f2080000)
  from space 2560K, 80% used [0x00000007f2080000,0x00000007f2280040,0x00000007f2300000)
  to   space 110592K, 0% used [0x00000007f8c80000,0x00000007f8c80000,0x00000007ff880000)
 ParOldGen       total 187392K, used 56101K [0x0000000780000000, 0x000000078b700000, 0x00000007d5500000)
  object space 187392K, 29% used [0x0000000780000000,0x00000007836c9540,0x000000078b700000)
 PSPermGen       total 83968K, used 61178K [0x000000077ae00000, 0x0000000780000000, 0x0000000780000000)
  object space 83968K, 72% used [0x000000077ae00000,0x000000077e9beb28,0x0000000780000000)
}
Event: 1779,112 GC heap before
{Heap before GC invocations=28 (full 7):
 PSYoungGen      total 473088K, used 2048K [0x00000007d5500000, 0x00000007ff880000, 0x0000000800000000)
  eden space 470528K, 0% used [0x00000007d5500000,0x00000007d5500000,0x00000007f2080000)
  from space 2560K, 80% used [0x00000007f2080000,0x00000007f2280040,0x00000007f2300000)
  to   space 110592K, 0% used [0x00000007f8c80000,0x00000007f8c80000,0x00000007ff880000)
 ParOldGen       total 187392K, used 56101K [0x0000000780000000, 0x000000078b700000, 0x00000007d5500000)
  object space 187392K, 29% used [0x0000000780000000,0x00000007836c9540,0x000000078b700000)
 PSPermGen       total 83968K, used 61178K [0x000000077ae00000, 0x0000000780000000, 0x0000000780000000)
  object space 83968K, 72% used [0x000000077ae00000,0x000000077e9beb28,0x0000000780000000)
Event: 1779,724 GC heap after
Heap after GC invocations=28 (full 7):
 PSYoungGen      total 473088K, used 0K [0x00000007d5500000, 0x00000007ff880000, 0x0000000800000000)
  eden space 470528K, 0% used [0x00000007d5500000,0x00000007d5500000,0x00000007f2080000)
  from space 2560K, 0% used [0x00000007f2080000,0x00000007f2080000,0x00000007f2300000)
  to   space 110592K, 0% used [0x00000007f8c80000,0x00000007f8c80000,0x00000007ff880000)
 ParOldGen       total 187392K, used 57648K [0x0000000780000000, 0x000000078b700000, 0x00000007d5500000)
  object space 187392K, 30% used [0x0000000780000000,0x000000078384c3f0,0x000000078b700000)
 PSPermGen       total 83968K, used 61178K [0x000000077ae00000, 0x0000000780000000, 0x0000000780000000)
  object space 83968K, 72% used [0x000000077ae00000,0x000000077e9be8c8,0x0000000780000000)
}
Event: 1885,768 GC heap before
{Heap before GC invocations=29 (full 7):
 PSYoungGen      total 473088K, used 470528K [0x00000007d5500000, 0x00000007ff880000, 0x0000000800000000)
  eden space 470528K, 100% used [0x00000007d5500000,0x00000007f2080000,0x00000007f2080000)
  from space 2560K, 0% used [0x00000007f2080000,0x00000007f2080000,0x00000007f2300000)
  to   space 110592K, 0% used [0x00000007f8c80000,0x00000007f8c80000,0x00000007ff880000)
 ParOldGen       total 187392K, used 57648K [0x0000000780000000, 0x000000078b700000, 0x00000007d5500000)
  object space 187392K, 30% used [0x0000000780000000,0x000000078384c3f0,0x000000078b700000)
 PSPermGen       total 83968K, used 61742K [0x000000077ae00000, 0x0000000780000000, 0x0000000780000000)
  object space 83968K, 73% used [0x000000077ae00000,0x000000077ea4b850,0x0000000780000000)
Event: 1885,900 GC heap after
Heap after GC invocations=29 (full 7):
 PSYoungGen      total 584192K, used 9085K [0x00000007d5500000, 0x0000000800000000, 0x0000000800000000)
  eden space 473600K, 0% used [0x00000007d5500000,0x00000007d5500000,0x00000007f2380000)
  from space 110592K, 8% used [0x00000007f8c80000,0x00000007f955f560,0x00000007ff880000)
  to   space 107520K, 0% used [0x00000007f2380000,0x00000007f2380000,0x00000007f8c80000)
 ParOldGen       total 187392K, used 57648K [0x0000000780000000, 0x000000078b700000, 0x00000007d5500000)
  object space 187392K, 30% used [0x0000000780000000,0x000000078384c3f0,0x000000078b700000)
 PSPermGen       total 83968K, used 61742K [0x000000077ae00000, 0x0000000780000000, 0x0000000780000000)
  object space 83968K, 73% used [0x000000077ae00000,0x000000077ea4b850,0x0000000780000000)
}
Event: 1887,251 GC heap before
{Heap before GC invocations=30 (full 7):
 PSYoungGen      total 584192K, used 482685K [0x00000007d5500000, 0x0000000800000000, 0x0000000800000000)
  eden space 473600K, 100% used [0x00000007d5500000,0x00000007f2380000,0x00000007f2380000)
  from space 110592K, 8% used [0x00000007f8c80000,0x00000007f955f560,0x00000007ff880000)
  to   space 107520K, 0% used [0x00000007f2380000,0x00000007f2380000,0x00000007f8c80000)
 ParOldGen       total 187392K, used 57648K [0x0000000780000000, 0x000000078b700000, 0x00000007d5500000)
  object space 187392K, 30% used [0x0000000780000000,0x000000078384c3f0,0x000000078b700000)
 PSPermGen       total 83968K, used 61745K [0x000000077ae00000, 0x0000000780000000, 0x0000000780000000)
  object space 83968K, 73% used [0x000000077ae00000,0x000000077ea4c548,0x0000000780000000)
Event: 1887,719 GC heap after
Heap after GC invocations=30 (full 7):
 PSYoungGen      total 581120K, used 70267K [0x00000007d5500000, 0x0000000800000000, 0x0000000800000000)
  eden space 473600K, 0% used [0x00000007d5500000,0x00000007d5500000,0x00000007f2380000)
  from space 107520K, 65% used [0x00000007f2380000,0x00000007f681ed10,0x00000007f8c80000)
  to   space 114176K, 0% used [0x00000007f9080000,0x00000007f9080000,0x0000000800000000)
 ParOldGen       total 187392K, used 63589K [0x0000000780000000, 0x000000078b700000, 0x00000007d5500000)
  object space 187392K, 33% used [0x0000000780000000,0x0000000783e194d0,0x000000078b700000)
 PSPermGen       total 83968K, used 61745K [0x000000077ae00000, 0x0000000780000000, 0x0000000780000000)
  object space 83968K, 73% used [0x000000077ae00000,0x000000077ea4c548,0x0000000780000000)
}
Event: 1888,558 GC heap before
{Heap before GC invocations=31 (full 7):
 PSYoungGen      total 581120K, used 543867K [0x00000007d5500000, 0x0000000800000000, 0x0000000800000000)
  eden space 473600K, 100% used [0x00000007d5500000,0x00000007f2380000,0x00000007f2380000)
  from space 107520K, 65% used [0x00000007f2380000,0x00000007f681ed10,0x00000007f8c80000)
  to   space 114176K, 0% used [0x00000007f9080000,0x00000007f9080000,0x0000000800000000)
 ParOldGen       total 187392K, used 63589K [0x0000000780000000, 0x000000078b700000, 0x00000007d5500000)
  object space 187392K, 33% used [0x0000000780000000,0x0000000783e194d0,0x000000078b700000)
 PSPermGen       total 83968K, used 61746K [0x000000077ae00000, 0x0000000780000000, 0x0000000780000000)
  object space 83968K, 73% used [0x000000077ae00000,0x000000077ea4cb78,0x0000000780000000)
Event: 1890,242 GC heap after
Heap after GC invocations=31 (full 7):
 PSYoungGen      total 561664K, used 89592K [0x00000007d5500000, 0x0000000800000000, 0x0000000800000000)
  eden space 447488K, 0% used [0x00000007d5500000,0x00000007d5500000,0x00000007f0a00000)
  from space 114176K, 78% used [0x00000007f9080000,0x00000007fe7fe1f8,0x0000000800000000)
  to   space 125952K, 0% used [0x00000007f0a00000,0x00000007f0a00000,0x00000007f8500000)
 ParOldGen       total 187392K, used 131958K [0x0000000780000000, 0x000000078b700000, 0x00000007d5500000)
  object space 187392K, 70% used [0x0000000780000000,0x00000007880dda00,0x000000078b700000)
 PSPermGen       total 83968K, used 61746K [0x000000077ae00000, 0x0000000780000000, 0x0000000780000000)
  object space 83968K, 73% used [0x000000077ae00000,0x000000077ea4cb78,0x0000000780000000)
}
Event: 1890,246 GC heap before
{Heap before GC invocations=32 (full 8):
 PSYoungGen      total 561664K, used 89592K [0x00000007d5500000, 0x0000000800000000, 0x0000000800000000)
  eden space 447488K, 0% used [0x00000007d5500000,0x00000007d5500000,0x00000007f0a00000)
  from space 114176K, 78% used [0x00000007f9080000,0x00000007fe7fe1f8,0x0000000800000000)
  to   space 125952K, 0% used [0x00000007f0a00000,0x00000007f0a00000,0x00000007f8500000)
 ParOldGen       total 187392K, used 131958K [0x0000000780000000, 0x000000078b700000, 0x00000007d5500000)
  object space 187392K, 70% used [0x0000000780000000,0x00000007880dda00,0x000000078b700000)
 PSPermGen       total 83968K, used 61746K [0x000000077ae00000, 0x0000000780000000, 0x0000000780000000)
  object space 83968K, 73% used [0x000000077ae00000,0x000000077ea4cb78,0x0000000780000000)

Deoptimization events (10 events):
Event: 1826,589 Thread 0x00007f44d400c000 Uncommon trap: reason=class_check action=maybe_recompile pc=0x00007f4511460de4 method=com.google.common.collect.Iterators$8.transform(Ljava/lang/Object;)Ljava/lang/Object; @ 5
Event: 1826,631 Thread 0x00007f44d400c000 Uncommon trap: reason=unstable_if action=reinterpret pc=0x00007f4511b5927c method=org.gradle.internal.graph.CachingDirectedGraphWalker.doSearch()Ljava/util/Set; @ 219
Event: 1831,345 Thread 0x00007f44ac078000 Uncommon trap: reason=null_check action=make_not_entrant pc=0x00007f4511931bb0 method=com.android.dx.cf.direct.DirectClassFile.getSourceFile()Lcom/android/dx/rop/cst/CstString; @ 15
Event: 1831,364 Thread 0x00007f44ac07a800 Uncommon trap: reason=unstable_if action=reinterpret pc=0x00007f4511869ec8 method=com.android.dx.cf.code.ExecutionStack.<init>(I)V @ 2
Event: 1831,364 Thread 0x00007f44ac07a800 Uncommon trap: reason=unstable_if action=reinterpret pc=0x00007f4511882804 method=com.android.dx.cf.code.ExecutionStack.<init>(I)V @ 2
Event: 1831,369 Thread 0x00007f44ac07a800 Uncommon trap: reason=null_check action=make_not_entrant pc=0x00007f45119f01a0 method=com.android.dx.rop.cst.CstType.intern(Lcom/android/dx/rop/type/Type;)Lcom/android/dx/rop/cst/CstType; @ 19
Event: 1831,563 Thread 0x00007f44c4002800 Uncommon trap: reason=unstable_if action=reinterpret pc=0x00007f4511a27b9c method=com.android.dx.dex.file.CodeItem.addContents(Lcom/android/dx/dex/file/DexFile;)V @ 27
Event: 1831,579 Thread 0x00007f44c4002800 Uncommon trap: reason=unstable_if action=reinterpret pc=0x00007f45118353fc method=com.android.dx.dex.file.DebugInfoEncoder.emitHeader(Ljava/util/ArrayList;Ljava/util/ArrayList;)V @ 33
Event: 1831,649 Thread 0x00007f44d400c000 Uncommon trap: reason=class_check action=maybe_recompile pc=0x00007f45115ba9b8 method=com.google.common.collect.Iterators$8.transform(Ljava/lang/Object;)Ljava/lang/Object; @ 5
Event: 1879,086 Thread 0x00007f44d400c000 Uncommon trap: reason=null_check action=make_not_entrant pc=0x00007f45113d546c method=java.lang.ThreadLocal$ThreadLocalMap.getEntryAfterMiss(Ljava/lang/ThreadLocal;ILjava/lang/ThreadLocal$ThreadLocalMap$Entry;)Ljava/lang/ThreadLocal$ThreadLocalMap$Entry; 

Internal exceptions (10 events):
Event: 1879,212 Thread 0x00007f44d400c000 Threw 0x00000007eac78a00 at /HUDSON/workspace/7u-2-build-linux-amd64/jdk7u80/2329/hotspot/src/share/vm/prims/jvm.cpp:1319
Event: 1879,214 Thread 0x00007f44d400c000 Threw 0x00000007eac82898 at /HUDSON/workspace/7u-2-build-linux-amd64/jdk7u80/2329/hotspot/src/share/vm/prims/jvm.cpp:1319
Event: 1879,215 Thread 0x00007f44d400c000 Threw 0x00000007eac86058 at /HUDSON/workspace/7u-2-build-linux-amd64/jdk7u80/2329/hotspot/src/share/vm/prims/jvm.cpp:1319
Event: 1879,217 Thread 0x00007f44d400c000 Threw 0x00000007eac8a8c0 at /HUDSON/workspace/7u-2-build-linux-amd64/jdk7u80/2329/hotspot/src/share/vm/prims/jvm.cpp:1319
Event: 1879,217 Thread 0x00007f44d400c000 Threw 0x00000007eac8b638 at /HUDSON/workspace/7u-2-build-linux-amd64/jdk7u80/2329/hotspot/src/share/vm/prims/jvm.cpp:1319
Event: 1879,218 Thread 0x00007f44d400c000 Threw 0x00000007eac93900 at /HUDSON/workspace/7u-2-build-linux-amd64/jdk7u80/2329/hotspot/src/share/vm/prims/jvm.cpp:1319
Event: 1879,219 Thread 0x00007f44d400c000 Threw 0x00000007eac979b8 at /HUDSON/workspace/7u-2-build-linux-amd64/jdk7u80/2329/hotspot/src/share/vm/prims/jvm.cpp:1319
Event: 1879,220 Thread 0x00007f44d400c000 Threw 0x00000007eac9c8a0 at /HUDSON/workspace/7u-2-build-linux-amd64/jdk7u80/2329/hotspot/src/share/vm/prims/jvm.cpp:1319
Event: 1879,220 Thread 0x00007f44d400c000 Threw 0x00000007eac9d8b0 at /HUDSON/workspace/7u-2-build-linux-amd64/jdk7u80/2329/hotspot/src/share/vm/prims/jvm.cpp:1319
Event: 1879,220 Thread 0x00007f44d400c000 Threw 0x00000007eaca67e8 at /HUDSON/workspace/7u-2-build-linux-amd64/jdk7u80/2329/hotspot/src/share/vm/prims/jvm.cpp:1319

Events (10 events):
Event: 1885,923 Executing VM operation: RevokeBias done
Event: 1885,923 Executing VM operation: RevokeBias
Event: 1885,923 Executing VM operation: RevokeBias done
Event: 1885,925 Thread 0x00007f44a8015000 Thread added: 0x00007f44a8015000
Event: 1885,927 Thread 0x00007f44a8015800 Thread added: 0x00007f44a8015800
Event: 1885,931 Executing VM operation: RevokeBias
Event: 1885,931 Executing VM operation: RevokeBias done
Event: 1887,242 Executing VM operation: ParallelGCFailedAllocation
Event: 1887,729 Executing VM operation: ParallelGCFailedAllocation done
Event: 1888,547 Executing VM operation: ParallelGCFailedAllocation


Dynamic libraries:
00400000-00401000 r-xp 00000000 08:05 1602077                            /usr/lib/jvm/java-7-oracle/bin/java
00600000-00601000 rw-p 00000000 08:05 1602077                            /usr/lib/jvm/java-7-oracle/bin/java
010dc000-010fd000 rw-p 00000000 00:00 0                                  [heap]
77ae00000-780000000 rw-p 00000000 00:00 0 
780000000-78b700000 rw-p 00000000 00:00 0 
791a80000-7d5500000 rw-p 00000000 00:00 0 
7d5500000-800000000 rw-p 00000000 00:00 0 
7f4490000000-7f4490021000 rw-p 00000000 00:00 0 
7f4490021000-7f4494000000 ---p 00000000 00:00 0 
7f4498000000-7f4498021000 rw-p 00000000 00:00 0 
7f4498021000-7f449c000000 ---p 00000000 00:00 0 
7f449c000000-7f449c021000 rw-p 00000000 00:00 0 
7f449c021000-7f44a0000000 ---p 00000000 00:00 0 
7f44a0000000-7f44a0033000 rw-p 00000000 00:00 0 
7f44a0033000-7f44a4000000 ---p 00000000 00:00 0 
7f44a4000000-7f44a48d6000 rw-p 00000000 00:00 0 
7f44a48d6000-7f44a8000000 ---p 00000000 00:00 0 
7f44a8000000-7f44a8031000 rw-p 00000000 00:00 0 
7f44a8031000-7f44ac000000 ---p 00000000 00:00 0 
7f44ac000000-7f44ac0c1000 rw-p 00000000 00:00 0 
7f44ac0c1000-7f44b0000000 ---p 00000000 00:00 0 
7f44b0000000-7f44b0021000 rw-p 00000000 00:00 0 
7f44b0021000-7f44b4000000 ---p 00000000 00:00 0 
7f44b4000000-7f44b4029000 rw-p 00000000 00:00 0 
7f44b4029000-7f44b8000000 ---p 00000000 00:00 0 
7f44b8000000-7f44b8021000 rw-p 00000000 00:00 0 
7f44b8021000-7f44bc000000 ---p 00000000 00:00 0 
7f44bc000000-7f44bc021000 rw-p 00000000 00:00 0 
7f44bc021000-7f44c0000000 ---p 00000000 00:00 0 
7f44c0000000-7f44c10fd000 rw-p 00000000 00:00 0 
7f44c10fd000-7f44c4000000 ---p 00000000 00:00 0 
7f44c4000000-7f44c404f000 rw-p 00000000 00:00 0 
7f44c404f000-7f44c8000000 ---p 00000000 00:00 0 
7f44c8000000-7f44c85f6000 rw-p 00000000 00:00 0 
7f44c85f6000-7f44cc000000 ---p 00000000 00:00 0 
7f44cc000000-7f44cc021000 rw-p 00000000 00:00 0 
7f44cc021000-7f44d0000000 ---p 00000000 00:00 0 
7f44d0000000-7f44d0083000 rw-p 00000000 00:00 0 
7f44d0083000-7f44d4000000 ---p 00000000 00:00 0 
7f44d4000000-7f44d405f000 rw-p 00000000 00:00 0 
7f44d405f000-7f44d8000000 ---p 00000000 00:00 0 
7f44d8000000-7f44d8021000 rw-p 00000000 00:00 0 
7f44d8021000-7f44dc000000 ---p 00000000 00:00 0 
7f44dc000000-7f44dc021000 rw-p 00000000 00:00 0 
7f44dc021000-7f44e0000000 ---p 00000000 00:00 0 
7f44e0000000-7f44e1716000 rw-p 00000000 00:00 0 
7f44e1716000-7f44e4000000 ---p 00000000 00:00 0 
7f44e4000000-7f44e5c1a000 rw-p 00000000 00:00 0 
7f44e5c1a000-7f44e8000000 ---p 00000000 00:00 0 
7f44e8000000-7f44e8021000 rw-p 00000000 00:00 0 
7f44e8021000-7f44ec000000 ---p 00000000 00:00 0 
7f44ec000000-7f44ec021000 rw-p 00000000 00:00 0 
7f44ec021000-7f44f0000000 ---p 00000000 00:00 0 
7f44f0000000-7f44f02e7000 rw-p 00000000 00:00 0 
7f44f02e7000-7f44f4000000 ---p 00000000 00:00 0 
7f44f4000000-7f44f4021000 rw-p 00000000 00:00 0 
7f44f4021000-7f44f8000000 ---p 00000000 00:00 0 
7f44f8000000-7f44f807a000 rw-p 00000000 00:00 0 
7f44f807a000-7f44fc000000 ---p 00000000 00:00 0 
7f44fc000000-7f44fc043000 rw-p 00000000 00:00 0 
7f44fc043000-7f4500000000 ---p 00000000 00:00 0 
7f4500000000-7f4500054000 rw-p 00000000 00:00 0 
7f4500054000-7f4504000000 ---p 00000000 00:00 0 
7f45063c2000-7f45063c5000 ---p 00000000 00:00 0 
7f45063c5000-7f45064c3000 rw-p 00000000 00:00 0 
7f45064c3000-7f45064c6000 ---p 00000000 00:00 0 
7f45064c6000-7f45065c4000 rw-p 00000000 00:00 0 
7f45065c4000-7f45065c7000 ---p 00000000 00:00 0 
7f45065c7000-7f45066c5000 rw-p 00000000 00:00 0 
7f45066c5000-7f45066c8000 ---p 00000000 00:00 0 
7f45066c8000-7f45067c6000 rw-p 00000000 00:00 0 
7f45067c6000-7f45067c9000 ---p 00000000 00:00 0 
7f45067c9000-7f45068c7000 rw-p 00000000 00:00 0 
7f45068c7000-7f45068ca000 ---p 00000000 00:00 0 
7f45068ca000-7f45069c8000 rw-p 00000000 00:00 0 
7f45069c8000-7f45069cb000 ---p 00000000 00:00 0 
7f45069cb000-7f4506ac9000 rw-p 00000000 00:00 0 
7f4506ac9000-7f4506acc000 ---p 00000000 00:00 0 
7f4506acc000-7f4506bca000 rw-p 00000000 00:00 0 
7f4506bca000-7f4506bcd000 ---p 00000000 00:00 0 
7f4506bcd000-7f4506ccb000 rw-p 00000000 00:00 0 
7f4506ccb000-7f4506cce000 ---p 00000000 00:00 0 
7f4506cce000-7f4506dcc000 rw-p 00000000 00:00 0 
7f4506dcc000-7f4506dd4000 r-xp 00000000 08:05 1713442                    /usr/lib/jvm/java-7-oracle/jre/lib/amd64/libmanagement.so
7f4506dd4000-7f4506fd3000 ---p 00008000 08:05 1713442                    /usr/lib/jvm/java-7-oracle/jre/lib/amd64/libmanagement.so
7f4506fd3000-7f4506fd4000 rw-p 00007000 08:05 1713442                    /usr/lib/jvm/java-7-oracle/jre/lib/amd64/libmanagement.so
7f4506fd4000-7f4506fd6000 r--s 00005000 08:07 12395                      /media/anonymous/data/Android/android-studio/gradle/m2repository/org/abego/treelayout/org.abego.treelayout.core/1.0.1/org.abego.treelayout.core-1.0.1.jar
7f4506fd6000-7f4506fde000 r--s 000a8000 08:07 12304                      /media/anonymous/data/Android/android-studio/gradle/m2repository/com/android/tools/external/lombok/lombok-ast/0.2.3/lombok-ast-0.2.3.jar
7f4506fde000-7f4506fdf000 r--s 00004000 08:07 12496                      /media/anonymous/data/Android/android-studio/gradle/m2repository/com/intellij/annotations/12.0/annotations-12.0.jar
7f4506fdf000-7f4506fe1000 r--s 0000d000 08:07 12538                      /media/anonymous/data/Android/android-studio/gradle/m2repository/commons-codec/commons-codec/1.4/commons-codec-1.4.jar
7f4506fe1000-7f4506fe3000 r--s 0000d000 08:07 12092                      /media/anonymous/data/Android/android-studio/gradle/m2repository/commons-logging/commons-logging/1.1.1/commons-logging-1.1.1.jar
7f4506fe3000-7f4506fe8000 r--s 00028000 08:07 12131                      /media/anonymous/data/Android/android-studio/gradle/m2repository/org/apache/httpcomponents/httpcore/4.1/httpcore-4.1.jar
7f4506fe8000-7f4506fec000 r--s 00037000 08:07 12356                      /media/anonymous/data/Android/android-studio/gradle/m2repository/org/antlr/ST4/4.0.8/ST4-4.0.8.jar
7f4506fec000-7f4506fef000 r--s 00026000 08:07 12346                      /media/anonymous/data/Android/android-studio/gradle/m2repository/org/antlr/antlr-runtime/3.5.2/antlr-runtime-3.5.2.jar
7f4506fef000-7f4506ff0000 r--s 00002000 08:07 12421                      /media/anonymous/data/Android/android-studio/gradle/m2repository/com/tunnelvisionlabs/antlr4-annotations/4.5/antlr4-annotations-4.5.jar
7f4506ff0000-7f4506ff7000 r--s 00062000 08:07 12409                      /media/anonymous/data/Android/android-studio/gradle/m2repository/com/tunnelvisionlabs/antlr4-runtime/4.5/antlr4-runtime-4.5.jar
7f4506ff7000-7f4506ffa000 r--s 00030000 08:07 14041                      /media/anonymous/data/Android/android-studio/gradle/m2repository/com/android/tools/lint/lint-api/25.1.2/lint-api-25.1.2.jar
7f4506ffa000-7f4506ffb000 r--s 00004000 08:07 12189                      /media/anonymous/data/Android/android-studio/gradle/m2repository/org/ow2/asm/asm-analysis/5.0.3/asm-analysis-5.0.3.jar
7f4506ffb000-7f4506fff000 r--s 00026000 08:07 14031                      /media/anonymous/data/Android/android-studio/gradle/m2repository/com/android/tools/repository/25.1.2/repository-25.1.2.jar
7f4506fff000-7f4507002000 r--s 00014000 08:07 14020                      /media/anonymous/data/Android/android-studio/gradle/m2repository/com/android/tools/layoutlib/layoutlib-api/25.1.2/layoutlib-api-25.1.2.jar
7f4507002000-7f4507009000 r--s 00053000 08:07 12148                      /media/anonymous/data/Android/android-studio/gradle/m2repository/org/apache/commons/commons-compress/1.8.1/commons-compress-1.8.1.jar
7f4507009000-7f450700b000 r--s 00005000 08:07 12124                      /media/anonymous/data/Android/android-studio/gradle/m2repository/org/apache/httpcomponents/httpmime/4.1/httpmime-4.1.jar
7f450700b000-7f450700c000 r--s 00005000 08:07 14028                      /media/anonymous/data/Android/android-studio/gradle/m2repository/com/android/tools/dvlib/25.1.2/dvlib-25.1.2.jar
7f450700c000-7f4507014000 r--s 0004e000 08:07 12140                      /media/anonymous/data/Android/android-studio/gradle/m2repository/org/apache/httpcomponents/httpclient/4.1.1/httpclient-4.1.1.jar
7f4507014000-7f4507019000 r--s 0002a000 08:07 12239                      /media/anonymous/data/Android/android-studio/gradle/m2repository/com/google/code/gson/gson/2.2.4/gson-2.2.4.jar
7f4507019000-7f450701a000 r--s 0000a000 08:07 12534                      /media/anonymous/data/Android/android-studio/gradle/m2repository/net/sf/kxml/kxml2/2.3.0/kxml2-2.3.0.jar
7f450701a000-7f450701b000 r--s 00002000 08:07 13984                      /media/anonymous/data/Android/android-studio/gradle/m2repository/com/android/databinding/baseLibrary/2.1.2/baseLibrary-2.1.2.jar
7f450701b000-7f450701f000 r--s 0002a000 08:07 12313                      /media/anonymous/data/Android/android-studio/gradle/m2repository/commons-io/commons-io/2.4/commons-io-2.4.jar
7f450701f000-7f4507029000 r--s 00099000 08:07 12413                      /media/anonymous/data/Android/android-studio/gradle/m2repository/com/tunnelvisionlabs/antlr4/4.5/antlr4-4.5.jar
7f4507029000-7f450702c000 r--s 00033000 08:07 12433                      /media/anonymous/data/Android/android-studio/gradle/m2repository/com/googlecode/juniversalchardet/juniversalchardet/1.0.3/juniversalchardet-1.0.3.jar
7f450702c000-7f450703e000 r--s 00223000 08:07 12104                      /media/anonymous/data/Android/android-studio/gradle/m2repository/org/eclipse/jdt/core/compiler/ecj/4.4.2/ecj-4.4.2.jar
7f450703e000-7f4507045000 r--s 000be000 08:07 14034                      /media/anonymous/data/Android/android-studio/gradle/m2repository/com/android/tools/lint/lint-checks/25.1.2/lint-checks-25.1.2.jar
7f4507045000-7f4507055000 r--s 000d6000 08:07 12509                      /media/anonymous/data/Android/android-studio/gradle/m2repository/net/sf/proguard/proguard-base/5.2.1/proguard-base-5.2.1.jar
7f4507055000-7f4507056000 r--s 00001000 08:07 13993                      /media/anonymous/data/Android/android-studio/gradle/m2repository/com/android/tools/annotations/25.1.2/annotations-25.1.2.jar
7f4507056000-7f4507081000 r--s 001f9000 08:07 12246                      /media/anonymous/data/Android/android-studio/gradle/m2repository/com/google/guava/guava/17.0/guava-17.0.jar
7f4507081000-7f450708f000 r--s 00081000 08:07 12166                      /media/anonymous/data/Android/android-studio/gradle/m2repository/org/bouncycastle/bcpkix-jdk15on/1.48/bcpkix-jdk15on-1.48.jar
7f450708f000-7f4507097000 r--s 00078000 08:07 14043                      /media/anonymous/data/Android/android-studio/gradle/m2repository/com/android/tools/sdklib/25.1.2/sdklib-25.1.2.jar
7f4507097000-7f450709d000 r--s 0004a000 08:07 14025                      /media/anonymous/data/Android/android-studio/gradle/m2repository/com/android/tools/ddms/ddmlib/25.1.2/ddmlib-25.1.2.jar
7f450709d000-7f450709e000 r--s 00001000 08:07 20147                      /media/anonymous/data/Android/android-studio/gradle/m2repository/com/android/tools/jill/jill-api/0.10.0/jill-api-0.10.0.jar
7f450709e000-7f45070a0000 r--s 00005000 08:07 14013                      /media/anonymous/data/Android/android-studio/gradle/m2repository/com/android/tools/build/builder-model/2.1.2/builder-model-2.1.2.jar
7f45070a0000-7f45070a1000 r--s 00002000 08:07 14001                      /media/anonymous/data/Android/android-studio/gradle/m2repository/com/android/tools/build/builder-test-api/2.1.2/builder-test-api-2.1.2.jar
7f45070a1000-7f45070a4000 r--s 00028000 08:07 14007                      /media/anonymous/data/Android/android-studio/gradle/m2repository/com/android/tools/build/manifest-merger/25.1.2/manifest-merger-25.1.2.jar
7f45070a4000-7f45070a6000 r--s 00002000 08:07 12228                      /media/anonymous/data/Android/android-studio/gradle/m2repository/com/squareup/javawriter/2.5.0/javawriter-2.5.0.jar
7f45070a6000-7f45070a8000 r--s 00006000 08:07 12213                      /media/anonymous/data/Android/android-studio/gradle/m2repository/org/ow2/asm/asm-tree/5.0.3/asm-tree-5.0.3.jar
7f45070a8000-7f45070b0000 r--s 0007c000 08:07 14022                      /media/anonymous/data/Android/android-studio/gradle/m2repository/com/android/tools/sdk-common/25.1.2/sdk-common-25.1.2.jar
7f45070b0000-7f45070e3000 r--s 00203000 08:07 12172                      /media/anonymous/data/Android/android-studio/gradle/m2repository/org/bouncycastle/bcprov-jdk15on/1.48/bcprov-jdk15on-1.48.jar
7f45070e3000-7f45070e5000 r--s 00003000 08:07 20148                      /media/anonymous/data/Android/android-studio/gradle/m2repository/com/android/tools/jack/jack-api/0.10.0/jack-api-0.10.0.jar
7f45070e5000-7f45070e7000 r--s 00018000 08:07 14047                      /media/anonymous/data/Android/android-studio/gradle/m2repository/com/android/tools/common/25.1.2/common-25.1.2.jar
7f45070e7000-7f45070ec000 r--s 00058000 08:07 12328                      /media/anonymous/data/Android/android-studio/gradle/m2repository/org/ow2/asm/asm-debug-all/5.0.1/asm-debug-all-5.0.1.jar
7f45070ec000-7f45070f0000 r--s 0002b000 08:07 13990                      /media/anonymous/data/Android/android-studio/gradle/m2repository/com/android/databinding/compilerCommon/2.1.2/compilerCommon-2.1.2.jar
7f45070f0000-7f45070f2000 r--s 00023000 08:07 14038                      /media/anonymous/data/Android/android-studio/gradle/m2repository/com/android/tools/lint/lint/25.1.2/lint-25.1.2.jar
7f45070f2000-7f45070f3000 r--s 0000c000 08:07 12201                      /media/anonymous/data/Android/android-studio/gradle/m2repository/org/ow2/asm/asm/5.0.3/asm-5.0.3.jar
7f45070f3000-7f45070f4000 r--s 00002000 08:07 12520                      /media/anonymous/data/Android/android-studio/gradle/m2repository/net/sf/proguard/proguard-gradle/5.2.1/proguard-gradle-5.2.1.jar
7f45070f4000-7f45070f5000 r--s 00002000 08:07 14004                      /media/anonymous/data/Android/android-studio/gradle/m2repository/com/android/tools/build/gradle-api/2.1.2/gradle-api-2.1.2.jar
7f45070f5000-7f45070f7000 r--s 00009000 08:07 12658                      /media/anonymous/data/Android/android-studio/gradle/m2repository/org/ow2/asm/asm-commons/5.0.3/asm-commons-5.0.3.jar
7f45070f7000-7f45070f8000 r--s 00000000 08:07 20146                      /media/anonymous/data/Android/android-studio/gradle/m2repository/com/android/tools/build/transform-api/2.0.0-deprecated-use-gradle-api/transform-api-2.0.0-deprecated-use-gradle-api.jar
7f45070f8000-7f450710c000 r--s 00130000 08:07 13999                      /media/anonymous/data/Android/android-studio/gradle/m2repository/com/android/tools/build/builder/2.1.2/builder-2.1.2.jar
7f450710c000-7f4507110000 r--s 0001e000 08:07 12368                      /media/anonymous/data/Android/android-studio/gradle/m2repository/org/jacoco/org.jacoco.core/0.7.4.201502262128/org.jacoco.core-0.7.4.201502262128.jar
7f4507110000-7f450712c000 r--s 0017c000 08:07 14011                      /media/anonymous/data/Android/android-studio/gradle/m2repository/com/android/tools/build/gradle-core/2.1.2/gradle-core-2.1.2.jar
7f450712c000-7f450712e000 r--s 0000c000 08:07 14016                      /media/anonymous/data/Android/android-studio/gradle/m2repository/com/android/tools/build/gradle/2.1.2/gradle-2.1.2.jar
7f450712e000-7f4507138000 r--s 00253000 08:05 1713580                    /usr/lib/jvm/java-7-oracle/jre/lib/resources.jar
7f4507138000-7f450713a000 r--s 0000c000 08:07 20118                      /media/anonymous/data/Android/android-studio/plugins/gradle/lib/gradle-tooling-extension-api.jar
7f450713a000-7f4507202000 r--s 01013000 08:07 14071                      /media/anonymous/data/Android/android-studio/lib/openapi.jar
7f4507202000-7f4507207000 r--s 0002f000 08:07 12811                      /media/anonymous/data/Android/android-studio/lib/gson-2.3.1.jar
7f4507207000-7f4507273000 r--s 00696000 08:07 32311                      /media/anonymous/data/Android/android-studio/lib/groovy-all-2.3.9.jar
7f4507273000-7f4507276000 ---p 00000000 00:00 0 
7f4507276000-7f45072ac000 rw-p 00000000 00:00 0 
7f45072ac000-7f45072ad000 r--p 00000000 00:00 0 
7f45072ad000-7f45072af000 r--s 00025000 08:07 20119                      /media/anonymous/data/Android/android-studio/plugins/gradle/lib/gradle-tooling-extension-impl.jar
7f45072af000-7f45072b0000 r--s 00000000 08:05 700773                     /home/anonymous/.gradle/caches/jars-1/dg22azhabc6tsc1i8xni15giz1bnssh/gradle-appengine-builder-model-0.1.0.jar
7f45072b0000-7f45072b2000 r--s 00005000 08:05 849525                     /home/anonymous/.gradle/caches/jars-1/58e0pg21hq3pnflhjzsj1fu9zg4vjmm/builder-model-2.1.0-alpha6.jar
7f45072b2000-7f450737a000 r--s 01013000 08:05 1062889                    /home/anonymous/.gradle/caches/jars-1/r0pal4pgfc3k4n3v7tiayk1rhofe1bh/openapi.jar
7f450737a000-7f450737c000 r--s 0000c000 08:05 1062888                    /home/anonymous/.gradle/caches/jars-1/3glq3jqa8scbn248tg3ca4cghppwkj0/gradle-tooling-extension-api.jar
7f450737c000-7f4507383000 r--s 00031000 08:05 856838                     /home/anonymous/.gradle/caches/jars-1/mjzb6pkr202klpc4mvbvp2j9mhcyoj2/gradle-base-services-2.5.jar
7f4507383000-7f45073ab000 r--s 001cf000 08:05 700763                     /home/anonymous/.gradle/caches/jars-1/87eo0lrvp84r6dbxjq018wy66es2era/guava-jdk5-17.0.jar
7f45073ab000-7f45073b6000 r--s 00036000 08:05 856837                     /home/anonymous/.gradle/caches/jars-1/ppuug715rid7lfxxo8hcoh44crsa3x4/gradle-tooling-api-2.5.jar
7f45073b6000-7f45073b9000 ---p 00000000 00:00 0 
7f45073b9000-7f45074b7000 rw-p 00000000 00:00 0 
7f45074b7000-7f4507522000 r--s 00e21000 08:05 1601163                    /usr/lib/jvm/java-7-oracle/lib/tools.jar
7f4507522000-7f4507525000 ---p 00000000 00:00 0 
7f4507525000-7f4507623000 rw-p 00000000 00:00 0 
7f4507623000-7f450762a000 r--s 00000000 08:05 1091058                    /usr/lib/x86_64-linux-gnu/gconv/gconv-modules.cache
7f450762a000-7f450762d000 ---p 00000000 00:00 0 
7f450762d000-7f450772b000 rw-p 00000000 00:00 0 
7f450772b000-7f450772e000 ---p 00000000 00:00 0 
7f450772e000-7f450782c000 rw-p 00000000 00:00 0 
7f450782c000-7f450782f000 ---p 00000000 00:00 0 
7f450782f000-7f450792d000 rw-p 00000000 00:00 0 
7f450792d000-7f4507930000 ---p 00000000 00:00 0 
7f4507930000-7f4507a2e000 rw-p 00000000 00:00 0 
7f4507a2e000-7f4507a31000 ---p 00000000 00:00 0 
7f4507a31000-7f4507b2f000 rw-p 00000000 00:00 0 
7f4507b2f000-7f4507b33000 r--s 0008b000 08:05 1719553                    /usr/lib/jvm/java-7-oracle/jre/lib/jsse.jar
7f4507b33000-7f4507b35000 r--s 00005000 08:05 746973                     /home/anonymous/.gradle/wrapper/dists/gradle-2.10-all/a4w5fzrkeut1ox71xslb49gst/gradle-2.10/lib/plugins/gradle-tooling-api-builders-2.10.jar
7f4507b35000-7f4507b45000 r--s 00088000 08:05 747677                     /home/anonymous/.gradle/wrapper/dists/gradle-2.10-all/a4w5fzrkeut1ox71xslb49gst/gradle-2.10/lib/plugins/joda-time-2.8.2.jar
7f4507b45000-7f4507b56000 r--s 000cf000 08:05 747676                     /home/anonymous/.gradle/wrapper/dists/gradle-2.10-all/a4w5fzrkeut1ox71xslb49gst/gradle-2.10/lib/plugins/jackson-databind-2.3.2.jar
7f4507b56000-7f4507b58000 r--s 00007000 08:05 747675                     /home/anonymous/.gradle/wrapper/dists/gradle-2.10-all/a4w5fzrkeut1ox71xslb49gst/gradle-2.10/lib/plugins/jackson-annotations-2.3.2.jar
7f4507b58000-7f4507b5b000 r--s 0002e000 08:05 747674                     /home/anonymous/.gradle/wrapper/dists/gradle-2.10-all/a4w5fzrkeut1ox71xslb49gst/gradle-2.10/lib/plugins/jackson-core-2.3.2.jar
7f4507b5b000-7f4507b66000 r--s 0006b000 08:05 747673                     /home/anonymous/.gradle/wrapper/dists/gradle-2.10-all/a4w5fzrkeut1ox71xslb49gst/gradle-2.10/lib/plugins/aws-java-sdk-core-1.9.19.jar
7f4507b66000-7f4507b6c000 r--s 00036000 08:05 747672                     /home/anonymous/.gradle/wrapper/dists/gradle-2.10-all/a4w5fzrkeut1ox71xslb49gst/gradle-2.10/lib/plugins/aws-java-sdk-kms-1.9.19.jar
7f4507b6c000-7f4507b77000 r--s 00079000 08:05 747671                     /home/anonymous/.gradle/wrapper/dists/gradle-2.10-all/a4w5fzrkeut1ox71xslb49gst/gradle-2.10/lib/plugins/aws-java-sdk-s3-1.9.19.jar
7f4507b77000-7f4507b78000 r--s 00003000 08:05 746972                     /home/anonymous/.gradle/wrapper/dists/gradle-2.10-all/a4w5fzrkeut1ox71xslb49gst/gradle-2.10/lib/plugins/gradle-resources-s3-2.10.jar
7f4507b78000-7f4507b79000 r--s 00004000 08:05 746971                     /home/anonymous/.gradle/wrapper/dists/gradle-2.10-all/a4w5fzrkeut1ox71xslb49gst/gradle-2.10/lib/plugins/gradle-resources-sftp-2.10.jar
7f4507b79000-7f4507b7a000 r--s 00001000 08:05 746968                     /home/anonymous/.gradle/wrapper/dists/gradle-2.10-all/a4w5fzrkeut1ox71xslb49gst/gradle-2.10/lib/plugins/gradle-plugin-development-2.10.jar
7f4507b7a000-7f4507b7c000 r--s 00005000 08:05 746967                     /home/anonymous/.gradle/wrapper/dists/gradle-2.10-all/a4w5fzrkeut1ox71xslb49gst/gradle-2.10/lib/plugins/gradle-testing-native-2.10.jar
7f4507b7c000-7f4507b81000 r--s 0002b000 08:05 746966                     /home/anonymous/.gradle/wrapper/dists/gradle-2.10-all/a4w5fzrkeut1ox71xslb49gst/gradle-2.10/lib/plugins/gradle-ide-native-2.10.jar
7f4507b81000-7f4507b86000 r--s 0001a000 08:05 746965                     /home/anonymous/.gradle/wrapper/dists/gradle-2.10-all/a4w5fzrkeut1ox71xslb49gst/gradle-2.10/lib/plugins/gradle-language-native-2.10.jar
7f4507b86000-7f4507b8b000 r--s 00028000 08:05 746964                     /home/anonymous/.gradle/wrapper/dists/gradle-2.10-all/a4w5fzrkeut1ox71xslb49gst/gradle-2.10/lib/plugins/gradle-platform-play-2.10.jar
7f4507b8b000-7f4507b98000 r--s 0004f000 08:05 746963                     /home/anonymous/.gradle/wrapper/dists/gradle-2.10-all/a4w5fzrkeut1ox71xslb49gst/gradle-2.10/lib/plugins/gradle-platform-native-2.10.jar
7f4507b98000-7f4507b9b000 r--s 00008000 08:05 746962                     /home/anonymous/.gradle/wrapper/dists/gradle-2.10-all/a4w5fzrkeut1ox71xslb49gst/gradle-2.10/lib/plugins/gradle-language-scala-2.10.jar
7f4507b9b000-7f4507b9d000 r--s 00009000 08:05 746961                     /home/anonymous/.gradle/wrapper/dists/gradle-2.10-all/a4w5fzrkeut1ox71xslb49gst/gradle-2.10/lib/plugins/gradle-language-groovy-2.10.jar
7f4507b9d000-7f4507ba3000 r--s 00023000 08:05 746960                     /home/anonymous/.gradle/wrapper/dists/gradle-2.10-all/a4w5fzrkeut1ox71xslb49gst/gradle-2.10/lib/plugins/gradle-language-java-2.10.jar
7f4507ba3000-7f4507ba5000 r--s 00008000 08:05 746959                     /home/anonymous/.gradle/wrapper/dists/gradle-2.10-all/a4w5fzrkeut1ox71xslb49gst/gradle-2.10/lib/plugins/gradle-language-jvm-2.10.jar
7f4507ba5000-7f4507ba8000 r--s 00015000 08:05 746958                     /home/anonymous/.gradle/wrapper/dists/gradle-2.10-all/a4w5fzrkeut1ox71xslb49gst/gradle-2.10/lib/plugins/gradle-platform-jvm-2.10.jar
7f4507ba8000-7f4507bb0000 r--s 0002b000 08:05 746957                     /home/anonymous/.gradle/wrapper/dists/gradle-2.10-all/a4w5fzrkeut1ox71xslb49gst/gradle-2.10/lib/plugins/gradle-platform-base-2.10.jar
7f4507bb0000-7f4507bb4000 r--s 00020000 08:05 746956                     /home/anonymous/.gradle/wrapper/dists/gradle-2.10-all/a4w5fzrkeut1ox71xslb49gst/gradle-2.10/lib/plugins/gradle-build-init-2.10.jar
7f4507bb4000-7f4507bb7000 r--s 00017000 08:05 746955                     /home/anonymous/.gradle/wrapper/dists/gradle-2.10-all/a4w5fzrkeut1ox71xslb49gst/gradle-2.10/lib/plugins/gradle-jacoco-2.10.jar
7f4507bb7000-7f4507bba000 r--s 0000e000 08:05 746954                     /home/anonymous/.gradle/wrapper/dists/gradle-2.10-all/a4w5fzrkeut1ox71xslb49gst/gradle-2.10/lib/plugins/gradle-ivy-2.10.jar
7f4507bba000-7f4507bbc000 r--s 00002000 08:05 746953                     /home/anonymous/.gradle/wrapper/dists/gradle-2.10-all/a4w5fzrkeut1ox71xslb49gst/gradle-2.10/lib/plugins/gradle-publish-2.10.jar
7f4507bbc000-7f4507bbe000 r--s 00005000 08:05 747667                     /home/anonymous/.gradle/wrapper/dists/gradle-2.10-all/a4w5fzrkeut1ox71xslb49gst/gradle-2.10/lib/plugins/jatl-0.2.2.jar
7f4507bbe000-7f4507bc0000 r--s 0000f000 08:05 746952                     /home/anonymous/.gradle/wrapper/dists/gradle-2.10-all/a4w5fzrkeut1ox71xslb49gst/gradle-2.10/lib/plugins/gradle-reporting-2.10.jar
7f4507bc0000-7f4507bc6000 r--s 00036000 08:05 746951                     /home/anonymous/.gradle/wrapper/dists/gradle-2.10-all/a4w5fzrkeut1ox71xslb49gst/gradle-2.10/lib/plugins/gradle-diagnostics-2.10.jar
7f4507bc6000-7f4507bcd000 r--s 0008f000 08:05 746950                     /home/anonymous/.gradle/wrapper/dists/gradle-2.10-all/a4w5fzrkeut1ox71xslb49gst/gradle-2.10/lib/plugins/gradle-build-comparison-2.10.jar
7f4507bcd000-7f4507bd4000 r--s 00035000 08:05 747666                     /home/anonymous/.gradle/wrapper/dists/gradle-2.10-all/a4w5fzrkeut1ox71xslb49gst/gradle-2.10/lib/plugins/simple-4.1.21.jar
7f4507bd4000-7f4507be0000 r--s 00100000 08:05 747664                     /home/anonymous/.gradle/wrapper/dists/gradle-2.10-all/a4w5fzrkeut1ox71xslb49gst/gradle-2.10/lib/plugins/rhino-1.7R3.jar
7f4507be0000-7f4507be4000 r--s 0001c000 08:05 746949                     /home/anonymous/.gradle/wrapper/dists/gradle-2.10-all/a4w5fzrkeut1ox71xslb49gst/gradle-2.10/lib/plugins/gradle-javascript-2.10.jar
7f4507be4000-7f4507be6000 r--s 0000b000 08:05 746948                     /home/anonymous/.gradle/wrapper/dists/gradle-2.10-all/a4w5fzrkeut1ox71xslb49gst/gradle-2.10/lib/plugins/gradle-ear-2.10.jar
7f4507be6000-7f4507bed000 r--s 00038000 08:05 747663                     /home/anonymous/.gradle/wrapper/dists/gradle-2.10-all/a4w5fzrkeut1ox71xslb49gst/gradle-2.10/lib/plugins/bcpg-jdk15on-1.51.jar
7f4507bed000-7f4507bef000 r--s 00017000 08:05 746947                     /home/anonymous/.gradle/wrapper/dists/gradle-2.10-all/a4w5fzrkeut1ox71xslb49gst/gradle-2.10/lib/plugins/gradle-signing-2.10.jar
7f4507bef000-7f4507bf0000 r--s 00002000 08:05 747662                     /home/anonymous/.gradle/wrapper/dists/gradle-2.10-all/a4w5fzrkeut1ox71xslb49gst/gradle-2.10/lib/plugins/sonar-batch-bootstrapper-2.9.jar
7f4507bf0000-7f4507bf3000 r--s 00015000 08:05 746946                     /home/anonymous/.gradle/wrapper/dists/gradle-2.10-all/a4w5fzrkeut1ox71xslb49gst/gradle-2.10/lib/plugins/gradle-sonar-2.10.jar
7f4507bf3000-7f4507bf6000 r--s 00010000 08:05 746945                     /home/anonymous/.gradle/wrapper/dists/gradle-2.10-all/a4w5fzrkeut1ox71xslb49gst/gradle-2.10/lib/plugins/gradle-scala-2.10.jar
7f4507bf6000-7f4507bf8000 r--s 0000a000 08:05 746944                     /home/anonymous/.gradle/wrapper/dists/gradle-2.10-all/a4w5fzrkeut1ox71xslb49gst/gradle-2.10/lib/plugins/gradle-announce-2.10.jar
7f4507bf8000-7f4507c07000 r--s 0009f000 08:05 746943                     /home/anonymous/.gradle/wrapper/dists/gradle-2.10-all/a4w5fzrkeut1ox71xslb49gst/gradle-2.10/lib/plugins/gradle-ide-2.10.jar
7f4507c07000-7f4507c0a000 r--s 0000c000 08:05 747661                     /home/anonymous/.gradle/wrapper/dists/gradle-2.10-all/a4w5fzrkeut1ox71xslb49gst/gradle-2.10/lib/plugins/pmaven-groovy-0.8-20100325.jar
7f4507c0a000-7f4507c0b000 r--s 00004000 08:05 747660                     /home/anonymous/.gradle/wrapper/dists/gradle-2.10-all/a4w5fzrkeut1ox71xslb49gst/gradle-2.10/lib/plugins/pmaven-common-0.8-20100325.jar
7f4507c0b000-7f4507c11000 r--s 00022000 08:05 746942                     /home/anonymous/.gradle/wrapper/dists/gradle-2.10-all/a4w5fzrkeut1ox71xslb49gst/gradle-2.10/lib/plugins/gradle-maven-2.10.jar
7f4507c11000-7f4507c32000 r--s 001c3000 08:05 747658                     /home/anonymous/.gradle/wrapper/dists/gradle-2.10-all/a4w5fzrkeut1ox71xslb49gst/gradle-2.10/lib/plugins/bndlib-2.4.0.jar
7f4507c32000-7f4507c34000 r--s 00004000 08:05 746941                     /home/anonymous/.gradle/wrapper/dists/gradle-2.10-all/a4w5fzrkeut1ox71xslb49gst/gradle-2.10/lib/plugins/gradle-osgi-2.10.jar
7f4507c34000-7f4507c36000 r--s 00008000 08:05 746940                     /home/anonymous/.gradle/wrapper/dists/gradle-2.10-all/a4w5fzrkeut1ox71xslb49gst/gradle-2.10/lib/plugins/gradle-antlr-2.10.jar
7f4507c36000-7f4507c39000 r--s 0001e000 08:05 747686                     /home/anonymous/.gradle/wrapper/dists/gradle-2.10-all/a4w5fzrkeut1ox71xslb49gst/gradle-2.10/lib/plugins/jsp-api-2.1-6.1.14.jar
7f4507c39000-7f4507c5c000 r--s 00344000 08:05 747685                     /home/anonymous/.gradle/wrapper/dists/gradle-2.10-all/a4w5fzrkeut1ox71xslb49gst/gradle-2.10/lib/plugins/core-3.1.1.jar
7f4507c5c000-7f4507c5d000 r--s 00006000 08:05 747684                     /home/anonymous/.gradle/wrapper/dists/gradle-2.10-all/a4w5fzrkeut1ox71xslb49gst/gradle-2.10/lib/plugins/jetty-naming-6.1.25.jar
7f4507c5d000-7f4507c5e000 r--s 00002000 08:05 747657                     /home/anonymous/.gradle/wrapper/dists/gradle-2.10-all/a4w5fzrkeut1ox71xslb49gst/gradle-2.10/lib/plugins/geronimo-annotation_1.0_spec-1.0.jar
7f4507c5e000-7f4507c60000 r--s 00002000 08:05 747656                     /home/anonymous/.gradle/wrapper/dists/gradle-2.10-all/a4w5fzrkeut1ox71xslb49gst/gradle-2.10/lib/plugins/jetty-annotations-6.1.25.jar
7f4507c60000-7f4507c71000 r--s 000ea000 08:05 747653                     /home/anonymous/.gradle/wrapper/dists/gradle-2.10-all/a4w5fzrkeut1ox71xslb49gst/gradle-2.10/lib/plugins/jsp-2.1-6.1.14.jar
7f4507c71000-7f4507c73000 r--s 0000d000 08:05 747651                     /home/anonymous/.gradle/wrapper/dists/gradle-2.10-all/a4w5fzrkeut1ox71xslb49gst/gradle-2.10/lib/plugins/jetty-plus-6.1.25.jar
7f4507c73000-7f4507c77000 r--s 00028000 08:05 746980                     /home/anonymous/.gradle/wrapper/dists/gradle-2.10-all/a4w5fzrkeut1ox71xslb49gst/gradle-2.10/lib/plugins/jetty-util-6.1.25.jar
7f4507c77000-7f4507c7e000 r--s 0007d000 08:05 746979                     /home/anonymous/.gradle/wrapper/dists/gradle-2.10-all/a4w5fzrkeut1ox71xslb49gst/gradle-2.10/lib/plugins/jetty-6.1.25.jar
7f4507c7e000-7f4507df0000 r-xp 00000000 08:05 655452                     /usr/lib/x86_64-linux-gnu/libstdc++.so.6.0.21
7f4507df0000-7f4507ff0000 ---p 00172000 08:05 655452                     /usr/lib/x86_64-linux-gnu/libstdc++.so.6.0.21
7f4507ff0000-7f4507ffa000 r--p 00172000 08:05 655452                     /usr/lib/x86_64-linux-gnu/libstdc++.so.6.0.21
7f4507ffa000-7f4507ffc000 rw-p 0017c000 08:05 655452                     /usr/lib/x86_64-linux-gnu/libstdc++.so.6.0.21
7f4507ffc000-7f4508000000 rw-p 00000000 00:00 0 
7f4508000000-7f4508053000 rw-p 00000000 00:00 0 
7f4508053000-7f450c000000 ---p 00000000 00:00 0 
7f450c000000-7f450c002000 r--s 0001f000 08:05 746997                     /home/anonymous/.gradle/wrapper/dists/gradle-2.10-all/a4w5fzrkeut1ox71xslb49gst/gradle-2.10/lib/plugins/servlet-api-2.5-20081211.jar
7f450c002000-7f450c004000 r--s 00009000 08:05 746939                     /home/anonymous/.gradle/wrapper/dists/gradle-2.10-all/a4w5fzrkeut1ox71xslb49gst/gradle-2.10/lib/plugins/gradle-jetty-2.10.jar
7f450c004000-7f450c00a000 r--s 00037000 08:05 746938                     /home/anonymous/.gradle/wrapper/dists/gradle-2.10-all/a4w5fzrkeut1ox71xslb49gst/gradle-2.10/lib/plugins/gradle-code-quality-2.10.jar
7f450c00a000-7f450c00c000 r--s 00009000 08:05 747716                     /home/anonymous/.gradle/wrapper/dists/gradle-2.10-all/a4w5fzrkeut1ox71xslb49gst/gradle-2.10/lib/plugins/hamcrest-core-1.3.jar
7f450c00c000-7f450c012000 r--s 00033000 08:05 747683                     /home/anonymous/.gradle/wrapper/dists/gradle-2.10-all/a4w5fzrkeut1ox71xslb49gst/gradle-2.10/lib/plugins/snakeyaml-1.6.jar
7f450c012000-7f450c014000 r--s 00006000 08:05 747682                     /home/anonymous/.gradle/wrapper/dists/gradle-2.10-all/a4w5fzrkeut1ox71xslb49gst/gradle-2.10/lib/plugins/jcommander-1.12.jar
7f450c014000-7f450c019000 r--s 00040000 08:05 747681                     /home/anonymous/.gradle/wrapper/dists/gradle-2.10-all/a4w5fzrkeut1ox71xslb49gst/gradle-2.10/lib/plugins/bsh-2.0b4.jar
7f450c019000-7f450c01b000 r--s 00009000 08:05 746978                     /home/anonymous/.gradle/wrapper/dists/gradle-2.10-all/a4w5fzrkeut1ox71xslb49gst/gradle-2.10/lib/plugins/commons-cli-1.2.jar
7f450c01b000-7f450c024000 r--s 00089000 08:05 746977                     /home/anonymous/.gradle/wrapper/dists/gradle-2.10-all/a4w5fzrkeut1ox71xslb49gst/gradle-2.10/lib/plugins/testng-6.3.1.jar
7f450c024000-7f450c02c000 r--s 00045000 08:05 746976                     /home/anonymous/.gradle/wrapper/dists/gradle-2.10-all/a4w5fzrkeut1ox71xslb49gst/gradle-2.10/lib/plugins/junit-4.12.jar
7f450c02c000-7f450c039000 r--s 00073000 08:05 746937                     /home/anonymous/.gradle/wrapper/dists/gradle-2.10-all/a4w5fzrkeut1ox71xslb49gst/gradle-2.10/lib/plugins/gradle-plugins-2.10.jar
7f450c039000-7f450c051000 r--s 00115000 08:05 747714                     /home/anonymous/.gradle/wrapper/dists/gradle-2.10-all/a4w5fzrkeut1ox71xslb49gst/gradle-2.10/lib/plugins/xercesImpl-2.9.1.jar
7f450c051000-7f450c059000 r--s 00028000 08:05 747715                     /home/anonymous/.gradle/wrapper/dists/gradle-2.10-all/a4w5fzrkeut1ox71xslb49gst/gradle-2.10/lib/plugins/xml-apis-1.3.04.jar
7f450c059000-7f450c05f000 r--s 0005b000 08:05 747713                     /home/anonymous/.gradle/wrapper/dists/gradle-2.10-all/a4w5fzrkeut1ox71xslb49gst/gradle-2.10/lib/plugins/jcifs-1.3.17.jar
7f450c05f000-7f450c065000 r--s 00031000 08:05 747712                     /home/anonymous/.gradle/wrapper/dists/gradle-2.10-all/a4w5fzrkeut1ox71xslb49gst/gradle-2.10/lib/plugins/httpcore-4.2.2.jar
7f450c065000-7f450c06b000 r--s 00033000 08:05 747711                     /home/anonymous/.gradle/wrapper/dists/gradle-2.10-all/a4w5fzrkeut1ox71xslb49gst/gradle-2.10/lib/plugins/commons-codec-1.6.jar
7f450c06b000-7f450c06e000 r--s 0001c000 08:05 747669                     /home/anonymous/.gradle/wrapper/dists/gradle-2.10-all/a4w5fzrkeut1ox71xslb49gst/gradle-2.10/lib/plugins/nekohtml-1.9.14.jar
7f450c06e000-7f450c077000 r--s 00060000 08:05 747668                     /home/anonymous/.gradle/wrapper/dists/gradle-2.10-all/a4w5fzrkeut1ox71xslb49gst/gradle-2.10/lib/plugins/httpclient-4.2.2.jar
7f450c077000-7f450c079000 r--s 00009000 08:05 746970                     /home/anonymous/.gradle/wrapper/dists/gradle-2.10-all/a4w5fzrkeut1ox71xslb49gst/gradle-2.10/lib/plugins/gradle-resources-http-2.10.jar
7f450c079000-7f450c07c000 r--s 00011000 08:05 746969                     /home/anonymous/.gradle/wrapper/dists/gradle-2.10-all/a4w5fzrkeut1ox71xslb49gst/gradle-2.10/lib/plugins/gradle-plugin-use-2.10.jar
7f450c07c000-7f450c07d000 r--s 00007000 08:05 747710                     /home/anonymous/.gradle/wrapper/dists/gradle-2.10-all/a4w5fzrkeut1ox71xslb49gst/gradle-2.10/lib/plugins/wagon-http-shared4-2.4.jar
7f450c07d000-7f450c081000 r--s 00033000 08:05 747709                     /home/anonymous/.gradle/wrapper/dists/gradle-2.10-all/a4w5fzrkeut1ox71xslb49gst/gradle-2.10/lib/plugins/plexus-utils-2.0.6.jar
7f450c081000-7f450c085000 r--s 00021000 08:05 747708                     /home/anonymous/.gradle/wrapper/dists/gradle-2.10-all/a4w5fzrkeut1ox71xslb49gst/gradle-2.10/lib/plugins/maven-model-builder-3.0.4.jar
7f450c085000-7f450c086000 r--s 00002000 08:05 747707                     /home/anonymous/.gradle/wrapper/dists/gradle-2.10-all/a4w5fzrkeut1ox71xslb49gst/gradle-2.10/lib/plugins/wagon-file-2.4.jar
7f450c086000-7f450c088000 r--s 00002000 08:05 747706                     /home/anonymous/.gradle/wrapper/dists/gradle-2.10-all/a4w5fzrkeut1ox71xslb49gst/gradle-2.10/lib/plugins/plexus-cipher-1.7.jar
7f450c088000-7f450c08b000 r--s 00013000 08:05 747705                     /home/anonymous/.gradle/wrapper/dists/gradle-2.10-all/a4w5fzrkeut1ox71xslb49gst/gradle-2.10/lib/plugins/aether-api-1.13.1.jar
7f450c08b000-7f450c08d000 r--s 0000a000 08:05 747704                     /home/anonymous/.gradle/wrapper/dists/gradle-2.10-all/a4w5fzrkeut1ox71xslb49gst/gradle-2.10/lib/plugins/maven-settings-3.0.4.jar
7f450c08d000-7f450c08f000 r--s 0000d000 08:05 747703                     /home/anonymous/.gradle/wrapper/dists/gradle-2.10-all/a4w5fzrkeut1ox71xslb49gst/gradle-2.10/lib/plugins/plexus-interpolation-1.14.jar
7f450c08f000-7f450c091000 r--s 0000b000 08:05 747702                     /home/anonymous/.gradle/wrapper/dists/gradle-2.10-all/a4w5fzrkeut1ox71xslb49gst/gradle-2.10/lib/plugins/maven-artifact-3.0.4.jar
7f450c091000-7f450c098000 r--s 0002e000 08:05 747701                     /home/anonymous/.gradle/wrapper/dists/gradle-2.10-all/a4w5fzrkeut1ox71xslb49gst/gradle-2.10/lib/plugins/plexus-container-default-1.5.5.jar
7f450c098000-7f450c09a000 r--s 0000b000 08:05 747700                     /home/anonymous/.gradle/wrapper/dists/gradle-2.10-all/a4w5fzrkeut1ox71xslb49gst/gradle-2.10/lib/plugins/maven-plugin-api-3.0.4.jar
7f450c09a000-7f450c09c000 r--s 00000000 08:05 747717                     /home/anonymous/.gradle/wrapper/dists/gradle-2.10-all/a4w5fzrkeut1ox71xslb49gst/gradle-2.10/lib/plugins/plexus-component-annotations-1.5.5.jar
7f450c09c000-7f450c0a2000 r--s 0003f000 08:05 747699                     /home/anonymous/.gradle/wrapper/dists/gradle-2.10-all/a4w5fzrkeut1ox71xslb49gst/gradle-2.10/lib/plugins/maven-compat-3.0.4.jar
7f450c0a2000-7f450c0a5000 r--s 00008000 08:05 747698                     /home/anonymous/.gradle/wrapper/dists/gradle-2.10-all/a4w5fzrkeut1ox71xslb49gst/gradle-2.10/lib/plugins/maven-settings-builder-3.0.4.jar
7f450c0a5000-7f450c0a6000 r--s 00002000 08:05 747697                     /home/anonymous/.gradle/wrapper/dists/gradle-2.10-all/a4w5fzrkeut1ox71xslb49gst/gradle-2.10/lib/plugins/wagon-http-2.4.jar
7f450c0a6000-7f450c0a8000 r--s 00026000 08:05 747696                     /home/anonymous/.gradle/wrapper/dists/gradle-2.10-all/a4w5fzrkeut1ox71xslb49gst/gradle-2.10/lib/plugins/maven-model-3.0.4.jar
7f450c0a8000-7f450c0aa000 r--s 00006000 08:05 747695                     /home/anonymous/.gradle/wrapper/dists/gradle-2.10-all/a4w5fzrkeut1ox71xslb49gst/gradle-2.10/lib/plugins/aether-connector-wagon-1.13.1.jar
7f450c0aa000-7f450c0ac000 r--s 0000a000 08:05 747694                     /home/anonymous/.gradle/wrapper/dists/gradle-2.10-all/a4w5fzrkeut1ox71xslb49gst/gradle-2.10/lib/plugins/plexus-classworlds-2.4.jar
7f450c0ac000-7f450c0ae000 r--s 00006000 08:05 747693                     /home/anonymous/.gradle/wrapper/dists/gradle-2.10-all/a4w5fzrkeut1ox71xslb49gst/gradle-2.10/lib/plugins/maven-repository-metadata-3.0.4.jar
7f450c0ae000-7f450c0b0000 r--s 0000c000 08:05 747692                     /home/anonymous/.gradle/wrapper/dists/gradle-2.10-all/a4w5fzrkeut1ox71xslb49gst/gradle-2.10/lib/plugins/maven-aether-provider-3.0.4.jar
7f450c0b0000-7f450c0b2000 r--s 0000b000 08:05 747691                     /home/anonymous/.gradle/wrapper/dists/gradle-2.10-all/a4w5fzrkeut1ox71xslb49gst/gradle-2.10/lib/plugins/wagon-provider-api-2.4.jar
7f450c0b2000-7f450c0b3000 r--s 00003000 08:05 747690                     /home/anonymous/.gradle/wrapper/dists/gradle-2.10-all/a4w5fzrkeut1ox71xslb49gst/gradle-2.10/lib/plugins/aether-spi-1.13.1.jar
7f450c0b3000-7f450c0b7000 r--s 0001c000 08:05 747689                     /home/anonymous/.gradle/wrapper/dists/gradle-2.10-all/a4w5fzrkeut1ox71xslb49gst/gradle-2.10/lib/plugins/aether-util-1.13.1.jar
7f450c0b7000-7f450c0ba000 r--s 0001d000 08:05 747688                     /home/anonymous/.gradle/wrapper/dists/gradle-2.10-all/a4w5fzrkeut1ox71xslb49gst/gradle-2.10/lib/plugins/aether-impl-1.13.1.jar
7f450c0ba000-7f450c0bb000 r--s 00006000 08:05 747687                     /home/anonymous/.gradle/wrapper/dists/gradle-2.10-all/a4w5fzrkeut1ox71xslb49gst/gradle-2.10/lib/plugins/plexus-sec-dispatcher-1.3.jar
7f450c0bb000-7f450c0fb000 r--s 00277000 08:05 747680                     /home/anonymous/.gradle/wrapper/dists/gradle-2.10-all/a4w5fzrkeut1ox71xslb49gst/gradle-2.10/lib/plugins/bcprov-jdk15on-1.51.jar
7f450c0fb000-7f450c107000 r--s 0007d000 08:05 747659                     /home/anonymous/.gradle/wrapper/dists/gradle-2.10-all/a4w5fzrkeut1ox71xslb49gst/gradle-2.10/lib/plugins/maven-core-3.0.4.jar
7f450c107000-7f450c116000 r--s 000d9000 08:05 747678                     /home/anonymous/.gradle/wrapper/dists/gradle-2.10-all/a4w5fzrkeut1ox71xslb49gst/gradle-2.10/lib/plugins/ivy-2.2.0.jar
7f450c116000-7f450c12c000 r-xp 00000000 08:05 925593                     /lib/x86_64-linux-gnu/libgcc_s.so.1
7f450c12c000-7f450c32b000 ---p 00016000 08:05 925593                     /lib/x86_64-linux-gnu/libgcc_s.so.1
7f450c32b000-7f450c32c000 rw-p 00015000 08:05 925593                     /lib/x86_64-linux-gnu/libgcc_s.so.1
7f450c32c000-7f450c331000 r--s 00040000 08:05 747670                     /home/anonymous/.gradle/wrapper/dists/gradle-2.10-all/a4w5fzrkeut1ox71xslb49gst/gradle-2.10/lib/plugins/jsch-0.1.53.jar
7f450c331000-7f450c335000 r--s 0001d000 08:05 747679                     /home/anonymous/.gradle/wrapper/dists/gradle-2.10-all/a4w5fzrkeut1ox71xslb49gst/gradle-2.10/lib/plugins/xbean-reflect-3.4.jar
7f450c335000-7f450c33a000 r--s 0002a000 08:05 747665                     /home/anonymous/.gradle/wrapper/dists/gradle-2.10-all/a4w5fzrkeut1ox71xslb49gst/gradle-2.10/lib/plugins/gson-2.2.4.jar
7f450c33a000-7f450c356000 r--s 000c9000 08:05 746974                     /home/anonymous/.gradle/wrapper/dists/gradle-2.10-all/a4w5fzrkeut1ox71xslb49gst/gradle-2.10/lib/plugins/gradle-dependency-management-2.10.jar
7f450c356000-7f450c35a000 r-xp 00000000 08:05 700748                     /home/anonymous/.gradle/native/19/linux-amd64/libnative-platform.so
7f450c35a000-7f450c559000 ---p 00004000 08:05 700748                     /home/anonymous/.gradle/native/19/linux-amd64/libnative-platform.so
7f450c559000-7f450c55a000 rw-p 00003000 08:05 700748                     /home/anonymous/.gradle/native/19/linux-amd64/libnative-platform.so
7f450c55a000-7f450c56a000 r-xp 00000000 08:05 1713426                    /usr/lib/jvm/java-7-oracle/jre/lib/amd64/libnio.so
7f450c56a000-7f450c76a000 ---p 00010000 08:05 1713426                    /usr/lib/jvm/java-7-oracle/jre/lib/amd64/libnio.so
7f450c76a000-7f450c76b000 rw-p 00010000 08:05 1713426                    /usr/lib/jvm/java-7-oracle/jre/lib/amd64/libnio.so
7f450c76b000-7f450ca6c000 rw-p 00000000 00:00 0 
7f450ca6c000-7f450ca83000 r-xp 00000000 08:05 1713494                    /usr/lib/jvm/java-7-oracle/jre/lib/amd64/libnet.so
7f450ca83000-7f450cc82000 ---p 00017000 08:05 1713494                    /usr/lib/jvm/java-7-oracle/jre/lib/amd64/libnet.so
7f450cc82000-7f450cc83000 rw-p 00016000 08:05 1713494                    /usr/lib/jvm/java-7-oracle/jre/lib/amd64/libnet.so
7f450cc83000-7f450cc84000 r--s 00006000 08:05 746891                     /home/anonymous/.gradle/wrapper/dists/gradle-2.10-all/a4w5fzrkeut1ox71xslb49gst/gradle-2.10/lib/gradle-wrapper-2.10.jar
7f450cc84000-7f450cc8f000 r--s 0003b000 08:05 746896                     /home/anonymous/.gradle/wrapper/dists/gradle-2.10-all/a4w5fzrkeut1ox71xslb49gst/gradle-2.10/lib/gradle-tooling-api-2.10.jar
7f450cc8f000-7f450cc91000 r--s 00002000 08:05 746918                     /home/anonymous/.gradle/wrapper/dists/gradle-2.10-all/a4w5fzrkeut1ox71xslb49gst/gradle-2.10/lib/gradle-open-api-2.10.jar
7f450cc91000-7f450cc97000 r--s 00032000 08:05 746920                     /home/anonymous/.gradle/wrapper/dists/gradle-2.10-all/a4w5fzrkeut1ox71xslb49gst/gradle-2.10/lib/jaxen-1.1.jar
7f450cc97000-7f450cc9c000 r--s 00048000 08:05 746919                     /home/anonymous/.gradle/wrapper/dists/gradle-2.10-all/a4w5fzrkeut1ox71xslb49gst/gradle-2.10/lib/dom4j-1.6.1.jar
7f450cc9c000-7f450cca7000 r--s 00059000 08:05 746895                     /home/anonymous/.gradle/wrapper/dists/gradle-2.10-all/a4w5fzrkeut1ox71xslb49gst/gradle-2.10/lib/gradle-ui-2.10.jar
7f450cca7000-7f450ccaa000 r--s 00008000 08:05 746914                     /home/anonymous/.gradle/wrapper/dists/gradle-2.10-all/a4w5fzrkeut1ox71xslb49gst/gradle-2.10/lib/gradle-resources-2.10.jar
7f450ccaa000-7f450ccac000 r--s 00007000 08:05 746936                     /home/anonymous/.gradle/wrapper/dists/gradle-2.10-all/a4w5fzrkeut1ox71xslb49gst/gradle-2.10/lib/objenesis-1.2.jar
7f450ccac000-7f450ccae000 r--s 00000000 08:05 746935                     /home/anonymous/.gradle/wrapper/dists/gradle-2.10-all/a4w5fzrkeut1ox71xslb49gst/gradle-2.10/lib/minlog-1.2.jar
7f450ccae000-7f450ccb0000 r--s 0000f000 08:05 746934                     /home/anonymous/.gradle/wrapper/dists/gradle-2.10-all/a4w5fzrkeut1ox71xslb49gst/gradle-2.10/lib/reflectasm-1.07-shaded.jar
7f450ccb0000-7f450ccb4000 r--s 00026000 08:05 746925                     /home/anonymous/.gradle/wrapper/dists/gradle-2.10-all/a4w5fzrkeut1ox71xslb49gst/gradle-2.10/lib/kryo-2.20.jar
7f450ccb4000-7f450ccbd000 r--s 0003f000 08:05 746913                     /home/anonymous/.gradle/wrapper/dists/gradle-2.10-all/a4w5fzrkeut1ox71xslb49gst/gradle-2.10/lib/gradle-messaging-2.10.jar
7f450ccbd000-7f450ccbe000 r--s 00003000 08:05 746933                     /home/anonymous/.gradle/wrapper/dists/gradle-2.10-all/a4w5fzrkeut1ox71xslb49gst/gradle-2.10/lib/native-platform-freebsd-amd64-0.10.jar
7f450ccbe000-7f450ccbf000 r--s 00003000 08:05 746932                     /home/anonymous/.gradle/wrapper/dists/gradle-2.10-all/a4w5fzrkeut1ox71xslb49gst/gradle-2.10/lib/native-platform-freebsd-i386-0.10.jar
7f450ccbf000-7f450ccc0000 r--s 00005000 08:05 746931                     /home/anonymous/.gradle/wrapper/dists/gradle-2.10-all/a4w5fzrkeut1ox71xslb49gst/gradle-2.10/lib/native-platform-windows-i386-0.10.jar
7f450ccc0000-7f450ccc1000 r--s 00005000 08:05 746930                     /home/anonymous/.gradle/wrapper/dists/gradle-2.10-all/a4w5fzrkeut1ox71xslb49gst/gradle-2.10/lib/native-platform-windows-amd64-0.10.jar
7f450ccc1000-7f450ccc2000 r--s 00003000 08:05 746929                     /home/anonymous/.gradle/wrapper/dists/gradle-2.10-all/a4w5fzrkeut1ox71xslb49gst/gradle-2.10/lib/native-platform-linux-i386-0.10.jar
7f450ccc2000-7f450ccc3000 r--s 00003000 08:05 746928                     /home/anonymous/.gradle/wrapper/dists/gradle-2.10-all/a4w5fzrkeut1ox71xslb49gst/gradle-2.10/lib/native-platform-linux-amd64-0.10.jar
7f450ccc3000-7f450ccc4000 r--s 00002000 08:05 746927                     /home/anonymous/.gradle/wrapper/dists/gradle-2.10-all/a4w5fzrkeut1ox71xslb49gst/gradle-2.10/lib/native-platform-osx-amd64-0.10.jar
7f450ccc4000-7f450ccc5000 r--s 00002000 08:05 746926                     /home/anonymous/.gradle/wrapper/dists/gradle-2.10-all/a4w5fzrkeut1ox71xslb49gst/gradle-2.10/lib/native-platform-osx-i386-0.10.jar
7f450ccc5000-7f450ccc8000 r--s 0000d000 08:05 746922                     /home/anonymous/.gradle/wrapper/dists/gradle-2.10-all/a4w5fzrkeut1ox71xslb49gst/gradle-2.10/lib/native-platform-0.10.jar
7f450ccc8000-7f450cccc000 r--s 000e4000 08:05 746921                     /home/anonymous/.gradle/wrapper/dists/gradle-2.10-all/a4w5fzrkeut1ox71xslb49gst/gradle-2.10/lib/jna-3.2.7.jar
7f450cccc000-7f450ccd9000 r--s 00073000 08:05 746902                     /home/anonymous/.gradle/wrapper/dists/gradle-2.10-all/a4w5fzrkeut1ox71xslb49gst/gradle-2.10/lib/gradle-model-core-2.10.jar
7f450ccd9000-7f450cd48000 r--s 0063e000 08:05 746901                     /home/anonymous/.gradle/wrapper/dists/gradle-2.10-all/a4w5fzrkeut1ox71xslb49gst/gradle-2.10/lib/groovy-all-2.4.4.jar
7f450cd48000-7f450cd70000 r--s 001cf000 08:05 746899                     /home/anonymous/.gradle/wrapper/dists/gradle-2.10-all/a4w5fzrkeut1ox71xslb49gst/gradle-2.10/lib/guava-jdk5-17.0.jar
7f450cd70000-7f4511000000 rw-p 00000000 00:00 0 
7f4511000000-7f4511d60000 rwxp 00000000 00:00 0 
7f4511d60000-7f4514a79000 rw-p 00000000 00:00 0 
7f4514a79000-7f4518000000 ---p 00000000 00:00 0 
7f4518000000-7f4518002000 r--s 00008000 08:05 746923                     /home/anonymous/.gradle/wrapper/dists/gradle-2.10-all/a4w5fzrkeut1ox71xslb49gst/gradle-2.10/lib/jansi-1.2.1.jar
7f4518002000-7f4518004000 r--s 00008000 08:05 746897                     /home/anonymous/.gradle/wrapper/dists/gradle-2.10-all/a4w5fzrkeut1ox71xslb49gst/gradle-2.10/lib/gradle-native-2.10.jar
7f4518004000-7f4518006000 r--s 00005000 08:05 746894                     /home/anonymous/.gradle/wrapper/dists/gradle-2.10-all/a4w5fzrkeut1ox71xslb49gst/gradle-2.10/lib/gradle-cli-2.10.jar
7f4518006000-7f4518007000 r--s 00007000 08:05 746903                     /home/anonymous/.gradle/wrapper/dists/gradle-2.10-all/a4w5fzrkeut1ox71xslb49gst/gradle-2.10/lib/gradle-model-groovy-2.10.jar
7f4518007000-7f4518009000 r--s 00005000 08:05 746912                     /home/anonymous/.gradle/wrapper/dists/gradle-2.10-all/a4w5fzrkeut1ox71xslb49gst/gradle-2.10/lib/gradle-base-services-groovy-2.10.jar
7f4518009000-7f451800a000 r--s 00000000 08:05 746915                     /home/anonymous/.gradle/wrapper/dists/gradle-2.10-all/a4w5fzrkeut1ox71xslb49gst/gradle-2.10/lib/gradle-docs-2.10.jar
7f451800a000-7f451800c000 r--s 00003000 08:05 746917                     /home/anonymous/.gradle/wrapper/dists/gradle-2.10-all/a4w5fzrkeut1ox71xslb49gst/gradle-2.10/lib/jcl-over-slf4j-1.7.10.jar
7f451800c000-7f451800d000 r--s 00005000 08:05 746916                     /home/anonymous/.gradle/wrapper/dists/gradle-2.10-all/a4w5fzrkeut1ox71xslb49gst/gradle-2.10/lib/log4j-over-slf4j-1.7.10.jar
7f451800d000-7f451800e000 r--s 00000000 08:05 746911                     /home/anonymous/.gradle/wrapper/dists/gradle-2.10-all/a4w5fzrkeut1ox71xslb49gst/gradle-2.10/lib/javax.inject-1.jar
7f451800e000-7f4518011000 r--s 0001b000 08:05 746910                     /home/anonymous/.gradle/wrapper/dists/gradle-2.10-all/a4w5fzrkeut1ox71xslb49gst/gradle-2.10/lib/jarjar-1.3.jar
7f4518011000-7f4518015000 r--s 00027000 08:05 746907                     /home/anonymous/.gradle/wrapper/dists/gradle-2.10-all/a4w5fzrkeut1ox71xslb49gst/gradle-2.10/lib/commons-io-2.2.jar
7f4518015000-7f4518034000 r--s 001cc000 08:05 746905                     /home/anonymous/.gradle/wrapper/dists/gradle-2.10-all/a4w5fzrkeut1ox71xslb49gst/gradle-2.10/lib/ant-1.9.3.jar
7f4518034000-7f451806b000 r--s 001bc000 08:05 746893                     /home/anonymous/.gradle/wrapper/dists/gradle-2.10-all/a4w5fzrkeut1ox71xslb49gst/gradle-2.10/lib/gradle-core-2.10.jar
7f451806b000-7f451806c000 ---p 00000000 00:00 0 
7f451806c000-7f451816c000 rw-p 00000000 00:00 0 
7f451816c000-7f451816f000 ---p 00000000 00:00 0 
7f451816f000-7f451826d000 rw-p 00000000 00:00 0 
7f451826d000-7f4518270000 ---p 00000000 00:00 0 
7f4518270000-7f451836e000 rw-p 00000000 00:00 0 
7f451836e000-7f4518371000 ---p 00000000 00:00 0 
7f4518371000-7f451846f000 rw-p 00000000 00:00 0 
7f451846f000-7f4518472000 ---p 00000000 00:00 0 
7f4518472000-7f4518570000 rw-p 00000000 00:00 0 
7f4518570000-7f4518849000 r--p 00000000 08:05 659510                     /usr/lib/locale/locale-archive
7f4518849000-7f451884c000 ---p 00000000 00:00 0 
7f451884c000-7f451894a000 rw-p 00000000 00:00 0 
7f451894a000-7f451894d000 ---p 00000000 00:00 0 
7f451894d000-7f4518a4b000 rw-p 00000000 00:00 0 
7f4518a4b000-7f4518a4c000 ---p 00000000 00:00 0 
7f4518a4c000-7f4519b4b000 rw-p 00000000 00:00 0 
7f4519b4b000-7f4519d0b000 r--s 039fb000 08:05 1719593                    /usr/lib/jvm/java-7-oracle/jre/lib/rt.jar
7f4519d0b000-7f451a257000 rw-p 00000000 00:00 0 
7f451a257000-7f451a258000 ---p 00000000 00:00 0 
7f451a258000-7f451a358000 rw-p 00000000 00:00 0 
7f451a358000-7f451a359000 ---p 00000000 00:00 0 
7f451a359000-7f451a459000 rw-p 00000000 00:00 0 
7f451a459000-7f451a45a000 ---p 00000000 00:00 0 
7f451a45a000-7f451a55a000 rw-p 00000000 00:00 0 
7f451a55a000-7f451a55b000 ---p 00000000 00:00 0 
7f451a55b000-7f451a684000 rw-p 00000000 00:00 0 
7f451a684000-7f451a6e0000 rw-p 00000000 00:00 0 
7f451a6e0000-7f451a92f000 rw-p 00000000 00:00 0 
7f451a92f000-7f451a958000 rw-p 00000000 00:00 0 
7f451a958000-7f451a9b4000 rw-p 00000000 00:00 0 
7f451a9b4000-7f451ac02000 rw-p 00000000 00:00 0 
7f451ac02000-7f451ad58000 rw-p 00000000 00:00 0 
7f451ad58000-7f451ad59000 rw-p 00000000 00:00 0 
7f451ad59000-7f451ad70000 r-xp 00000000 08:05 1713484                    /usr/lib/jvm/java-7-oracle/jre/lib/amd64/libzip.so
7f451ad70000-7f451af70000 ---p 00017000 08:05 1713484                    /usr/lib/jvm/java-7-oracle/jre/lib/amd64/libzip.so
7f451af70000-7f451af71000 rw-p 00017000 08:05 1713484                    /usr/lib/jvm/java-7-oracle/jre/lib/amd64/libzip.so
7f451af71000-7f451af7c000 r-xp 00000000 08:05 956258                     /lib/x86_64-linux-gnu/libnss_files-2.23.so
7f451af7c000-7f451b17b000 ---p 0000b000 08:05 956258                     /lib/x86_64-linux-gnu/libnss_files-2.23.so
7f451b17b000-7f451b17c000 r--p 0000a000 08:05 956258                     /lib/x86_64-linux-gnu/libnss_files-2.23.so
7f451b17c000-7f451b17d000 rw-p 0000b000 08:05 956258                     /lib/x86_64-linux-gnu/libnss_files-2.23.so
7f451b17d000-7f451b183000 rw-p 00000000 00:00 0 
7f451b183000-7f451b18e000 r-xp 00000000 08:05 937262                     /lib/x86_64-linux-gnu/libnss_nis-2.23.so
7f451b18e000-7f451b38d000 ---p 0000b000 08:05 937262                     /lib/x86_64-linux-gnu/libnss_nis-2.23.so
7f451b38d000-7f451b38e000 r--p 0000a000 08:05 937262                     /lib/x86_64-linux-gnu/libnss_nis-2.23.so
7f451b38e000-7f451b38f000 rw-p 0000b000 08:05 937262                     /lib/x86_64-linux-gnu/libnss_nis-2.23.so
7f451b38f000-7f451b3a5000 r-xp 00000000 08:05 937260                     /lib/x86_64-linux-gnu/libnsl-2.23.so
7f451b3a5000-7f451b5a4000 ---p 00016000 08:05 937260                     /lib/x86_64-linux-gnu/libnsl-2.23.so
7f451b5a4000-7f451b5a5000 r--p 00015000 08:05 937260                     /lib/x86_64-linux-gnu/libnsl-2.23.so
7f451b5a5000-7f451b5a6000 rw-p 00016000 08:05 937260                     /lib/x86_64-linux-gnu/libnsl-2.23.so
7f451b5a6000-7f451b5a8000 rw-p 00000000 00:00 0 
7f451b5a8000-7f451b5b0000 r-xp 00000000 08:05 922568                     /lib/x86_64-linux-gnu/libnss_compat-2.23.so
7f451b5b0000-7f451b7af000 ---p 00008000 08:05 922568                     /lib/x86_64-linux-gnu/libnss_compat-2.23.so
7f451b7af000-7f451b7b0000 r--p 00007000 08:05 922568                     /lib/x86_64-linux-gnu/libnss_compat-2.23.so
7f451b7b0000-7f451b7b1000 rw-p 00008000 08:05 922568                     /lib/x86_64-linux-gnu/libnss_compat-2.23.so
7f451b7b1000-7f451b7da000 r-xp 00000000 08:05 1713416                    /usr/lib/jvm/java-7-oracle/jre/lib/amd64/libjava.so
7f451b7da000-7f451b9da000 ---p 00029000 08:05 1713416                    /usr/lib/jvm/java-7-oracle/jre/lib/amd64/libjava.so
7f451b9da000-7f451b9dc000 rw-p 00029000 08:05 1713416                    /usr/lib/jvm/java-7-oracle/jre/lib/amd64/libjava.so
7f451b9dc000-7f451b9e9000 r-xp 00000000 08:05 1713470                    /usr/lib/jvm/java-7-oracle/jre/lib/amd64/libverify.so
7f451b9e9000-7f451bbe8000 ---p 0000d000 08:05 1713470                    /usr/lib/jvm/java-7-oracle/jre/lib/amd64/libverify.so
7f451bbe8000-7f451bbea000 rw-p 0000c000 08:05 1713470                    /usr/lib/jvm/java-7-oracle/jre/lib/amd64/libverify.so
7f451bbea000-7f451bbf1000 r-xp 00000000 08:05 956267                     /lib/x86_64-linux-gnu/librt-2.23.so
7f451bbf1000-7f451bdf0000 ---p 00007000 08:05 956267                     /lib/x86_64-linux-gnu/librt-2.23.so
7f451bdf0000-7f451bdf1000 r--p 00006000 08:05 956267                     /lib/x86_64-linux-gnu/librt-2.23.so
7f451bdf1000-7f451bdf2000 rw-p 00007000 08:05 956267                     /lib/x86_64-linux-gnu/librt-2.23.so
7f451bdf2000-7f451befa000 r-xp 00000000 08:05 956264                     /lib/x86_64-linux-gnu/libm-2.23.so
7f451befa000-7f451c0f9000 ---p 00108000 08:05 956264                     /lib/x86_64-linux-gnu/libm-2.23.so
7f451c0f9000-7f451c0fa000 r--p 00107000 08:05 956264                     /lib/x86_64-linux-gnu/libm-2.23.so
7f451c0fa000-7f451c0fb000 rw-p 00108000 08:05 956264                     /lib/x86_64-linux-gnu/libm-2.23.so
7f451c0fb000-7f451cc71000 r-xp 00000000 08:05 1713524                    /usr/lib/jvm/java-7-oracle/jre/lib/amd64/server/libjvm.so
7f451cc71000-7f451ce70000 ---p 00b76000 08:05 1713524                    /usr/lib/jvm/java-7-oracle/jre/lib/amd64/server/libjvm.so
7f451ce70000-7f451cf34000 rw-p 00b75000 08:05 1713524                    /usr/lib/jvm/java-7-oracle/jre/lib/amd64/server/libjvm.so
7f451cf34000-7f451cf75000 rw-p 00000000 00:00 0 
7f451cf75000-7f451d135000 r-xp 00000000 08:05 956272                     /lib/x86_64-linux-gnu/libc-2.23.so
7f451d135000-7f451d334000 ---p 001c0000 08:05 956272                     /lib/x86_64-linux-gnu/libc-2.23.so
7f451d334000-7f451d338000 r--p 001bf000 08:05 956272                     /lib/x86_64-linux-gnu/libc-2.23.so
7f451d338000-7f451d33a000 rw-p 001c3000 08:05 956272                     /lib/x86_64-linux-gnu/libc-2.23.so
7f451d33a000-7f451d33e000 rw-p 00000000 00:00 0 
7f451d33e000-7f451d341000 r-xp 00000000 08:05 956273                     /lib/x86_64-linux-gnu/libdl-2.23.so
7f451d341000-7f451d540000 ---p 00003000 08:05 956273                     /lib/x86_64-linux-gnu/libdl-2.23.so
7f451d540000-7f451d541000 r--p 00002000 08:05 956273                     /lib/x86_64-linux-gnu/libdl-2.23.so
7f451d541000-7f451d542000 rw-p 00003000 08:05 956273                     /lib/x86_64-linux-gnu/libdl-2.23.so
7f451d542000-7f451d557000 r-xp 00000000 08:05 1601155                    /usr/lib/jvm/java-7-oracle/lib/amd64/jli/libjli.so
7f451d557000-7f451d756000 ---p 00015000 08:05 1601155                    /usr/lib/jvm/java-7-oracle/lib/amd64/jli/libjli.so
7f451d756000-7f451d757000 rw-p 00014000 08:05 1601155                    /usr/lib/jvm/java-7-oracle/lib/amd64/jli/libjli.so
7f451d757000-7f451d76f000 r-xp 00000000 08:05 956271                     /lib/x86_64-linux-gnu/libpthread-2.23.so
7f451d76f000-7f451d96e000 ---p 00018000 08:05 956271                     /lib/x86_64-linux-gnu/libpthread-2.23.so
7f451d96e000-7f451d96f000 r--p 00017000 08:05 956271                     /lib/x86_64-linux-gnu/libpthread-2.23.so
7f451d96f000-7f451d970000 rw-p 00018000 08:05 956271                     /lib/x86_64-linux-gnu/libpthread-2.23.so
7f451d970000-7f451d974000 rw-p 00000000 00:00 0 
7f451d974000-7f451d99a000 r-xp 00000000 08:05 956268                     /lib/x86_64-linux-gnu/ld-2.23.so
7f451d99a000-7f451d9a8000 r--s 0007f000 08:05 746906                     /home/anonymous/.gradle/wrapper/dists/gradle-2.10-all/a4w5fzrkeut1ox71xslb49gst/gradle-2.10/lib/commons-collections-3.2.1.jar
7f451d9a8000-7f451d9de000 rw-p 00000000 00:00 0 
7f451d9de000-7f451da68000 rw-p 00000000 00:00 0 
7f451da68000-7f451da6b000 ---p 00000000 00:00 0 
7f451da6b000-7f451db6d000 rw-p 00000000 00:00 0 
7f451db6d000-7f451db6f000 r--s 00000000 08:05 746909                     /home/anonymous/.gradle/wrapper/dists/gradle-2.10-all/a4w5fzrkeut1ox71xslb49gst/gradle-2.10/lib/jul-to-slf4j-1.7.10.jar
7f451db6f000-7f451db70000 r--s 00000000 08:05 746908                     /home/anonymous/.gradle/wrapper/dists/gradle-2.10-all/a4w5fzrkeut1ox71xslb49gst/gradle-2.10/lib/jcip-annotations-1.0.jar
7f451db70000-7f451db75000 r--s 00036000 08:05 746904                     /home/anonymous/.gradle/wrapper/dists/gradle-2.10-all/a4w5fzrkeut1ox71xslb49gst/gradle-2.10/lib/asm-all-5.0.3.jar
7f451db75000-7f451db7a000 r--s 00041000 08:05 746900                     /home/anonymous/.gradle/wrapper/dists/gradle-2.10-all/a4w5fzrkeut1ox71xslb49gst/gradle-2.10/lib/commons-lang-2.6.jar
7f451db7a000-7f451db7b000 r--s 00007000 08:05 746898                     /home/anonymous/.gradle/wrapper/dists/gradle-2.10-all/a4w5fzrkeut1ox71xslb49gst/gradle-2.10/lib/slf4j-api-1.7.10.jar
7f451db7b000-7f451db7c000 r--s 00004000 08:05 746924                     /home/anonymous/.gradle/wrapper/dists/gradle-2.10-all/a4w5fzrkeut1ox71xslb49gst/gradle-2.10/lib/ant-launcher-1.9.3.jar
7f451db7c000-7f451db83000 r--s 00034000 08:05 746892                     /home/anonymous/.gradle/wrapper/dists/gradle-2.10-all/a4w5fzrkeut1ox71xslb49gst/gradle-2.10/lib/gradle-base-services-2.10.jar
7f451db83000-7f451db8d000 r--s 0004a000 08:05 746890                     /home/anonymous/.gradle/wrapper/dists/gradle-2.10-all/a4w5fzrkeut1ox71xslb49gst/gradle-2.10/lib/gradle-launcher-2.10.jar
7f451db8d000-7f451db95000 rw-s 00000000 08:05 1363329                    /tmp/hsperfdata_anonymous/13733
7f451db95000-7f451db96000 rw-p 00000000 00:00 0 
7f451db96000-7f451db97000 ---p 00000000 00:00 0 
7f451db97000-7f451db99000 rw-p 00000000 00:00 0 
7f451db99000-7f451db9a000 r--p 00025000 08:05 956268                     /lib/x86_64-linux-gnu/ld-2.23.so
7f451db9a000-7f451db9b000 rw-p 00026000 08:05 956268                     /lib/x86_64-linux-gnu/ld-2.23.so
7f451db9b000-7f451db9c000 rw-p 00000000 00:00 0 
7ffe52237000-7ffe52259000 rw-p 00000000 00:00 0                          [stack]
7ffe522b0000-7ffe522b2000 r--p 00000000 00:00 0                          [vvar]
7ffe522b2000-7ffe522b4000 r-xp 00000000 00:00 0                          [vdso]
ffffffffff600000-ffffffffff601000 r-xp 00000000 00:00 0                  [vsyscall]

VM Arguments:
jvm_args: -Xmx2048m -Dfile.encoding=UTF-8 -Duser.country=US -Duser.language=en -Duser.variant 
java_command: org.gradle.launcher.daemon.bootstrap.GradleDaemon 2.10
Launcher Type: SUN_STANDARD

Environment Variables:
JAVA_HOME=/usr/local/java/jdk1.8.0_91
JRE_HOME=/usr/local/java/jdk1.8.0_91/jre
PATH=/usr/local/sbin:/usr/local/bin:/usr/sbin:/usr/bin:/sbin:/bin:/usr/games:/usr/local/games:/snap/bin:/usr/lib/jvm/java-8-oracle/bin:/usr/lib/jvm/java-8-oracle/db/bin:/usr/lib/jvm/java-8-oracle/jre/bin:/usr/local/java/jdk1.8.0_91/bin:/usr/local/java/jdk1.8.0_91/jre/bin
LD_LIBRARY_PATH=.:
SHELL=/bin/bash
DISPLAY=:0

Signal Handlers:
SIGSEGV: [libjvm.so+0x9a3b20], sa_mask[0]=0x7ffbfeff, sa_flags=0x10000004
SIGBUS: [libjvm.so+0x9a3b20], sa_mask[0]=0x7ffbfeff, sa_flags=0x10000004
SIGFPE: [libjvm.so+0x81e740], sa_mask[0]=0x7ffbfeff, sa_flags=0x10000004
SIGPIPE: [libjvm.so+0x81e740], sa_mask[0]=0x7ffbfeff, sa_flags=0x10000004
SIGXFSZ: [libjvm.so+0x81e740], sa_mask[0]=0x7ffbfeff, sa_flags=0x10000004
SIGILL: [libjvm.so+0x81e740], sa_mask[0]=0x7ffbfeff, sa_flags=0x10000004
SIGUSR1: SIG_DFL, sa_mask[0]=0x00000000, sa_flags=0x00000000
SIGUSR2: [libjvm.so+0x81ffb0], sa_mask[0]=0x00000004, sa_flags=0x10000004
SIGHUP: [libjvm.so+0x8210d0], sa_mask[0]=0x7ffbfeff, sa_flags=0x10000004
SIGINT: [libjvm.so+0x8210d0], sa_mask[0]=0x7ffbfeff, sa_flags=0x10000004
SIGTERM: [libjvm.so+0x8210d0], sa_mask[0]=0x7ffbfeff, sa_flags=0x10000004
SIGQUIT: [libjvm.so+0x8210d0], sa_mask[0]=0x7ffbfeff, sa_flags=0x10000004


---------------  S Y S T E M  ---------------

OS:stretch/sid

uname:Linux 4.4.0-28-generic #47-Ubuntu SMP Fri Jun 24 10:09:13 UTC 2016 x86_64
libc:glibc 2.23 NPTL 2.23 
rlimit: STACK 8192k, CORE 0k, NPROC 14518, NOFILE 65536, AS infinity
load average:20,22 6,49 2,76

/proc/meminfo:
MemTotal:        3949196 kB
MemFree:          109480 kB
MemAvailable:      15048 kB
Buffers:             192 kB
Cached:            79640 kB
SwapCached:         6852 kB
Active:          2628252 kB
Inactive:         896540 kB
Active(anon):    2624416 kB
Inactive(anon):   892164 kB
Active(file):       3836 kB
Inactive(file):     4376 kB
Unevictable:          68 kB
Mlocked:              68 kB
SwapTotal:       3126268 kB
SwapFree:              0 kB
Dirty:                76 kB
Writeback:             0 kB
AnonPages:       3440224 kB
Mapped:            52140 kB
Shmem:             69748 kB
Slab:              98524 kB
SReclaimable:      41676 kB
SUnreclaim:        56848 kB
KernelStack:       14208 kB
PageTables:        85536 kB
NFS_Unstable:          0 kB
Bounce:                0 kB
WritebackTmp:          0 kB
CommitLimit:     5100864 kB
Committed_AS:   14549840 kB
VmallocTotal:   34359738367 kB
VmallocUsed:           0 kB
VmallocChunk:          0 kB
HardwareCorrupted:     0 kB
AnonHugePages:    509952 kB
CmaTotal:              0 kB
CmaFree:               0 kB
HugePages_Total:       0
HugePages_Free:        0
HugePages_Rsvd:        0
HugePages_Surp:        0
Hugepagesize:       2048 kB
DirectMap4k:      560120 kB
DirectMap2M:     3536896 kB
DirectMap1G:           0 kB


CPU:total 4 (2 cores per cpu, 2 threads per core) family 6 model 69 stepping 1, cmov, cx8, fxsr, mmx, sse, sse2, sse3, ssse3, sse4.1, sse4.2, popcnt, avx, avx2, aes, erms, ht, tsc, tscinvbit

/proc/cpuinfo:
processor	: 0
vendor_id	: GenuineIntel
cpu family	: 6
model		: 69
model name	: Intel(R) Core(TM) i5-4200U CPU @ 1.60GHz
stepping	: 1
microcode	: 0x1d
cpu MHz		: 2091.750
cache size	: 3072 KB
physical id	: 0
siblings	: 4
core id		: 0
cpu cores	: 2
apicid		: 0
initial apicid	: 0
fpu		: yes
fpu_exception	: yes
cpuid level	: 13
wp		: yes
flags		: fpu vme de pse tsc msr pae mce cx8 apic sep mtrr pge mca cmov pat pse36 clflush dts acpi mmx fxsr sse sse2 ss ht tm pbe syscall nx pdpe1gb rdtscp lm constant_tsc arch_perfmon pebs bts rep_good nopl xtopology nonstop_tsc aperfmperf eagerfpu pni pclmulqdq dtes64 monitor ds_cpl vmx est tm2 ssse3 sdbg fma cx16 xtpr pdcm pcid sse4_1 sse4_2 movbe popcnt tsc_deadline_timer aes xsave avx f16c rdrand lahf_lm abm epb tpr_shadow vnmi flexpriority ept vpid fsgsbase tsc_adjust bmi1 avx2 smep bmi2 erms invpcid xsaveopt dtherm ida arat pln pts
bugs		:
bogomips	: 3192.70
clflush size	: 64
cache_alignment	: 64
address sizes	: 39 bits physical, 48 bits virtual
power management:

processor	: 1
vendor_id	: GenuineIntel
cpu family	: 6
model		: 69
model name	: Intel(R) Core(TM) i5-4200U CPU @ 1.60GHz
stepping	: 1
microcode	: 0x1d
cpu MHz		: 1599.937
cache size	: 3072 KB
physical id	: 0
siblings	: 4
core id		: 1
cpu cores	: 2
apicid		: 2
initial apicid	: 2
fpu		: yes
fpu_exception	: yes
cpuid level	: 13
wp		: yes
flags		: fpu vme de pse tsc msr pae mce cx8 apic sep mtrr pge mca cmov pat pse36 clflush dts acpi mmx fxsr sse sse2 ss ht tm pbe syscall nx pdpe1gb rdtscp lm constant_tsc arch_perfmon pebs bts rep_good nopl xtopology nonstop_tsc aperfmperf eagerfpu pni pclmulqdq dtes64 monitor ds_cpl vmx est tm2 ssse3 sdbg fma cx16 xtpr pdcm pcid sse4_1 sse4_2 movbe popcnt tsc_deadline_timer aes xsave avx f16c rdrand lahf_lm abm epb tpr_shadow vnmi flexpriority ept vpid fsgsbase tsc_adjust bmi1 avx2 smep bmi2 erms invpcid xsaveopt dtherm ida arat pln pts
bugs		:
bogomips	: 3192.70
clflush size	: 64
cache_alignment	: 64
address sizes	: 39 bits physical, 48 bits virtual
power management:

processor	: 2
vendor_id	: GenuineIntel
cpu family	: 6
model		: 69
model name	: Intel(R) Core(TM) i5-4200U CPU @ 1.60GHz
stepping	: 1
microcode	: 0x1d
cpu MHz		: 2238.687
cache size	: 3072 KB
physical id	: 0
siblings	: 4
core id		: 0
cpu cores	: 2
apicid		: 1
initial apicid	: 1
fpu		: yes
fpu_exception	: yes
cpuid level	: 13
wp		: yes
flags		: fpu vme de pse tsc msr pae mce cx8 apic sep mtrr pge mca cmov pat pse36 clflush dts acpi mmx fxsr sse sse2 ss ht tm pbe syscall nx pdpe1gb rdtscp lm constant_tsc arch_perfmon pebs bts rep_good nopl xtopology nonstop_tsc aperfmperf eagerfpu pni pclmulqdq dtes64 monitor ds_cpl vmx est tm2 ssse3 sdbg fma cx16 xtpr pdcm pcid sse4_1 sse4_2 movbe popcnt tsc_deadline_timer aes xsave avx f16c rdrand lahf_lm abm epb tpr_shadow vnmi flexpriority ept vpid fsgsbase tsc_adjust bmi1 avx2 smep bmi2 erms invpcid xsaveopt dtherm ida arat pln pts
bugs		:
bogomips	: 3192.70
clflush size	: 64
cache_alignment	: 64
address sizes	: 39 bits physical, 48 bits virtual
power management:

processor	: 3
vendor_id	: GenuineIntel
cpu family	: 6
model		: 69
model name	: Intel(R) Core(TM) i5-4200U CPU @ 1.60GHz
stepping	: 1
microcode	: 0x1d
cpu MHz		: 1738.500
cache size	: 3072 KB
physical id	: 0
siblings	: 4
core id		: 1
cpu cores	: 2
apicid		: 3
initial apicid	: 3
fpu		: yes
fpu_exception	: yes
cpuid level	: 13
wp		: yes
flags		: fpu vme de pse tsc msr pae mce cx8 apic sep mtrr pge mca cmov pat pse36 clflush dts acpi mmx fxsr sse sse2 ss ht tm pbe syscall nx pdpe1gb rdtscp lm constant_tsc arch_perfmon pebs bts rep_good nopl xtopology nonstop_tsc aperfmperf eagerfpu pni pclmulqdq dtes64 monitor ds_cpl vmx est tm2 ssse3 sdbg fma cx16 xtpr pdcm pcid sse4_1 sse4_2 movbe popcnt tsc_deadline_timer aes xsave avx f16c rdrand lahf_lm abm epb tpr_shadow vnmi flexpriority ept vpid fsgsbase tsc_adjust bmi1 avx2 smep bmi2 erms invpcid xsaveopt dtherm ida arat pln pts
bugs		:
bogomips	: 3192.70
clflush size	: 64
cache_alignment	: 64
address sizes	: 39 bits physical, 48 bits virtual
power management:



Memory: 4k page, physical 3949196k(102892k free), swap 3126268k(0k free)

vm_info: Java HotSpot(TM) 64-Bit Server VM (24.80-b11) for linux-amd64 JRE (1.7.0_80-b15), built on Apr 10 2015 19:53:14 by "java_re" with gcc 4.3.0 20080428 (Red Hat 4.3.0-8)

time: Fri Jul 15 06:35:36 2016
elapsed time: 1939 seconds

