#
# There is insufficient memory for the Java Runtime Environment to continue.
# Native memory allocation (malloc) failed to allocate 155189248 bytes for committing reserved memory.
# Possible reasons:
#   The system is out of physical RAM or swap space
#   In 32 bit mode, the process size limit was hit
# Possible solutions:
#   Reduce memory load on the system
#   Increase physical memory or swap space
#   Check if swap backing store is full
#   Use 64 bit Java on a 64 bit OS
#   Decrease Java heap size (-Xmx/-Xms)
#   Decrease number of Java threads
#   Decrease Java thread stack sizes (-Xss)
#   Set larger code cache with -XX:ReservedCodeCacheSize=
# This output file may be truncated or incomplete.
#
#  Out of Memory Error (os_linux.cpp:2756), pid=14760, tid=139923599353600
#
# JRE version: Java(TM) SE Runtime Environment (7.0_80-b15) (build 1.7.0_80-b15)
# Java VM: Java HotSpot(TM) 64-Bit Server VM (24.80-b11 mixed mode linux-amd64 compressed oops)
# Failed to write core dump. Core dumps have been disabled. To enable core dumping, try "ulimit -c unlimited" before starting Java again
#

---------------  T H R E A D  ---------------

Current thread (0x00007f4284069800):  VMThread [stack: 0x00007f42805f6000,0x00007f42806f7000] [id=14768]

Stack: [0x00007f42805f6000,0x00007f42806f7000],  sp=0x00007f42806f5180,  free space=1020k
Native frames: (J=compiled Java code, j=interpreted, Vv=VM code, C=native code)
V  [libjvm.so+0x9a320a]  VMError::report_and_die()+0x2ea
V  [libjvm.so+0x498d3b]  report_vm_out_of_memory(char const*, int, unsigned long, char const*)+0x9b
V  [libjvm.so+0x82191e]  os::Linux::commit_memory_impl(char*, unsigned long, bool)+0xfe
V  [libjvm.so+0x821e69]  os::pd_commit_memory(char*, unsigned long, unsigned long, bool)+0x29
V  [libjvm.so+0x81bb6a]  os::commit_memory(char*, unsigned long, unsigned long, bool)+0x2a
V  [libjvm.so+0x88d623]  PSVirtualSpace::expand_by(unsigned long)+0x53
V  [libjvm.so+0x88e9f8]  PSYoungGen::resize_generation(unsigned long, unsigned long)+0xf8
V  [libjvm.so+0x88db62]  PSYoungGen::resize(unsigned long, unsigned long)+0x22
V  [libjvm.so+0x88af1d]  PSScavenge::invoke_no_policy()+0xf3d
V  [libjvm.so+0x88b761]  PSScavenge::invoke()+0x41
V  [libjvm.so+0x843f40]  ParallelScavengeHeap::failed_mem_allocate(unsigned long)+0x70
V  [libjvm.so+0x9a4a97]  VM_ParallelGCFailedAllocation::doit()+0x97
V  [libjvm.so+0x9abf35]  VM_Operation::evaluate()+0x55
V  [libjvm.so+0x9aa2fa]  VMThread::evaluate_operation(VM_Operation*)+0xba
V  [libjvm.so+0x9aa67e]  VMThread::loop()+0x1ce
V  [libjvm.so+0x9aaaf0]  VMThread::run()+0x70
V  [libjvm.so+0x8238c8]  java_start(Thread*)+0x108

VM_Operation (0x00007f4278c6b210): ParallelGCFailedAllocation, mode: safepoint, requested by thread 0x00007f4214049000


---------------  P R O C E S S  ---------------

Java Threads: ( => current thread )
  0x00007f4214040800 JavaThread "pool-21-thread-4" [_thread_blocked, id=14875, stack(0x00007f4278667000,0x00007f4278768000)]
  0x00007f4214040000 JavaThread "pool-21-thread-3" [_thread_blocked, id=14874, stack(0x00007f4278869000,0x00007f427896a000)]
  0x00007f421403f000 JavaThread "pool-21-thread-2" [_thread_blocked, id=14873, stack(0x00007f427896a000,0x00007f4278a6b000)]
  0x00007f421409b000 JavaThread "pool-22-thread-1" [_thread_blocked, id=14872, stack(0x00007f4278a6b000,0x00007f4278b6c000)]
  0x00007f4214049000 JavaThread "pool-21-thread-1" [_thread_blocked, id=14871, stack(0x00007f4278b6c000,0x00007f4278c6d000)]
  0x00007f4210001000 JavaThread "pool-2-thread-4" [_thread_blocked, id=14822, stack(0x00007f427968e000,0x00007f427978f000)]
  0x00007f4224002800 JavaThread "pool-2-thread-1" [_thread_blocked, id=14821, stack(0x00007f427978f000,0x00007f4279890000)]
  0x00007f421c002000 JavaThread "pool-2-thread-3" [_thread_blocked, id=14820, stack(0x00007f4279890000,0x00007f4279991000)]
  0x00007f4218002000 JavaThread "pool-2-thread-2" [_thread_blocked, id=14819, stack(0x00007f4279991000,0x00007f4279a92000)]
  0x00007f4234dfc800 JavaThread "pool-1-thread-4" [_thread_blocked, id=14818, stack(0x00007f4279a92000,0x00007f4279b93000)]
  0x00007f4234dfb800 JavaThread "pool-1-thread-3" [_thread_blocked, id=14817, stack(0x00007f4279b93000,0x00007f4279c94000)]
  0x00007f4234df1800 JavaThread "pool-1-thread-2" [_thread_blocked, id=14816, stack(0x00007f4279c94000,0x00007f4279d95000)]
  0x00007f4234df1000 JavaThread "pool-1-thread-1" [_thread_blocked, id=14815, stack(0x00007f4279d95000,0x00007f4279e96000)]
  0x00007f4234493800 JavaThread "File lock request listener" [_thread_in_native, id=14813, stack(0x00007f427a202000,0x00007f427a303000)]
  0x00007f423434e800 JavaThread "process reaper" daemon [_thread_blocked, id=14812, stack(0x00007f427a303000,0x00007f427a33c000)]
  0x00007f423401e000 JavaThread "Stdin handler" [_thread_blocked, id=14810, stack(0x00007f427a3a8000,0x00007f427a4a9000)]
  0x00007f4238007800 JavaThread "Daemon worker" [_thread_blocked, id=14807, stack(0x00007f427a4b0000,0x00007f427a5b1000)]
  0x00007f4238007000 JavaThread "Cancel handler" [_thread_blocked, id=14806, stack(0x00007f427a5b1000,0x00007f427a6b2000)]
  0x00007f4238003800 JavaThread "Handler for socket connection from /127.0.0.1:40422 to /127.0.0.1:50292" [_thread_in_native, id=14805, stack(0x00007f427a6b2000,0x00007f427a7b3000)]
  0x00007f424400c800 JavaThread "Daemon" [_thread_blocked, id=14804, stack(0x00007f427a7b3000,0x00007f427a8b4000)]
  0x00007f4284aa6800 JavaThread "Incoming local TCP Connector on port 40422" [_thread_in_native, id=14803, stack(0x00007f427a8b4000,0x00007f427a9b5000)]
  0x00007f4284099000 JavaThread "Service Thread" daemon [_thread_blocked, id=14787, stack(0x00007f427bcfd000,0x00007f427bdfe000)]
  0x00007f4284097000 JavaThread "C2 CompilerThread1" daemon [_thread_blocked, id=14786, stack(0x00007f427bdfe000,0x00007f427beff000)]
  0x00007f4284094000 JavaThread "C2 CompilerThread0" daemon [_thread_blocked, id=14785, stack(0x00007f427beff000,0x00007f427c000000)]
  0x00007f4284092000 JavaThread "Signal Dispatcher" daemon [_thread_blocked, id=14784, stack(0x00007f428001a000,0x00007f428011b000)]
  0x00007f4284070000 JavaThread "Finalizer" daemon [_thread_blocked, id=14770, stack(0x00007f42803f4000,0x00007f42804f5000)]
  0x00007f428406e000 JavaThread "Reference Handler" daemon [_thread_blocked, id=14769, stack(0x00007f42804f5000,0x00007f42805f6000)]
  0x00007f428400a000 JavaThread "main" [_thread_blocked, id=14763, stack(0x00007f428c65e000,0x00007f428c75f000)]

Other Threads:
=>0x00007f4284069800 VMThread [stack: 0x00007f42805f6000,0x00007f42806f7000] [id=14768]
  0x00007f42840a4000 WatcherThread [stack: 0x00007f427bbfc000,0x00007f427bcfd000] [id=14788]

VM state:at safepoint (normal execution)

VM Mutex/Monitor currently owned by a thread:  ([mutex/lock_event])
[0x00007f4284006390] Threads_lock - owner thread: 0x00007f4284069800
[0x00007f4284006890] Heap_lock - owner thread: 0x00007f4214049000
[0x00007f4284006e90] MethodData_lock - owner thread: 0x00007f4224002800

Heap
 PSYoungGen      total 442368K, used 90617K [0x00000007d5500000, 0x00000007f5d80000, 0x0000000800000000)
  eden space 351744K, 0% used [0x00000007d5500000,0x00000007d5500000,0x00000007eac80000)
  from space 90624K, 99% used [0x00000007eac80000,0x00000007f04fe500,0x00000007f0500000)
  to   space 82432K, 0% used [0x00000007f0d00000,0x00000007f0d00000,0x00000007f5d80000)
 ParOldGen       total 337920K, used 291395K [0x0000000780000000, 0x0000000794a00000, 0x00000007d5500000)
  object space 337920K, 86% used [0x0000000780000000,0x0000000791c90e18,0x0000000794a00000)
 PSPermGen       total 83968K, used 47469K [0x000000077ae00000, 0x0000000780000000, 0x0000000780000000)
  object space 83968K, 56% used [0x000000077ae00000,0x000000077dc5b400,0x0000000780000000)

Card table byte_map: [0x00007f4289525000,0x00007f428994f000] byte_map_base: 0x00007f428594e000

Polling page: 0x00007f428c78c000

Code Cache  [0x00007f4281000000, 0x00007f4281850000, 0x00007f4284000000)
 total_blobs=2969 nmethods=2322 adapters=599 free_code_cache=40750Kb largest_free_block=41625664

Compilation events (10 events):
Event: 43,272 Thread 0x00007f4284097000 nmethod 2583 0x00007f428140ab10 code [0x00007f428140aca0, 0x00007f428140b0f8]
Event: 43,272 Thread 0x00007f4284097000 2585             com.android.dx.dex.code.form.Form35c::isCompatible (72 bytes)
Event: 43,279 Thread 0x00007f4284097000 nmethod 2585 0x00007f428140a110 code [0x00007f428140a2a0, 0x00007f428140a618]
Event: 43,279 Thread 0x00007f4284097000 2586             com.android.dx.rop.code.RegisterSpecSet::get (9 bytes)
Event: 43,289 Thread 0x00007f4284097000 nmethod 2586 0x00007f4281650bd0 code [0x00007f4281650d20, 0x00007f4281650dd8]
Event: 43,289 Thread 0x00007f4284094000 nmethod 2584 0x00007f4281409bd0 code [0x00007f4281409d20, 0x00007f4281409f98]
Event: 43,289 Thread 0x00007f4284094000 2587             com.android.dx.dex.cf.CfTranslator::translate0 (265 bytes)
Event: 43,304 Thread 0x00007f4284097000 2588             com.android.dx.rop.code.RegisterSpec::equals (51 bytes)
Event: 43,309 Thread 0x00007f4284097000 nmethod 2588 0x00007f4281847390 code [0x00007f42818474e0, 0x00007f42818478d8]
Event: 43,309 Thread 0x00007f4284097000 2589             com.android.dx.ssa.back.FirstFitLocalCombiningAllocator::findRangeAndAdjust (311 bytes)

GC Heap History (10 events):
Event: 35,544 GC heap after
Heap after GC invocations=24 (full 3):
 PSYoungGen      total 329216K, used 63993K [0x00000007d5500000, 0x00000007f1880000, 0x0000000800000000)
  eden space 265216K, 0% used [0x00000007d5500000,0x00000007d5500000,0x00000007e5800000)
  from space 64000K, 99% used [0x00000007e5800000,0x00000007e967e7d0,0x00000007e9680000)
  to   space 78336K, 0% used [0x00000007ecc00000,0x00000007ecc00000,0x00000007f1880000)
 ParOldGen       total 273920K, used 181200K [0x0000000780000000, 0x0000000790b80000, 0x00000007d5500000)
  object space 273920K, 66% used [0x0000000780000000,0x000000078b0f42b0,0x0000000790b80000)
 PSPermGen       total 83968K, used 47382K [0x000000077ae00000, 0x0000000780000000, 0x0000000780000000)
  object space 83968K, 56% used [0x000000077ae00000,0x000000077dc45870,0x0000000780000000)
}
Event: 36,681 GC heap before
{Heap before GC invocations=25 (full 3):
 PSYoungGen      total 329216K, used 329209K [0x00000007d5500000, 0x00000007f1880000, 0x0000000800000000)
  eden space 265216K, 100% used [0x00000007d5500000,0x00000007e5800000,0x00000007e5800000)
  from space 64000K, 99% used [0x00000007e5800000,0x00000007e967e7d0,0x00000007e9680000)
  to   space 78336K, 0% used [0x00000007ecc00000,0x00000007ecc00000,0x00000007f1880000)
 ParOldGen       total 273920K, used 181202K [0x0000000780000000, 0x0000000790b80000, 0x00000007d5500000)
  object space 273920K, 66% used [0x0000000780000000,0x000000078b0f4868,0x0000000790b80000)
 PSPermGen       total 83968K, used 47406K [0x000000077ae00000, 0x0000000780000000, 0x0000000780000000)
  object space 83968K, 56% used [0x000000077ae00000,0x000000077dc4bbe0,0x0000000780000000)
Event: 36,945 GC heap after
Heap after GC invocations=25 (full 3):
 PSYoungGen      total 375296K, used 65337K [0x00000007d5500000, 0x00000007f3980000, 0x0000000800000000)
  eden space 296960K, 0% used [0x00000007d5500000,0x00000007d5500000,0x00000007e7700000)
  from space 78336K, 83% used [0x00000007ecc00000,0x00000007f0bce540,0x00000007f1880000)
  to   space 87040K, 0% used [0x00000007e7700000,0x00000007e7700000,0x00000007ecc00000)
 ParOldGen       total 273920K, used 214175K [0x0000000780000000, 0x0000000790b80000, 0x00000007d5500000)
  object space 273920K, 78% used [0x0000000780000000,0x000000078d127cf0,0x0000000790b80000)
 PSPermGen       total 83968K, used 47406K [0x000000077ae00000, 0x0000000780000000, 0x0000000780000000)
  object space 83968K, 56% used [0x000000077ae00000,0x000000077dc4bbe0,0x0000000780000000)
}
Event: 38,917 GC heap before
{Heap before GC invocations=26 (full 3):
 PSYoungGen      total 375296K, used 362297K [0x00000007d5500000, 0x00000007f3980000, 0x0000000800000000)
  eden space 296960K, 100% used [0x00000007d5500000,0x00000007e7700000,0x00000007e7700000)
  from space 78336K, 83% used [0x00000007ecc00000,0x00000007f0bce540,0x00000007f1880000)
  to   space 87040K, 0% used [0x00000007e7700000,0x00000007e7700000,0x00000007ecc00000)
 ParOldGen       total 273920K, used 214175K [0x0000000780000000, 0x0000000790b80000, 0x00000007d5500000)
  object space 273920K, 78% used [0x0000000780000000,0x000000078d127cf0,0x0000000790b80000)
 PSPermGen       total 83968K, used 47430K [0x000000077ae00000, 0x0000000780000000, 0x0000000780000000)
  object space 83968K, 56% used [0x000000077ae00000,0x000000077dc519c0,0x0000000780000000)
Event: 39,132 GC heap after
Heap after GC invocations=26 (full 3):
 PSYoungGen      total 384000K, used 51903K [0x00000007d5500000, 0x00000007f6380000, 0x0000000800000000)
  eden space 296960K, 0% used [0x00000007d5500000,0x00000007d5500000,0x00000007e7700000)
  from space 87040K, 59% used [0x00000007e7700000,0x00000007ea9affc0,0x00000007ecc00000)
  to   space 88576K, 0% used [0x00000007f0d00000,0x00000007f0d00000,0x00000007f6380000)
 ParOldGen       total 273920K, used 267905K [0x0000000780000000, 0x0000000790b80000, 0x00000007d5500000)
  object space 273920K, 97% used [0x0000000780000000,0x00000007905a0620,0x0000000790b80000)
 PSPermGen       total 83968K, used 47430K [0x000000077ae00000, 0x0000000780000000, 0x0000000780000000)
  object space 83968K, 56% used [0x000000077ae00000,0x000000077dc519c0,0x0000000780000000)
}
Event: 39,132 GC heap before
{Heap before GC invocations=27 (full 4):
 PSYoungGen      total 384000K, used 51903K [0x00000007d5500000, 0x00000007f6380000, 0x0000000800000000)
  eden space 296960K, 0% used [0x00000007d5500000,0x00000007d5500000,0x00000007e7700000)
  from space 87040K, 59% used [0x00000007e7700000,0x00000007ea9affc0,0x00000007ecc00000)
  to   space 88576K, 0% used [0x00000007f0d00000,0x00000007f0d00000,0x00000007f6380000)
 ParOldGen       total 273920K, used 267905K [0x0000000780000000, 0x0000000790b80000, 0x00000007d5500000)
  object space 273920K, 97% used [0x0000000780000000,0x00000007905a0620,0x0000000790b80000)
 PSPermGen       total 83968K, used 47430K [0x000000077ae00000, 0x0000000780000000, 0x0000000780000000)
  object space 83968K, 56% used [0x000000077ae00000,0x000000077dc519c0,0x0000000780000000)
Event: 40,262 GC heap after
Heap after GC invocations=27 (full 4):
 PSYoungGen      total 384000K, used 0K [0x00000007d5500000, 0x00000007f6380000, 0x0000000800000000)
  eden space 296960K, 0% used [0x00000007d5500000,0x00000007d5500000,0x00000007e7700000)
  from space 87040K, 0% used [0x00000007e7700000,0x00000007e7700000,0x00000007ecc00000)
  to   space 88576K, 0% used [0x00000007f0d00000,0x00000007f0d00000,0x00000007f6380000)
 ParOldGen       total 337920K, used 199044K [0x0000000780000000, 0x0000000794a00000, 0x00000007d5500000)
  object space 337920K, 58% used [0x0000000780000000,0x000000078c261088,0x0000000794a00000)
 PSPermGen       total 83968K, used 47428K [0x000000077ae00000, 0x0000000780000000, 0x0000000780000000)
  object space 83968K, 56% used [0x000000077ae00000,0x000000077dc51360,0x0000000780000000)
}
Event: 42,179 GC heap before
{Heap before GC invocations=28 (full 4):
 PSYoungGen      total 384000K, used 296960K [0x00000007d5500000, 0x00000007f6380000, 0x0000000800000000)
  eden space 296960K, 100% used [0x00000007d5500000,0x00000007e7700000,0x00000007e7700000)
  from space 87040K, 0% used [0x00000007e7700000,0x00000007e7700000,0x00000007ecc00000)
  to   space 88576K, 0% used [0x00000007f0d00000,0x00000007f0d00000,0x00000007f6380000)
 ParOldGen       total 337920K, used 199044K [0x0000000780000000, 0x0000000794a00000, 0x00000007d5500000)
  object space 337920K, 58% used [0x0000000780000000,0x000000078c261088,0x0000000794a00000)
 PSPermGen       total 83968K, used 47462K [0x000000077ae00000, 0x0000000780000000, 0x0000000780000000)
  object space 83968K, 56% used [0x000000077ae00000,0x000000077dc59900,0x0000000780000000)
Event: 42,275 GC heap after
Heap after GC invocations=28 (full 4):
 PSYoungGen      total 434176K, used 55446K [0x00000007d5500000, 0x00000007f5d80000, 0x0000000800000000)
  eden space 351744K, 0% used [0x00000007d5500000,0x00000007d5500000,0x00000007eac80000)
  from space 82432K, 67% used [0x00000007f0d00000,0x00000007f4325928,0x00000007f5d80000)
  to   space 90624K, 0% used [0x00000007eac80000,0x00000007eac80000,0x00000007f0500000)
 ParOldGen       total 337920K, used 199044K [0x0000000780000000, 0x0000000794a00000, 0x00000007d5500000)
  object space 337920K, 58% used [0x0000000780000000,0x000000078c261088,0x0000000794a00000)
 PSPermGen       total 83968K, used 47462K [0x000000077ae00000, 0x0000000780000000, 0x0000000780000000)
  object space 83968K, 56% used [0x000000077ae00000,0x000000077dc59900,0x0000000780000000)
}
Event: 43,638 GC heap before
{Heap before GC invocations=29 (full 4):
 PSYoungGen      total 434176K, used 407190K [0x00000007d5500000, 0x00000007f5d80000, 0x0000000800000000)
  eden space 351744K, 100% used [0x00000007d5500000,0x00000007eac80000,0x00000007eac80000)
  from space 82432K, 67% used [0x00000007f0d00000,0x00000007f4325928,0x00000007f5d80000)
  to   space 90624K, 0% used [0x00000007eac80000,0x00000007eac80000,0x00000007f0500000)
 ParOldGen       total 337920K, used 199044K [0x0000000780000000, 0x0000000794a00000, 0x00000007d5500000)
  object space 337920K, 58% used [0x0000000780000000,0x000000078c261088,0x0000000794a00000)
 PSPermGen       total 83968K, used 47469K [0x000000077ae00000, 0x0000000780000000, 0x0000000780000000)
  object space 83968K, 56% used [0x000000077ae00000,0x000000077dc5b400,0x0000000780000000)

Deoptimization events (10 events):
Event: 41,723 Thread 0x00007f4218002000 Uncommon trap: reason=class_check action=maybe_recompile pc=0x00007f428155a210 method=com.android.dx.util.BitIntSet.merge(Lcom/android/dx/util/IntSet;)V @ 1
Event: 41,723 Thread 0x00007f4218002000 Uncommon trap: reason=class_check action=maybe_recompile pc=0x00007f4281643f60 method=com.android.dx.ssa.back.InterferenceGraph.mergeInterferenceSet(ILcom/android/dx/util/IntSet;)V @ 20
Event: 41,723 Thread 0x00007f4218002000 Uncommon trap: reason=class_check action=maybe_recompile pc=0x00007f428155a210 method=com.android.dx.util.BitIntSet.merge(Lcom/android/dx/util/IntSet;)V @ 1
Event: 41,730 Thread 0x00007f4218002000 Uncommon trap: reason=class_check action=maybe_recompile pc=0x00007f4281643f60 method=com.android.dx.ssa.back.InterferenceGraph.mergeInterferenceSet(ILcom/android/dx/util/IntSet;)V @ 20
Event: 41,730 Thread 0x00007f4218002000 Uncommon trap: reason=class_check action=maybe_recompile pc=0x00007f428155a210 method=com.android.dx.util.BitIntSet.merge(Lcom/android/dx/util/IntSet;)V @ 1
Event: 41,730 Thread 0x00007f4218002000 Uncommon trap: reason=class_check action=maybe_recompile pc=0x00007f428166939c method=com.android.dx.ssa.back.InterferenceGraph.mergeInterferenceSet(ILcom/android/dx/util/IntSet;)V @ 20
Event: 41,778 Thread 0x00007f4210001000 Uncommon trap: reason=unstable_if action=reinterpret pc=0x00007f4281716e48 method=com.android.dx.rop.code.RegisterSpec.matchesVariable(Lcom/android/dx/rop/code/RegisterSpec;)Z @ 59
Event: 42,411 Thread 0x00007f421c002000 Uncommon trap: reason=unstable_if action=reinterpret pc=0x00007f42817292e8 method=com.android.dx.dex.code.LocalList$MakeState.filterSpec(Lcom/android/dx/rop/code/RegisterSpec;)Lcom/android/dx/rop/code/RegisterSpec; @ 11
Event: 43,370 Thread 0x00007f421c002000 Uncommon trap: reason=unstable_if action=reinterpret pc=0x00007f42815e042c method=com.android.dx.dex.code.LocalList$MakeState.snapshot(ILcom/android/dx/rop/code/RegisterSpecSet;)V @ 86
Event: 43,374 Thread 0x00007f4224002800 Uncommon trap: reason=unstable_if action=reinterpret pc=0x00007f42816ef7b8 method=com.android.dx.dex.code.OutputFinisher.addConstants(Ljava/util/HashSet;Lcom/android/dx/rop/code/RegisterSpec;)V @ 32

Internal exceptions (10 events):
Event: 28,563 Thread 0x00007f420c00e800 Threw 0x00000007d8fbcef0 at /HUDSON/workspace/7u-2-build-linux-amd64/jdk7u80/2329/hotspot/src/share/vm/prims/jvm.cpp:1319
Event: 28,576 Thread 0x00007f420c00e800 Threw 0x00000007d9024dc8 at /HUDSON/workspace/7u-2-build-linux-amd64/jdk7u80/2329/hotspot/src/share/vm/prims/jvm.cpp:1319
Event: 29,363 Thread 0x00007f420c07d000 Threw 0x00000007de4b4dd8 at /HUDSON/workspace/7u-2-build-linux-amd64/jdk7u80/2329/hotspot/src/share/vm/prims/jvm.cpp:1319
Event: 31,797 Thread 0x00007f420800c800 Implicit null exception at 0x00007f428167e554 to 0x00007f42816863c9
Event: 32,708 Thread 0x00007f4208015000 Implicit null exception at 0x00007f42815a90bb to 0x00007f42815aa199
Event: 32,708 Thread 0x00007f4208015000 Implicit null exception at 0x00007f42816534f6 to 0x00007f42816536d9
Event: 32,768 Thread 0x00007f4208015000 Implicit null exception at 0x00007f42814e7e08 to 0x00007f42814e8f71
Event: 32,768 Thread 0x00007f4208015000 Implicit null exception at 0x00007f428164d7b9 to 0x00007f428164d92d
Event: 34,376 Thread 0x00007f421c002000 Implicit null exception at 0x00007f4281738a13 to 0x00007f428173af19
Event: 35,899 Thread 0x00007f4218002000 Threw 0x00000007db2aeb80 at /HUDSON/workspace/7u-2-build-linux-amd64/jdk7u80/2329/hotspot/src/share/vm/prims/jvm.cpp:1319

Events (10 events):
Event: 43,128 Thread 0x00007f420c15f000 Thread exited: 0x00007f420c15f000
Event: 43,128 Thread 0x00007f420c01a000 Thread exited: 0x00007f420c01a000
Event: 43,215 Thread 0x00007f4284094000 flushing nmethod 0x00007f42815aa890
Event: 43,370 Thread 0x00007f421c002000 Uncommon trap: trap_request=0xffffff75 fr.pc=0x00007f42815e042c
Event: 43,370 Thread 0x00007f421c002000 DEOPT PACKING pc=0x00007f42815e042c sp=0x00007f427998f220
Event: 43,370 Thread 0x00007f421c002000 DEOPT UNPACKING pc=0x00007f4281039445 sp=0x00007f427998f208 mode 2
Event: 43,374 Thread 0x00007f4224002800 Uncommon trap: trap_request=0xffffff75 fr.pc=0x00007f42816ef7b8
Event: 43,374 Thread 0x00007f4224002800 DEOPT PACKING pc=0x00007f42816ef7b8 sp=0x00007f427988e140
Event: 43,374 Thread 0x00007f4224002800 DEOPT UNPACKING pc=0x00007f4281039445 sp=0x00007f427988e110 mode 2
Event: 43,636 Executing VM operation: ParallelGCFailedAllocation


Dynamic libraries:
00400000-00401000 r-xp 00000000 08:05 1602077                            /usr/lib/jvm/java-7-oracle/bin/java
00600000-00601000 rw-p 00000000 08:05 1602077                            /usr/lib/jvm/java-7-oracle/bin/java
00ffc000-0101d000 rw-p 00000000 00:00 0                                  [heap]
77ae00000-780000000 rw-p 00000000 00:00 0 
780000000-794a00000 rw-p 00000000 00:00 0 
794a00000-7d5500000 rw-p 00000000 00:00 0 
7d5500000-7f5d80000 rw-p 00000000 00:00 0 
7ff180000-800000000 rw-p 00000000 00:00 0 
7f41f8000000-7f41f8021000 rw-p 00000000 00:00 0 
7f41f8021000-7f41fc000000 ---p 00000000 00:00 0 
7f4200000000-7f4200163000 rw-p 00000000 00:00 0 
7f4200163000-7f4204000000 ---p 00000000 00:00 0 
7f4204000000-7f4204021000 rw-p 00000000 00:00 0 
7f4204021000-7f4208000000 ---p 00000000 00:00 0 
7f4208000000-7f42080ca000 rw-p 00000000 00:00 0 
7f42080ca000-7f420c000000 ---p 00000000 00:00 0 
7f420c000000-7f420c160000 rw-p 00000000 00:00 0 
7f420c160000-7f4210000000 ---p 00000000 00:00 0 
7f4210000000-7f4210021000 rw-p 00000000 00:00 0 
7f4210021000-7f4214000000 ---p 00000000 00:00 0 
7f4214000000-7f42140bf000 rw-p 00000000 00:00 0 
7f42140bf000-7f4218000000 ---p 00000000 00:00 0 
7f4218000000-7f4218021000 rw-p 00000000 00:00 0 
7f4218021000-7f421c000000 ---p 00000000 00:00 0 
7f421c000000-7f421c021000 rw-p 00000000 00:00 0 
7f421c021000-7f4220000000 ---p 00000000 00:00 0 
7f4220000000-7f4220021000 rw-p 00000000 00:00 0 
7f4220021000-7f4224000000 ---p 00000000 00:00 0 
7f4224000000-7f4224021000 rw-p 00000000 00:00 0 
7f4224021000-7f4228000000 ---p 00000000 00:00 0 
7f4228000000-7f4228021000 rw-p 00000000 00:00 0 
7f4228021000-7f422c000000 ---p 00000000 00:00 0 
7f422c000000-7f422c021000 rw-p 00000000 00:00 0 
7f422c021000-7f4230000000 ---p 00000000 00:00 0 
7f4230000000-7f4230021000 rw-p 00000000 00:00 0 
7f4230021000-7f4234000000 ---p 00000000 00:00 0 
7f4234000000-7f423508c000 rw-p 00000000 00:00 0 
7f423508c000-7f4238000000 ---p 00000000 00:00 0 
7f4238000000-7f4238021000 rw-p 00000000 00:00 0 
7f4238021000-7f423c000000 ---p 00000000 00:00 0 
7f423c000000-7f423c021000 rw-p 00000000 00:00 0 
7f423c021000-7f4240000000 ---p 00000000 00:00 0 
7f4240000000-7f4240021000 rw-p 00000000 00:00 0 
7f4240021000-7f4244000000 ---p 00000000 00:00 0 
7f4244000000-7f4244083000 rw-p 00000000 00:00 0 
7f4244083000-7f4248000000 ---p 00000000 00:00 0 
7f4248000000-7f424a4b2000 rw-p 00000000 00:00 0 
7f424a4b2000-7f424c000000 ---p 00000000 00:00 0 
7f424c000000-7f424c021000 rw-p 00000000 00:00 0 
7f424c021000-7f4250000000 ---p 00000000 00:00 0 
7f4250000000-7f4250021000 rw-p 00000000 00:00 0 
7f4250021000-7f4254000000 ---p 00000000 00:00 0 
7f4254000000-7f42559b5000 rw-p 00000000 00:00 0 
7f42559b5000-7f4258000000 ---p 00000000 00:00 0 
7f4258000000-7f4258021000 rw-p 00000000 00:00 0 
7f4258021000-7f425c000000 ---p 00000000 00:00 0 
7f425c000000-7f425c021000 rw-p 00000000 00:00 0 
7f425c021000-7f4260000000 ---p 00000000 00:00 0 
7f4260000000-7f4260349000 rw-p 00000000 00:00 0 
7f4260349000-7f4264000000 ---p 00000000 00:00 0 
7f4267d70000-7f426c000000 rw-p 00000000 00:00 0 
7f426c000000-7f426c051000 rw-p 00000000 00:00 0 
7f426c051000-7f4270000000 ---p 00000000 00:00 0 
7f4270000000-7f4270029000 rw-p 00000000 00:00 0 
7f4270029000-7f4274000000 ---p 00000000 00:00 0 
7f4274000000-7f427404d000 rw-p 00000000 00:00 0 
7f427404d000-7f4278000000 ---p 00000000 00:00 0 
7f4278243000-7f427825b000 r--s 000f5000 08:05 1364193                    /home/anonymous/AndroidStudioProjects/myelaundry/app/build/intermediates/exploded-aar/com.google.android.gms/play-services-ads/8.4.0/jars/classes.jar
7f4278263000-7f4278266000 ---p 00000000 00:00 0 
7f4278266000-7f4278364000 rw-p 00000000 00:00 0 
7f4278364000-7f4278367000 ---p 00000000 00:00 0 
7f4278367000-7f4278465000 rw-p 00000000 00:00 0 
7f4278465000-7f4278468000 ---p 00000000 00:00 0 
7f4278468000-7f4278566000 rw-p 00000000 00:00 0 
7f4278566000-7f4278569000 ---p 00000000 00:00 0 
7f4278569000-7f4278667000 rw-p 00000000 00:00 0 
7f4278667000-7f427866a000 ---p 00000000 00:00 0 
7f427866a000-7f4278768000 rw-p 00000000 00:00 0 
7f4278768000-7f427876b000 ---p 00000000 00:00 0 
7f427876b000-7f4278869000 rw-p 00000000 00:00 0 
7f4278869000-7f427886c000 ---p 00000000 00:00 0 
7f427886c000-7f427896a000 rw-p 00000000 00:00 0 
7f427896a000-7f427896d000 ---p 00000000 00:00 0 
7f427896d000-7f4278a6b000 rw-p 00000000 00:00 0 
7f4278a6b000-7f4278a6e000 ---p 00000000 00:00 0 
7f4278a6e000-7f4278b6c000 rw-p 00000000 00:00 0 
7f4278b6c000-7f4278b6f000 ---p 00000000 00:00 0 
7f4278b6f000-7f4278c6d000 rw-p 00000000 00:00 0 
7f4278c6d000-7f4278c70000 ---p 00000000 00:00 0 
7f4278c70000-7f4278d6e000 rw-p 00000000 00:00 0 
7f4278d6e000-7f4278d71000 ---p 00000000 00:00 0 
7f4278d71000-7f4278e6f000 rw-p 00000000 00:00 0 
7f4278e6f000-7f4278e72000 ---p 00000000 00:00 0 
7f4278e72000-7f4278f70000 rw-p 00000000 00:00 0 
7f4278f70000-7f4278f73000 ---p 00000000 00:00 0 
7f4278f73000-7f4279071000 rw-p 00000000 00:00 0 
7f4279071000-7f4279074000 ---p 00000000 00:00 0 
7f4279074000-7f4279172000 rw-p 00000000 00:00 0 
7f4279172000-7f4279175000 ---p 00000000 00:00 0 
7f4279175000-7f4279273000 rw-p 00000000 00:00 0 
7f4279273000-7f4279276000 ---p 00000000 00:00 0 
7f4279276000-7f4279374000 rw-p 00000000 00:00 0 
7f4279374000-7f4279377000 ---p 00000000 00:00 0 
7f4279377000-7f4279475000 rw-p 00000000 00:00 0 
7f4279475000-7f4279478000 ---p 00000000 00:00 0 
7f4279478000-7f4279576000 rw-p 00000000 00:00 0 
7f4279576000-7f4279579000 ---p 00000000 00:00 0 
7f4279579000-7f4279677000 rw-p 00000000 00:00 0 
7f427968e000-7f4279691000 ---p 00000000 00:00 0 
7f4279691000-7f427978f000 rw-p 00000000 00:00 0 
7f427978f000-7f4279792000 ---p 00000000 00:00 0 
7f4279792000-7f4279890000 rw-p 00000000 00:00 0 
7f4279890000-7f4279893000 ---p 00000000 00:00 0 
7f4279893000-7f4279991000 rw-p 00000000 00:00 0 
7f4279991000-7f4279994000 ---p 00000000 00:00 0 
7f4279994000-7f4279a92000 rw-p 00000000 00:00 0 
7f4279a92000-7f4279a95000 ---p 00000000 00:00 0 
7f4279a95000-7f4279b93000 rw-p 00000000 00:00 0 
7f4279b93000-7f4279b96000 ---p 00000000 00:00 0 
7f4279b96000-7f4279c94000 rw-p 00000000 00:00 0 
7f4279c94000-7f4279c97000 ---p 00000000 00:00 0 
7f4279c97000-7f4279d95000 rw-p 00000000 00:00 0 
7f4279d95000-7f4279d98000 ---p 00000000 00:00 0 
7f4279d98000-7f4279e96000 rw-p 00000000 00:00 0 
7f4279e96000-7f4279e9e000 r-xp 00000000 08:05 1713442                    /usr/lib/jvm/java-7-oracle/jre/lib/amd64/libmanagement.so
7f4279e9e000-7f427a09d000 ---p 00008000 08:05 1713442                    /usr/lib/jvm/java-7-oracle/jre/lib/amd64/libmanagement.so
7f427a09d000-7f427a09e000 rw-p 00007000 08:05 1713442                    /usr/lib/jvm/java-7-oracle/jre/lib/amd64/libmanagement.so
7f427a09e000-7f427a0a0000 r--s 00005000 08:07 12395                      /media/anonymous/data/Android/android-studio/gradle/m2repository/org/abego/treelayout/org.abego.treelayout.core/1.0.1/org.abego.treelayout.core-1.0.1.jar
7f427a0a0000-7f427a0a8000 r--s 000a8000 08:07 12304                      /media/anonymous/data/Android/android-studio/gradle/m2repository/com/android/tools/external/lombok/lombok-ast/0.2.3/lombok-ast-0.2.3.jar
7f427a0a8000-7f427a0a9000 r--s 00004000 08:07 12496                      /media/anonymous/data/Android/android-studio/gradle/m2repository/com/intellij/annotations/12.0/annotations-12.0.jar
7f427a0a9000-7f427a0ab000 r--s 0000d000 08:07 12538                      /media/anonymous/data/Android/android-studio/gradle/m2repository/commons-codec/commons-codec/1.4/commons-codec-1.4.jar
7f427a0ab000-7f427a0ad000 r--s 0000d000 08:07 12092                      /media/anonymous/data/Android/android-studio/gradle/m2repository/commons-logging/commons-logging/1.1.1/commons-logging-1.1.1.jar
7f427a0ad000-7f427a0b2000 r--s 00028000 08:07 12131                      /media/anonymous/data/Android/android-studio/gradle/m2repository/org/apache/httpcomponents/httpcore/4.1/httpcore-4.1.jar
7f427a0b2000-7f427a0b6000 r--s 00037000 08:07 12356                      /media/anonymous/data/Android/android-studio/gradle/m2repository/org/antlr/ST4/4.0.8/ST4-4.0.8.jar
7f427a0b6000-7f427a0b9000 r--s 00026000 08:07 12346                      /media/anonymous/data/Android/android-studio/gradle/m2repository/org/antlr/antlr-runtime/3.5.2/antlr-runtime-3.5.2.jar
7f427a0b9000-7f427a0ba000 r--s 00002000 08:07 12421                      /media/anonymous/data/Android/android-studio/gradle/m2repository/com/tunnelvisionlabs/antlr4-annotations/4.5/antlr4-annotations-4.5.jar
7f427a0ba000-7f427a0c1000 r--s 00062000 08:07 12409                      /media/anonymous/data/Android/android-studio/gradle/m2repository/com/tunnelvisionlabs/antlr4-runtime/4.5/antlr4-runtime-4.5.jar
7f427a0c1000-7f427a0c4000 r--s 00030000 08:07 14041                      /media/anonymous/data/Android/android-studio/gradle/m2repository/com/android/tools/lint/lint-api/25.1.2/lint-api-25.1.2.jar
7f427a0c4000-7f427a0c5000 r--s 00004000 08:07 12189                      /media/anonymous/data/Android/android-studio/gradle/m2repository/org/ow2/asm/asm-analysis/5.0.3/asm-analysis-5.0.3.jar
7f427a0c5000-7f427a0c9000 r--s 00026000 08:07 14031                      /media/anonymous/data/Android/android-studio/gradle/m2repository/com/android/tools/repository/25.1.2/repository-25.1.2.jar
7f427a0c9000-7f427a0cc000 r--s 00014000 08:07 14020                      /media/anonymous/data/Android/android-studio/gradle/m2repository/com/android/tools/layoutlib/layoutlib-api/25.1.2/layoutlib-api-25.1.2.jar
7f427a0cc000-7f427a0d3000 r--s 00053000 08:07 12148                      /media/anonymous/data/Android/android-studio/gradle/m2repository/org/apache/commons/commons-compress/1.8.1/commons-compress-1.8.1.jar
7f427a0d3000-7f427a0d5000 r--s 00005000 08:07 12124                      /media/anonymous/data/Android/android-studio/gradle/m2repository/org/apache/httpcomponents/httpmime/4.1/httpmime-4.1.jar
7f427a0d5000-7f427a0d6000 r--s 00005000 08:07 14028                      /media/anonymous/data/Android/android-studio/gradle/m2repository/com/android/tools/dvlib/25.1.2/dvlib-25.1.2.jar
7f427a0d6000-7f427a0de000 r--s 0004e000 08:07 12140                      /media/anonymous/data/Android/android-studio/gradle/m2repository/org/apache/httpcomponents/httpclient/4.1.1/httpclient-4.1.1.jar
7f427a0de000-7f427a0e3000 r--s 0002a000 08:07 12239                      /media/anonymous/data/Android/android-studio/gradle/m2repository/com/google/code/gson/gson/2.2.4/gson-2.2.4.jar
7f427a0e3000-7f427a0e4000 r--s 0000a000 08:07 12534                      /media/anonymous/data/Android/android-studio/gradle/m2repository/net/sf/kxml/kxml2/2.3.0/kxml2-2.3.0.jar
7f427a0e4000-7f427a0e5000 r--s 00002000 08:07 13984                      /media/anonymous/data/Android/android-studio/gradle/m2repository/com/android/databinding/baseLibrary/2.1.2/baseLibrary-2.1.2.jar
7f427a0e5000-7f427a0e9000 r--s 0002a000 08:07 12313                      /media/anonymous/data/Android/android-studio/gradle/m2repository/commons-io/commons-io/2.4/commons-io-2.4.jar
7f427a0e9000-7f427a0f3000 r--s 00099000 08:07 12413                      /media/anonymous/data/Android/android-studio/gradle/m2repository/com/tunnelvisionlabs/antlr4/4.5/antlr4-4.5.jar
7f427a0f3000-7f427a0f6000 r--s 00033000 08:07 12433                      /media/anonymous/data/Android/android-studio/gradle/m2repository/com/googlecode/juniversalchardet/juniversalchardet/1.0.3/juniversalchardet-1.0.3.jar
7f427a0f6000-7f427a108000 r--s 00223000 08:07 12104                      /media/anonymous/data/Android/android-studio/gradle/m2repository/org/eclipse/jdt/core/compiler/ecj/4.4.2/ecj-4.4.2.jar
7f427a108000-7f427a10f000 r--s 000be000 08:07 14034                      /media/anonymous/data/Android/android-studio/gradle/m2repository/com/android/tools/lint/lint-checks/25.1.2/lint-checks-25.1.2.jar
7f427a10f000-7f427a11f000 r--s 000d6000 08:07 12509                      /media/anonymous/data/Android/android-studio/gradle/m2repository/net/sf/proguard/proguard-base/5.2.1/proguard-base-5.2.1.jar
7f427a11f000-7f427a120000 r--s 00001000 08:07 13993                      /media/anonymous/data/Android/android-studio/gradle/m2repository/com/android/tools/annotations/25.1.2/annotations-25.1.2.jar
7f427a120000-7f427a14b000 r--s 001f9000 08:07 12246                      /media/anonymous/data/Android/android-studio/gradle/m2repository/com/google/guava/guava/17.0/guava-17.0.jar
7f427a14b000-7f427a159000 r--s 00081000 08:07 12166                      /media/anonymous/data/Android/android-studio/gradle/m2repository/org/bouncycastle/bcpkix-jdk15on/1.48/bcpkix-jdk15on-1.48.jar
7f427a159000-7f427a161000 r--s 00078000 08:07 14043                      /media/anonymous/data/Android/android-studio/gradle/m2repository/com/android/tools/sdklib/25.1.2/sdklib-25.1.2.jar
7f427a161000-7f427a167000 r--s 0004a000 08:07 14025                      /media/anonymous/data/Android/android-studio/gradle/m2repository/com/android/tools/ddms/ddmlib/25.1.2/ddmlib-25.1.2.jar
7f427a167000-7f427a168000 r--s 00001000 08:07 20147                      /media/anonymous/data/Android/android-studio/gradle/m2repository/com/android/tools/jill/jill-api/0.10.0/jill-api-0.10.0.jar
7f427a168000-7f427a16a000 r--s 00005000 08:07 14013                      /media/anonymous/data/Android/android-studio/gradle/m2repository/com/android/tools/build/builder-model/2.1.2/builder-model-2.1.2.jar
7f427a16a000-7f427a16b000 r--s 00002000 08:07 14001                      /media/anonymous/data/Android/android-studio/gradle/m2repository/com/android/tools/build/builder-test-api/2.1.2/builder-test-api-2.1.2.jar
7f427a16b000-7f427a16e000 r--s 00028000 08:07 14007                      /media/anonymous/data/Android/android-studio/gradle/m2repository/com/android/tools/build/manifest-merger/25.1.2/manifest-merger-25.1.2.jar
7f427a16e000-7f427a170000 r--s 00002000 08:07 12228                      /media/anonymous/data/Android/android-studio/gradle/m2repository/com/squareup/javawriter/2.5.0/javawriter-2.5.0.jar
7f427a170000-7f427a172000 r--s 00006000 08:07 12213                      /media/anonymous/data/Android/android-studio/gradle/m2repository/org/ow2/asm/asm-tree/5.0.3/asm-tree-5.0.3.jar
7f427a172000-7f427a17a000 r--s 0007c000 08:07 14022                      /media/anonymous/data/Android/android-studio/gradle/m2repository/com/android/tools/sdk-common/25.1.2/sdk-common-25.1.2.jar
7f427a17a000-7f427a1ad000 r--s 00203000 08:07 12172                      /media/anonymous/data/Android/android-studio/gradle/m2repository/org/bouncycastle/bcprov-jdk15on/1.48/bcprov-jdk15on-1.48.jar
7f427a1ad000-7f427a1af000 r--s 00003000 08:07 20148                      /media/anonymous/data/Android/android-studio/gradle/m2repository/com/android/tools/jack/jack-api/0.10.0/jack-api-0.10.0.jar
7f427a1af000-7f427a1b1000 r--s 00018000 08:07 14047                      /media/anonymous/data/Android/android-studio/gradle/m2repository/com/android/tools/common/25.1.2/common-25.1.2.jar
7f427a1b1000-7f427a1b6000 r--s 00058000 08:07 12328                      /media/anonymous/data/Android/android-studio/gradle/m2repository/org/ow2/asm/asm-debug-all/5.0.1/asm-debug-all-5.0.1.jar
7f427a1b6000-7f427a1ba000 r--s 0002b000 08:07 13990                      /media/anonymous/data/Android/android-studio/gradle/m2repository/com/android/databinding/compilerCommon/2.1.2/compilerCommon-2.1.2.jar
7f427a1ba000-7f427a1bc000 r--s 00023000 08:07 14038                      /media/anonymous/data/Android/android-studio/gradle/m2repository/com/android/tools/lint/lint/25.1.2/lint-25.1.2.jar
7f427a1bc000-7f427a1bd000 r--s 0000c000 08:07 12201                      /media/anonymous/data/Android/android-studio/gradle/m2repository/org/ow2/asm/asm/5.0.3/asm-5.0.3.jar
7f427a1bd000-7f427a1be000 r--s 00002000 08:07 12520                      /media/anonymous/data/Android/android-studio/gradle/m2repository/net/sf/proguard/proguard-gradle/5.2.1/proguard-gradle-5.2.1.jar
7f427a1be000-7f427a1bf000 r--s 00002000 08:07 14004                      /media/anonymous/data/Android/android-studio/gradle/m2repository/com/android/tools/build/gradle-api/2.1.2/gradle-api-2.1.2.jar
7f427a1bf000-7f427a1c1000 r--s 00009000 08:07 12658                      /media/anonymous/data/Android/android-studio/gradle/m2repository/org/ow2/asm/asm-commons/5.0.3/asm-commons-5.0.3.jar
7f427a1c1000-7f427a1c2000 r--s 00000000 08:07 20146                      /media/anonymous/data/Android/android-studio/gradle/m2repository/com/android/tools/build/transform-api/2.0.0-deprecated-use-gradle-api/transform-api-2.0.0-deprecated-use-gradle-api.jar
7f427a1c2000-7f427a1d6000 r--s 00130000 08:07 13999                      /media/anonymous/data/Android/android-studio/gradle/m2repository/com/android/tools/build/builder/2.1.2/builder-2.1.2.jar
7f427a1d6000-7f427a1da000 r--s 0001e000 08:07 12368                      /media/anonymous/data/Android/android-studio/gradle/m2repository/org/jacoco/org.jacoco.core/0.7.4.201502262128/org.jacoco.core-0.7.4.201502262128.jar
7f427a1da000-7f427a1f6000 r--s 0017c000 08:07 14011                      /media/anonymous/data/Android/android-studio/gradle/m2repository/com/android/tools/build/gradle-core/2.1.2/gradle-core-2.1.2.jar
7f427a1f6000-7f427a1f8000 r--s 0000c000 08:07 14016                      /media/anonymous/data/Android/android-studio/gradle/m2repository/com/android/tools/build/gradle/2.1.2/gradle-2.1.2.jar
7f427a1f8000-7f427a202000 r--s 00253000 08:05 1713580                    /usr/lib/jvm/java-7-oracle/jre/lib/resources.jar
7f427a202000-7f427a205000 ---p 00000000 00:00 0 
7f427a205000-7f427a303000 rw-p 00000000 00:00 0 
7f427a303000-7f427a306000 ---p 00000000 00:00 0 
7f427a306000-7f427a33c000 rw-p 00000000 00:00 0 
7f427a33c000-7f427a33d000 r--p 00000000 00:00 0 
7f427a33d000-7f427a3a8000 r--s 00e21000 08:05 1601163                    /usr/lib/jvm/java-7-oracle/lib/tools.jar
7f427a3a8000-7f427a3ab000 ---p 00000000 00:00 0 
7f427a3ab000-7f427a4a9000 rw-p 00000000 00:00 0 
7f427a4a9000-7f427a4b0000 r--s 00000000 08:05 1091058                    /usr/lib/x86_64-linux-gnu/gconv/gconv-modules.cache
7f427a4b0000-7f427a4b3000 ---p 00000000 00:00 0 
7f427a4b3000-7f427a5b1000 rw-p 00000000 00:00 0 
7f427a5b1000-7f427a5b4000 ---p 00000000 00:00 0 
7f427a5b4000-7f427a6b2000 rw-p 00000000 00:00 0 
7f427a6b2000-7f427a6b5000 ---p 00000000 00:00 0 
7f427a6b5000-7f427a7b3000 rw-p 00000000 00:00 0 
7f427a7b3000-7f427a7b6000 ---p 00000000 00:00 0 
7f427a7b6000-7f427a8b4000 rw-p 00000000 00:00 0 
7f427a8b4000-7f427a8b7000 ---p 00000000 00:00 0 
7f427a8b7000-7f427a9b5000 rw-p 00000000 00:00 0 
7f427a9b5000-7f427a9b9000 r--s 0008b000 08:05 1719553                    /usr/lib/jvm/java-7-oracle/jre/lib/jsse.jar
7f427a9b9000-7f427a9bb000 r--s 00005000 08:05 746973                     /home/anonymous/.gradle/wrapper/dists/gradle-2.10-all/a4w5fzrkeut1ox71xslb49gst/gradle-2.10/lib/plugins/gradle-tooling-api-builders-2.10.jar
7f427a9bb000-7f427a9cb000 r--s 00088000 08:05 747677                     /home/anonymous/.gradle/wrapper/dists/gradle-2.10-all/a4w5fzrkeut1ox71xslb49gst/gradle-2.10/lib/plugins/joda-time-2.8.2.jar
7f427a9cb000-7f427a9dc000 r--s 000cf000 08:05 747676                     /home/anonymous/.gradle/wrapper/dists/gradle-2.10-all/a4w5fzrkeut1ox71xslb49gst/gradle-2.10/lib/plugins/jackson-databind-2.3.2.jar
7f427a9dc000-7f427a9de000 r--s 00007000 08:05 747675                     /home/anonymous/.gradle/wrapper/dists/gradle-2.10-all/a4w5fzrkeut1ox71xslb49gst/gradle-2.10/lib/plugins/jackson-annotations-2.3.2.jar
7f427a9de000-7f427a9e1000 r--s 0002e000 08:05 747674                     /home/anonymous/.gradle/wrapper/dists/gradle-2.10-all/a4w5fzrkeut1ox71xslb49gst/gradle-2.10/lib/plugins/jackson-core-2.3.2.jar
7f427a9e1000-7f427a9ec000 r--s 0006b000 08:05 747673                     /home/anonymous/.gradle/wrapper/dists/gradle-2.10-all/a4w5fzrkeut1ox71xslb49gst/gradle-2.10/lib/plugins/aws-java-sdk-core-1.9.19.jar
7f427a9ec000-7f427a9f2000 r--s 00036000 08:05 747672                     /home/anonymous/.gradle/wrapper/dists/gradle-2.10-all/a4w5fzrkeut1ox71xslb49gst/gradle-2.10/lib/plugins/aws-java-sdk-kms-1.9.19.jar
7f427a9f2000-7f427a9fd000 r--s 00079000 08:05 747671                     /home/anonymous/.gradle/wrapper/dists/gradle-2.10-all/a4w5fzrkeut1ox71xslb49gst/gradle-2.10/lib/plugins/aws-java-sdk-s3-1.9.19.jar
7f427a9fd000-7f427a9fe000 r--s 00003000 08:05 746972                     /home/anonymous/.gradle/wrapper/dists/gradle-2.10-all/a4w5fzrkeut1ox71xslb49gst/gradle-2.10/lib/plugins/gradle-resources-s3-2.10.jar
7f427a9fe000-7f427a9ff000 r--s 00004000 08:05 746971                     /home/anonymous/.gradle/wrapper/dists/gradle-2.10-all/a4w5fzrkeut1ox71xslb49gst/gradle-2.10/lib/plugins/gradle-resources-sftp-2.10.jar
7f427a9ff000-7f427aa00000 r--s 00001000 08:05 746968                     /home/anonymous/.gradle/wrapper/dists/gradle-2.10-all/a4w5fzrkeut1ox71xslb49gst/gradle-2.10/lib/plugins/gradle-plugin-development-2.10.jar
7f427aa00000-7f427aa02000 r--s 00005000 08:05 746967                     /home/anonymous/.gradle/wrapper/dists/gradle-2.10-all/a4w5fzrkeut1ox71xslb49gst/gradle-2.10/lib/plugins/gradle-testing-native-2.10.jar
7f427aa02000-7f427aa07000 r--s 0002b000 08:05 746966                     /home/anonymous/.gradle/wrapper/dists/gradle-2.10-all/a4w5fzrkeut1ox71xslb49gst/gradle-2.10/lib/plugins/gradle-ide-native-2.10.jar
7f427aa07000-7f427aa0c000 r--s 0001a000 08:05 746965                     /home/anonymous/.gradle/wrapper/dists/gradle-2.10-all/a4w5fzrkeut1ox71xslb49gst/gradle-2.10/lib/plugins/gradle-language-native-2.10.jar
7f427aa0c000-7f427aa11000 r--s 00028000 08:05 746964                     /home/anonymous/.gradle/wrapper/dists/gradle-2.10-all/a4w5fzrkeut1ox71xslb49gst/gradle-2.10/lib/plugins/gradle-platform-play-2.10.jar
7f427aa11000-7f427aa1e000 r--s 0004f000 08:05 746963                     /home/anonymous/.gradle/wrapper/dists/gradle-2.10-all/a4w5fzrkeut1ox71xslb49gst/gradle-2.10/lib/plugins/gradle-platform-native-2.10.jar
7f427aa1e000-7f427aa21000 r--s 00008000 08:05 746962                     /home/anonymous/.gradle/wrapper/dists/gradle-2.10-all/a4w5fzrkeut1ox71xslb49gst/gradle-2.10/lib/plugins/gradle-language-scala-2.10.jar
7f427aa21000-7f427aa23000 r--s 00009000 08:05 746961                     /home/anonymous/.gradle/wrapper/dists/gradle-2.10-all/a4w5fzrkeut1ox71xslb49gst/gradle-2.10/lib/plugins/gradle-language-groovy-2.10.jar
7f427aa23000-7f427aa29000 r--s 00023000 08:05 746960                     /home/anonymous/.gradle/wrapper/dists/gradle-2.10-all/a4w5fzrkeut1ox71xslb49gst/gradle-2.10/lib/plugins/gradle-language-java-2.10.jar
7f427aa29000-7f427aa2b000 r--s 00008000 08:05 746959                     /home/anonymous/.gradle/wrapper/dists/gradle-2.10-all/a4w5fzrkeut1ox71xslb49gst/gradle-2.10/lib/plugins/gradle-language-jvm-2.10.jar
7f427aa2b000-7f427aa2e000 r--s 00015000 08:05 746958                     /home/anonymous/.gradle/wrapper/dists/gradle-2.10-all/a4w5fzrkeut1ox71xslb49gst/gradle-2.10/lib/plugins/gradle-platform-jvm-2.10.jar
7f427aa2e000-7f427aa36000 r--s 0002b000 08:05 746957                     /home/anonymous/.gradle/wrapper/dists/gradle-2.10-all/a4w5fzrkeut1ox71xslb49gst/gradle-2.10/lib/plugins/gradle-platform-base-2.10.jar
7f427aa36000-7f427aa3a000 r--s 00020000 08:05 746956                     /home/anonymous/.gradle/wrapper/dists/gradle-2.10-all/a4w5fzrkeut1ox71xslb49gst/gradle-2.10/lib/plugins/gradle-build-init-2.10.jar
7f427aa3a000-7f427aa3d000 r--s 00017000 08:05 746955                     /home/anonymous/.gradle/wrapper/dists/gradle-2.10-all/a4w5fzrkeut1ox71xslb49gst/gradle-2.10/lib/plugins/gradle-jacoco-2.10.jar
7f427aa3d000-7f427aa40000 r--s 0000e000 08:05 746954                     /home/anonymous/.gradle/wrapper/dists/gradle-2.10-all/a4w5fzrkeut1ox71xslb49gst/gradle-2.10/lib/plugins/gradle-ivy-2.10.jar
7f427aa40000-7f427aa42000 r--s 00002000 08:05 746953                     /home/anonymous/.gradle/wrapper/dists/gradle-2.10-all/a4w5fzrkeut1ox71xslb49gst/gradle-2.10/lib/plugins/gradle-publish-2.10.jar
7f427aa42000-7f427aa44000 r--s 00005000 08:05 747667                     /home/anonymous/.gradle/wrapper/dists/gradle-2.10-all/a4w5fzrkeut1ox71xslb49gst/gradle-2.10/lib/plugins/jatl-0.2.2.jar
7f427aa44000-7f427aa46000 r--s 0000f000 08:05 746952                     /home/anonymous/.gradle/wrapper/dists/gradle-2.10-all/a4w5fzrkeut1ox71xslb49gst/gradle-2.10/lib/plugins/gradle-reporting-2.10.jar
7f427aa46000-7f427aa4c000 r--s 00036000 08:05 746951                     /home/anonymous/.gradle/wrapper/dists/gradle-2.10-all/a4w5fzrkeut1ox71xslb49gst/gradle-2.10/lib/plugins/gradle-diagnostics-2.10.jar
7f427aa4c000-7f427aa53000 r--s 0008f000 08:05 746950                     /home/anonymous/.gradle/wrapper/dists/gradle-2.10-all/a4w5fzrkeut1ox71xslb49gst/gradle-2.10/lib/plugins/gradle-build-comparison-2.10.jar
7f427aa53000-7f427aa5a000 r--s 00035000 08:05 747666                     /home/anonymous/.gradle/wrapper/dists/gradle-2.10-all/a4w5fzrkeut1ox71xslb49gst/gradle-2.10/lib/plugins/simple-4.1.21.jar
7f427aa5a000-7f427aa66000 r--s 00100000 08:05 747664                     /home/anonymous/.gradle/wrapper/dists/gradle-2.10-all/a4w5fzrkeut1ox71xslb49gst/gradle-2.10/lib/plugins/rhino-1.7R3.jar
7f427aa66000-7f427aa6a000 r--s 0001c000 08:05 746949                     /home/anonymous/.gradle/wrapper/dists/gradle-2.10-all/a4w5fzrkeut1ox71xslb49gst/gradle-2.10/lib/plugins/gradle-javascript-2.10.jar
7f427aa6a000-7f427aa6c000 r--s 0000b000 08:05 746948                     /home/anonymous/.gradle/wrapper/dists/gradle-2.10-all/a4w5fzrkeut1ox71xslb49gst/gradle-2.10/lib/plugins/gradle-ear-2.10.jar
7f427aa6c000-7f427aa73000 r--s 00038000 08:05 747663                     /home/anonymous/.gradle/wrapper/dists/gradle-2.10-all/a4w5fzrkeut1ox71xslb49gst/gradle-2.10/lib/plugins/bcpg-jdk15on-1.51.jar
7f427aa73000-7f427aa75000 r--s 00017000 08:05 746947                     /home/anonymous/.gradle/wrapper/dists/gradle-2.10-all/a4w5fzrkeut1ox71xslb49gst/gradle-2.10/lib/plugins/gradle-signing-2.10.jar
7f427aa75000-7f427aa76000 r--s 00002000 08:05 747662                     /home/anonymous/.gradle/wrapper/dists/gradle-2.10-all/a4w5fzrkeut1ox71xslb49gst/gradle-2.10/lib/plugins/sonar-batch-bootstrapper-2.9.jar
7f427aa76000-7f427aa79000 r--s 00015000 08:05 746946                     /home/anonymous/.gradle/wrapper/dists/gradle-2.10-all/a4w5fzrkeut1ox71xslb49gst/gradle-2.10/lib/plugins/gradle-sonar-2.10.jar
7f427aa79000-7f427aa7c000 r--s 00010000 08:05 746945                     /home/anonymous/.gradle/wrapper/dists/gradle-2.10-all/a4w5fzrkeut1ox71xslb49gst/gradle-2.10/lib/plugins/gradle-scala-2.10.jar
7f427aa7c000-7f427aa7e000 r--s 0000a000 08:05 746944                     /home/anonymous/.gradle/wrapper/dists/gradle-2.10-all/a4w5fzrkeut1ox71xslb49gst/gradle-2.10/lib/plugins/gradle-announce-2.10.jar
7f427aa7e000-7f427aa8d000 r--s 0009f000 08:05 746943                     /home/anonymous/.gradle/wrapper/dists/gradle-2.10-all/a4w5fzrkeut1ox71xslb49gst/gradle-2.10/lib/plugins/gradle-ide-2.10.jar
7f427aa8d000-7f427aa90000 r--s 0000c000 08:05 747661                     /home/anonymous/.gradle/wrapper/dists/gradle-2.10-all/a4w5fzrkeut1ox71xslb49gst/gradle-2.10/lib/plugins/pmaven-groovy-0.8-20100325.jar
7f427aa90000-7f427aa91000 r--s 00004000 08:05 747660                     /home/anonymous/.gradle/wrapper/dists/gradle-2.10-all/a4w5fzrkeut1ox71xslb49gst/gradle-2.10/lib/plugins/pmaven-common-0.8-20100325.jar
7f427aa91000-7f427aa97000 r--s 00022000 08:05 746942                     /home/anonymous/.gradle/wrapper/dists/gradle-2.10-all/a4w5fzrkeut1ox71xslb49gst/gradle-2.10/lib/plugins/gradle-maven-2.10.jar
7f427aa97000-7f427aab8000 r--s 001c3000 08:05 747658                     /home/anonymous/.gradle/wrapper/dists/gradle-2.10-all/a4w5fzrkeut1ox71xslb49gst/gradle-2.10/lib/plugins/bndlib-2.4.0.jar
7f427aab8000-7f427aaba000 r--s 00004000 08:05 746941                     /home/anonymous/.gradle/wrapper/dists/gradle-2.10-all/a4w5fzrkeut1ox71xslb49gst/gradle-2.10/lib/plugins/gradle-osgi-2.10.jar
7f427aaba000-7f427aabc000 r--s 00008000 08:05 746940                     /home/anonymous/.gradle/wrapper/dists/gradle-2.10-all/a4w5fzrkeut1ox71xslb49gst/gradle-2.10/lib/plugins/gradle-antlr-2.10.jar
7f427aabc000-7f427aabf000 r--s 0001e000 08:05 747686                     /home/anonymous/.gradle/wrapper/dists/gradle-2.10-all/a4w5fzrkeut1ox71xslb49gst/gradle-2.10/lib/plugins/jsp-api-2.1-6.1.14.jar
7f427aabf000-7f427aae2000 r--s 00344000 08:05 747685                     /home/anonymous/.gradle/wrapper/dists/gradle-2.10-all/a4w5fzrkeut1ox71xslb49gst/gradle-2.10/lib/plugins/core-3.1.1.jar
7f427aae2000-7f427aae3000 r--s 00006000 08:05 747684                     /home/anonymous/.gradle/wrapper/dists/gradle-2.10-all/a4w5fzrkeut1ox71xslb49gst/gradle-2.10/lib/plugins/jetty-naming-6.1.25.jar
7f427aae3000-7f427aae4000 r--s 00002000 08:05 747657                     /home/anonymous/.gradle/wrapper/dists/gradle-2.10-all/a4w5fzrkeut1ox71xslb49gst/gradle-2.10/lib/plugins/geronimo-annotation_1.0_spec-1.0.jar
7f427aae4000-7f427aae6000 r--s 00002000 08:05 747656                     /home/anonymous/.gradle/wrapper/dists/gradle-2.10-all/a4w5fzrkeut1ox71xslb49gst/gradle-2.10/lib/plugins/jetty-annotations-6.1.25.jar
7f427aae6000-7f427aaf7000 r--s 000ea000 08:05 747653                     /home/anonymous/.gradle/wrapper/dists/gradle-2.10-all/a4w5fzrkeut1ox71xslb49gst/gradle-2.10/lib/plugins/jsp-2.1-6.1.14.jar
7f427aaf7000-7f427aaf9000 r--s 0000d000 08:05 747651                     /home/anonymous/.gradle/wrapper/dists/gradle-2.10-all/a4w5fzrkeut1ox71xslb49gst/gradle-2.10/lib/plugins/jetty-plus-6.1.25.jar
7f427aaf9000-7f427aafb000 r--s 0001f000 08:05 746997                     /home/anonymous/.gradle/wrapper/dists/gradle-2.10-all/a4w5fzrkeut1ox71xslb49gst/gradle-2.10/lib/plugins/servlet-api-2.5-20081211.jar
7f427aafb000-7f427aaff000 r--s 00028000 08:05 746980                     /home/anonymous/.gradle/wrapper/dists/gradle-2.10-all/a4w5fzrkeut1ox71xslb49gst/gradle-2.10/lib/plugins/jetty-util-6.1.25.jar
7f427aaff000-7f427ab06000 r--s 0007d000 08:05 746979                     /home/anonymous/.gradle/wrapper/dists/gradle-2.10-all/a4w5fzrkeut1ox71xslb49gst/gradle-2.10/lib/plugins/jetty-6.1.25.jar
7f427ab06000-7f427ab08000 r--s 00009000 08:05 746939                     /home/anonymous/.gradle/wrapper/dists/gradle-2.10-all/a4w5fzrkeut1ox71xslb49gst/gradle-2.10/lib/plugins/gradle-jetty-2.10.jar
7f427ab08000-7f427ab0e000 r--s 00037000 08:05 746938                     /home/anonymous/.gradle/wrapper/dists/gradle-2.10-all/a4w5fzrkeut1ox71xslb49gst/gradle-2.10/lib/plugins/gradle-code-quality-2.10.jar
7f427ab0e000-7f427ab10000 r--s 00009000 08:05 747716                     /home/anonymous/.gradle/wrapper/dists/gradle-2.10-all/a4w5fzrkeut1ox71xslb49gst/gradle-2.10/lib/plugins/hamcrest-core-1.3.jar
7f427ab10000-7f427ab16000 r--s 00033000 08:05 747683                     /home/anonymous/.gradle/wrapper/dists/gradle-2.10-all/a4w5fzrkeut1ox71xslb49gst/gradle-2.10/lib/plugins/snakeyaml-1.6.jar
7f427ab16000-7f427ab18000 r--s 00006000 08:05 747682                     /home/anonymous/.gradle/wrapper/dists/gradle-2.10-all/a4w5fzrkeut1ox71xslb49gst/gradle-2.10/lib/plugins/jcommander-1.12.jar
7f427ab18000-7f427ab1d000 r--s 00040000 08:05 747681                     /home/anonymous/.gradle/wrapper/dists/gradle-2.10-all/a4w5fzrkeut1ox71xslb49gst/gradle-2.10/lib/plugins/bsh-2.0b4.jar
7f427ab1d000-7f427ab1f000 r--s 00009000 08:05 746978                     /home/anonymous/.gradle/wrapper/dists/gradle-2.10-all/a4w5fzrkeut1ox71xslb49gst/gradle-2.10/lib/plugins/commons-cli-1.2.jar
7f427ab1f000-7f427ab28000 r--s 00089000 08:05 746977                     /home/anonymous/.gradle/wrapper/dists/gradle-2.10-all/a4w5fzrkeut1ox71xslb49gst/gradle-2.10/lib/plugins/testng-6.3.1.jar
7f427ab28000-7f427ab30000 r--s 00045000 08:05 746976                     /home/anonymous/.gradle/wrapper/dists/gradle-2.10-all/a4w5fzrkeut1ox71xslb49gst/gradle-2.10/lib/plugins/junit-4.12.jar
7f427ab30000-7f427ab3d000 r--s 00073000 08:05 746937                     /home/anonymous/.gradle/wrapper/dists/gradle-2.10-all/a4w5fzrkeut1ox71xslb49gst/gradle-2.10/lib/plugins/gradle-plugins-2.10.jar
7f427ab3d000-7f427ab55000 r--s 00115000 08:05 747714                     /home/anonymous/.gradle/wrapper/dists/gradle-2.10-all/a4w5fzrkeut1ox71xslb49gst/gradle-2.10/lib/plugins/xercesImpl-2.9.1.jar
7f427ab55000-7f427ab5d000 r--s 00028000 08:05 747715                     /home/anonymous/.gradle/wrapper/dists/gradle-2.10-all/a4w5fzrkeut1ox71xslb49gst/gradle-2.10/lib/plugins/xml-apis-1.3.04.jar
7f427ab5d000-7f427ab63000 r--s 0005b000 08:05 747713                     /home/anonymous/.gradle/wrapper/dists/gradle-2.10-all/a4w5fzrkeut1ox71xslb49gst/gradle-2.10/lib/plugins/jcifs-1.3.17.jar
7f427ab63000-7f427ab69000 r--s 00031000 08:05 747712                     /home/anonymous/.gradle/wrapper/dists/gradle-2.10-all/a4w5fzrkeut1ox71xslb49gst/gradle-2.10/lib/plugins/httpcore-4.2.2.jar
7f427ab69000-7f427ab6f000 r--s 00033000 08:05 747711                     /home/anonymous/.gradle/wrapper/dists/gradle-2.10-all/a4w5fzrkeut1ox71xslb49gst/gradle-2.10/lib/plugins/commons-codec-1.6.jar
7f427ab6f000-7f427ab72000 r--s 0001c000 08:05 747669                     /home/anonymous/.gradle/wrapper/dists/gradle-2.10-all/a4w5fzrkeut1ox71xslb49gst/gradle-2.10/lib/plugins/nekohtml-1.9.14.jar
7f427ab72000-7f427ab7b000 r--s 00060000 08:05 747668                     /home/anonymous/.gradle/wrapper/dists/gradle-2.10-all/a4w5fzrkeut1ox71xslb49gst/gradle-2.10/lib/plugins/httpclient-4.2.2.jar
7f427ab7b000-7f427ab7d000 r--s 00009000 08:05 746970                     /home/anonymous/.gradle/wrapper/dists/gradle-2.10-all/a4w5fzrkeut1ox71xslb49gst/gradle-2.10/lib/plugins/gradle-resources-http-2.10.jar
7f427ab7d000-7f427ab80000 r--s 00011000 08:05 746969                     /home/anonymous/.gradle/wrapper/dists/gradle-2.10-all/a4w5fzrkeut1ox71xslb49gst/gradle-2.10/lib/plugins/gradle-plugin-use-2.10.jar
7f427ab80000-7f427ab81000 r--s 00007000 08:05 747710                     /home/anonymous/.gradle/wrapper/dists/gradle-2.10-all/a4w5fzrkeut1ox71xslb49gst/gradle-2.10/lib/plugins/wagon-http-shared4-2.4.jar
7f427ab81000-7f427ab85000 r--s 00033000 08:05 747709                     /home/anonymous/.gradle/wrapper/dists/gradle-2.10-all/a4w5fzrkeut1ox71xslb49gst/gradle-2.10/lib/plugins/plexus-utils-2.0.6.jar
7f427ab85000-7f427ab89000 r--s 00021000 08:05 747708                     /home/anonymous/.gradle/wrapper/dists/gradle-2.10-all/a4w5fzrkeut1ox71xslb49gst/gradle-2.10/lib/plugins/maven-model-builder-3.0.4.jar
7f427ab89000-7f427ab8a000 r--s 00002000 08:05 747707                     /home/anonymous/.gradle/wrapper/dists/gradle-2.10-all/a4w5fzrkeut1ox71xslb49gst/gradle-2.10/lib/plugins/wagon-file-2.4.jar
7f427ab8a000-7f427ab8c000 r--s 00002000 08:05 747706                     /home/anonymous/.gradle/wrapper/dists/gradle-2.10-all/a4w5fzrkeut1ox71xslb49gst/gradle-2.10/lib/plugins/plexus-cipher-1.7.jar
7f427ab8c000-7f427ab8f000 r--s 00013000 08:05 747705                     /home/anonymous/.gradle/wrapper/dists/gradle-2.10-all/a4w5fzrkeut1ox71xslb49gst/gradle-2.10/lib/plugins/aether-api-1.13.1.jar
7f427ab8f000-7f427ab91000 r--s 0000a000 08:05 747704                     /home/anonymous/.gradle/wrapper/dists/gradle-2.10-all/a4w5fzrkeut1ox71xslb49gst/gradle-2.10/lib/plugins/maven-settings-3.0.4.jar
7f427ab91000-7f427ab93000 r--s 0000d000 08:05 747703                     /home/anonymous/.gradle/wrapper/dists/gradle-2.10-all/a4w5fzrkeut1ox71xslb49gst/gradle-2.10/lib/plugins/plexus-interpolation-1.14.jar
7f427ab93000-7f427ab95000 r--s 0000b000 08:05 747702                     /home/anonymous/.gradle/wrapper/dists/gradle-2.10-all/a4w5fzrkeut1ox71xslb49gst/gradle-2.10/lib/plugins/maven-artifact-3.0.4.jar
7f427ab95000-7f427ab9c000 r--s 0002e000 08:05 747701                     /home/anonymous/.gradle/wrapper/dists/gradle-2.10-all/a4w5fzrkeut1ox71xslb49gst/gradle-2.10/lib/plugins/plexus-container-default-1.5.5.jar
7f427ab9c000-7f427ab9e000 r--s 0000b000 08:05 747700                     /home/anonymous/.gradle/wrapper/dists/gradle-2.10-all/a4w5fzrkeut1ox71xslb49gst/gradle-2.10/lib/plugins/maven-plugin-api-3.0.4.jar
7f427ab9e000-7f427aba0000 r--s 00000000 08:05 747717                     /home/anonymous/.gradle/wrapper/dists/gradle-2.10-all/a4w5fzrkeut1ox71xslb49gst/gradle-2.10/lib/plugins/plexus-component-annotations-1.5.5.jar
7f427aba0000-7f427aba6000 r--s 0003f000 08:05 747699                     /home/anonymous/.gradle/wrapper/dists/gradle-2.10-all/a4w5fzrkeut1ox71xslb49gst/gradle-2.10/lib/plugins/maven-compat-3.0.4.jar
7f427aba6000-7f427aba9000 r--s 00008000 08:05 747698                     /home/anonymous/.gradle/wrapper/dists/gradle-2.10-all/a4w5fzrkeut1ox71xslb49gst/gradle-2.10/lib/plugins/maven-settings-builder-3.0.4.jar
7f427aba9000-7f427abaa000 r--s 00002000 08:05 747697                     /home/anonymous/.gradle/wrapper/dists/gradle-2.10-all/a4w5fzrkeut1ox71xslb49gst/gradle-2.10/lib/plugins/wagon-http-2.4.jar
7f427abaa000-7f427abac000 r--s 00026000 08:05 747696                     /home/anonymous/.gradle/wrapper/dists/gradle-2.10-all/a4w5fzrkeut1ox71xslb49gst/gradle-2.10/lib/plugins/maven-model-3.0.4.jar
7f427abac000-7f427abae000 r--s 00006000 08:05 747695                     /home/anonymous/.gradle/wrapper/dists/gradle-2.10-all/a4w5fzrkeut1ox71xslb49gst/gradle-2.10/lib/plugins/aether-connector-wagon-1.13.1.jar
7f427abae000-7f427abb0000 r--s 0000a000 08:05 747694                     /home/anonymous/.gradle/wrapper/dists/gradle-2.10-all/a4w5fzrkeut1ox71xslb49gst/gradle-2.10/lib/plugins/plexus-classworlds-2.4.jar
7f427abb0000-7f427abb2000 r--s 00006000 08:05 747693                     /home/anonymous/.gradle/wrapper/dists/gradle-2.10-all/a4w5fzrkeut1ox71xslb49gst/gradle-2.10/lib/plugins/maven-repository-metadata-3.0.4.jar
7f427abb2000-7f427abb4000 r--s 0000c000 08:05 747692                     /home/anonymous/.gradle/wrapper/dists/gradle-2.10-all/a4w5fzrkeut1ox71xslb49gst/gradle-2.10/lib/plugins/maven-aether-provider-3.0.4.jar
7f427abb4000-7f427abb6000 r--s 0000b000 08:05 747691                     /home/anonymous/.gradle/wrapper/dists/gradle-2.10-all/a4w5fzrkeut1ox71xslb49gst/gradle-2.10/lib/plugins/wagon-provider-api-2.4.jar
7f427abb6000-7f427abb7000 r--s 00003000 08:05 747690                     /home/anonymous/.gradle/wrapper/dists/gradle-2.10-all/a4w5fzrkeut1ox71xslb49gst/gradle-2.10/lib/plugins/aether-spi-1.13.1.jar
7f427abb7000-7f427abbb000 r--s 0001c000 08:05 747689                     /home/anonymous/.gradle/wrapper/dists/gradle-2.10-all/a4w5fzrkeut1ox71xslb49gst/gradle-2.10/lib/plugins/aether-util-1.13.1.jar
7f427abbb000-7f427abbe000 r--s 0001d000 08:05 747688                     /home/anonymous/.gradle/wrapper/dists/gradle-2.10-all/a4w5fzrkeut1ox71xslb49gst/gradle-2.10/lib/plugins/aether-impl-1.13.1.jar
7f427abbe000-7f427abbf000 r--s 00006000 08:05 747687                     /home/anonymous/.gradle/wrapper/dists/gradle-2.10-all/a4w5fzrkeut1ox71xslb49gst/gradle-2.10/lib/plugins/plexus-sec-dispatcher-1.3.jar
7f427abbf000-7f427abff000 r--s 00277000 08:05 747680                     /home/anonymous/.gradle/wrapper/dists/gradle-2.10-all/a4w5fzrkeut1ox71xslb49gst/gradle-2.10/lib/plugins/bcprov-jdk15on-1.51.jar
7f427abff000-7f427ac0b000 r--s 0007d000 08:05 747659                     /home/anonymous/.gradle/wrapper/dists/gradle-2.10-all/a4w5fzrkeut1ox71xslb49gst/gradle-2.10/lib/plugins/maven-core-3.0.4.jar
7f427ac0b000-7f427ac1a000 r--s 000d9000 08:05 747678                     /home/anonymous/.gradle/wrapper/dists/gradle-2.10-all/a4w5fzrkeut1ox71xslb49gst/gradle-2.10/lib/plugins/ivy-2.2.0.jar
7f427ac1a000-7f427ac30000 r-xp 00000000 08:05 925593                     /lib/x86_64-linux-gnu/libgcc_s.so.1
7f427ac30000-7f427ae2f000 ---p 00016000 08:05 925593                     /lib/x86_64-linux-gnu/libgcc_s.so.1
7f427ae2f000-7f427ae30000 rw-p 00015000 08:05 925593                     /lib/x86_64-linux-gnu/libgcc_s.so.1
7f427ae30000-7f427afa2000 r-xp 00000000 08:05 655452                     /usr/lib/x86_64-linux-gnu/libstdc++.so.6.0.21
7f427afa2000-7f427b1a2000 ---p 00172000 08:05 655452                     /usr/lib/x86_64-linux-gnu/libstdc++.so.6.0.21
7f427b1a2000-7f427b1ac000 r--p 00172000 08:05 655452                     /usr/lib/x86_64-linux-gnu/libstdc++.so.6.0.21
7f427b1ac000-7f427b1ae000 rw-p 0017c000 08:05 655452                     /usr/lib/x86_64-linux-gnu/libstdc++.so.6.0.21
7f427b1ae000-7f427b1b2000 rw-p 00000000 00:00 0 
7f427b1b2000-7f427b1b7000 r--s 00040000 08:05 747670                     /home/anonymous/.gradle/wrapper/dists/gradle-2.10-all/a4w5fzrkeut1ox71xslb49gst/gradle-2.10/lib/plugins/jsch-0.1.53.jar
7f427b1b7000-7f427b1bb000 r--s 0001d000 08:05 747679                     /home/anonymous/.gradle/wrapper/dists/gradle-2.10-all/a4w5fzrkeut1ox71xslb49gst/gradle-2.10/lib/plugins/xbean-reflect-3.4.jar
7f427b1bb000-7f427b1c0000 r--s 0002a000 08:05 747665                     /home/anonymous/.gradle/wrapper/dists/gradle-2.10-all/a4w5fzrkeut1ox71xslb49gst/gradle-2.10/lib/plugins/gson-2.2.4.jar
7f427b1c0000-7f427b1dc000 r--s 000c9000 08:05 746974                     /home/anonymous/.gradle/wrapper/dists/gradle-2.10-all/a4w5fzrkeut1ox71xslb49gst/gradle-2.10/lib/plugins/gradle-dependency-management-2.10.jar
7f427b1dc000-7f427b1e0000 r-xp 00000000 08:05 700748                     /home/anonymous/.gradle/native/19/linux-amd64/libnative-platform.so
7f427b1e0000-7f427b3df000 ---p 00004000 08:05 700748                     /home/anonymous/.gradle/native/19/linux-amd64/libnative-platform.so
7f427b3df000-7f427b3e0000 rw-p 00003000 08:05 700748                     /home/anonymous/.gradle/native/19/linux-amd64/libnative-platform.so
7f427b3e0000-7f427b3f0000 r-xp 00000000 08:05 1713426                    /usr/lib/jvm/java-7-oracle/jre/lib/amd64/libnio.so
7f427b3f0000-7f427b5f0000 ---p 00010000 08:05 1713426                    /usr/lib/jvm/java-7-oracle/jre/lib/amd64/libnio.so
7f427b5f0000-7f427b5f1000 rw-p 00010000 08:05 1713426                    /usr/lib/jvm/java-7-oracle/jre/lib/amd64/libnio.so
7f427b5f1000-7f427b8f2000 rw-p 00000000 00:00 0 
7f427b8f2000-7f427b909000 r-xp 00000000 08:05 1713494                    /usr/lib/jvm/java-7-oracle/jre/lib/amd64/libnet.so
7f427b909000-7f427bb08000 ---p 00017000 08:05 1713494                    /usr/lib/jvm/java-7-oracle/jre/lib/amd64/libnet.so
7f427bb08000-7f427bb09000 rw-p 00016000 08:05 1713494                    /usr/lib/jvm/java-7-oracle/jre/lib/amd64/libnet.so
7f427bb09000-7f427bb0a000 r--s 00006000 08:05 746891                     /home/anonymous/.gradle/wrapper/dists/gradle-2.10-all/a4w5fzrkeut1ox71xslb49gst/gradle-2.10/lib/gradle-wrapper-2.10.jar
7f427bb0a000-7f427bb15000 r--s 0003b000 08:05 746896                     /home/anonymous/.gradle/wrapper/dists/gradle-2.10-all/a4w5fzrkeut1ox71xslb49gst/gradle-2.10/lib/gradle-tooling-api-2.10.jar
7f427bb15000-7f427bb17000 r--s 00002000 08:05 746918                     /home/anonymous/.gradle/wrapper/dists/gradle-2.10-all/a4w5fzrkeut1ox71xslb49gst/gradle-2.10/lib/gradle-open-api-2.10.jar
7f427bb17000-7f427bb1d000 r--s 00032000 08:05 746920                     /home/anonymous/.gradle/wrapper/dists/gradle-2.10-all/a4w5fzrkeut1ox71xslb49gst/gradle-2.10/lib/jaxen-1.1.jar
7f427bb1d000-7f427bb22000 r--s 00048000 08:05 746919                     /home/anonymous/.gradle/wrapper/dists/gradle-2.10-all/a4w5fzrkeut1ox71xslb49gst/gradle-2.10/lib/dom4j-1.6.1.jar
7f427bb22000-7f427bb2d000 r--s 00059000 08:05 746895                     /home/anonymous/.gradle/wrapper/dists/gradle-2.10-all/a4w5fzrkeut1ox71xslb49gst/gradle-2.10/lib/gradle-ui-2.10.jar
7f427bb2d000-7f427bb30000 r--s 00008000 08:05 746914                     /home/anonymous/.gradle/wrapper/dists/gradle-2.10-all/a4w5fzrkeut1ox71xslb49gst/gradle-2.10/lib/gradle-resources-2.10.jar
7f427bb30000-7f427bb32000 r--s 00007000 08:05 746936                     /home/anonymous/.gradle/wrapper/dists/gradle-2.10-all/a4w5fzrkeut1ox71xslb49gst/gradle-2.10/lib/objenesis-1.2.jar
7f427bb32000-7f427bb34000 r--s 00000000 08:05 746935                     /home/anonymous/.gradle/wrapper/dists/gradle-2.10-all/a4w5fzrkeut1ox71xslb49gst/gradle-2.10/lib/minlog-1.2.jar
7f427bb34000-7f427bb36000 r--s 0000f000 08:05 746934                     /home/anonymous/.gradle/wrapper/dists/gradle-2.10-all/a4w5fzrkeut1ox71xslb49gst/gradle-2.10/lib/reflectasm-1.07-shaded.jar
7f427bb36000-7f427bb3a000 r--s 00026000 08:05 746925                     /home/anonymous/.gradle/wrapper/dists/gradle-2.10-all/a4w5fzrkeut1ox71xslb49gst/gradle-2.10/lib/kryo-2.20.jar
7f427bb3a000-7f427bb43000 r--s 0003f000 08:05 746913                     /home/anonymous/.gradle/wrapper/dists/gradle-2.10-all/a4w5fzrkeut1ox71xslb49gst/gradle-2.10/lib/gradle-messaging-2.10.jar
7f427bb43000-7f427bb44000 r--s 00003000 08:05 746933                     /home/anonymous/.gradle/wrapper/dists/gradle-2.10-all/a4w5fzrkeut1ox71xslb49gst/gradle-2.10/lib/native-platform-freebsd-amd64-0.10.jar
7f427bb44000-7f427bb45000 r--s 00003000 08:05 746932                     /home/anonymous/.gradle/wrapper/dists/gradle-2.10-all/a4w5fzrkeut1ox71xslb49gst/gradle-2.10/lib/native-platform-freebsd-i386-0.10.jar
7f427bb45000-7f427bb46000 r--s 00005000 08:05 746931                     /home/anonymous/.gradle/wrapper/dists/gradle-2.10-all/a4w5fzrkeut1ox71xslb49gst/gradle-2.10/lib/native-platform-windows-i386-0.10.jar
7f427bb46000-7f427bbb5000 r--s 0063e000 08:05 746901                     /home/anonymous/.gradle/wrapper/dists/gradle-2.10-all/a4w5fzrkeut1ox71xslb49gst/gradle-2.10/lib/groovy-all-2.4.4.jar
7f427bbb5000-7f427bbdd000 r--s 001cf000 08:05 746899                     /home/anonymous/.gradle/wrapper/dists/gradle-2.10-all/a4w5fzrkeut1ox71xslb49gst/gradle-2.10/lib/guava-jdk5-17.0.jar
7f427bbdd000-7f427bbfc000 r--s 001cc000 08:05 746905                     /home/anonymous/.gradle/wrapper/dists/gradle-2.10-all/a4w5fzrkeut1ox71xslb49gst/gradle-2.10/lib/ant-1.9.3.jar
7f427bbfc000-7f427bbfd000 ---p 00000000 00:00 0 
7f427bbfd000-7f427bcfd000 rw-p 00000000 00:00 0 
7f427bcfd000-7f427bd00000 ---p 00000000 00:00 0 
7f427bd00000-7f427bdfe000 rw-p 00000000 00:00 0 
7f427bdfe000-7f427be01000 ---p 00000000 00:00 0 
7f427be01000-7f427beff000 rw-p 00000000 00:00 0 
7f427beff000-7f427bf02000 ---p 00000000 00:00 0 
7f427bf02000-7f427c000000 rw-p 00000000 00:00 0 
7f427c000000-7f427c053000 rw-p 00000000 00:00 0 
7f427c053000-7f4280000000 ---p 00000000 00:00 0 
7f4280000000-7f4280001000 r--s 00005000 08:05 746930                     /home/anonymous/.gradle/wrapper/dists/gradle-2.10-all/a4w5fzrkeut1ox71xslb49gst/gradle-2.10/lib/native-platform-windows-amd64-0.10.jar
7f4280001000-7f4280002000 r--s 00003000 08:05 746929                     /home/anonymous/.gradle/wrapper/dists/gradle-2.10-all/a4w5fzrkeut1ox71xslb49gst/gradle-2.10/lib/native-platform-linux-i386-0.10.jar
7f4280002000-7f4280003000 r--s 00003000 08:05 746928                     /home/anonymous/.gradle/wrapper/dists/gradle-2.10-all/a4w5fzrkeut1ox71xslb49gst/gradle-2.10/lib/native-platform-linux-amd64-0.10.jar
7f4280003000-7f4280004000 r--s 00002000 08:05 746927                     /home/anonymous/.gradle/wrapper/dists/gradle-2.10-all/a4w5fzrkeut1ox71xslb49gst/gradle-2.10/lib/native-platform-osx-amd64-0.10.jar
7f4280004000-7f4280006000 r--s 00008000 08:05 746923                     /home/anonymous/.gradle/wrapper/dists/gradle-2.10-all/a4w5fzrkeut1ox71xslb49gst/gradle-2.10/lib/jansi-1.2.1.jar
7f4280006000-7f4280009000 r--s 0000d000 08:05 746922                     /home/anonymous/.gradle/wrapper/dists/gradle-2.10-all/a4w5fzrkeut1ox71xslb49gst/gradle-2.10/lib/native-platform-0.10.jar
7f4280009000-7f428000d000 r--s 000e4000 08:05 746921                     /home/anonymous/.gradle/wrapper/dists/gradle-2.10-all/a4w5fzrkeut1ox71xslb49gst/gradle-2.10/lib/jna-3.2.7.jar
7f428000d000-7f428001a000 r--s 00073000 08:05 746902                     /home/anonymous/.gradle/wrapper/dists/gradle-2.10-all/a4w5fzrkeut1ox71xslb49gst/gradle-2.10/lib/gradle-model-core-2.10.jar
7f428001a000-7f428001d000 ---p 00000000 00:00 0 
7f428001d000-7f428011b000 rw-p 00000000 00:00 0 
7f428011b000-7f42803f4000 r--p 00000000 08:05 659510                     /usr/lib/locale/locale-archive
7f42803f4000-7f42803f7000 ---p 00000000 00:00 0 
7f42803f7000-7f42804f5000 rw-p 00000000 00:00 0 
7f42804f5000-7f42804f8000 ---p 00000000 00:00 0 
7f42804f8000-7f42805f6000 rw-p 00000000 00:00 0 
7f42805f6000-7f42805f7000 ---p 00000000 00:00 0 
7f42805f7000-7f4281000000 rw-p 00000000 00:00 0 
7f4281000000-7f4281850000 rwxp 00000000 00:00 0 
7f4281850000-7f4284ac9000 rw-p 00000000 00:00 0 
7f4284ac9000-7f4288000000 ---p 00000000 00:00 0 
7f4288000000-7f4288001000 r--s 00002000 08:05 746926                     /home/anonymous/.gradle/wrapper/dists/gradle-2.10-all/a4w5fzrkeut1ox71xslb49gst/gradle-2.10/lib/native-platform-osx-i386-0.10.jar
7f4288001000-7f4288003000 r--s 00008000 08:05 746897                     /home/anonymous/.gradle/wrapper/dists/gradle-2.10-all/a4w5fzrkeut1ox71xslb49gst/gradle-2.10/lib/gradle-native-2.10.jar
7f4288003000-7f4288005000 r--s 00005000 08:05 746894                     /home/anonymous/.gradle/wrapper/dists/gradle-2.10-all/a4w5fzrkeut1ox71xslb49gst/gradle-2.10/lib/gradle-cli-2.10.jar
7f4288005000-7f4288006000 r--s 00007000 08:05 746903                     /home/anonymous/.gradle/wrapper/dists/gradle-2.10-all/a4w5fzrkeut1ox71xslb49gst/gradle-2.10/lib/gradle-model-groovy-2.10.jar
7f4288006000-7f4288008000 r--s 00005000 08:05 746912                     /home/anonymous/.gradle/wrapper/dists/gradle-2.10-all/a4w5fzrkeut1ox71xslb49gst/gradle-2.10/lib/gradle-base-services-groovy-2.10.jar
7f4288008000-7f4288009000 r--s 00000000 08:05 746915                     /home/anonymous/.gradle/wrapper/dists/gradle-2.10-all/a4w5fzrkeut1ox71xslb49gst/gradle-2.10/lib/gradle-docs-2.10.jar
7f4288009000-7f428800b000 r--s 00003000 08:05 746917                     /home/anonymous/.gradle/wrapper/dists/gradle-2.10-all/a4w5fzrkeut1ox71xslb49gst/gradle-2.10/lib/jcl-over-slf4j-1.7.10.jar
7f428800b000-7f428800c000 r--s 00005000 08:05 746916                     /home/anonymous/.gradle/wrapper/dists/gradle-2.10-all/a4w5fzrkeut1ox71xslb49gst/gradle-2.10/lib/log4j-over-slf4j-1.7.10.jar
7f428800c000-7f428800d000 r--s 00000000 08:05 746911                     /home/anonymous/.gradle/wrapper/dists/gradle-2.10-all/a4w5fzrkeut1ox71xslb49gst/gradle-2.10/lib/javax.inject-1.jar
7f428800d000-7f4288010000 r--s 0001b000 08:05 746910                     /home/anonymous/.gradle/wrapper/dists/gradle-2.10-all/a4w5fzrkeut1ox71xslb49gst/gradle-2.10/lib/jarjar-1.3.jar
7f4288010000-7f4288014000 r--s 00027000 08:05 746907                     /home/anonymous/.gradle/wrapper/dists/gradle-2.10-all/a4w5fzrkeut1ox71xslb49gst/gradle-2.10/lib/commons-io-2.2.jar
7f4288014000-7f428804b000 r--s 001bc000 08:05 746893                     /home/anonymous/.gradle/wrapper/dists/gradle-2.10-all/a4w5fzrkeut1ox71xslb49gst/gradle-2.10/lib/gradle-core-2.10.jar
7f428804b000-7f4288741000 rw-p 00000000 00:00 0 
7f4288741000-7f4288901000 r--s 039fb000 08:05 1719593                    /usr/lib/jvm/java-7-oracle/jre/lib/rt.jar
7f4288901000-7f4288e4d000 rw-p 00000000 00:00 0 
7f4288e4d000-7f4288e4e000 ---p 00000000 00:00 0 
7f4288e4e000-7f4288f4e000 rw-p 00000000 00:00 0 
7f4288f4e000-7f4288f4f000 ---p 00000000 00:00 0 
7f4288f4f000-7f428904f000 rw-p 00000000 00:00 0 
7f428904f000-7f4289050000 ---p 00000000 00:00 0 
7f4289050000-7f4289150000 rw-p 00000000 00:00 0 
7f4289150000-7f4289151000 ---p 00000000 00:00 0 
7f4289151000-7f428927a000 rw-p 00000000 00:00 0 
7f428927a000-7f428931f000 rw-p 00000000 00:00 0 
7f428931f000-7f4289525000 rw-p 00000000 00:00 0 
7f4289525000-7f428954e000 rw-p 00000000 00:00 0 
7f428954e000-7f42895f3000 rw-p 00000000 00:00 0 
7f42895f3000-7f42897f8000 rw-p 00000000 00:00 0 
7f42897f8000-7f42898fd000 rw-p 00000000 00:00 0 
7f42898fd000-7f4289900000 ---p 00000000 00:00 0 
7f4289900000-7f428994e000 rw-p 00000000 00:00 0 
7f428994e000-7f428994f000 rw-p 00000000 00:00 0 
7f428994f000-7f4289966000 r-xp 00000000 08:05 1713484                    /usr/lib/jvm/java-7-oracle/jre/lib/amd64/libzip.so
7f4289966000-7f4289b66000 ---p 00017000 08:05 1713484                    /usr/lib/jvm/java-7-oracle/jre/lib/amd64/libzip.so
7f4289b66000-7f4289b67000 rw-p 00017000 08:05 1713484                    /usr/lib/jvm/java-7-oracle/jre/lib/amd64/libzip.so
7f4289b67000-7f4289b72000 r-xp 00000000 08:05 956258                     /lib/x86_64-linux-gnu/libnss_files-2.23.so
7f4289b72000-7f4289d71000 ---p 0000b000 08:05 956258                     /lib/x86_64-linux-gnu/libnss_files-2.23.so
7f4289d71000-7f4289d72000 r--p 0000a000 08:05 956258                     /lib/x86_64-linux-gnu/libnss_files-2.23.so
7f4289d72000-7f4289d73000 rw-p 0000b000 08:05 956258                     /lib/x86_64-linux-gnu/libnss_files-2.23.so
7f4289d73000-7f4289d79000 rw-p 00000000 00:00 0 
7f4289d79000-7f4289d84000 r-xp 00000000 08:05 937262                     /lib/x86_64-linux-gnu/libnss_nis-2.23.so
7f4289d84000-7f4289f83000 ---p 0000b000 08:05 937262                     /lib/x86_64-linux-gnu/libnss_nis-2.23.so
7f4289f83000-7f4289f84000 r--p 0000a000 08:05 937262                     /lib/x86_64-linux-gnu/libnss_nis-2.23.so
7f4289f84000-7f4289f85000 rw-p 0000b000 08:05 937262                     /lib/x86_64-linux-gnu/libnss_nis-2.23.so
7f4289f85000-7f4289f9b000 r-xp 00000000 08:05 937260                     /lib/x86_64-linux-gnu/libnsl-2.23.so
7f4289f9b000-7f428a19a000 ---p 00016000 08:05 937260                     /lib/x86_64-linux-gnu/libnsl-2.23.so
7f428a19a000-7f428a19b000 r--p 00015000 08:05 937260                     /lib/x86_64-linux-gnu/libnsl-2.23.so
7f428a19b000-7f428a19c000 rw-p 00016000 08:05 937260                     /lib/x86_64-linux-gnu/libnsl-2.23.so
7f428a19c000-7f428a19e000 rw-p 00000000 00:00 0 
7f428a19e000-7f428a1a6000 r-xp 00000000 08:05 922568                     /lib/x86_64-linux-gnu/libnss_compat-2.23.so
7f428a1a6000-7f428a3a5000 ---p 00008000 08:05 922568                     /lib/x86_64-linux-gnu/libnss_compat-2.23.so
7f428a3a5000-7f428a3a6000 r--p 00007000 08:05 922568                     /lib/x86_64-linux-gnu/libnss_compat-2.23.so
7f428a3a6000-7f428a3a7000 rw-p 00008000 08:05 922568                     /lib/x86_64-linux-gnu/libnss_compat-2.23.so
7f428a3a7000-7f428a3d0000 r-xp 00000000 08:05 1713416                    /usr/lib/jvm/java-7-oracle/jre/lib/amd64/libjava.so
7f428a3d0000-7f428a5d0000 ---p 00029000 08:05 1713416                    /usr/lib/jvm/java-7-oracle/jre/lib/amd64/libjava.so
7f428a5d0000-7f428a5d2000 rw-p 00029000 08:05 1713416                    /usr/lib/jvm/java-7-oracle/jre/lib/amd64/libjava.so
7f428a5d2000-7f428a5df000 r-xp 00000000 08:05 1713470                    /usr/lib/jvm/java-7-oracle/jre/lib/amd64/libverify.so
7f428a5df000-7f428a7de000 ---p 0000d000 08:05 1713470                    /usr/lib/jvm/java-7-oracle/jre/lib/amd64/libverify.so
7f428a7de000-7f428a7e0000 rw-p 0000c000 08:05 1713470                    /usr/lib/jvm/java-7-oracle/jre/lib/amd64/libverify.so
7f428a7e0000-7f428a7e7000 r-xp 00000000 08:05 956267                     /lib/x86_64-linux-gnu/librt-2.23.so
7f428a7e7000-7f428a9e6000 ---p 00007000 08:05 956267                     /lib/x86_64-linux-gnu/librt-2.23.so
7f428a9e6000-7f428a9e7000 r--p 00006000 08:05 956267                     /lib/x86_64-linux-gnu/librt-2.23.so
7f428a9e7000-7f428a9e8000 rw-p 00007000 08:05 956267                     /lib/x86_64-linux-gnu/librt-2.23.so
7f428a9e8000-7f428aaf0000 r-xp 00000000 08:05 956264                     /lib/x86_64-linux-gnu/libm-2.23.so
7f428aaf0000-7f428acef000 ---p 00108000 08:05 956264                     /lib/x86_64-linux-gnu/libm-2.23.so
7f428acef000-7f428acf0000 r--p 00107000 08:05 956264                     /lib/x86_64-linux-gnu/libm-2.23.so
7f428acf0000-7f428acf1000 rw-p 00108000 08:05 956264                     /lib/x86_64-linux-gnu/libm-2.23.so
7f428acf1000-7f428b867000 r-xp 00000000 08:05 1713524                    /usr/lib/jvm/java-7-oracle/jre/lib/amd64/server/libjvm.so
7f428b867000-7f428ba66000 ---p 00b76000 08:05 1713524                    /usr/lib/jvm/java-7-oracle/jre/lib/amd64/server/libjvm.so
7f428ba66000-7f428bb2a000 rw-p 00b75000 08:05 1713524                    /usr/lib/jvm/java-7-oracle/jre/lib/amd64/server/libjvm.so
7f428bb2a000-7f428bb6b000 rw-p 00000000 00:00 0 
7f428bb6b000-7f428bd2b000 r-xp 00000000 08:05 956272                     /lib/x86_64-linux-gnu/libc-2.23.so
7f428bd2b000-7f428bf2a000 ---p 001c0000 08:05 956272                     /lib/x86_64-linux-gnu/libc-2.23.so
7f428bf2a000-7f428bf2e000 r--p 001bf000 08:05 956272                     /lib/x86_64-linux-gnu/libc-2.23.so
7f428bf2e000-7f428bf30000 rw-p 001c3000 08:05 956272                     /lib/x86_64-linux-gnu/libc-2.23.so
7f428bf30000-7f428bf34000 rw-p 00000000 00:00 0 
7f428bf34000-7f428bf37000 r-xp 00000000 08:05 956273                     /lib/x86_64-linux-gnu/libdl-2.23.so
7f428bf37000-7f428c136000 ---p 00003000 08:05 956273                     /lib/x86_64-linux-gnu/libdl-2.23.so
7f428c136000-7f428c137000 r--p 00002000 08:05 956273                     /lib/x86_64-linux-gnu/libdl-2.23.so
7f428c137000-7f428c138000 rw-p 00003000 08:05 956273                     /lib/x86_64-linux-gnu/libdl-2.23.so
7f428c138000-7f428c14d000 r-xp 00000000 08:05 1601155                    /usr/lib/jvm/java-7-oracle/lib/amd64/jli/libjli.so
7f428c14d000-7f428c34c000 ---p 00015000 08:05 1601155                    /usr/lib/jvm/java-7-oracle/lib/amd64/jli/libjli.so
7f428c34c000-7f428c34d000 rw-p 00014000 08:05 1601155                    /usr/lib/jvm/java-7-oracle/lib/amd64/jli/libjli.so
7f428c34d000-7f428c365000 r-xp 00000000 08:05 956271                     /lib/x86_64-linux-gnu/libpthread-2.23.so
7f428c365000-7f428c564000 ---p 00018000 08:05 956271                     /lib/x86_64-linux-gnu/libpthread-2.23.so
7f428c564000-7f428c565000 r--p 00017000 08:05 956271                     /lib/x86_64-linux-gnu/libpthread-2.23.so
7f428c565000-7f428c566000 rw-p 00018000 08:05 956271                     /lib/x86_64-linux-gnu/libpthread-2.23.so
7f428c566000-7f428c56a000 rw-p 00000000 00:00 0 
7f428c56a000-7f428c590000 r-xp 00000000 08:05 956268                     /lib/x86_64-linux-gnu/ld-2.23.so
7f428c590000-7f428c59e000 r--s 0007f000 08:05 746906                     /home/anonymous/.gradle/wrapper/dists/gradle-2.10-all/a4w5fzrkeut1ox71xslb49gst/gradle-2.10/lib/commons-collections-3.2.1.jar
7f428c59e000-7f428c5c0000 rw-p 00000000 00:00 0 
7f428c5c0000-7f428c65e000 rw-p 00000000 00:00 0 
7f428c65e000-7f428c661000 ---p 00000000 00:00 0 
7f428c661000-7f428c763000 rw-p 00000000 00:00 0 
7f428c763000-7f428c765000 r--s 00000000 08:05 746909                     /home/anonymous/.gradle/wrapper/dists/gradle-2.10-all/a4w5fzrkeut1ox71xslb49gst/gradle-2.10/lib/jul-to-slf4j-1.7.10.jar
7f428c765000-7f428c766000 r--s 00000000 08:05 746908                     /home/anonymous/.gradle/wrapper/dists/gradle-2.10-all/a4w5fzrkeut1ox71xslb49gst/gradle-2.10/lib/jcip-annotations-1.0.jar
7f428c766000-7f428c76b000 r--s 00036000 08:05 746904                     /home/anonymous/.gradle/wrapper/dists/gradle-2.10-all/a4w5fzrkeut1ox71xslb49gst/gradle-2.10/lib/asm-all-5.0.3.jar
7f428c76b000-7f428c770000 r--s 00041000 08:05 746900                     /home/anonymous/.gradle/wrapper/dists/gradle-2.10-all/a4w5fzrkeut1ox71xslb49gst/gradle-2.10/lib/commons-lang-2.6.jar
7f428c770000-7f428c771000 r--s 00007000 08:05 746898                     /home/anonymous/.gradle/wrapper/dists/gradle-2.10-all/a4w5fzrkeut1ox71xslb49gst/gradle-2.10/lib/slf4j-api-1.7.10.jar
7f428c771000-7f428c772000 r--s 00004000 08:05 746924                     /home/anonymous/.gradle/wrapper/dists/gradle-2.10-all/a4w5fzrkeut1ox71xslb49gst/gradle-2.10/lib/ant-launcher-1.9.3.jar
7f428c772000-7f428c779000 r--s 00034000 08:05 746892                     /home/anonymous/.gradle/wrapper/dists/gradle-2.10-all/a4w5fzrkeut1ox71xslb49gst/gradle-2.10/lib/gradle-base-services-2.10.jar
7f428c779000-7f428c783000 r--s 0004a000 08:05 746890                     /home/anonymous/.gradle/wrapper/dists/gradle-2.10-all/a4w5fzrkeut1ox71xslb49gst/gradle-2.10/lib/gradle-launcher-2.10.jar
7f428c783000-7f428c78b000 rw-s 00000000 08:05 1363442                    /tmp/hsperfdata_anonymous/14760
7f428c78b000-7f428c78c000 rw-p 00000000 00:00 0 
7f428c78c000-7f428c78d000 ---p 00000000 00:00 0 
7f428c78d000-7f428c78f000 rw-p 00000000 00:00 0 
7f428c78f000-7f428c790000 r--p 00025000 08:05 956268                     /lib/x86_64-linux-gnu/ld-2.23.so
7f428c790000-7f428c791000 rw-p 00026000 08:05 956268                     /lib/x86_64-linux-gnu/ld-2.23.so
7f428c791000-7f428c792000 rw-p 00000000 00:00 0 
7ffc68824000-7ffc68846000 rw-p 00000000 00:00 0                          [stack]
7ffc689b5000-7ffc689b7000 r--p 00000000 00:00 0                          [vvar]
7ffc689b7000-7ffc689b9000 r-xp 00000000 00:00 0                          [vdso]
ffffffffff600000-ffffffffff601000 r-xp 00000000 00:00 0                  [vsyscall]

VM Arguments:
jvm_args: -Xmx2048m -Dfile.encoding=UTF-8 -Duser.country=US -Duser.language=en -Duser.variant 
java_command: org.gradle.launcher.daemon.bootstrap.GradleDaemon 2.10
Launcher Type: SUN_STANDARD

Environment Variables:
JAVA_HOME=/usr/local/java/jdk1.8.0_91
JRE_HOME=/usr/local/java/jdk1.8.0_91/jre
PATH=/usr/local/sbin:/usr/local/bin:/usr/sbin:/usr/bin:/sbin:/bin:/usr/games:/usr/local/games:/snap/bin:/usr/lib/jvm/java-8-oracle/bin:/usr/lib/jvm/java-8-oracle/db/bin:/usr/lib/jvm/java-8-oracle/jre/bin:/usr/local/java/jdk1.8.0_91/bin:/usr/local/java/jdk1.8.0_91/jre/bin
LD_LIBRARY_PATH=.:
SHELL=/bin/bash
DISPLAY=:0

Signal Handlers:
SIGSEGV: [libjvm.so+0x9a3b20], sa_mask[0]=0x7ffbfeff, sa_flags=0x10000004
SIGBUS: [libjvm.so+0x9a3b20], sa_mask[0]=0x7ffbfeff, sa_flags=0x10000004
SIGFPE: [libjvm.so+0x81e740], sa_mask[0]=0x7ffbfeff, sa_flags=0x10000004
SIGPIPE: [libjvm.so+0x81e740], sa_mask[0]=0x7ffbfeff, sa_flags=0x10000004
SIGXFSZ: [libjvm.so+0x81e740], sa_mask[0]=0x7ffbfeff, sa_flags=0x10000004
SIGILL: [libjvm.so+0x81e740], sa_mask[0]=0x7ffbfeff, sa_flags=0x10000004
SIGUSR1: SIG_DFL, sa_mask[0]=0x00000000, sa_flags=0x00000000
SIGUSR2: [libjvm.so+0x81ffb0], sa_mask[0]=0x00000004, sa_flags=0x10000004
SIGHUP: [libjvm.so+0x8210d0], sa_mask[0]=0x7ffbfeff, sa_flags=0x10000004
SIGINT: [libjvm.so+0x8210d0], sa_mask[0]=0x7ffbfeff, sa_flags=0x10000004
SIGTERM: [libjvm.so+0x8210d0], sa_mask[0]=0x7ffbfeff, sa_flags=0x10000004
SIGQUIT: [libjvm.so+0x8210d0], sa_mask[0]=0x7ffbfeff, sa_flags=0x10000004


---------------  S Y S T E M  ---------------

OS:stretch/sid

uname:Linux 4.4.0-28-generic #47-Ubuntu SMP Fri Jun 24 10:09:13 UTC 2016 x86_64
libc:glibc 2.23 NPTL 2.23 
rlimit: STACK 8192k, CORE 0k, NPROC 14518, NOFILE 65536, AS infinity
load average:5,54 5,24 3,08

/proc/meminfo:
MemTotal:        3949196 kB
MemFree:          116088 kB
MemAvailable:      61228 kB
Buffers:            2572 kB
Cached:           151724 kB
SwapCached:        18904 kB
Active:          2610596 kB
Inactive:         906472 kB
Active(anon):    2559988 kB
Inactive(anon):   872328 kB
Active(file):      50608 kB
Inactive(file):    34144 kB
Unevictable:          68 kB
Mlocked:              68 kB
SwapTotal:       3126268 kB
SwapFree:              0 kB
Dirty:              1100 kB
Writeback:             0 kB
AnonPages:       3344540 kB
Mapped:           124600 kB
Shmem:             68356 kB
Slab:             101376 kB
SReclaimable:      44284 kB
SUnreclaim:        57092 kB
KernelStack:       14320 kB
PageTables:        85340 kB
NFS_Unstable:          0 kB
Bounce:                0 kB
WritebackTmp:          0 kB
CommitLimit:     5100864 kB
Committed_AS:   14555936 kB
VmallocTotal:   34359738367 kB
VmallocUsed:           0 kB
VmallocChunk:          0 kB
HardwareCorrupted:     0 kB
AnonHugePages:    864256 kB
CmaTotal:              0 kB
CmaFree:               0 kB
HugePages_Total:       0
HugePages_Free:        0
HugePages_Rsvd:        0
HugePages_Surp:        0
Hugepagesize:       2048 kB
DirectMap4k:      560120 kB
DirectMap2M:     3536896 kB
DirectMap1G:           0 kB


CPU:total 4 (2 cores per cpu, 2 threads per core) family 6 model 69 stepping 1, cmov, cx8, fxsr, mmx, sse, sse2, sse3, ssse3, sse4.1, sse4.2, popcnt, avx, avx2, aes, erms, ht, tsc, tscinvbit

/proc/cpuinfo:
processor	: 0
vendor_id	: GenuineIntel
cpu family	: 6
model		: 69
model name	: Intel(R) Core(TM) i5-4200U CPU @ 1.60GHz
stepping	: 1
microcode	: 0x1d
cpu MHz		: 2299.937
cache size	: 3072 KB
physical id	: 0
siblings	: 4
core id		: 0
cpu cores	: 2
apicid		: 0
initial apicid	: 0
fpu		: yes
fpu_exception	: yes
cpuid level	: 13
wp		: yes
flags		: fpu vme de pse tsc msr pae mce cx8 apic sep mtrr pge mca cmov pat pse36 clflush dts acpi mmx fxsr sse sse2 ss ht tm pbe syscall nx pdpe1gb rdtscp lm constant_tsc arch_perfmon pebs bts rep_good nopl xtopology nonstop_tsc aperfmperf eagerfpu pni pclmulqdq dtes64 monitor ds_cpl vmx est tm2 ssse3 sdbg fma cx16 xtpr pdcm pcid sse4_1 sse4_2 movbe popcnt tsc_deadline_timer aes xsave avx f16c rdrand lahf_lm abm epb tpr_shadow vnmi flexpriority ept vpid fsgsbase tsc_adjust bmi1 avx2 smep bmi2 erms invpcid xsaveopt dtherm ida arat pln pts
bugs		:
bogomips	: 3192.70
clflush size	: 64
cache_alignment	: 64
address sizes	: 39 bits physical, 48 bits virtual
power management:

processor	: 1
vendor_id	: GenuineIntel
cpu family	: 6
model		: 69
model name	: Intel(R) Core(TM) i5-4200U CPU @ 1.60GHz
stepping	: 1
microcode	: 0x1d
cpu MHz		: 2448.812
cache size	: 3072 KB
physical id	: 0
siblings	: 4
core id		: 1
cpu cores	: 2
apicid		: 2
initial apicid	: 2
fpu		: yes
fpu_exception	: yes
cpuid level	: 13
wp		: yes
flags		: fpu vme de pse tsc msr pae mce cx8 apic sep mtrr pge mca cmov pat pse36 clflush dts acpi mmx fxsr sse sse2 ss ht tm pbe syscall nx pdpe1gb rdtscp lm constant_tsc arch_perfmon pebs bts rep_good nopl xtopology nonstop_tsc aperfmperf eagerfpu pni pclmulqdq dtes64 monitor ds_cpl vmx est tm2 ssse3 sdbg fma cx16 xtpr pdcm pcid sse4_1 sse4_2 movbe popcnt tsc_deadline_timer aes xsave avx f16c rdrand lahf_lm abm epb tpr_shadow vnmi flexpriority ept vpid fsgsbase tsc_adjust bmi1 avx2 smep bmi2 erms invpcid xsaveopt dtherm ida arat pln pts
bugs		:
bogomips	: 3192.70
clflush size	: 64
cache_alignment	: 64
address sizes	: 39 bits physical, 48 bits virtual
power management:

processor	: 2
vendor_id	: GenuineIntel
cpu family	: 6
model		: 69
model name	: Intel(R) Core(TM) i5-4200U CPU @ 1.60GHz
stepping	: 1
microcode	: 0x1d
cpu MHz		: 2300.000
cache size	: 3072 KB
physical id	: 0
siblings	: 4
core id		: 0
cpu cores	: 2
apicid		: 1
initial apicid	: 1
fpu		: yes
fpu_exception	: yes
cpuid level	: 13
wp		: yes
flags		: fpu vme de pse tsc msr pae mce cx8 apic sep mtrr pge mca cmov pat pse36 clflush dts acpi mmx fxsr sse sse2 ss ht tm pbe syscall nx pdpe1gb rdtscp lm constant_tsc arch_perfmon pebs bts rep_good nopl xtopology nonstop_tsc aperfmperf eagerfpu pni pclmulqdq dtes64 monitor ds_cpl vmx est tm2 ssse3 sdbg fma cx16 xtpr pdcm pcid sse4_1 sse4_2 movbe popcnt tsc_deadline_timer aes xsave avx f16c rdrand lahf_lm abm epb tpr_shadow vnmi flexpriority ept vpid fsgsbase tsc_adjust bmi1 avx2 smep bmi2 erms invpcid xsaveopt dtherm ida arat pln pts
bugs		:
bogomips	: 3192.70
clflush size	: 64
cache_alignment	: 64
address sizes	: 39 bits physical, 48 bits virtual
power management:

processor	: 3
vendor_id	: GenuineIntel
cpu family	: 6
model		: 69
model name	: Intel(R) Core(TM) i5-4200U CPU @ 1.60GHz
stepping	: 1
microcode	: 0x1d
cpu MHz		: 2352.437
cache size	: 3072 KB
physical id	: 0
siblings	: 4
core id		: 1
cpu cores	: 2
apicid		: 3
initial apicid	: 3
fpu		: yes
fpu_exception	: yes
cpuid level	: 13
wp		: yes
flags		: fpu vme de pse tsc msr pae mce cx8 apic sep mtrr pge mca cmov pat pse36 clflush dts acpi mmx fxsr sse sse2 ss ht tm pbe syscall nx pdpe1gb rdtscp lm constant_tsc arch_perfmon pebs bts rep_good nopl xtopology nonstop_tsc aperfmperf eagerfpu pni pclmulqdq dtes64 monitor ds_cpl vmx est tm2 ssse3 sdbg fma cx16 xtpr pdcm pcid sse4_1 sse4_2 movbe popcnt tsc_deadline_timer aes xsave avx f16c rdrand lahf_lm abm epb tpr_shadow vnmi flexpriority ept vpid fsgsbase tsc_adjust bmi1 avx2 smep bmi2 erms invpcid xsaveopt dtherm ida arat pln pts
bugs		:
bogomips	: 3192.70
clflush size	: 64
cache_alignment	: 64
address sizes	: 39 bits physical, 48 bits virtual
power management:



Memory: 4k page, physical 3949196k(116828k free), swap 3126268k(0k free)

vm_info: Java HotSpot(TM) 64-Bit Server VM (24.80-b11) for linux-amd64 JRE (1.7.0_80-b15), built on Apr 10 2015 19:53:14 by "java_re" with gcc 4.3.0 20080428 (Red Hat 4.3.0-8)

time: Fri Jul 15 06:39:45 2016
elapsed time: 43 seconds

