#
# There is insufficient memory for the Java Runtime Environment to continue.
# Native memory allocation (malloc) failed to allocate 238026752 bytes for committing reserved memory.
# Possible reasons:
#   The system is out of physical RAM or swap space
#   In 32 bit mode, the process size limit was hit
# Possible solutions:
#   Reduce memory load on the system
#   Increase physical memory or swap space
#   Check if swap backing store is full
#   Use 64 bit Java on a 64 bit OS
#   Decrease Java heap size (-Xmx/-Xms)
#   Decrease number of Java threads
#   Decrease Java thread stack sizes (-Xss)
#   Set larger code cache with -XX:ReservedCodeCacheSize=
# This output file may be truncated or incomplete.
#
#  Out of Memory Error (os_linux.cpp:2756), pid=17796, tid=140231017756416
#
# JRE version: Java(TM) SE Runtime Environment (7.0_80-b15) (build 1.7.0_80-b15)
# Java VM: Java HotSpot(TM) 64-Bit Server VM (24.80-b11 mixed mode linux-amd64 compressed oops)
# Failed to write core dump. Core dumps have been disabled. To enable core dumping, try "ulimit -c unlimited" before starting Java again
#

---------------  T H R E A D  ---------------

Current thread (0x00007f8a1c069800):  VMThread [stack: 0x00007f8a13eff000,0x00007f8a14000000] [id=17804]

Stack: [0x00007f8a13eff000,0x00007f8a14000000],  sp=0x00007f8a13ffe3e0,  free space=1020k
Native frames: (J=compiled Java code, j=interpreted, Vv=VM code, C=native code)
V  [libjvm.so+0x9a320a]  VMError::report_and_die()+0x2ea
V  [libjvm.so+0x498d3b]  report_vm_out_of_memory(char const*, int, unsigned long, char const*)+0x9b
V  [libjvm.so+0x82191e]  os::Linux::commit_memory_impl(char*, unsigned long, bool)+0xfe
V  [libjvm.so+0x821e69]  os::pd_commit_memory(char*, unsigned long, unsigned long, bool)+0x29
V  [libjvm.so+0x81bb6a]  os::commit_memory(char*, unsigned long, unsigned long, bool)+0x2a
V  [libjvm.so+0x88d623]  PSVirtualSpace::expand_by(unsigned long)+0x53
V  [libjvm.so+0x87ca80]  PSOldGen::expand(unsigned long)+0x170
V  [libjvm.so+0x87cc8b]  PSOldGen::resize(unsigned long)+0x1cb
V  [libjvm.so+0x885951]  PSParallelCompact::invoke_no_policy(bool)+0x9b1
V  [libjvm.so+0x88b8cd]  PSScavenge::invoke()+0x1ad
V  [libjvm.so+0x843f40]  ParallelScavengeHeap::failed_mem_allocate(unsigned long)+0x70
V  [libjvm.so+0x9a4a97]  VM_ParallelGCFailedAllocation::doit()+0x97
V  [libjvm.so+0x9abf35]  VM_Operation::evaluate()+0x55
V  [libjvm.so+0x9aa2fa]  VMThread::evaluate_operation(VM_Operation*)+0xba
V  [libjvm.so+0x9aa67e]  VMThread::loop()+0x1ce
V  [libjvm.so+0x9aaaf0]  VMThread::run()+0x70
V  [libjvm.so+0x8238c8]  java_start(Thread*)+0x108

VM_Operation (0x00007f8a11204f90): ParallelGCFailedAllocation, mode: safepoint, requested by thread 0x00007f89bc05e000


---------------  P R O C E S S  ---------------

Java Threads: ( => current thread )
  0x00007f89bc05e000 JavaThread "pool-3-thread-4" [_thread_blocked, id=17830, stack(0x00007f8a11106000,0x00007f8a11207000)]
  0x00007f89bc05c800 JavaThread "pool-3-thread-3" [_thread_blocked, id=17829, stack(0x00007f8a11207000,0x00007f8a11308000)]
  0x00007f89bc05b000 JavaThread "pool-3-thread-2" [_thread_blocked, id=17828, stack(0x00007f8a11308000,0x00007f8a11409000)]
  0x00007f89bc059000 JavaThread "pool-4-thread-1" [_thread_blocked, id=17827, stack(0x00007f8a11409000,0x00007f8a1150a000)]
  0x00007f89bc056800 JavaThread "pool-3-thread-1" [_thread_blocked, id=17826, stack(0x00007f8a1150a000,0x00007f8a1160b000)]
  0x00007f89ccc62800 JavaThread "pool-1-thread-1" [_thread_blocked, id=17825, stack(0x00007f8a11700000,0x00007f8a11801000)]
  0x00007f89cc4de000 JavaThread "File lock request listener" [_thread_in_native, id=17824, stack(0x00007f8a11b6d000,0x00007f8a11c6e000)]
  0x00007f89cc37d000 JavaThread "process reaper" daemon [_thread_blocked, id=17823, stack(0x00007f8a11c6e000,0x00007f8a11ca7000)]
  0x00007f89cc023800 JavaThread "Stdin handler" [_thread_blocked, id=17821, stack(0x00007f8a11d13000,0x00007f8a11e14000)]
  0x00007f89d0007800 JavaThread "Daemon worker" [_thread_blocked, id=17818, stack(0x00007f8a11e1b000,0x00007f8a11f1c000)]
  0x00007f89d0007000 JavaThread "Cancel handler" [_thread_blocked, id=17817, stack(0x00007f8a11f1c000,0x00007f8a1201d000)]
  0x00007f89d0003800 JavaThread "Handler for socket connection from /127.0.0.1:37998 to /127.0.0.1:49090" [_thread_in_native, id=17816, stack(0x00007f8a1201d000,0x00007f8a1211e000)]
  0x00007f89dc015800 JavaThread "Daemon" [_thread_blocked, id=17815, stack(0x00007f8a1211e000,0x00007f8a1221f000)]
  0x00007f8a1cad2800 JavaThread "Incoming local TCP Connector on port 37998" [_thread_in_native, id=17814, stack(0x00007f8a1221f000,0x00007f8a12320000)]
  0x00007f8a1c099800 JavaThread "Service Thread" daemon [_thread_blocked, id=17812, stack(0x00007f8a13620000,0x00007f8a13721000)]
  0x00007f8a1c097000 JavaThread "C2 CompilerThread1" daemon [_thread_blocked, id=17811, stack(0x00007f8a13721000,0x00007f8a13822000)]
  0x00007f8a1c094000 JavaThread "C2 CompilerThread0" daemon [_thread_blocked, id=17810, stack(0x00007f8a13822000,0x00007f8a13923000)]
  0x00007f8a1c092000 JavaThread "Signal Dispatcher" daemon [_thread_blocked, id=17809, stack(0x00007f8a13923000,0x00007f8a13a24000)]
  0x00007f8a1c070000 JavaThread "Finalizer" daemon [_thread_blocked, id=17806, stack(0x00007f8a13cfd000,0x00007f8a13dfe000)]
  0x00007f8a1c06e000 JavaThread "Reference Handler" daemon [_thread_blocked, id=17805, stack(0x00007f8a13dfe000,0x00007f8a13eff000)]
  0x00007f8a1c00a000 JavaThread "main" [_thread_blocked, id=17799, stack(0x00007f8a23fc9000,0x00007f8a240ca000)]

Other Threads:
=>0x00007f8a1c069800 VMThread [stack: 0x00007f8a13eff000,0x00007f8a14000000] [id=17804]
  0x00007f8a1c0a4000 WatcherThread [stack: 0x00007f8a1351f000,0x00007f8a13620000] [id=17813]

VM state:at safepoint (normal execution)

VM Mutex/Monitor currently owned by a thread:  ([mutex/lock_event])
[0x00007f8a1c005d10] ExpandHeap_lock - owner thread: 0x00007f8a1c069800
[0x00007f8a1c006390] Threads_lock - owner thread: 0x00007f8a1c069800
[0x00007f8a1c006890] Heap_lock - owner thread: 0x00007f89bc05e000

Heap
 PSYoungGen      total 563712K, used 35140K [0x00000007d5500000, 0x0000000800000000, 0x0000000800000000)
  eden space 435200K, 0% used [0x00000007d5500000,0x00000007d5500000,0x00000007efe00000)
  from space 128512K, 27% used [0x00000007efe00000,0x00000007f20512e8,0x00000007f7b80000)
  to   space 135680K, 0% used [0x00000007f7b80000,0x00000007f7b80000,0x0000000800000000)
 ParOldGen       total 605696K, used 605547K [0x0000000780000000, 0x00000007a4f80000, 0x00000007d5500000)
  object space 605696K, 99% used [0x0000000780000000,0x00000007a4f5ac30,0x00000007a4f80000)
 PSPermGen       total 83968K, used 46727K [0x000000077ae00000, 0x0000000780000000, 0x0000000780000000)
  object space 83968K, 55% used [0x000000077ae00000,0x000000077dba1cd8,0x0000000780000000)

Card table byte_map: [0x00007f8a20e90000,0x00007f8a212ba000] byte_map_base: 0x00007f8a1d2b9000

Polling page: 0x00007f8a240f7000

Code Cache  [0x00007f8a19000000, 0x00007f8a19830000, 0x00007f8a1c000000)
 total_blobs=2939 nmethods=2294 adapters=597 free_code_cache=40900Kb largest_free_block=41759040

Compilation events (10 events):
Event: 35,723 Thread 0x00007f8a1c097000 2544             java.lang.Integer::intValue (5 bytes)
Event: 35,724 Thread 0x00007f8a1c097000 nmethod 2544 0x00007f8a197155d0 code [0x00007f8a19715700, 0x00007f8a19715758]
Event: 35,827 Thread 0x00007f8a1c094000 2545             java.util.concurrent.locks.AbstractQueuedSynchronizer::compareAndSetWaitStatus (13 bytes)
Event: 35,827 Thread 0x00007f8a1c094000 nmethod 2545 0x00007f8a196a6e90 code [0x00007f8a196a6fc0, 0x00007f8a196a7018]
Event: 35,891 Thread 0x00007f8a1c097000 2546             com.android.dx.rop.cst.CstMemberRef::hashCode (19 bytes)
Event: 35,891 Thread 0x00007f8a1c094000 2547             com.android.dx.rop.cst.CstNat::hashCode (19 bytes)
Event: 35,899 Thread 0x00007f8a1c094000 nmethod 2547 0x00007f8a196a6810 code [0x00007f8a196a6960, 0x00007f8a196a6c78]
Event: 35,903 Thread 0x00007f8a1c097000 nmethod 2546 0x00007f8a196a5e10 code [0x00007f8a196a5f80, 0x00007f8a196a6438]
Event: 36,219 Thread 0x00007f8a1c094000 2548             com.android.dx.cf.direct.DirectClassFile::makeTypeList (47 bytes)
Event: 36,221 Thread 0x00007f8a1c094000 nmethod 2548 0x00007f8a196a88d0 code [0x00007f8a196a8a20, 0x00007f8a196a8b88]

GC Heap History (10 events):
Event: 30,912 GC heap after
Heap after GC invocations=24 (full 4):
 PSYoungGen      total 521216K, used 101348K [0x00000007d5500000, 0x0000000800000000, 0x0000000800000000)
  eden space 419840K, 0% used [0x00000007d5500000,0x00000007d5500000,0x00000007eef00000)
  from space 101376K, 99% used [0x00000007f7080000,0x00000007fd3790e8,0x00000007fd380000)
  to   space 132608K, 0% used [0x00000007eef00000,0x00000007eef00000,0x00000007f7080000)
 ParOldGen       total 375296K, used 309362K [0x0000000780000000, 0x0000000796e80000, 0x00000007d5500000)
  object space 375296K, 82% used [0x0000000780000000,0x0000000792e1cbe0,0x0000000796e80000)
 PSPermGen       total 83968K, used 46698K [0x000000077ae00000, 0x0000000780000000, 0x0000000780000000)
  object space 83968K, 55% used [0x000000077ae00000,0x000000077db9ab30,0x0000000780000000)
}
Event: 31,651 GC heap before
{Heap before GC invocations=25 (full 4):
 PSYoungGen      total 521216K, used 521188K [0x00000007d5500000, 0x0000000800000000, 0x0000000800000000)
  eden space 419840K, 100% used [0x00000007d5500000,0x00000007eef00000,0x00000007eef00000)
  from space 101376K, 99% used [0x00000007f7080000,0x00000007fd3790e8,0x00000007fd380000)
  to   space 132608K, 0% used [0x00000007eef00000,0x00000007eef00000,0x00000007f7080000)
 ParOldGen       total 375296K, used 309362K [0x0000000780000000, 0x0000000796e80000, 0x00000007d5500000)
  object space 375296K, 82% used [0x0000000780000000,0x0000000792e1cbe0,0x0000000796e80000)
 PSPermGen       total 83968K, used 46708K [0x000000077ae00000, 0x0000000780000000, 0x0000000780000000)
  object space 83968K, 55% used [0x000000077ae00000,0x000000077db9d340,0x0000000780000000)
Event: 31,894 GC heap after
Heap after GC invocations=25 (full 4):
 PSYoungGen      total 552448K, used 67218K [0x00000007d5500000, 0x0000000800000000, 0x0000000800000000)
  eden space 419840K, 0% used [0x00000007d5500000,0x00000007d5500000,0x00000007eef00000)
  from space 132608K, 50% used [0x00000007eef00000,0x00000007f30a4b60,0x00000007f7080000)
  to   space 131584K, 0% used [0x00000007f7f80000,0x00000007f7f80000,0x0000000800000000)
 ParOldGen       total 410624K, used 409802K [0x0000000780000000, 0x0000000799100000, 0x00000007d5500000)
  object space 410624K, 99% used [0x0000000780000000,0x0000000799032bf8,0x0000000799100000)
 PSPermGen       total 83968K, used 46708K [0x000000077ae00000, 0x0000000780000000, 0x0000000780000000)
  object space 83968K, 55% used [0x000000077ae00000,0x000000077db9d340,0x0000000780000000)
}
Event: 31,894 GC heap before
{Heap before GC invocations=26 (full 5):
 PSYoungGen      total 552448K, used 67218K [0x00000007d5500000, 0x0000000800000000, 0x0000000800000000)
  eden space 419840K, 0% used [0x00000007d5500000,0x00000007d5500000,0x00000007eef00000)
  from space 132608K, 50% used [0x00000007eef00000,0x00000007f30a4b60,0x00000007f7080000)
  to   space 131584K, 0% used [0x00000007f7f80000,0x00000007f7f80000,0x0000000800000000)
 ParOldGen       total 410624K, used 409802K [0x0000000780000000, 0x0000000799100000, 0x00000007d5500000)
  object space 410624K, 99% used [0x0000000780000000,0x0000000799032bf8,0x0000000799100000)
 PSPermGen       total 83968K, used 46708K [0x000000077ae00000, 0x0000000780000000, 0x0000000780000000)
  object space 83968K, 55% used [0x000000077ae00000,0x000000077db9d340,0x0000000780000000)
Event: 34,489 GC heap after
Heap after GC invocations=26 (full 5):
 PSYoungGen      total 552448K, used 59728K [0x00000007d5500000, 0x0000000800000000, 0x0000000800000000)
  eden space 419840K, 0% used [0x00000007d5500000,0x00000007d5500000,0x00000007eef00000)
  from space 132608K, 45% used [0x00000007eef00000,0x00000007f2954278,0x00000007f7080000)
  to   space 131584K, 0% used [0x00000007f7f80000,0x00000007f7f80000,0x0000000800000000)
 ParOldGen       total 605696K, used 410391K [0x0000000780000000, 0x00000007a4f80000, 0x00000007d5500000)
  object space 605696K, 67% used [0x0000000780000000,0x00000007990c5c30,0x00000007a4f80000)
 PSPermGen       total 83968K, used 46708K [0x000000077ae00000, 0x0000000780000000, 0x0000000780000000)
  object space 83968K, 55% used [0x000000077ae00000,0x000000077db9d220,0x0000000780000000)
}
Event: 35,102 GC heap before
{Heap before GC invocations=27 (full 5):
 PSYoungGen      total 552448K, used 479568K [0x00000007d5500000, 0x0000000800000000, 0x0000000800000000)
  eden space 419840K, 100% used [0x00000007d5500000,0x00000007eef00000,0x00000007eef00000)
  from space 132608K, 45% used [0x00000007eef00000,0x00000007f2954278,0x00000007f7080000)
  to   space 131584K, 0% used [0x00000007f7f80000,0x00000007f7f80000,0x0000000800000000)
 ParOldGen       total 605696K, used 410391K [0x0000000780000000, 0x00000007a4f80000, 0x00000007d5500000)
  object space 605696K, 67% used [0x0000000780000000,0x00000007990c5c30,0x00000007a4f80000)
 PSPermGen       total 83968K, used 46726K [0x000000077ae00000, 0x0000000780000000, 0x0000000780000000)
  object space 83968K, 55% used [0x000000077ae00000,0x000000077dba19f0,0x0000000780000000)
Event: 35,499 GC heap after
Heap after GC invocations=27 (full 5):
 PSYoungGen      total 559616K, used 63813K [0x00000007d5500000, 0x00000007ff900000, 0x0000000800000000)
  eden space 435200K, 0% used [0x00000007d5500000,0x00000007d5500000,0x00000007efe00000)
  from space 124416K, 51% used [0x00000007f7f80000,0x00000007fbdd1728,0x00000007ff900000)
  to   space 128512K, 0% used [0x00000007efe00000,0x00000007efe00000,0x00000007f7b80000)
 ParOldGen       total 605696K, used 467930K [0x0000000780000000, 0x00000007a4f80000, 0x00000007d5500000)
  object space 605696K, 77% used [0x0000000780000000,0x000000079c8f6868,0x00000007a4f80000)
 PSPermGen       total 83968K, used 46726K [0x000000077ae00000, 0x0000000780000000, 0x0000000780000000)
  object space 83968K, 55% used [0x000000077ae00000,0x000000077dba19f0,0x0000000780000000)
}
Event: 36,327 GC heap before
{Heap before GC invocations=28 (full 5):
 PSYoungGen      total 559616K, used 499013K [0x00000007d5500000, 0x00000007ff900000, 0x0000000800000000)
  eden space 435200K, 100% used [0x00000007d5500000,0x00000007efe00000,0x00000007efe00000)
  from space 124416K, 51% used [0x00000007f7f80000,0x00000007fbdd1728,0x00000007ff900000)
  to   space 128512K, 0% used [0x00000007efe00000,0x00000007efe00000,0x00000007f7b80000)
 ParOldGen       total 605696K, used 467930K [0x0000000780000000, 0x00000007a4f80000, 0x00000007d5500000)
  object space 605696K, 77% used [0x0000000780000000,0x000000079c8f6868,0x00000007a4f80000)
 PSPermGen       total 83968K, used 46727K [0x000000077ae00000, 0x0000000780000000, 0x0000000780000000)
  object space 83968K, 55% used [0x000000077ae00000,0x000000077dba1d18,0x0000000780000000)
Event: 36,586 GC heap after
Heap after GC invocations=28 (full 5):
 PSYoungGen      total 563712K, used 128511K [0x00000007d5500000, 0x0000000800000000, 0x0000000800000000)
  eden space 435200K, 0% used [0x00000007d5500000,0x00000007d5500000,0x00000007efe00000)
  from space 128512K, 99% used [0x00000007efe00000,0x00000007f7b7ff00,0x00000007f7b80000)
  to   space 135680K, 0% used [0x00000007f7b80000,0x00000007f7b80000,0x0000000800000000)
 ParOldGen       total 605696K, used 517974K [0x0000000780000000, 0x00000007a4f80000, 0x00000007d5500000)
  object space 605696K, 85% used [0x0000000780000000,0x000000079f9d5b60,0x00000007a4f80000)
 PSPermGen       total 83968K, used 46727K [0x000000077ae00000, 0x0000000780000000, 0x0000000780000000)
  object space 83968K, 55% used [0x000000077ae00000,0x000000077dba1d18,0x0000000780000000)
}
Event: 36,586 GC heap before
{Heap before GC invocations=29 (full 6):
 PSYoungGen      total 563712K, used 128511K [0x00000007d5500000, 0x0000000800000000, 0x0000000800000000)
  eden space 435200K, 0% used [0x00000007d5500000,0x00000007d5500000,0x00000007efe00000)
  from space 128512K, 99% used [0x00000007efe00000,0x00000007f7b7ff00,0x00000007f7b80000)
  to   space 135680K, 0% used [0x00000007f7b80000,0x00000007f7b80000,0x0000000800000000)
 ParOldGen       total 605696K, used 517974K [0x0000000780000000, 0x00000007a4f80000, 0x00000007d5500000)
  object space 605696K, 85% used [0x0000000780000000,0x000000079f9d5b60,0x00000007a4f80000)
 PSPermGen       total 83968K, used 46727K [0x000000077ae00000, 0x0000000780000000, 0x0000000780000000)
  object space 83968K, 55% used [0x000000077ae00000,0x000000077dba1d18,0x0000000780000000)

Deoptimization events (10 events):
Event: 34,684 Thread 0x00007f89bc05e000 Uncommon trap: reason=predicate action=maybe_recompile pc=0x00007f8a193e279c method=com.android.dx.ssa.DomFront.run()[Lcom/android/dx/ssa/DomFront$DomInfo; @ 32
Event: 34,684 Thread 0x00007f89bc05e000 Uncommon trap: reason=unstable_if action=reinterpret pc=0x00007f8a195b4ef8 method=com.android.dx.ssa.SetFactory.makeDomFrontSet(I)Lcom/android/dx/util/IntSet; @ 4
Event: 34,709 Thread 0x00007f89bc05e000 Uncommon trap: reason=class_check action=maybe_recompile pc=0x00007f8a1955b028 method=com.android.dx.ssa.DomFront.calcDomFronts()V @ 101
Event: 34,715 Thread 0x00007f89bc05e000 Uncommon trap: reason=class_check action=maybe_recompile pc=0x00007f8a194b3820 method=com.android.dx.ssa.SsaConverter.placePhiFunctions(Lcom/android/dx/ssa/SsaMethod;Lcom/android/dx/ssa/LocalVariableInfo;I)V @ 257
Event: 34,952 Thread 0x00007f89bc05e000 Uncommon trap: reason=class_check action=maybe_recompile pc=0x00007f8a196f382c method=com.android.dx.ssa.SCCP.simulateBranch(Lcom/android/dx/ssa/SsaInsn;)V @ 339
Event: 34,957 Thread 0x00007f89bc05e000 Uncommon trap: reason=class_check action=maybe_recompile pc=0x00007f8a196f382c method=com.android.dx.ssa.SCCP.simulateBranch(Lcom/android/dx/ssa/SsaInsn;)V @ 339
Event: 35,655 Thread 0x00007f89bc05e000 Uncommon trap: reason=class_check action=maybe_recompile pc=0x00007f8a197bae80 method=java.util.TimSort.gallopLeft(Ljava/lang/Object;[Ljava/lang/Object;IIILjava/util/Comparator;)I @ 44
Event: 35,655 Thread 0x00007f89bc05e000 Uncommon trap: reason=class_check action=maybe_recompile pc=0x00007f8a197bae80 method=java.util.TimSort.gallopLeft(Ljava/lang/Object;[Ljava/lang/Object;IIILjava/util/Comparator;)I @ 44
Event: 35,655 Thread 0x00007f89bc05e000 Uncommon trap: reason=class_check action=maybe_recompile pc=0x00007f8a197bae80 method=java.util.TimSort.gallopLeft(Ljava/lang/Object;[Ljava/lang/Object;IIILjava/util/Comparator;)I @ 44
Event: 35,656 Thread 0x00007f89bc05e000 Uncommon trap: reason=class_check action=maybe_recompile pc=0x00007f8a197bea70 method=java.util.TimSort.mergeLo(IIII)V @ 185

Internal exceptions (10 events):
Event: 18,125 Thread 0x00007f89bc05e000 Threw 0x00000007e0a15ca8 at /HUDSON/workspace/7u-2-build-linux-amd64/jdk7u80/2329/hotspot/src/share/vm/prims/jvm.cpp:1319
Event: 20,752 Thread 0x00007f89ccc62800 Implicit null exception at 0x00007f8a195ce3c3 to 0x00007f8a195d07fd
Event: 20,870 Thread 0x00007f89ccc62800 Implicit null exception at 0x00007f8a195e9d8c to 0x00007f8a195f4dfd
Event: 25,344 Thread 0x00007f89bc056800 Threw 0x00000007e0ef9220 at /HUDSON/workspace/7u-2-build-linux-amd64/jdk7u80/2329/hotspot/src/share/vm/prims/jvm.cpp:1319
Event: 25,636 Thread 0x00007f89bc05e000 Implicit null exception at 0x00007f8a19716d17 to 0x00007f8a197185b1
Event: 25,852 Thread 0x00007f89ccc62800 Threw 0x00000007d5b01578 at /HUDSON/workspace/7u-2-build-linux-amd64/jdk7u80/2329/hotspot/src/share/vm/prims/jvm.cpp:1319
Event: 25,863 Thread 0x00007f89ccc62800 Implicit null exception at 0x00007f8a1924731b to 0x00007f8a192478ed
Event: 29,583 Thread 0x00007f89bc056800 Implicit null exception at 0x00007f8a197ee00b to 0x00007f8a197eedd1
Event: 34,693 Thread 0x00007f89bc05e000 Threw 0x00000007dd415290 at /HUDSON/workspace/7u-2-build-linux-amd64/jdk7u80/2329/hotspot/src/share/vm/prims/jvm.cpp:1319
Event: 34,715 Thread 0x00007f89bc05e000 Threw 0x00000007deb9f4f8 at /HUDSON/workspace/7u-2-build-linux-amd64/jdk7u80/2329/hotspot/src/share/vm/prims/jvm.cpp:1319

Events (10 events):
Event: 35,655 Thread 0x00007f89bc05e000 Uncommon trap: trap_request=0xffffffde fr.pc=0x00007f8a197bae80
Event: 35,655 Thread 0x00007f89bc05e000 DEOPT PACKING pc=0x00007f8a197bae80 sp=0x00007f8a11204ed0
Event: 35,655 Thread 0x00007f89bc05e000 DEOPT UNPACKING pc=0x00007f8a19039445 sp=0x00007f8a11204ea8 mode 2
Event: 35,655 Thread 0x00007f89bc05e000 Uncommon trap: trap_request=0xffffffde fr.pc=0x00007f8a197bae80
Event: 35,655 Thread 0x00007f89bc05e000 DEOPT PACKING pc=0x00007f8a197bae80 sp=0x00007f8a11204ed0
Event: 35,655 Thread 0x00007f89bc05e000 DEOPT UNPACKING pc=0x00007f8a19039445 sp=0x00007f8a11204ea8 mode 2
Event: 35,656 Thread 0x00007f89bc05e000 Uncommon trap: trap_request=0xffffffde fr.pc=0x00007f8a197bea70
Event: 35,656 Thread 0x00007f89bc05e000 DEOPT PACKING pc=0x00007f8a197bea70 sp=0x00007f8a11204e70
Event: 35,656 Thread 0x00007f89bc05e000 DEOPT UNPACKING pc=0x00007f8a19039445 sp=0x00007f8a11204e80 mode 2
Event: 36,324 Executing VM operation: ParallelGCFailedAllocation


Dynamic libraries:
00400000-00401000 r-xp 00000000 08:05 1602077                            /usr/lib/jvm/java-7-oracle/bin/java
00600000-00601000 rw-p 00000000 08:05 1602077                            /usr/lib/jvm/java-7-oracle/bin/java
0109f000-010c0000 rw-p 00000000 00:00 0                                  [heap]
77ae00000-780000000 rw-p 00000000 00:00 0 
780000000-7a4f80000 rw-p 00000000 00:00 0 
7b3280000-7d5500000 rw-p 00000000 00:00 0 
7d5500000-800000000 rw-p 00000000 00:00 0 
7f89a0000000-7f89a0024000 rw-p 00000000 00:00 0 
7f89a0024000-7f89a4000000 ---p 00000000 00:00 0 
7f89a8000000-7f89a802d000 rw-p 00000000 00:00 0 
7f89a802d000-7f89ac000000 ---p 00000000 00:00 0 
7f89ac000000-7f89ac021000 rw-p 00000000 00:00 0 
7f89ac021000-7f89b0000000 ---p 00000000 00:00 0 
7f89b0000000-7f89b0021000 rw-p 00000000 00:00 0 
7f89b0021000-7f89b4000000 ---p 00000000 00:00 0 
7f89b4000000-7f89b4021000 rw-p 00000000 00:00 0 
7f89b4021000-7f89b8000000 ---p 00000000 00:00 0 
7f89b8000000-7f89b8021000 rw-p 00000000 00:00 0 
7f89b8021000-7f89bc000000 ---p 00000000 00:00 0 
7f89bc000000-7f89bc1e5000 rw-p 00000000 00:00 0 
7f89bc1e5000-7f89c0000000 ---p 00000000 00:00 0 
7f89c0000000-7f89c0021000 rw-p 00000000 00:00 0 
7f89c0021000-7f89c4000000 ---p 00000000 00:00 0 
7f89c4000000-7f89c4021000 rw-p 00000000 00:00 0 
7f89c4021000-7f89c8000000 ---p 00000000 00:00 0 
7f89c8000000-7f89c8021000 rw-p 00000000 00:00 0 
7f89c8021000-7f89cc000000 ---p 00000000 00:00 0 
7f89cc000000-7f89ccf27000 rw-p 00000000 00:00 0 
7f89ccf27000-7f89d0000000 ---p 00000000 00:00 0 
7f89d0000000-7f89d0021000 rw-p 00000000 00:00 0 
7f89d0021000-7f89d4000000 ---p 00000000 00:00 0 
7f89d4000000-7f89d4021000 rw-p 00000000 00:00 0 
7f89d4021000-7f89d8000000 ---p 00000000 00:00 0 
7f89d8000000-7f89d8021000 rw-p 00000000 00:00 0 
7f89d8021000-7f89dc000000 ---p 00000000 00:00 0 
7f89dc000000-7f89dc083000 rw-p 00000000 00:00 0 
7f89dc083000-7f89e0000000 ---p 00000000 00:00 0 
7f89e0000000-7f89e1ff9000 rw-p 00000000 00:00 0 
7f89e1ff9000-7f89e4000000 ---p 00000000 00:00 0 
7f89e4000000-7f89e4021000 rw-p 00000000 00:00 0 
7f89e4021000-7f89e8000000 ---p 00000000 00:00 0 
7f89e8000000-7f89e8021000 rw-p 00000000 00:00 0 
7f89e8021000-7f89ec000000 ---p 00000000 00:00 0 
7f89ec000000-7f89ee2b7000 rw-p 00000000 00:00 0 
7f89ee2b7000-7f89f0000000 ---p 00000000 00:00 0 
7f89f0000000-7f89f0021000 rw-p 00000000 00:00 0 
7f89f0021000-7f89f4000000 ---p 00000000 00:00 0 
7f89f4000000-7f89f4021000 rw-p 00000000 00:00 0 
7f89f4021000-7f89f8000000 ---p 00000000 00:00 0 
7f89f8000000-7f89f8251000 rw-p 00000000 00:00 0 
7f89f8251000-7f89fc000000 ---p 00000000 00:00 0 
7f89ffd70000-7f8a04000000 rw-p 00000000 00:00 0 
7f8a04000000-7f8a04029000 rw-p 00000000 00:00 0 
7f8a04029000-7f8a08000000 ---p 00000000 00:00 0 
7f8a08000000-7f8a08032000 rw-p 00000000 00:00 0 
7f8a08032000-7f8a0c000000 ---p 00000000 00:00 0 
7f8a0c000000-7f8a0c032000 rw-p 00000000 00:00 0 
7f8a0c032000-7f8a10000000 ---p 00000000 00:00 0 
7f8a11106000-7f8a11109000 ---p 00000000 00:00 0 
7f8a11109000-7f8a11207000 rw-p 00000000 00:00 0 
7f8a11207000-7f8a1120a000 ---p 00000000 00:00 0 
7f8a1120a000-7f8a11308000 rw-p 00000000 00:00 0 
7f8a11308000-7f8a1130b000 ---p 00000000 00:00 0 
7f8a1130b000-7f8a11409000 rw-p 00000000 00:00 0 
7f8a11409000-7f8a1140c000 ---p 00000000 00:00 0 
7f8a1140c000-7f8a1150a000 rw-p 00000000 00:00 0 
7f8a1150a000-7f8a1150d000 ---p 00000000 00:00 0 
7f8a1150d000-7f8a1160b000 rw-p 00000000 00:00 0 
7f8a1160b000-7f8a11700000 r--s 009b1000 08:05 696661                     /home/anonymous/AndroidStudioProjects/myelaundry/app/build/intermediates/transforms/jarMerging/debug/jars/1/1f/combined.jar
7f8a11700000-7f8a11703000 ---p 00000000 00:00 0 
7f8a11703000-7f8a11801000 rw-p 00000000 00:00 0 
7f8a11801000-7f8a11809000 r-xp 00000000 08:05 1713442                    /usr/lib/jvm/java-7-oracle/jre/lib/amd64/libmanagement.so
7f8a11809000-7f8a11a08000 ---p 00008000 08:05 1713442                    /usr/lib/jvm/java-7-oracle/jre/lib/amd64/libmanagement.so
7f8a11a08000-7f8a11a09000 rw-p 00007000 08:05 1713442                    /usr/lib/jvm/java-7-oracle/jre/lib/amd64/libmanagement.so
7f8a11a09000-7f8a11a0b000 r--s 00005000 08:07 12395                      /media/anonymous/data/Android/android-studio/gradle/m2repository/org/abego/treelayout/org.abego.treelayout.core/1.0.1/org.abego.treelayout.core-1.0.1.jar
7f8a11a0b000-7f8a11a13000 r--s 000a8000 08:07 12304                      /media/anonymous/data/Android/android-studio/gradle/m2repository/com/android/tools/external/lombok/lombok-ast/0.2.3/lombok-ast-0.2.3.jar
7f8a11a13000-7f8a11a14000 r--s 00004000 08:07 12496                      /media/anonymous/data/Android/android-studio/gradle/m2repository/com/intellij/annotations/12.0/annotations-12.0.jar
7f8a11a14000-7f8a11a16000 r--s 0000d000 08:07 12538                      /media/anonymous/data/Android/android-studio/gradle/m2repository/commons-codec/commons-codec/1.4/commons-codec-1.4.jar
7f8a11a16000-7f8a11a18000 r--s 0000d000 08:07 12092                      /media/anonymous/data/Android/android-studio/gradle/m2repository/commons-logging/commons-logging/1.1.1/commons-logging-1.1.1.jar
7f8a11a18000-7f8a11a1d000 r--s 00028000 08:07 12131                      /media/anonymous/data/Android/android-studio/gradle/m2repository/org/apache/httpcomponents/httpcore/4.1/httpcore-4.1.jar
7f8a11a1d000-7f8a11a21000 r--s 00037000 08:07 12356                      /media/anonymous/data/Android/android-studio/gradle/m2repository/org/antlr/ST4/4.0.8/ST4-4.0.8.jar
7f8a11a21000-7f8a11a24000 r--s 00026000 08:07 12346                      /media/anonymous/data/Android/android-studio/gradle/m2repository/org/antlr/antlr-runtime/3.5.2/antlr-runtime-3.5.2.jar
7f8a11a24000-7f8a11a25000 r--s 00002000 08:07 12421                      /media/anonymous/data/Android/android-studio/gradle/m2repository/com/tunnelvisionlabs/antlr4-annotations/4.5/antlr4-annotations-4.5.jar
7f8a11a25000-7f8a11a2c000 r--s 00062000 08:07 12409                      /media/anonymous/data/Android/android-studio/gradle/m2repository/com/tunnelvisionlabs/antlr4-runtime/4.5/antlr4-runtime-4.5.jar
7f8a11a2c000-7f8a11a2f000 r--s 00030000 08:07 14041                      /media/anonymous/data/Android/android-studio/gradle/m2repository/com/android/tools/lint/lint-api/25.1.2/lint-api-25.1.2.jar
7f8a11a2f000-7f8a11a30000 r--s 00004000 08:07 12189                      /media/anonymous/data/Android/android-studio/gradle/m2repository/org/ow2/asm/asm-analysis/5.0.3/asm-analysis-5.0.3.jar
7f8a11a30000-7f8a11a34000 r--s 00026000 08:07 14031                      /media/anonymous/data/Android/android-studio/gradle/m2repository/com/android/tools/repository/25.1.2/repository-25.1.2.jar
7f8a11a34000-7f8a11a37000 r--s 00014000 08:07 14020                      /media/anonymous/data/Android/android-studio/gradle/m2repository/com/android/tools/layoutlib/layoutlib-api/25.1.2/layoutlib-api-25.1.2.jar
7f8a11a37000-7f8a11a3e000 r--s 00053000 08:07 12148                      /media/anonymous/data/Android/android-studio/gradle/m2repository/org/apache/commons/commons-compress/1.8.1/commons-compress-1.8.1.jar
7f8a11a3e000-7f8a11a40000 r--s 00005000 08:07 12124                      /media/anonymous/data/Android/android-studio/gradle/m2repository/org/apache/httpcomponents/httpmime/4.1/httpmime-4.1.jar
7f8a11a40000-7f8a11a41000 r--s 00005000 08:07 14028                      /media/anonymous/data/Android/android-studio/gradle/m2repository/com/android/tools/dvlib/25.1.2/dvlib-25.1.2.jar
7f8a11a41000-7f8a11a49000 r--s 0004e000 08:07 12140                      /media/anonymous/data/Android/android-studio/gradle/m2repository/org/apache/httpcomponents/httpclient/4.1.1/httpclient-4.1.1.jar
7f8a11a49000-7f8a11a4e000 r--s 0002a000 08:07 12239                      /media/anonymous/data/Android/android-studio/gradle/m2repository/com/google/code/gson/gson/2.2.4/gson-2.2.4.jar
7f8a11a4e000-7f8a11a4f000 r--s 0000a000 08:07 12534                      /media/anonymous/data/Android/android-studio/gradle/m2repository/net/sf/kxml/kxml2/2.3.0/kxml2-2.3.0.jar
7f8a11a4f000-7f8a11a50000 r--s 00002000 08:07 13984                      /media/anonymous/data/Android/android-studio/gradle/m2repository/com/android/databinding/baseLibrary/2.1.2/baseLibrary-2.1.2.jar
7f8a11a50000-7f8a11a54000 r--s 0002a000 08:07 12313                      /media/anonymous/data/Android/android-studio/gradle/m2repository/commons-io/commons-io/2.4/commons-io-2.4.jar
7f8a11a54000-7f8a11a5e000 r--s 00099000 08:07 12413                      /media/anonymous/data/Android/android-studio/gradle/m2repository/com/tunnelvisionlabs/antlr4/4.5/antlr4-4.5.jar
7f8a11a5e000-7f8a11a61000 r--s 00033000 08:07 12433                      /media/anonymous/data/Android/android-studio/gradle/m2repository/com/googlecode/juniversalchardet/juniversalchardet/1.0.3/juniversalchardet-1.0.3.jar
7f8a11a61000-7f8a11a73000 r--s 00223000 08:07 12104                      /media/anonymous/data/Android/android-studio/gradle/m2repository/org/eclipse/jdt/core/compiler/ecj/4.4.2/ecj-4.4.2.jar
7f8a11a73000-7f8a11a7a000 r--s 000be000 08:07 14034                      /media/anonymous/data/Android/android-studio/gradle/m2repository/com/android/tools/lint/lint-checks/25.1.2/lint-checks-25.1.2.jar
7f8a11a7a000-7f8a11a8a000 r--s 000d6000 08:07 12509                      /media/anonymous/data/Android/android-studio/gradle/m2repository/net/sf/proguard/proguard-base/5.2.1/proguard-base-5.2.1.jar
7f8a11a8a000-7f8a11a8b000 r--s 00001000 08:07 13993                      /media/anonymous/data/Android/android-studio/gradle/m2repository/com/android/tools/annotations/25.1.2/annotations-25.1.2.jar
7f8a11a8b000-7f8a11ab6000 r--s 001f9000 08:07 12246                      /media/anonymous/data/Android/android-studio/gradle/m2repository/com/google/guava/guava/17.0/guava-17.0.jar
7f8a11ab6000-7f8a11ac4000 r--s 00081000 08:07 12166                      /media/anonymous/data/Android/android-studio/gradle/m2repository/org/bouncycastle/bcpkix-jdk15on/1.48/bcpkix-jdk15on-1.48.jar
7f8a11ac4000-7f8a11acc000 r--s 00078000 08:07 14043                      /media/anonymous/data/Android/android-studio/gradle/m2repository/com/android/tools/sdklib/25.1.2/sdklib-25.1.2.jar
7f8a11acc000-7f8a11ad2000 r--s 0004a000 08:07 14025                      /media/anonymous/data/Android/android-studio/gradle/m2repository/com/android/tools/ddms/ddmlib/25.1.2/ddmlib-25.1.2.jar
7f8a11ad2000-7f8a11ad3000 r--s 00001000 08:07 20147                      /media/anonymous/data/Android/android-studio/gradle/m2repository/com/android/tools/jill/jill-api/0.10.0/jill-api-0.10.0.jar
7f8a11ad3000-7f8a11ad5000 r--s 00005000 08:07 14013                      /media/anonymous/data/Android/android-studio/gradle/m2repository/com/android/tools/build/builder-model/2.1.2/builder-model-2.1.2.jar
7f8a11ad5000-7f8a11ad6000 r--s 00002000 08:07 14001                      /media/anonymous/data/Android/android-studio/gradle/m2repository/com/android/tools/build/builder-test-api/2.1.2/builder-test-api-2.1.2.jar
7f8a11ad6000-7f8a11ad9000 r--s 00028000 08:07 14007                      /media/anonymous/data/Android/android-studio/gradle/m2repository/com/android/tools/build/manifest-merger/25.1.2/manifest-merger-25.1.2.jar
7f8a11ad9000-7f8a11adb000 r--s 00002000 08:07 12228                      /media/anonymous/data/Android/android-studio/gradle/m2repository/com/squareup/javawriter/2.5.0/javawriter-2.5.0.jar
7f8a11adb000-7f8a11add000 r--s 00006000 08:07 12213                      /media/anonymous/data/Android/android-studio/gradle/m2repository/org/ow2/asm/asm-tree/5.0.3/asm-tree-5.0.3.jar
7f8a11add000-7f8a11ae5000 r--s 0007c000 08:07 14022                      /media/anonymous/data/Android/android-studio/gradle/m2repository/com/android/tools/sdk-common/25.1.2/sdk-common-25.1.2.jar
7f8a11ae5000-7f8a11b18000 r--s 00203000 08:07 12172                      /media/anonymous/data/Android/android-studio/gradle/m2repository/org/bouncycastle/bcprov-jdk15on/1.48/bcprov-jdk15on-1.48.jar
7f8a11b18000-7f8a11b1a000 r--s 00003000 08:07 20148                      /media/anonymous/data/Android/android-studio/gradle/m2repository/com/android/tools/jack/jack-api/0.10.0/jack-api-0.10.0.jar
7f8a11b1a000-7f8a11b1c000 r--s 00018000 08:07 14047                      /media/anonymous/data/Android/android-studio/gradle/m2repository/com/android/tools/common/25.1.2/common-25.1.2.jar
7f8a11b1c000-7f8a11b21000 r--s 00058000 08:07 12328                      /media/anonymous/data/Android/android-studio/gradle/m2repository/org/ow2/asm/asm-debug-all/5.0.1/asm-debug-all-5.0.1.jar
7f8a11b21000-7f8a11b25000 r--s 0002b000 08:07 13990                      /media/anonymous/data/Android/android-studio/gradle/m2repository/com/android/databinding/compilerCommon/2.1.2/compilerCommon-2.1.2.jar
7f8a11b25000-7f8a11b27000 r--s 00023000 08:07 14038                      /media/anonymous/data/Android/android-studio/gradle/m2repository/com/android/tools/lint/lint/25.1.2/lint-25.1.2.jar
7f8a11b27000-7f8a11b28000 r--s 0000c000 08:07 12201                      /media/anonymous/data/Android/android-studio/gradle/m2repository/org/ow2/asm/asm/5.0.3/asm-5.0.3.jar
7f8a11b28000-7f8a11b29000 r--s 00002000 08:07 12520                      /media/anonymous/data/Android/android-studio/gradle/m2repository/net/sf/proguard/proguard-gradle/5.2.1/proguard-gradle-5.2.1.jar
7f8a11b29000-7f8a11b2a000 r--s 00002000 08:07 14004                      /media/anonymous/data/Android/android-studio/gradle/m2repository/com/android/tools/build/gradle-api/2.1.2/gradle-api-2.1.2.jar
7f8a11b2a000-7f8a11b2c000 r--s 00009000 08:07 12658                      /media/anonymous/data/Android/android-studio/gradle/m2repository/org/ow2/asm/asm-commons/5.0.3/asm-commons-5.0.3.jar
7f8a11b2c000-7f8a11b2d000 r--s 00000000 08:07 20146                      /media/anonymous/data/Android/android-studio/gradle/m2repository/com/android/tools/build/transform-api/2.0.0-deprecated-use-gradle-api/transform-api-2.0.0-deprecated-use-gradle-api.jar
7f8a11b2d000-7f8a11b41000 r--s 00130000 08:07 13999                      /media/anonymous/data/Android/android-studio/gradle/m2repository/com/android/tools/build/builder/2.1.2/builder-2.1.2.jar
7f8a11b41000-7f8a11b45000 r--s 0001e000 08:07 12368                      /media/anonymous/data/Android/android-studio/gradle/m2repository/org/jacoco/org.jacoco.core/0.7.4.201502262128/org.jacoco.core-0.7.4.201502262128.jar
7f8a11b45000-7f8a11b61000 r--s 0017c000 08:07 14011                      /media/anonymous/data/Android/android-studio/gradle/m2repository/com/android/tools/build/gradle-core/2.1.2/gradle-core-2.1.2.jar
7f8a11b61000-7f8a11b63000 r--s 0000c000 08:07 14016                      /media/anonymous/data/Android/android-studio/gradle/m2repository/com/android/tools/build/gradle/2.1.2/gradle-2.1.2.jar
7f8a11b63000-7f8a11b6d000 r--s 00253000 08:05 1713580                    /usr/lib/jvm/java-7-oracle/jre/lib/resources.jar
7f8a11b6d000-7f8a11b70000 ---p 00000000 00:00 0 
7f8a11b70000-7f8a11c6e000 rw-p 00000000 00:00 0 
7f8a11c6e000-7f8a11c71000 ---p 00000000 00:00 0 
7f8a11c71000-7f8a11ca7000 rw-p 00000000 00:00 0 
7f8a11ca7000-7f8a11ca8000 r--p 00000000 00:00 0 
7f8a11ca8000-7f8a11d13000 r--s 00e21000 08:05 1601163                    /usr/lib/jvm/java-7-oracle/lib/tools.jar
7f8a11d13000-7f8a11d16000 ---p 00000000 00:00 0 
7f8a11d16000-7f8a11e14000 rw-p 00000000 00:00 0 
7f8a11e14000-7f8a11e1b000 r--s 00000000 08:05 1091058                    /usr/lib/x86_64-linux-gnu/gconv/gconv-modules.cache
7f8a11e1b000-7f8a11e1e000 ---p 00000000 00:00 0 
7f8a11e1e000-7f8a11f1c000 rw-p 00000000 00:00 0 
7f8a11f1c000-7f8a11f1f000 ---p 00000000 00:00 0 
7f8a11f1f000-7f8a1201d000 rw-p 00000000 00:00 0 
7f8a1201d000-7f8a12020000 ---p 00000000 00:00 0 
7f8a12020000-7f8a1211e000 rw-p 00000000 00:00 0 
7f8a1211e000-7f8a12121000 ---p 00000000 00:00 0 
7f8a12121000-7f8a1221f000 rw-p 00000000 00:00 0 
7f8a1221f000-7f8a12222000 ---p 00000000 00:00 0 
7f8a12222000-7f8a12320000 rw-p 00000000 00:00 0 
7f8a12320000-7f8a12324000 r--s 0008b000 08:05 1719553                    /usr/lib/jvm/java-7-oracle/jre/lib/jsse.jar
7f8a12324000-7f8a12326000 r--s 00005000 08:05 746973                     /home/anonymous/.gradle/wrapper/dists/gradle-2.10-all/a4w5fzrkeut1ox71xslb49gst/gradle-2.10/lib/plugins/gradle-tooling-api-builders-2.10.jar
7f8a12326000-7f8a12336000 r--s 00088000 08:05 747677                     /home/anonymous/.gradle/wrapper/dists/gradle-2.10-all/a4w5fzrkeut1ox71xslb49gst/gradle-2.10/lib/plugins/joda-time-2.8.2.jar
7f8a12336000-7f8a12347000 r--s 000cf000 08:05 747676                     /home/anonymous/.gradle/wrapper/dists/gradle-2.10-all/a4w5fzrkeut1ox71xslb49gst/gradle-2.10/lib/plugins/jackson-databind-2.3.2.jar
7f8a12347000-7f8a12349000 r--s 00007000 08:05 747675                     /home/anonymous/.gradle/wrapper/dists/gradle-2.10-all/a4w5fzrkeut1ox71xslb49gst/gradle-2.10/lib/plugins/jackson-annotations-2.3.2.jar
7f8a12349000-7f8a1234c000 r--s 0002e000 08:05 747674                     /home/anonymous/.gradle/wrapper/dists/gradle-2.10-all/a4w5fzrkeut1ox71xslb49gst/gradle-2.10/lib/plugins/jackson-core-2.3.2.jar
7f8a1234c000-7f8a12357000 r--s 0006b000 08:05 747673                     /home/anonymous/.gradle/wrapper/dists/gradle-2.10-all/a4w5fzrkeut1ox71xslb49gst/gradle-2.10/lib/plugins/aws-java-sdk-core-1.9.19.jar
7f8a12357000-7f8a1235d000 r--s 00036000 08:05 747672                     /home/anonymous/.gradle/wrapper/dists/gradle-2.10-all/a4w5fzrkeut1ox71xslb49gst/gradle-2.10/lib/plugins/aws-java-sdk-kms-1.9.19.jar
7f8a1235d000-7f8a12368000 r--s 00079000 08:05 747671                     /home/anonymous/.gradle/wrapper/dists/gradle-2.10-all/a4w5fzrkeut1ox71xslb49gst/gradle-2.10/lib/plugins/aws-java-sdk-s3-1.9.19.jar
7f8a12368000-7f8a12369000 r--s 00003000 08:05 746972                     /home/anonymous/.gradle/wrapper/dists/gradle-2.10-all/a4w5fzrkeut1ox71xslb49gst/gradle-2.10/lib/plugins/gradle-resources-s3-2.10.jar
7f8a12369000-7f8a1236a000 r--s 00004000 08:05 746971                     /home/anonymous/.gradle/wrapper/dists/gradle-2.10-all/a4w5fzrkeut1ox71xslb49gst/gradle-2.10/lib/plugins/gradle-resources-sftp-2.10.jar
7f8a1236a000-7f8a1236b000 r--s 00001000 08:05 746968                     /home/anonymous/.gradle/wrapper/dists/gradle-2.10-all/a4w5fzrkeut1ox71xslb49gst/gradle-2.10/lib/plugins/gradle-plugin-development-2.10.jar
7f8a1236b000-7f8a1236d000 r--s 00005000 08:05 746967                     /home/anonymous/.gradle/wrapper/dists/gradle-2.10-all/a4w5fzrkeut1ox71xslb49gst/gradle-2.10/lib/plugins/gradle-testing-native-2.10.jar
7f8a1236d000-7f8a12372000 r--s 0002b000 08:05 746966                     /home/anonymous/.gradle/wrapper/dists/gradle-2.10-all/a4w5fzrkeut1ox71xslb49gst/gradle-2.10/lib/plugins/gradle-ide-native-2.10.jar
7f8a12372000-7f8a12377000 r--s 0001a000 08:05 746965                     /home/anonymous/.gradle/wrapper/dists/gradle-2.10-all/a4w5fzrkeut1ox71xslb49gst/gradle-2.10/lib/plugins/gradle-language-native-2.10.jar
7f8a12377000-7f8a1237c000 r--s 00028000 08:05 746964                     /home/anonymous/.gradle/wrapper/dists/gradle-2.10-all/a4w5fzrkeut1ox71xslb49gst/gradle-2.10/lib/plugins/gradle-platform-play-2.10.jar
7f8a1237c000-7f8a12389000 r--s 0004f000 08:05 746963                     /home/anonymous/.gradle/wrapper/dists/gradle-2.10-all/a4w5fzrkeut1ox71xslb49gst/gradle-2.10/lib/plugins/gradle-platform-native-2.10.jar
7f8a12389000-7f8a1238c000 r--s 00008000 08:05 746962                     /home/anonymous/.gradle/wrapper/dists/gradle-2.10-all/a4w5fzrkeut1ox71xslb49gst/gradle-2.10/lib/plugins/gradle-language-scala-2.10.jar
7f8a1238c000-7f8a1238e000 r--s 00009000 08:05 746961                     /home/anonymous/.gradle/wrapper/dists/gradle-2.10-all/a4w5fzrkeut1ox71xslb49gst/gradle-2.10/lib/plugins/gradle-language-groovy-2.10.jar
7f8a1238e000-7f8a12394000 r--s 00023000 08:05 746960                     /home/anonymous/.gradle/wrapper/dists/gradle-2.10-all/a4w5fzrkeut1ox71xslb49gst/gradle-2.10/lib/plugins/gradle-language-java-2.10.jar
7f8a12394000-7f8a12396000 r--s 00008000 08:05 746959                     /home/anonymous/.gradle/wrapper/dists/gradle-2.10-all/a4w5fzrkeut1ox71xslb49gst/gradle-2.10/lib/plugins/gradle-language-jvm-2.10.jar
7f8a12396000-7f8a12399000 r--s 00015000 08:05 746958                     /home/anonymous/.gradle/wrapper/dists/gradle-2.10-all/a4w5fzrkeut1ox71xslb49gst/gradle-2.10/lib/plugins/gradle-platform-jvm-2.10.jar
7f8a12399000-7f8a123a1000 r--s 0002b000 08:05 746957                     /home/anonymous/.gradle/wrapper/dists/gradle-2.10-all/a4w5fzrkeut1ox71xslb49gst/gradle-2.10/lib/plugins/gradle-platform-base-2.10.jar
7f8a123a1000-7f8a123a5000 r--s 00020000 08:05 746956                     /home/anonymous/.gradle/wrapper/dists/gradle-2.10-all/a4w5fzrkeut1ox71xslb49gst/gradle-2.10/lib/plugins/gradle-build-init-2.10.jar
7f8a123a5000-7f8a123a8000 r--s 00017000 08:05 746955                     /home/anonymous/.gradle/wrapper/dists/gradle-2.10-all/a4w5fzrkeut1ox71xslb49gst/gradle-2.10/lib/plugins/gradle-jacoco-2.10.jar
7f8a123a8000-7f8a123ab000 r--s 0000e000 08:05 746954                     /home/anonymous/.gradle/wrapper/dists/gradle-2.10-all/a4w5fzrkeut1ox71xslb49gst/gradle-2.10/lib/plugins/gradle-ivy-2.10.jar
7f8a123ab000-7f8a123ad000 r--s 00002000 08:05 746953                     /home/anonymous/.gradle/wrapper/dists/gradle-2.10-all/a4w5fzrkeut1ox71xslb49gst/gradle-2.10/lib/plugins/gradle-publish-2.10.jar
7f8a123ad000-7f8a123af000 r--s 00005000 08:05 747667                     /home/anonymous/.gradle/wrapper/dists/gradle-2.10-all/a4w5fzrkeut1ox71xslb49gst/gradle-2.10/lib/plugins/jatl-0.2.2.jar
7f8a123af000-7f8a123b1000 r--s 0000f000 08:05 746952                     /home/anonymous/.gradle/wrapper/dists/gradle-2.10-all/a4w5fzrkeut1ox71xslb49gst/gradle-2.10/lib/plugins/gradle-reporting-2.10.jar
7f8a123b1000-7f8a123b7000 r--s 00036000 08:05 746951                     /home/anonymous/.gradle/wrapper/dists/gradle-2.10-all/a4w5fzrkeut1ox71xslb49gst/gradle-2.10/lib/plugins/gradle-diagnostics-2.10.jar
7f8a123b7000-7f8a123be000 r--s 0008f000 08:05 746950                     /home/anonymous/.gradle/wrapper/dists/gradle-2.10-all/a4w5fzrkeut1ox71xslb49gst/gradle-2.10/lib/plugins/gradle-build-comparison-2.10.jar
7f8a123be000-7f8a123c5000 r--s 00035000 08:05 747666                     /home/anonymous/.gradle/wrapper/dists/gradle-2.10-all/a4w5fzrkeut1ox71xslb49gst/gradle-2.10/lib/plugins/simple-4.1.21.jar
7f8a123c5000-7f8a123d1000 r--s 00100000 08:05 747664                     /home/anonymous/.gradle/wrapper/dists/gradle-2.10-all/a4w5fzrkeut1ox71xslb49gst/gradle-2.10/lib/plugins/rhino-1.7R3.jar
7f8a123d1000-7f8a123d5000 r--s 0001c000 08:05 746949                     /home/anonymous/.gradle/wrapper/dists/gradle-2.10-all/a4w5fzrkeut1ox71xslb49gst/gradle-2.10/lib/plugins/gradle-javascript-2.10.jar
7f8a123d5000-7f8a123d7000 r--s 0000b000 08:05 746948                     /home/anonymous/.gradle/wrapper/dists/gradle-2.10-all/a4w5fzrkeut1ox71xslb49gst/gradle-2.10/lib/plugins/gradle-ear-2.10.jar
7f8a123d7000-7f8a123de000 r--s 00038000 08:05 747663                     /home/anonymous/.gradle/wrapper/dists/gradle-2.10-all/a4w5fzrkeut1ox71xslb49gst/gradle-2.10/lib/plugins/bcpg-jdk15on-1.51.jar
7f8a123de000-7f8a123e0000 r--s 00017000 08:05 746947                     /home/anonymous/.gradle/wrapper/dists/gradle-2.10-all/a4w5fzrkeut1ox71xslb49gst/gradle-2.10/lib/plugins/gradle-signing-2.10.jar
7f8a123e0000-7f8a123e1000 r--s 00002000 08:05 747662                     /home/anonymous/.gradle/wrapper/dists/gradle-2.10-all/a4w5fzrkeut1ox71xslb49gst/gradle-2.10/lib/plugins/sonar-batch-bootstrapper-2.9.jar
7f8a123e1000-7f8a123e4000 r--s 00015000 08:05 746946                     /home/anonymous/.gradle/wrapper/dists/gradle-2.10-all/a4w5fzrkeut1ox71xslb49gst/gradle-2.10/lib/plugins/gradle-sonar-2.10.jar
7f8a123e4000-7f8a123e7000 r--s 00010000 08:05 746945                     /home/anonymous/.gradle/wrapper/dists/gradle-2.10-all/a4w5fzrkeut1ox71xslb49gst/gradle-2.10/lib/plugins/gradle-scala-2.10.jar
7f8a123e7000-7f8a123e9000 r--s 0000a000 08:05 746944                     /home/anonymous/.gradle/wrapper/dists/gradle-2.10-all/a4w5fzrkeut1ox71xslb49gst/gradle-2.10/lib/plugins/gradle-announce-2.10.jar
7f8a123e9000-7f8a123f8000 r--s 0009f000 08:05 746943                     /home/anonymous/.gradle/wrapper/dists/gradle-2.10-all/a4w5fzrkeut1ox71xslb49gst/gradle-2.10/lib/plugins/gradle-ide-2.10.jar
7f8a123f8000-7f8a123fb000 r--s 0000c000 08:05 747661                     /home/anonymous/.gradle/wrapper/dists/gradle-2.10-all/a4w5fzrkeut1ox71xslb49gst/gradle-2.10/lib/plugins/pmaven-groovy-0.8-20100325.jar
7f8a123fb000-7f8a123fc000 r--s 00004000 08:05 747660                     /home/anonymous/.gradle/wrapper/dists/gradle-2.10-all/a4w5fzrkeut1ox71xslb49gst/gradle-2.10/lib/plugins/pmaven-common-0.8-20100325.jar
7f8a123fc000-7f8a12402000 r--s 00022000 08:05 746942                     /home/anonymous/.gradle/wrapper/dists/gradle-2.10-all/a4w5fzrkeut1ox71xslb49gst/gradle-2.10/lib/plugins/gradle-maven-2.10.jar
7f8a12402000-7f8a12423000 r--s 001c3000 08:05 747658                     /home/anonymous/.gradle/wrapper/dists/gradle-2.10-all/a4w5fzrkeut1ox71xslb49gst/gradle-2.10/lib/plugins/bndlib-2.4.0.jar
7f8a12423000-7f8a12425000 r--s 00004000 08:05 746941                     /home/anonymous/.gradle/wrapper/dists/gradle-2.10-all/a4w5fzrkeut1ox71xslb49gst/gradle-2.10/lib/plugins/gradle-osgi-2.10.jar
7f8a12425000-7f8a12427000 r--s 00008000 08:05 746940                     /home/anonymous/.gradle/wrapper/dists/gradle-2.10-all/a4w5fzrkeut1ox71xslb49gst/gradle-2.10/lib/plugins/gradle-antlr-2.10.jar
7f8a12427000-7f8a1242a000 r--s 0001e000 08:05 747686                     /home/anonymous/.gradle/wrapper/dists/gradle-2.10-all/a4w5fzrkeut1ox71xslb49gst/gradle-2.10/lib/plugins/jsp-api-2.1-6.1.14.jar
7f8a1242a000-7f8a1244d000 r--s 00344000 08:05 747685                     /home/anonymous/.gradle/wrapper/dists/gradle-2.10-all/a4w5fzrkeut1ox71xslb49gst/gradle-2.10/lib/plugins/core-3.1.1.jar
7f8a1244d000-7f8a1244e000 r--s 00006000 08:05 747684                     /home/anonymous/.gradle/wrapper/dists/gradle-2.10-all/a4w5fzrkeut1ox71xslb49gst/gradle-2.10/lib/plugins/jetty-naming-6.1.25.jar
7f8a1244e000-7f8a1244f000 r--s 00002000 08:05 747657                     /home/anonymous/.gradle/wrapper/dists/gradle-2.10-all/a4w5fzrkeut1ox71xslb49gst/gradle-2.10/lib/plugins/geronimo-annotation_1.0_spec-1.0.jar
7f8a1244f000-7f8a12451000 r--s 00002000 08:05 747656                     /home/anonymous/.gradle/wrapper/dists/gradle-2.10-all/a4w5fzrkeut1ox71xslb49gst/gradle-2.10/lib/plugins/jetty-annotations-6.1.25.jar
7f8a12451000-7f8a12462000 r--s 000ea000 08:05 747653                     /home/anonymous/.gradle/wrapper/dists/gradle-2.10-all/a4w5fzrkeut1ox71xslb49gst/gradle-2.10/lib/plugins/jsp-2.1-6.1.14.jar
7f8a12462000-7f8a12464000 r--s 0000d000 08:05 747651                     /home/anonymous/.gradle/wrapper/dists/gradle-2.10-all/a4w5fzrkeut1ox71xslb49gst/gradle-2.10/lib/plugins/jetty-plus-6.1.25.jar
7f8a12464000-7f8a12466000 r--s 0001f000 08:05 746997                     /home/anonymous/.gradle/wrapper/dists/gradle-2.10-all/a4w5fzrkeut1ox71xslb49gst/gradle-2.10/lib/plugins/servlet-api-2.5-20081211.jar
7f8a12466000-7f8a1246a000 r--s 00028000 08:05 746980                     /home/anonymous/.gradle/wrapper/dists/gradle-2.10-all/a4w5fzrkeut1ox71xslb49gst/gradle-2.10/lib/plugins/jetty-util-6.1.25.jar
7f8a1246a000-7f8a12471000 r--s 0007d000 08:05 746979                     /home/anonymous/.gradle/wrapper/dists/gradle-2.10-all/a4w5fzrkeut1ox71xslb49gst/gradle-2.10/lib/plugins/jetty-6.1.25.jar
7f8a12471000-7f8a12473000 r--s 00009000 08:05 746939                     /home/anonymous/.gradle/wrapper/dists/gradle-2.10-all/a4w5fzrkeut1ox71xslb49gst/gradle-2.10/lib/plugins/gradle-jetty-2.10.jar
7f8a12473000-7f8a12479000 r--s 00037000 08:05 746938                     /home/anonymous/.gradle/wrapper/dists/gradle-2.10-all/a4w5fzrkeut1ox71xslb49gst/gradle-2.10/lib/plugins/gradle-code-quality-2.10.jar
7f8a12479000-7f8a1247b000 r--s 00009000 08:05 747716                     /home/anonymous/.gradle/wrapper/dists/gradle-2.10-all/a4w5fzrkeut1ox71xslb49gst/gradle-2.10/lib/plugins/hamcrest-core-1.3.jar
7f8a1247b000-7f8a12481000 r--s 00033000 08:05 747683                     /home/anonymous/.gradle/wrapper/dists/gradle-2.10-all/a4w5fzrkeut1ox71xslb49gst/gradle-2.10/lib/plugins/snakeyaml-1.6.jar
7f8a12481000-7f8a12483000 r--s 00006000 08:05 747682                     /home/anonymous/.gradle/wrapper/dists/gradle-2.10-all/a4w5fzrkeut1ox71xslb49gst/gradle-2.10/lib/plugins/jcommander-1.12.jar
7f8a12483000-7f8a12488000 r--s 00040000 08:05 747681                     /home/anonymous/.gradle/wrapper/dists/gradle-2.10-all/a4w5fzrkeut1ox71xslb49gst/gradle-2.10/lib/plugins/bsh-2.0b4.jar
7f8a12488000-7f8a1248a000 r--s 00009000 08:05 746978                     /home/anonymous/.gradle/wrapper/dists/gradle-2.10-all/a4w5fzrkeut1ox71xslb49gst/gradle-2.10/lib/plugins/commons-cli-1.2.jar
7f8a1248a000-7f8a12493000 r--s 00089000 08:05 746977                     /home/anonymous/.gradle/wrapper/dists/gradle-2.10-all/a4w5fzrkeut1ox71xslb49gst/gradle-2.10/lib/plugins/testng-6.3.1.jar
7f8a12493000-7f8a1249b000 r--s 00045000 08:05 746976                     /home/anonymous/.gradle/wrapper/dists/gradle-2.10-all/a4w5fzrkeut1ox71xslb49gst/gradle-2.10/lib/plugins/junit-4.12.jar
7f8a1249b000-7f8a124a8000 r--s 00073000 08:05 746937                     /home/anonymous/.gradle/wrapper/dists/gradle-2.10-all/a4w5fzrkeut1ox71xslb49gst/gradle-2.10/lib/plugins/gradle-plugins-2.10.jar
7f8a124a8000-7f8a124c0000 r--s 00115000 08:05 747714                     /home/anonymous/.gradle/wrapper/dists/gradle-2.10-all/a4w5fzrkeut1ox71xslb49gst/gradle-2.10/lib/plugins/xercesImpl-2.9.1.jar
7f8a124c0000-7f8a124c8000 r--s 00028000 08:05 747715                     /home/anonymous/.gradle/wrapper/dists/gradle-2.10-all/a4w5fzrkeut1ox71xslb49gst/gradle-2.10/lib/plugins/xml-apis-1.3.04.jar
7f8a124c8000-7f8a124ce000 r--s 0005b000 08:05 747713                     /home/anonymous/.gradle/wrapper/dists/gradle-2.10-all/a4w5fzrkeut1ox71xslb49gst/gradle-2.10/lib/plugins/jcifs-1.3.17.jar
7f8a124ce000-7f8a124d4000 r--s 00031000 08:05 747712                     /home/anonymous/.gradle/wrapper/dists/gradle-2.10-all/a4w5fzrkeut1ox71xslb49gst/gradle-2.10/lib/plugins/httpcore-4.2.2.jar
7f8a124d4000-7f8a124da000 r--s 00033000 08:05 747711                     /home/anonymous/.gradle/wrapper/dists/gradle-2.10-all/a4w5fzrkeut1ox71xslb49gst/gradle-2.10/lib/plugins/commons-codec-1.6.jar
7f8a124da000-7f8a124dd000 r--s 0001c000 08:05 747669                     /home/anonymous/.gradle/wrapper/dists/gradle-2.10-all/a4w5fzrkeut1ox71xslb49gst/gradle-2.10/lib/plugins/nekohtml-1.9.14.jar
7f8a124dd000-7f8a124e6000 r--s 00060000 08:05 747668                     /home/anonymous/.gradle/wrapper/dists/gradle-2.10-all/a4w5fzrkeut1ox71xslb49gst/gradle-2.10/lib/plugins/httpclient-4.2.2.jar
7f8a124e6000-7f8a124e8000 r--s 00009000 08:05 746970                     /home/anonymous/.gradle/wrapper/dists/gradle-2.10-all/a4w5fzrkeut1ox71xslb49gst/gradle-2.10/lib/plugins/gradle-resources-http-2.10.jar
7f8a124e8000-7f8a124eb000 r--s 00011000 08:05 746969                     /home/anonymous/.gradle/wrapper/dists/gradle-2.10-all/a4w5fzrkeut1ox71xslb49gst/gradle-2.10/lib/plugins/gradle-plugin-use-2.10.jar
7f8a124eb000-7f8a124ec000 r--s 00007000 08:05 747710                     /home/anonymous/.gradle/wrapper/dists/gradle-2.10-all/a4w5fzrkeut1ox71xslb49gst/gradle-2.10/lib/plugins/wagon-http-shared4-2.4.jar
7f8a124ec000-7f8a124f0000 r--s 00033000 08:05 747709                     /home/anonymous/.gradle/wrapper/dists/gradle-2.10-all/a4w5fzrkeut1ox71xslb49gst/gradle-2.10/lib/plugins/plexus-utils-2.0.6.jar
7f8a124f0000-7f8a124f4000 r--s 00021000 08:05 747708                     /home/anonymous/.gradle/wrapper/dists/gradle-2.10-all/a4w5fzrkeut1ox71xslb49gst/gradle-2.10/lib/plugins/maven-model-builder-3.0.4.jar
7f8a124f4000-7f8a124f5000 r--s 00002000 08:05 747707                     /home/anonymous/.gradle/wrapper/dists/gradle-2.10-all/a4w5fzrkeut1ox71xslb49gst/gradle-2.10/lib/plugins/wagon-file-2.4.jar
7f8a124f5000-7f8a124f7000 r--s 00002000 08:05 747706                     /home/anonymous/.gradle/wrapper/dists/gradle-2.10-all/a4w5fzrkeut1ox71xslb49gst/gradle-2.10/lib/plugins/plexus-cipher-1.7.jar
7f8a124f7000-7f8a124fa000 r--s 00013000 08:05 747705                     /home/anonymous/.gradle/wrapper/dists/gradle-2.10-all/a4w5fzrkeut1ox71xslb49gst/gradle-2.10/lib/plugins/aether-api-1.13.1.jar
7f8a124fa000-7f8a124fc000 r--s 0000a000 08:05 747704                     /home/anonymous/.gradle/wrapper/dists/gradle-2.10-all/a4w5fzrkeut1ox71xslb49gst/gradle-2.10/lib/plugins/maven-settings-3.0.4.jar
7f8a124fc000-7f8a124fe000 r--s 0000d000 08:05 747703                     /home/anonymous/.gradle/wrapper/dists/gradle-2.10-all/a4w5fzrkeut1ox71xslb49gst/gradle-2.10/lib/plugins/plexus-interpolation-1.14.jar
7f8a124fe000-7f8a12500000 r--s 0000b000 08:05 747702                     /home/anonymous/.gradle/wrapper/dists/gradle-2.10-all/a4w5fzrkeut1ox71xslb49gst/gradle-2.10/lib/plugins/maven-artifact-3.0.4.jar
7f8a12500000-7f8a12507000 r--s 0002e000 08:05 747701                     /home/anonymous/.gradle/wrapper/dists/gradle-2.10-all/a4w5fzrkeut1ox71xslb49gst/gradle-2.10/lib/plugins/plexus-container-default-1.5.5.jar
7f8a12507000-7f8a12509000 r--s 0000b000 08:05 747700                     /home/anonymous/.gradle/wrapper/dists/gradle-2.10-all/a4w5fzrkeut1ox71xslb49gst/gradle-2.10/lib/plugins/maven-plugin-api-3.0.4.jar
7f8a12509000-7f8a1250b000 r--s 00000000 08:05 747717                     /home/anonymous/.gradle/wrapper/dists/gradle-2.10-all/a4w5fzrkeut1ox71xslb49gst/gradle-2.10/lib/plugins/plexus-component-annotations-1.5.5.jar
7f8a1250b000-7f8a12511000 r--s 0003f000 08:05 747699                     /home/anonymous/.gradle/wrapper/dists/gradle-2.10-all/a4w5fzrkeut1ox71xslb49gst/gradle-2.10/lib/plugins/maven-compat-3.0.4.jar
7f8a12511000-7f8a12514000 r--s 00008000 08:05 747698                     /home/anonymous/.gradle/wrapper/dists/gradle-2.10-all/a4w5fzrkeut1ox71xslb49gst/gradle-2.10/lib/plugins/maven-settings-builder-3.0.4.jar
7f8a12514000-7f8a12515000 r--s 00002000 08:05 747697                     /home/anonymous/.gradle/wrapper/dists/gradle-2.10-all/a4w5fzrkeut1ox71xslb49gst/gradle-2.10/lib/plugins/wagon-http-2.4.jar
7f8a12515000-7f8a12517000 r--s 00026000 08:05 747696                     /home/anonymous/.gradle/wrapper/dists/gradle-2.10-all/a4w5fzrkeut1ox71xslb49gst/gradle-2.10/lib/plugins/maven-model-3.0.4.jar
7f8a12517000-7f8a12519000 r--s 00006000 08:05 747695                     /home/anonymous/.gradle/wrapper/dists/gradle-2.10-all/a4w5fzrkeut1ox71xslb49gst/gradle-2.10/lib/plugins/aether-connector-wagon-1.13.1.jar
7f8a12519000-7f8a1251b000 r--s 0000a000 08:05 747694                     /home/anonymous/.gradle/wrapper/dists/gradle-2.10-all/a4w5fzrkeut1ox71xslb49gst/gradle-2.10/lib/plugins/plexus-classworlds-2.4.jar
7f8a1251b000-7f8a1251d000 r--s 00006000 08:05 747693                     /home/anonymous/.gradle/wrapper/dists/gradle-2.10-all/a4w5fzrkeut1ox71xslb49gst/gradle-2.10/lib/plugins/maven-repository-metadata-3.0.4.jar
7f8a1251d000-7f8a1251f000 r--s 0000c000 08:05 747692                     /home/anonymous/.gradle/wrapper/dists/gradle-2.10-all/a4w5fzrkeut1ox71xslb49gst/gradle-2.10/lib/plugins/maven-aether-provider-3.0.4.jar
7f8a1251f000-7f8a12521000 r--s 0000b000 08:05 747691                     /home/anonymous/.gradle/wrapper/dists/gradle-2.10-all/a4w5fzrkeut1ox71xslb49gst/gradle-2.10/lib/plugins/wagon-provider-api-2.4.jar
7f8a12521000-7f8a12522000 r--s 00003000 08:05 747690                     /home/anonymous/.gradle/wrapper/dists/gradle-2.10-all/a4w5fzrkeut1ox71xslb49gst/gradle-2.10/lib/plugins/aether-spi-1.13.1.jar
7f8a12522000-7f8a12526000 r--s 0001c000 08:05 747689                     /home/anonymous/.gradle/wrapper/dists/gradle-2.10-all/a4w5fzrkeut1ox71xslb49gst/gradle-2.10/lib/plugins/aether-util-1.13.1.jar
7f8a12526000-7f8a12529000 r--s 0001d000 08:05 747688                     /home/anonymous/.gradle/wrapper/dists/gradle-2.10-all/a4w5fzrkeut1ox71xslb49gst/gradle-2.10/lib/plugins/aether-impl-1.13.1.jar
7f8a12529000-7f8a1252a000 r--s 00006000 08:05 747687                     /home/anonymous/.gradle/wrapper/dists/gradle-2.10-all/a4w5fzrkeut1ox71xslb49gst/gradle-2.10/lib/plugins/plexus-sec-dispatcher-1.3.jar
7f8a1252a000-7f8a1256a000 r--s 00277000 08:05 747680                     /home/anonymous/.gradle/wrapper/dists/gradle-2.10-all/a4w5fzrkeut1ox71xslb49gst/gradle-2.10/lib/plugins/bcprov-jdk15on-1.51.jar
7f8a1256a000-7f8a12576000 r--s 0007d000 08:05 747659                     /home/anonymous/.gradle/wrapper/dists/gradle-2.10-all/a4w5fzrkeut1ox71xslb49gst/gradle-2.10/lib/plugins/maven-core-3.0.4.jar
7f8a12576000-7f8a12585000 r--s 000d9000 08:05 747678                     /home/anonymous/.gradle/wrapper/dists/gradle-2.10-all/a4w5fzrkeut1ox71xslb49gst/gradle-2.10/lib/plugins/ivy-2.2.0.jar
7f8a12585000-7f8a1259b000 r-xp 00000000 08:05 925593                     /lib/x86_64-linux-gnu/libgcc_s.so.1
7f8a1259b000-7f8a1279a000 ---p 00016000 08:05 925593                     /lib/x86_64-linux-gnu/libgcc_s.so.1
7f8a1279a000-7f8a1279b000 rw-p 00015000 08:05 925593                     /lib/x86_64-linux-gnu/libgcc_s.so.1
7f8a1279b000-7f8a1290d000 r-xp 00000000 08:05 655572                     /usr/lib/x86_64-linux-gnu/libstdc++.so.6.0.21
7f8a1290d000-7f8a12b0d000 ---p 00172000 08:05 655572                     /usr/lib/x86_64-linux-gnu/libstdc++.so.6.0.21
7f8a12b0d000-7f8a12b17000 r--p 00172000 08:05 655572                     /usr/lib/x86_64-linux-gnu/libstdc++.so.6.0.21
7f8a12b17000-7f8a12b19000 rw-p 0017c000 08:05 655572                     /usr/lib/x86_64-linux-gnu/libstdc++.so.6.0.21
7f8a12b19000-7f8a12b1d000 rw-p 00000000 00:00 0 
7f8a12b1d000-7f8a12b22000 r--s 00040000 08:05 747670                     /home/anonymous/.gradle/wrapper/dists/gradle-2.10-all/a4w5fzrkeut1ox71xslb49gst/gradle-2.10/lib/plugins/jsch-0.1.53.jar
7f8a12b22000-7f8a12b26000 r--s 0001d000 08:05 747679                     /home/anonymous/.gradle/wrapper/dists/gradle-2.10-all/a4w5fzrkeut1ox71xslb49gst/gradle-2.10/lib/plugins/xbean-reflect-3.4.jar
7f8a12b26000-7f8a12b2b000 r--s 0002a000 08:05 747665                     /home/anonymous/.gradle/wrapper/dists/gradle-2.10-all/a4w5fzrkeut1ox71xslb49gst/gradle-2.10/lib/plugins/gson-2.2.4.jar
7f8a12b2b000-7f8a12b47000 r--s 000c9000 08:05 746974                     /home/anonymous/.gradle/wrapper/dists/gradle-2.10-all/a4w5fzrkeut1ox71xslb49gst/gradle-2.10/lib/plugins/gradle-dependency-management-2.10.jar
7f8a12b47000-7f8a12b4b000 r-xp 00000000 08:05 700748                     /home/anonymous/.gradle/native/19/linux-amd64/libnative-platform.so
7f8a12b4b000-7f8a12d4a000 ---p 00004000 08:05 700748                     /home/anonymous/.gradle/native/19/linux-amd64/libnative-platform.so
7f8a12d4a000-7f8a12d4b000 rw-p 00003000 08:05 700748                     /home/anonymous/.gradle/native/19/linux-amd64/libnative-platform.so
7f8a12d4b000-7f8a12d5b000 r-xp 00000000 08:05 1713426                    /usr/lib/jvm/java-7-oracle/jre/lib/amd64/libnio.so
7f8a12d5b000-7f8a12f5b000 ---p 00010000 08:05 1713426                    /usr/lib/jvm/java-7-oracle/jre/lib/amd64/libnio.so
7f8a12f5b000-7f8a12f5c000 rw-p 00010000 08:05 1713426                    /usr/lib/jvm/java-7-oracle/jre/lib/amd64/libnio.so
7f8a12f5c000-7f8a1325d000 rw-p 00000000 00:00 0 
7f8a1325d000-7f8a13274000 r-xp 00000000 08:05 1713494                    /usr/lib/jvm/java-7-oracle/jre/lib/amd64/libnet.so
7f8a13274000-7f8a13473000 ---p 00017000 08:05 1713494                    /usr/lib/jvm/java-7-oracle/jre/lib/amd64/libnet.so
7f8a13473000-7f8a13474000 rw-p 00016000 08:05 1713494                    /usr/lib/jvm/java-7-oracle/jre/lib/amd64/libnet.so
7f8a13474000-7f8a13475000 r--s 00006000 08:05 746891                     /home/anonymous/.gradle/wrapper/dists/gradle-2.10-all/a4w5fzrkeut1ox71xslb49gst/gradle-2.10/lib/gradle-wrapper-2.10.jar
7f8a13475000-7f8a13480000 r--s 0003b000 08:05 746896                     /home/anonymous/.gradle/wrapper/dists/gradle-2.10-all/a4w5fzrkeut1ox71xslb49gst/gradle-2.10/lib/gradle-tooling-api-2.10.jar
7f8a13480000-7f8a13482000 r--s 00002000 08:05 746918                     /home/anonymous/.gradle/wrapper/dists/gradle-2.10-all/a4w5fzrkeut1ox71xslb49gst/gradle-2.10/lib/gradle-open-api-2.10.jar
7f8a13482000-7f8a13488000 r--s 00032000 08:05 746920                     /home/anonymous/.gradle/wrapper/dists/gradle-2.10-all/a4w5fzrkeut1ox71xslb49gst/gradle-2.10/lib/jaxen-1.1.jar
7f8a13488000-7f8a1348d000 r--s 00048000 08:05 746919                     /home/anonymous/.gradle/wrapper/dists/gradle-2.10-all/a4w5fzrkeut1ox71xslb49gst/gradle-2.10/lib/dom4j-1.6.1.jar
7f8a1348d000-7f8a13498000 r--s 00059000 08:05 746895                     /home/anonymous/.gradle/wrapper/dists/gradle-2.10-all/a4w5fzrkeut1ox71xslb49gst/gradle-2.10/lib/gradle-ui-2.10.jar
7f8a13498000-7f8a1349b000 r--s 00008000 08:05 746914                     /home/anonymous/.gradle/wrapper/dists/gradle-2.10-all/a4w5fzrkeut1ox71xslb49gst/gradle-2.10/lib/gradle-resources-2.10.jar
7f8a1349b000-7f8a1349d000 r--s 00007000 08:05 746936                     /home/anonymous/.gradle/wrapper/dists/gradle-2.10-all/a4w5fzrkeut1ox71xslb49gst/gradle-2.10/lib/objenesis-1.2.jar
7f8a1349d000-7f8a1349f000 r--s 00000000 08:05 746935                     /home/anonymous/.gradle/wrapper/dists/gradle-2.10-all/a4w5fzrkeut1ox71xslb49gst/gradle-2.10/lib/minlog-1.2.jar
7f8a1349f000-7f8a134a1000 r--s 0000f000 08:05 746934                     /home/anonymous/.gradle/wrapper/dists/gradle-2.10-all/a4w5fzrkeut1ox71xslb49gst/gradle-2.10/lib/reflectasm-1.07-shaded.jar
7f8a134a1000-7f8a134a5000 r--s 00026000 08:05 746925                     /home/anonymous/.gradle/wrapper/dists/gradle-2.10-all/a4w5fzrkeut1ox71xslb49gst/gradle-2.10/lib/kryo-2.20.jar
7f8a134a5000-7f8a134ae000 r--s 0003f000 08:05 746913                     /home/anonymous/.gradle/wrapper/dists/gradle-2.10-all/a4w5fzrkeut1ox71xslb49gst/gradle-2.10/lib/gradle-messaging-2.10.jar
7f8a134ae000-7f8a134af000 r--s 00003000 08:05 746933                     /home/anonymous/.gradle/wrapper/dists/gradle-2.10-all/a4w5fzrkeut1ox71xslb49gst/gradle-2.10/lib/native-platform-freebsd-amd64-0.10.jar
7f8a134af000-7f8a134b0000 r--s 00003000 08:05 746932                     /home/anonymous/.gradle/wrapper/dists/gradle-2.10-all/a4w5fzrkeut1ox71xslb49gst/gradle-2.10/lib/native-platform-freebsd-i386-0.10.jar
7f8a134b0000-7f8a1351f000 r--s 0063e000 08:05 746901                     /home/anonymous/.gradle/wrapper/dists/gradle-2.10-all/a4w5fzrkeut1ox71xslb49gst/gradle-2.10/lib/groovy-all-2.4.4.jar
7f8a1351f000-7f8a13520000 ---p 00000000 00:00 0 
7f8a13520000-7f8a13620000 rw-p 00000000 00:00 0 
7f8a13620000-7f8a13623000 ---p 00000000 00:00 0 
7f8a13623000-7f8a13721000 rw-p 00000000 00:00 0 
7f8a13721000-7f8a13724000 ---p 00000000 00:00 0 
7f8a13724000-7f8a13822000 rw-p 00000000 00:00 0 
7f8a13822000-7f8a13825000 ---p 00000000 00:00 0 
7f8a13825000-7f8a13923000 rw-p 00000000 00:00 0 
7f8a13923000-7f8a13926000 ---p 00000000 00:00 0 
7f8a13926000-7f8a13a24000 rw-p 00000000 00:00 0 
7f8a13a24000-7f8a13cfd000 r--p 00000000 08:05 659510                     /usr/lib/locale/locale-archive
7f8a13cfd000-7f8a13d00000 ---p 00000000 00:00 0 
7f8a13d00000-7f8a13dfe000 rw-p 00000000 00:00 0 
7f8a13dfe000-7f8a13e01000 ---p 00000000 00:00 0 
7f8a13e01000-7f8a13eff000 rw-p 00000000 00:00 0 
7f8a13eff000-7f8a13f00000 ---p 00000000 00:00 0 
7f8a13f00000-7f8a14000000 rw-p 00000000 00:00 0 
7f8a14000000-7f8a14036000 rw-p 00000000 00:00 0 
7f8a14036000-7f8a18000000 ---p 00000000 00:00 0 
7f8a18000000-7f8a18001000 r--s 00005000 08:05 746931                     /home/anonymous/.gradle/wrapper/dists/gradle-2.10-all/a4w5fzrkeut1ox71xslb49gst/gradle-2.10/lib/native-platform-windows-i386-0.10.jar
7f8a18001000-7f8a18002000 r--s 00005000 08:05 746930                     /home/anonymous/.gradle/wrapper/dists/gradle-2.10-all/a4w5fzrkeut1ox71xslb49gst/gradle-2.10/lib/native-platform-windows-amd64-0.10.jar
7f8a18002000-7f8a18003000 r--s 00003000 08:05 746929                     /home/anonymous/.gradle/wrapper/dists/gradle-2.10-all/a4w5fzrkeut1ox71xslb49gst/gradle-2.10/lib/native-platform-linux-i386-0.10.jar
7f8a18003000-7f8a18004000 r--s 00003000 08:05 746928                     /home/anonymous/.gradle/wrapper/dists/gradle-2.10-all/a4w5fzrkeut1ox71xslb49gst/gradle-2.10/lib/native-platform-linux-amd64-0.10.jar
7f8a18004000-7f8a18005000 r--s 00002000 08:05 746927                     /home/anonymous/.gradle/wrapper/dists/gradle-2.10-all/a4w5fzrkeut1ox71xslb49gst/gradle-2.10/lib/native-platform-osx-amd64-0.10.jar
7f8a18005000-7f8a18006000 r--s 00002000 08:05 746926                     /home/anonymous/.gradle/wrapper/dists/gradle-2.10-all/a4w5fzrkeut1ox71xslb49gst/gradle-2.10/lib/native-platform-osx-i386-0.10.jar
7f8a18006000-7f8a18008000 r--s 00008000 08:05 746923                     /home/anonymous/.gradle/wrapper/dists/gradle-2.10-all/a4w5fzrkeut1ox71xslb49gst/gradle-2.10/lib/jansi-1.2.1.jar
7f8a18008000-7f8a1800b000 r--s 0000d000 08:05 746922                     /home/anonymous/.gradle/wrapper/dists/gradle-2.10-all/a4w5fzrkeut1ox71xslb49gst/gradle-2.10/lib/native-platform-0.10.jar
7f8a1800b000-7f8a1800f000 r--s 000e4000 08:05 746921                     /home/anonymous/.gradle/wrapper/dists/gradle-2.10-all/a4w5fzrkeut1ox71xslb49gst/gradle-2.10/lib/jna-3.2.7.jar
7f8a1800f000-7f8a18011000 r--s 00008000 08:05 746897                     /home/anonymous/.gradle/wrapper/dists/gradle-2.10-all/a4w5fzrkeut1ox71xslb49gst/gradle-2.10/lib/gradle-native-2.10.jar
7f8a18011000-7f8a18013000 r--s 00005000 08:05 746894                     /home/anonymous/.gradle/wrapper/dists/gradle-2.10-all/a4w5fzrkeut1ox71xslb49gst/gradle-2.10/lib/gradle-cli-2.10.jar
7f8a18013000-7f8a18014000 r--s 00007000 08:05 746903                     /home/anonymous/.gradle/wrapper/dists/gradle-2.10-all/a4w5fzrkeut1ox71xslb49gst/gradle-2.10/lib/gradle-model-groovy-2.10.jar
7f8a18014000-7f8a18016000 r--s 00005000 08:05 746912                     /home/anonymous/.gradle/wrapper/dists/gradle-2.10-all/a4w5fzrkeut1ox71xslb49gst/gradle-2.10/lib/gradle-base-services-groovy-2.10.jar
7f8a18016000-7f8a18023000 r--s 00073000 08:05 746902                     /home/anonymous/.gradle/wrapper/dists/gradle-2.10-all/a4w5fzrkeut1ox71xslb49gst/gradle-2.10/lib/gradle-model-core-2.10.jar
7f8a18023000-7f8a18024000 r--s 00000000 08:05 746915                     /home/anonymous/.gradle/wrapper/dists/gradle-2.10-all/a4w5fzrkeut1ox71xslb49gst/gradle-2.10/lib/gradle-docs-2.10.jar
7f8a18024000-7f8a18026000 r--s 00003000 08:05 746917                     /home/anonymous/.gradle/wrapper/dists/gradle-2.10-all/a4w5fzrkeut1ox71xslb49gst/gradle-2.10/lib/jcl-over-slf4j-1.7.10.jar
7f8a18026000-7f8a18027000 r--s 00005000 08:05 746916                     /home/anonymous/.gradle/wrapper/dists/gradle-2.10-all/a4w5fzrkeut1ox71xslb49gst/gradle-2.10/lib/log4j-over-slf4j-1.7.10.jar
7f8a18027000-7f8a18028000 r--s 00000000 08:05 746911                     /home/anonymous/.gradle/wrapper/dists/gradle-2.10-all/a4w5fzrkeut1ox71xslb49gst/gradle-2.10/lib/javax.inject-1.jar
7f8a18028000-7f8a1802b000 r--s 0001b000 08:05 746910                     /home/anonymous/.gradle/wrapper/dists/gradle-2.10-all/a4w5fzrkeut1ox71xslb49gst/gradle-2.10/lib/jarjar-1.3.jar
7f8a1802b000-7f8a1802f000 r--s 00027000 08:05 746907                     /home/anonymous/.gradle/wrapper/dists/gradle-2.10-all/a4w5fzrkeut1ox71xslb49gst/gradle-2.10/lib/commons-io-2.2.jar
7f8a1802f000-7f8a18057000 r--s 001cf000 08:05 746899                     /home/anonymous/.gradle/wrapper/dists/gradle-2.10-all/a4w5fzrkeut1ox71xslb49gst/gradle-2.10/lib/guava-jdk5-17.0.jar
7f8a18057000-7f8a1808e000 r--s 001bc000 08:05 746893                     /home/anonymous/.gradle/wrapper/dists/gradle-2.10-all/a4w5fzrkeut1ox71xslb49gst/gradle-2.10/lib/gradle-core-2.10.jar
7f8a1808e000-7f8a19000000 rw-p 00000000 00:00 0 
7f8a19000000-7f8a19830000 rwxp 00000000 00:00 0 
7f8a19830000-7f8a1cae9000 rw-p 00000000 00:00 0 
7f8a1cae9000-7f8a20000000 ---p 00000000 00:00 0 
7f8a20000000-7f8a2001f000 r--s 001cc000 08:05 746905                     /home/anonymous/.gradle/wrapper/dists/gradle-2.10-all/a4w5fzrkeut1ox71xslb49gst/gradle-2.10/lib/ant-1.9.3.jar
7f8a2001f000-7f8a200ac000 rw-p 00000000 00:00 0 
7f8a200ac000-7f8a2026c000 r--s 039fb000 08:05 1719593                    /usr/lib/jvm/java-7-oracle/jre/lib/rt.jar
7f8a2026c000-7f8a207b8000 rw-p 00000000 00:00 0 
7f8a207b8000-7f8a207b9000 ---p 00000000 00:00 0 
7f8a207b9000-7f8a208b9000 rw-p 00000000 00:00 0 
7f8a208b9000-7f8a208ba000 ---p 00000000 00:00 0 
7f8a208ba000-7f8a209ba000 rw-p 00000000 00:00 0 
7f8a209ba000-7f8a209bb000 ---p 00000000 00:00 0 
7f8a209bb000-7f8a20abb000 rw-p 00000000 00:00 0 
7f8a20abb000-7f8a20abc000 ---p 00000000 00:00 0 
7f8a20abc000-7f8a20be5000 rw-p 00000000 00:00 0 
7f8a20be5000-7f8a20d0d000 rw-p 00000000 00:00 0 
7f8a20d0d000-7f8a20e90000 rw-p 00000000 00:00 0 
7f8a20e90000-7f8a20eb9000 rw-p 00000000 00:00 0 
7f8a20eb9000-7f8a20fe1000 rw-p 00000000 00:00 0 
7f8a20fe1000-7f8a21163000 rw-p 00000000 00:00 0 
7f8a21163000-7f8a212b9000 rw-p 00000000 00:00 0 
7f8a212b9000-7f8a212ba000 rw-p 00000000 00:00 0 
7f8a212ba000-7f8a212d1000 r-xp 00000000 08:05 1713484                    /usr/lib/jvm/java-7-oracle/jre/lib/amd64/libzip.so
7f8a212d1000-7f8a214d1000 ---p 00017000 08:05 1713484                    /usr/lib/jvm/java-7-oracle/jre/lib/amd64/libzip.so
7f8a214d1000-7f8a214d2000 rw-p 00017000 08:05 1713484                    /usr/lib/jvm/java-7-oracle/jre/lib/amd64/libzip.so
7f8a214d2000-7f8a214dd000 r-xp 00000000 08:05 956258                     /lib/x86_64-linux-gnu/libnss_files-2.23.so
7f8a214dd000-7f8a216dc000 ---p 0000b000 08:05 956258                     /lib/x86_64-linux-gnu/libnss_files-2.23.so
7f8a216dc000-7f8a216dd000 r--p 0000a000 08:05 956258                     /lib/x86_64-linux-gnu/libnss_files-2.23.so
7f8a216dd000-7f8a216de000 rw-p 0000b000 08:05 956258                     /lib/x86_64-linux-gnu/libnss_files-2.23.so
7f8a216de000-7f8a216e4000 rw-p 00000000 00:00 0 
7f8a216e4000-7f8a216ef000 r-xp 00000000 08:05 937262                     /lib/x86_64-linux-gnu/libnss_nis-2.23.so
7f8a216ef000-7f8a218ee000 ---p 0000b000 08:05 937262                     /lib/x86_64-linux-gnu/libnss_nis-2.23.so
7f8a218ee000-7f8a218ef000 r--p 0000a000 08:05 937262                     /lib/x86_64-linux-gnu/libnss_nis-2.23.so
7f8a218ef000-7f8a218f0000 rw-p 0000b000 08:05 937262                     /lib/x86_64-linux-gnu/libnss_nis-2.23.so
7f8a218f0000-7f8a21906000 r-xp 00000000 08:05 937260                     /lib/x86_64-linux-gnu/libnsl-2.23.so
7f8a21906000-7f8a21b05000 ---p 00016000 08:05 937260                     /lib/x86_64-linux-gnu/libnsl-2.23.so
7f8a21b05000-7f8a21b06000 r--p 00015000 08:05 937260                     /lib/x86_64-linux-gnu/libnsl-2.23.so
7f8a21b06000-7f8a21b07000 rw-p 00016000 08:05 937260                     /lib/x86_64-linux-gnu/libnsl-2.23.so
7f8a21b07000-7f8a21b09000 rw-p 00000000 00:00 0 
7f8a21b09000-7f8a21b11000 r-xp 00000000 08:05 922568                     /lib/x86_64-linux-gnu/libnss_compat-2.23.so
7f8a21b11000-7f8a21d10000 ---p 00008000 08:05 922568                     /lib/x86_64-linux-gnu/libnss_compat-2.23.so
7f8a21d10000-7f8a21d11000 r--p 00007000 08:05 922568                     /lib/x86_64-linux-gnu/libnss_compat-2.23.so
7f8a21d11000-7f8a21d12000 rw-p 00008000 08:05 922568                     /lib/x86_64-linux-gnu/libnss_compat-2.23.so
7f8a21d12000-7f8a21d3b000 r-xp 00000000 08:05 1713416                    /usr/lib/jvm/java-7-oracle/jre/lib/amd64/libjava.so
7f8a21d3b000-7f8a21f3b000 ---p 00029000 08:05 1713416                    /usr/lib/jvm/java-7-oracle/jre/lib/amd64/libjava.so
7f8a21f3b000-7f8a21f3d000 rw-p 00029000 08:05 1713416                    /usr/lib/jvm/java-7-oracle/jre/lib/amd64/libjava.so
7f8a21f3d000-7f8a21f4a000 r-xp 00000000 08:05 1713470                    /usr/lib/jvm/java-7-oracle/jre/lib/amd64/libverify.so
7f8a21f4a000-7f8a22149000 ---p 0000d000 08:05 1713470                    /usr/lib/jvm/java-7-oracle/jre/lib/amd64/libverify.so
7f8a22149000-7f8a2214b000 rw-p 0000c000 08:05 1713470                    /usr/lib/jvm/java-7-oracle/jre/lib/amd64/libverify.so
7f8a2214b000-7f8a22152000 r-xp 00000000 08:05 956267                     /lib/x86_64-linux-gnu/librt-2.23.so
7f8a22152000-7f8a22351000 ---p 00007000 08:05 956267                     /lib/x86_64-linux-gnu/librt-2.23.so
7f8a22351000-7f8a22352000 r--p 00006000 08:05 956267                     /lib/x86_64-linux-gnu/librt-2.23.so
7f8a22352000-7f8a22353000 rw-p 00007000 08:05 956267                     /lib/x86_64-linux-gnu/librt-2.23.so
7f8a22353000-7f8a2245b000 r-xp 00000000 08:05 956264                     /lib/x86_64-linux-gnu/libm-2.23.so
7f8a2245b000-7f8a2265a000 ---p 00108000 08:05 956264                     /lib/x86_64-linux-gnu/libm-2.23.so
7f8a2265a000-7f8a2265b000 r--p 00107000 08:05 956264                     /lib/x86_64-linux-gnu/libm-2.23.so
7f8a2265b000-7f8a2265c000 rw-p 00108000 08:05 956264                     /lib/x86_64-linux-gnu/libm-2.23.so
7f8a2265c000-7f8a231d2000 r-xp 00000000 08:05 1713524                    /usr/lib/jvm/java-7-oracle/jre/lib/amd64/server/libjvm.so
7f8a231d2000-7f8a233d1000 ---p 00b76000 08:05 1713524                    /usr/lib/jvm/java-7-oracle/jre/lib/amd64/server/libjvm.so
7f8a233d1000-7f8a23495000 rw-p 00b75000 08:05 1713524                    /usr/lib/jvm/java-7-oracle/jre/lib/amd64/server/libjvm.so
7f8a23495000-7f8a234d6000 rw-p 00000000 00:00 0 
7f8a234d6000-7f8a23696000 r-xp 00000000 08:05 956272                     /lib/x86_64-linux-gnu/libc-2.23.so
7f8a23696000-7f8a23895000 ---p 001c0000 08:05 956272                     /lib/x86_64-linux-gnu/libc-2.23.so
7f8a23895000-7f8a23899000 r--p 001bf000 08:05 956272                     /lib/x86_64-linux-gnu/libc-2.23.so
7f8a23899000-7f8a2389b000 rw-p 001c3000 08:05 956272                     /lib/x86_64-linux-gnu/libc-2.23.so
7f8a2389b000-7f8a2389f000 rw-p 00000000 00:00 0 
7f8a2389f000-7f8a238a2000 r-xp 00000000 08:05 956273                     /lib/x86_64-linux-gnu/libdl-2.23.so
7f8a238a2000-7f8a23aa1000 ---p 00003000 08:05 956273                     /lib/x86_64-linux-gnu/libdl-2.23.so
7f8a23aa1000-7f8a23aa2000 r--p 00002000 08:05 956273                     /lib/x86_64-linux-gnu/libdl-2.23.so
7f8a23aa2000-7f8a23aa3000 rw-p 00003000 08:05 956273                     /lib/x86_64-linux-gnu/libdl-2.23.so
7f8a23aa3000-7f8a23ab8000 r-xp 00000000 08:05 1601155                    /usr/lib/jvm/java-7-oracle/lib/amd64/jli/libjli.so
7f8a23ab8000-7f8a23cb7000 ---p 00015000 08:05 1601155                    /usr/lib/jvm/java-7-oracle/lib/amd64/jli/libjli.so
7f8a23cb7000-7f8a23cb8000 rw-p 00014000 08:05 1601155                    /usr/lib/jvm/java-7-oracle/lib/amd64/jli/libjli.so
7f8a23cb8000-7f8a23cd0000 r-xp 00000000 08:05 956271                     /lib/x86_64-linux-gnu/libpthread-2.23.so
7f8a23cd0000-7f8a23ecf000 ---p 00018000 08:05 956271                     /lib/x86_64-linux-gnu/libpthread-2.23.so
7f8a23ecf000-7f8a23ed0000 r--p 00017000 08:05 956271                     /lib/x86_64-linux-gnu/libpthread-2.23.so
7f8a23ed0000-7f8a23ed1000 rw-p 00018000 08:05 956271                     /lib/x86_64-linux-gnu/libpthread-2.23.so
7f8a23ed1000-7f8a23ed5000 rw-p 00000000 00:00 0 
7f8a23ed5000-7f8a23efb000 r-xp 00000000 08:05 956268                     /lib/x86_64-linux-gnu/ld-2.23.so
7f8a23efb000-7f8a23f09000 r--s 0007f000 08:05 746906                     /home/anonymous/.gradle/wrapper/dists/gradle-2.10-all/a4w5fzrkeut1ox71xslb49gst/gradle-2.10/lib/commons-collections-3.2.1.jar
7f8a23f09000-7f8a23f2a000 rw-p 00000000 00:00 0 
7f8a23f2a000-7f8a23fc9000 rw-p 00000000 00:00 0 
7f8a23fc9000-7f8a23fcc000 ---p 00000000 00:00 0 
7f8a23fcc000-7f8a240ce000 rw-p 00000000 00:00 0 
7f8a240ce000-7f8a240d0000 r--s 00000000 08:05 746909                     /home/anonymous/.gradle/wrapper/dists/gradle-2.10-all/a4w5fzrkeut1ox71xslb49gst/gradle-2.10/lib/jul-to-slf4j-1.7.10.jar
7f8a240d0000-7f8a240d1000 r--s 00000000 08:05 746908                     /home/anonymous/.gradle/wrapper/dists/gradle-2.10-all/a4w5fzrkeut1ox71xslb49gst/gradle-2.10/lib/jcip-annotations-1.0.jar
7f8a240d1000-7f8a240d6000 r--s 00036000 08:05 746904                     /home/anonymous/.gradle/wrapper/dists/gradle-2.10-all/a4w5fzrkeut1ox71xslb49gst/gradle-2.10/lib/asm-all-5.0.3.jar
7f8a240d6000-7f8a240db000 r--s 00041000 08:05 746900                     /home/anonymous/.gradle/wrapper/dists/gradle-2.10-all/a4w5fzrkeut1ox71xslb49gst/gradle-2.10/lib/commons-lang-2.6.jar
7f8a240db000-7f8a240dc000 r--s 00007000 08:05 746898                     /home/anonymous/.gradle/wrapper/dists/gradle-2.10-all/a4w5fzrkeut1ox71xslb49gst/gradle-2.10/lib/slf4j-api-1.7.10.jar
7f8a240dc000-7f8a240dd000 r--s 00004000 08:05 746924                     /home/anonymous/.gradle/wrapper/dists/gradle-2.10-all/a4w5fzrkeut1ox71xslb49gst/gradle-2.10/lib/ant-launcher-1.9.3.jar
7f8a240dd000-7f8a240e4000 r--s 00034000 08:05 746892                     /home/anonymous/.gradle/wrapper/dists/gradle-2.10-all/a4w5fzrkeut1ox71xslb49gst/gradle-2.10/lib/gradle-base-services-2.10.jar
7f8a240e4000-7f8a240ee000 r--s 0004a000 08:05 746890                     /home/anonymous/.gradle/wrapper/dists/gradle-2.10-all/a4w5fzrkeut1ox71xslb49gst/gradle-2.10/lib/gradle-launcher-2.10.jar
7f8a240ee000-7f8a240f6000 rw-s 00000000 08:05 1354753                    /tmp/hsperfdata_anonymous/17796
7f8a240f6000-7f8a240f7000 rw-p 00000000 00:00 0 
7f8a240f7000-7f8a240f8000 ---p 00000000 00:00 0 
7f8a240f8000-7f8a240fa000 rw-p 00000000 00:00 0 
7f8a240fa000-7f8a240fb000 r--p 00025000 08:05 956268                     /lib/x86_64-linux-gnu/ld-2.23.so
7f8a240fb000-7f8a240fc000 rw-p 00026000 08:05 956268                     /lib/x86_64-linux-gnu/ld-2.23.so
7f8a240fc000-7f8a240fd000 rw-p 00000000 00:00 0 
7ffea4999000-7ffea49bb000 rw-p 00000000 00:00 0                          [stack]
7ffea49fa000-7ffea49fc000 r--p 00000000 00:00 0                          [vvar]
7ffea49fc000-7ffea49fe000 r-xp 00000000 00:00 0                          [vdso]
ffffffffff600000-ffffffffff601000 r-xp 00000000 00:00 0                  [vsyscall]

VM Arguments:
jvm_args: -Xmx2048m -Dfile.encoding=UTF-8 -Duser.country=US -Duser.language=en -Duser.variant 
java_command: org.gradle.launcher.daemon.bootstrap.GradleDaemon 2.10
Launcher Type: SUN_STANDARD

Environment Variables:
JAVA_HOME=/usr/local/java/jdk1.8.0_91
JRE_HOME=/usr/local/java/jdk1.8.0_91/jre
PATH=/usr/local/sbin:/usr/local/bin:/usr/sbin:/usr/bin:/sbin:/bin:/usr/games:/usr/local/games:/snap/bin:/usr/lib/jvm/java-8-oracle/bin:/usr/lib/jvm/java-8-oracle/db/bin:/usr/lib/jvm/java-8-oracle/jre/bin:/usr/local/java/jdk1.8.0_91/bin:/usr/local/java/jdk1.8.0_91/jre/bin
LD_LIBRARY_PATH=.:
SHELL=/bin/bash
DISPLAY=:0

Signal Handlers:
SIGSEGV: [libjvm.so+0x9a3b20], sa_mask[0]=0x7ffbfeff, sa_flags=0x10000004
SIGBUS: [libjvm.so+0x9a3b20], sa_mask[0]=0x7ffbfeff, sa_flags=0x10000004
SIGFPE: [libjvm.so+0x81e740], sa_mask[0]=0x7ffbfeff, sa_flags=0x10000004
SIGPIPE: [libjvm.so+0x81e740], sa_mask[0]=0x7ffbfeff, sa_flags=0x10000004
SIGXFSZ: [libjvm.so+0x81e740], sa_mask[0]=0x7ffbfeff, sa_flags=0x10000004
SIGILL: [libjvm.so+0x81e740], sa_mask[0]=0x7ffbfeff, sa_flags=0x10000004
SIGUSR1: SIG_DFL, sa_mask[0]=0x00000000, sa_flags=0x00000000
SIGUSR2: [libjvm.so+0x81ffb0], sa_mask[0]=0x00000004, sa_flags=0x10000004
SIGHUP: [libjvm.so+0x8210d0], sa_mask[0]=0x7ffbfeff, sa_flags=0x10000004
SIGINT: [libjvm.so+0x8210d0], sa_mask[0]=0x7ffbfeff, sa_flags=0x10000004
SIGTERM: [libjvm.so+0x8210d0], sa_mask[0]=0x7ffbfeff, sa_flags=0x10000004
SIGQUIT: [libjvm.so+0x8210d0], sa_mask[0]=0x7ffbfeff, sa_flags=0x10000004


---------------  S Y S T E M  ---------------

OS:stretch/sid

uname:Linux 4.4.0-31-generic #50-Ubuntu SMP Wed Jul 13 00:07:12 UTC 2016 x86_64
libc:glibc 2.23 NPTL 2.23 
rlimit: STACK 8192k, CORE 0k, NPROC 14518, NOFILE 65536, AS infinity
load average:3,41 2,87 2,43

/proc/meminfo:
MemTotal:        3949160 kB
MemFree:          106196 kB
MemAvailable:      64532 kB
Buffers:            1312 kB
Cached:           117524 kB
SwapCached:        12268 kB
Active:          2607324 kB
Inactive:         917116 kB
Active(anon):    2547024 kB
Inactive(anon):   867652 kB
Active(file):      60300 kB
Inactive(file):    49464 kB
Unevictable:          68 kB
Mlocked:              68 kB
SwapTotal:       3126268 kB
SwapFree:           3468 kB
Dirty:               808 kB
Writeback:             0 kB
AnonPages:       3397708 kB
Mapped:           144848 kB
Shmem:              8196 kB
Slab:             102404 kB
SReclaimable:      45660 kB
SUnreclaim:        56744 kB
KernelStack:       14256 kB
PageTables:        86888 kB
NFS_Unstable:          0 kB
Bounce:                0 kB
WritebackTmp:          0 kB
CommitLimit:     5100848 kB
Committed_AS:   14845000 kB
VmallocTotal:   34359738367 kB
VmallocUsed:           0 kB
VmallocChunk:          0 kB
HardwareCorrupted:     0 kB
AnonHugePages:    847872 kB
CmaTotal:              0 kB
CmaFree:               0 kB
HugePages_Total:       0
HugePages_Free:        0
HugePages_Rsvd:        0
HugePages_Surp:        0
Hugepagesize:       2048 kB
DirectMap4k:     1258488 kB
DirectMap2M:     2838528 kB
DirectMap1G:           0 kB


CPU:total 4 (2 cores per cpu, 2 threads per core) family 6 model 69 stepping 1, cmov, cx8, fxsr, mmx, sse, sse2, sse3, ssse3, sse4.1, sse4.2, popcnt, avx, avx2, aes, erms, ht, tsc, tscinvbit

/proc/cpuinfo:
processor	: 0
vendor_id	: GenuineIntel
cpu family	: 6
model		: 69
model name	: Intel(R) Core(TM) i5-4200U CPU @ 1.60GHz
stepping	: 1
microcode	: 0x1d
cpu MHz		: 2070.062
cache size	: 3072 KB
physical id	: 0
siblings	: 4
core id		: 0
cpu cores	: 2
apicid		: 0
initial apicid	: 0
fpu		: yes
fpu_exception	: yes
cpuid level	: 13
wp		: yes
flags		: fpu vme de pse tsc msr pae mce cx8 apic sep mtrr pge mca cmov pat pse36 clflush dts acpi mmx fxsr sse sse2 ss ht tm pbe syscall nx pdpe1gb rdtscp lm constant_tsc arch_perfmon pebs bts rep_good nopl xtopology nonstop_tsc aperfmperf eagerfpu pni pclmulqdq dtes64 monitor ds_cpl vmx est tm2 ssse3 sdbg fma cx16 xtpr pdcm pcid sse4_1 sse4_2 movbe popcnt tsc_deadline_timer aes xsave avx f16c rdrand lahf_lm abm epb tpr_shadow vnmi flexpriority ept vpid fsgsbase tsc_adjust bmi1 avx2 smep bmi2 erms invpcid xsaveopt dtherm ida arat pln pts
bugs		:
bogomips	: 3192.63
clflush size	: 64
cache_alignment	: 64
address sizes	: 39 bits physical, 48 bits virtual
power management:

processor	: 1
vendor_id	: GenuineIntel
cpu family	: 6
model		: 69
model name	: Intel(R) Core(TM) i5-4200U CPU @ 1.60GHz
stepping	: 1
microcode	: 0x1d
cpu MHz		: 1672.625
cache size	: 3072 KB
physical id	: 0
siblings	: 4
core id		: 1
cpu cores	: 2
apicid		: 2
initial apicid	: 2
fpu		: yes
fpu_exception	: yes
cpuid level	: 13
wp		: yes
flags		: fpu vme de pse tsc msr pae mce cx8 apic sep mtrr pge mca cmov pat pse36 clflush dts acpi mmx fxsr sse sse2 ss ht tm pbe syscall nx pdpe1gb rdtscp lm constant_tsc arch_perfmon pebs bts rep_good nopl xtopology nonstop_tsc aperfmperf eagerfpu pni pclmulqdq dtes64 monitor ds_cpl vmx est tm2 ssse3 sdbg fma cx16 xtpr pdcm pcid sse4_1 sse4_2 movbe popcnt tsc_deadline_timer aes xsave avx f16c rdrand lahf_lm abm epb tpr_shadow vnmi flexpriority ept vpid fsgsbase tsc_adjust bmi1 avx2 smep bmi2 erms invpcid xsaveopt dtherm ida arat pln pts
bugs		:
bogomips	: 3192.63
clflush size	: 64
cache_alignment	: 64
address sizes	: 39 bits physical, 48 bits virtual
power management:

processor	: 2
vendor_id	: GenuineIntel
cpu family	: 6
model		: 69
model name	: Intel(R) Core(TM) i5-4200U CPU @ 1.60GHz
stepping	: 1
microcode	: 0x1d
cpu MHz		: 2082.625
cache size	: 3072 KB
physical id	: 0
siblings	: 4
core id		: 0
cpu cores	: 2
apicid		: 1
initial apicid	: 1
fpu		: yes
fpu_exception	: yes
cpuid level	: 13
wp		: yes
flags		: fpu vme de pse tsc msr pae mce cx8 apic sep mtrr pge mca cmov pat pse36 clflush dts acpi mmx fxsr sse sse2 ss ht tm pbe syscall nx pdpe1gb rdtscp lm constant_tsc arch_perfmon pebs bts rep_good nopl xtopology nonstop_tsc aperfmperf eagerfpu pni pclmulqdq dtes64 monitor ds_cpl vmx est tm2 ssse3 sdbg fma cx16 xtpr pdcm pcid sse4_1 sse4_2 movbe popcnt tsc_deadline_timer aes xsave avx f16c rdrand lahf_lm abm epb tpr_shadow vnmi flexpriority ept vpid fsgsbase tsc_adjust bmi1 avx2 smep bmi2 erms invpcid xsaveopt dtherm ida arat pln pts
bugs		:
bogomips	: 3192.63
clflush size	: 64
cache_alignment	: 64
address sizes	: 39 bits physical, 48 bits virtual
power management:

processor	: 3
vendor_id	: GenuineIntel
cpu family	: 6
model		: 69
model name	: Intel(R) Core(TM) i5-4200U CPU @ 1.60GHz
stepping	: 1
microcode	: 0x1d
cpu MHz		: 1829.000
cache size	: 3072 KB
physical id	: 0
siblings	: 4
core id		: 1
cpu cores	: 2
apicid		: 3
initial apicid	: 3
fpu		: yes
fpu_exception	: yes
cpuid level	: 13
wp		: yes
flags		: fpu vme de pse tsc msr pae mce cx8 apic sep mtrr pge mca cmov pat pse36 clflush dts acpi mmx fxsr sse sse2 ss ht tm pbe syscall nx pdpe1gb rdtscp lm constant_tsc arch_perfmon pebs bts rep_good nopl xtopology nonstop_tsc aperfmperf eagerfpu pni pclmulqdq dtes64 monitor ds_cpl vmx est tm2 ssse3 sdbg fma cx16 xtpr pdcm pcid sse4_1 sse4_2 movbe popcnt tsc_deadline_timer aes xsave avx f16c rdrand lahf_lm abm epb tpr_shadow vnmi flexpriority ept vpid fsgsbase tsc_adjust bmi1 avx2 smep bmi2 erms invpcid xsaveopt dtherm ida arat pln pts
bugs		:
bogomips	: 3192.63
clflush size	: 64
cache_alignment	: 64
address sizes	: 39 bits physical, 48 bits virtual
power management:



Memory: 4k page, physical 3949160k(105948k free), swap 3126268k(3476k free)

vm_info: Java HotSpot(TM) 64-Bit Server VM (24.80-b11) for linux-amd64 JRE (1.7.0_80-b15), built on Apr 10 2015 19:53:14 by "java_re" with gcc 4.3.0 20080428 (Red Hat 4.3.0-8)

time: Sat Jul 16 23:09:00 2016
elapsed time: 39 seconds

