#
# There is insufficient memory for the Java Runtime Environment to continue.
# Native memory allocation (malloc) failed to allocate 238026752 bytes for committing reserved memory.
# Possible reasons:
#   The system is out of physical RAM or swap space
#   In 32 bit mode, the process size limit was hit
# Possible solutions:
#   Reduce memory load on the system
#   Increase physical memory or swap space
#   Check if swap backing store is full
#   Use 64 bit Java on a 64 bit OS
#   Decrease Java heap size (-Xmx/-Xms)
#   Decrease number of Java threads
#   Decrease Java thread stack sizes (-Xss)
#   Set larger code cache with -XX:ReservedCodeCacheSize=
# This output file may be truncated or incomplete.
#
#  Out of Memory Error (os_linux.cpp:2756), pid=17711, tid=140587666183936
#
# JRE version: Java(TM) SE Runtime Environment (7.0_80-b15) (build 1.7.0_80-b15)
# Java VM: Java HotSpot(TM) 64-Bit Server VM (24.80-b11 mixed mode linux-amd64 compressed oops)
# Failed to write core dump. Core dumps have been disabled. To enable core dumping, try "ulimit -c unlimited" before starting Java again
#

---------------  T H R E A D  ---------------

Current thread (0x00007fdd24069800):  VMThread [stack: 0x00007fdd1dd71000,0x00007fdd1de72000] [id=17719]

Stack: [0x00007fdd1dd71000,0x00007fdd1de72000],  sp=0x00007fdd1de70260,  free space=1020k
Native frames: (J=compiled Java code, j=interpreted, Vv=VM code, C=native code)
V  [libjvm.so+0x9a320a]  VMError::report_and_die()+0x2ea
V  [libjvm.so+0x498d3b]  report_vm_out_of_memory(char const*, int, unsigned long, char const*)+0x9b
V  [libjvm.so+0x82191e]  os::Linux::commit_memory_impl(char*, unsigned long, bool)+0xfe
V  [libjvm.so+0x821e69]  os::pd_commit_memory(char*, unsigned long, unsigned long, bool)+0x29
V  [libjvm.so+0x81bb6a]  os::commit_memory(char*, unsigned long, unsigned long, bool)+0x2a
V  [libjvm.so+0x88d623]  PSVirtualSpace::expand_by(unsigned long)+0x53
V  [libjvm.so+0x87ca80]  PSOldGen::expand(unsigned long)+0x170
V  [libjvm.so+0x87cc8b]  PSOldGen::resize(unsigned long)+0x1cb
V  [libjvm.so+0x885951]  PSParallelCompact::invoke_no_policy(bool)+0x9b1
V  [libjvm.so+0x88b8cd]  PSScavenge::invoke()+0x1ad
V  [libjvm.so+0x843f40]  ParallelScavengeHeap::failed_mem_allocate(unsigned long)+0x70
V  [libjvm.so+0x9a4a97]  VM_ParallelGCFailedAllocation::doit()+0x97
V  [libjvm.so+0x9abf35]  VM_Operation::evaluate()+0x55
V  [libjvm.so+0x9aa2fa]  VMThread::evaluate_operation(VM_Operation*)+0xba
V  [libjvm.so+0x9aa67e]  VMThread::loop()+0x1ce
V  [libjvm.so+0x9aaaf0]  VMThread::run()+0x70
V  [libjvm.so+0x8238c8]  java_start(Thread*)+0x108

VM_Operation (0x00007fdd1718ae40): ParallelGCFailedAllocation, mode: safepoint, requested by thread 0x00007fdcb404e000


---------------  P R O C E S S  ---------------

Java Threads: ( => current thread )
  0x00007fdcb4054000 JavaThread "pool-3-thread-4" [_thread_blocked, id=17770, stack(0x00007fdd16c88000,0x00007fdd16d89000)]
  0x00007fdcb4052800 JavaThread "pool-3-thread-3" [_thread_blocked, id=17769, stack(0x00007fdd16d89000,0x00007fdd16e8a000)]
  0x00007fdcb4051000 JavaThread "pool-3-thread-2" [_thread_blocked, id=17768, stack(0x00007fdd16e8a000,0x00007fdd16f8b000)]
  0x00007fdcb404f000 JavaThread "pool-4-thread-1" [_thread_blocked, id=17767, stack(0x00007fdd16f8b000,0x00007fdd1708c000)]
  0x00007fdcb404e000 JavaThread "pool-3-thread-1" [_thread_blocked, id=17766, stack(0x00007fdd1708c000,0x00007fdd1718d000)]
  0x00007fdcc4f49000 JavaThread "pool-1-thread-1" [_thread_blocked, id=17765, stack(0x00007fdd17282000,0x00007fdd17383000)]
  0x00007fdcc401f800 JavaThread "Stdin handler" [_thread_blocked, id=17761, stack(0x00007fdd179fa000,0x00007fdd17afb000)]
  0x00007fdcd8003800 JavaThread "Cancel handler" [_thread_blocked, id=17758, stack(0x00007fdd17bfc000,0x00007fdd17cfd000)]
  0x00007fdcd800a000 JavaThread "Handler for socket connection from /127.0.0.1:38544 to /127.0.0.1:51286" [_thread_in_native, id=17757, stack(0x00007fdd17cfd000,0x00007fdd17dfe000)]
  0x00007fdcc4225800 JavaThread "File lock request listener" [_thread_in_native, id=17740, stack(0x00007fdd178f9000,0x00007fdd179fa000)]
  0x00007fdcd800c000 JavaThread "Daemon worker" [_thread_blocked, id=17736, stack(0x00007fdd17afb000,0x00007fdd17bfc000)]
  0x00007fdcd4015800 JavaThread "Daemon" [_thread_blocked, id=17733, stack(0x00007fdd17dfe000,0x00007fdd17eff000)]
  0x00007fdd24abf800 JavaThread "Incoming local TCP Connector on port 38544" [_thread_in_native, id=17730, stack(0x00007fdd17eff000,0x00007fdd18000000)]
  0x00007fdd24099800 JavaThread "Service Thread" daemon [_thread_blocked, id=17725, stack(0x00007fdd1d492000,0x00007fdd1d593000)]
  0x00007fdd24097000 JavaThread "C2 CompilerThread1" daemon [_thread_blocked, id=17724, stack(0x00007fdd1d593000,0x00007fdd1d694000)]
  0x00007fdd24094000 JavaThread "C2 CompilerThread0" daemon [_thread_blocked, id=17723, stack(0x00007fdd1d694000,0x00007fdd1d795000)]
  0x00007fdd24092000 JavaThread "Signal Dispatcher" daemon [_thread_blocked, id=17722, stack(0x00007fdd1d795000,0x00007fdd1d896000)]
  0x00007fdd24070000 JavaThread "Finalizer" daemon [_thread_blocked, id=17721, stack(0x00007fdd1db6f000,0x00007fdd1dc70000)]
  0x00007fdd2406e000 JavaThread "Reference Handler" daemon [_thread_blocked, id=17720, stack(0x00007fdd1dc70000,0x00007fdd1dd71000)]
  0x00007fdd2400a000 JavaThread "main" [_thread_blocked, id=17714, stack(0x00007fdd29d8f000,0x00007fdd29e90000)]

Other Threads:
=>0x00007fdd24069800 VMThread [stack: 0x00007fdd1dd71000,0x00007fdd1de72000] [id=17719]
  0x00007fdd240a4000 WatcherThread [stack: 0x00007fdd1d391000,0x00007fdd1d492000] [id=17726]

VM state:at safepoint (normal execution)

VM Mutex/Monitor currently owned by a thread:  ([mutex/lock_event])
[0x00007fdd24005d10] ExpandHeap_lock - owner thread: 0x00007fdd24069800
[0x00007fdd24006390] Threads_lock - owner thread: 0x00007fdd24069800
[0x00007fdd24006890] Heap_lock - owner thread: 0x00007fdcb404e000

Heap
 PSYoungGen      total 518656K, used 172125K [0x00000007d5500000, 0x0000000800000000, 0x0000000800000000)
  eden space 337920K, 0% used [0x00000007d5500000,0x00000007d5500000,0x00000007e9f00000)
  from space 180736K, 95% used [0x00000007e9f00000,0x00000007f4717720,0x00000007f4f80000)
  to   space 180736K, 0% used [0x00000007f4f80000,0x00000007f4f80000,0x0000000800000000)
 ParOldGen       total 579584K, used 579405K [0x0000000780000000, 0x00000007a3600000, 0x00000007d5500000)
  object space 579584K, 99% used [0x0000000780000000,0x00000007a35d3448,0x00000007a3600000)
 PSPermGen       total 83968K, used 52435K [0x000000077ae00000, 0x0000000780000000, 0x0000000780000000)
  object space 83968K, 62% used [0x000000077ae00000,0x000000077e134df0,0x0000000780000000)

Card table byte_map: [0x00007fdd1fb3d000,0x00007fdd1ff67000] byte_map_base: 0x00007fdd1bf66000

Polling page: 0x00007fdd29ebd000

Code Cache  [0x00007fdd1ff67000, 0x00007fdd208b7000, 0x00007fdd22f67000)
 total_blobs=3289 nmethods=2635 adapters=606 free_code_cache=39802Kb largest_free_block=40593024

Compilation events (10 events):
Event: 85,157 Thread 0x00007fdd24094000 2944             com.android.dx.rop.code.Rops::pickBinaryOp (158 bytes)
Event: 85,162 Thread 0x00007fdd24094000 nmethod 2944 0x00007fdd205c2bd0 code [0x00007fdd205c2d40, 0x00007fdd205c2fb8]
Event: 85,411 Thread 0x00007fdd24097000 2945             com.android.dx.dex.file.EncodedField::hashCode (8 bytes)
Event: 85,411 Thread 0x00007fdd24094000 2946             com.android.dx.rop.cst.CstMemberRef::hashCode (19 bytes)
Event: 85,427 Thread 0x00007fdd24097000 nmethod 2945 0x00007fdd205c20d0 code [0x00007fdd205c2240, 0x00007fdd205c2718]
Event: 85,427 Thread 0x00007fdd24097000 2947             com.android.dx.rop.cst.CstNat::hashCode (19 bytes)
Event: 85,433 Thread 0x00007fdd24094000 nmethod 2946 0x00007fdd2070f1d0 code [0x00007fdd2070f340, 0x00007fdd2070f7f8]
Event: 85,434 Thread 0x00007fdd24097000 nmethod 2947 0x00007fdd20772310 code [0x00007fdd20772460, 0x00007fdd20772778]
Event: 86,097 Thread 0x00007fdd24094000 2948             com.android.dx.cf.direct.DirectClassFile::makeTypeList (47 bytes)
Event: 86,099 Thread 0x00007fdd24094000 nmethod 2948 0x00007fdd206fa1d0 code [0x00007fdd206fa320, 0x00007fdd206fa488]

GC Heap History (10 events):
Event: 81,849 GC heap after
Heap after GC invocations=29 (full 5):
 PSYoungGen      total 545280K, used 107176K [0x00000007d5500000, 0x0000000800000000, 0x0000000800000000)
  eden space 422912K, 0% used [0x00000007d5500000,0x00000007d5500000,0x00000007ef200000)
  from space 122368K, 87% used [0x00000007f8880000,0x00000007ff12a2a8,0x0000000800000000)
  to   space 138240K, 0% used [0x00000007ef200000,0x00000007ef200000,0x00000007f7900000)
 ParOldGen       total 392704K, used 369184K [0x0000000780000000, 0x0000000797f80000, 0x00000007d5500000)
  object space 392704K, 94% used [0x0000000780000000,0x00000007968883a8,0x0000000797f80000)
 PSPermGen       total 83968K, used 52418K [0x000000077ae00000, 0x0000000780000000, 0x0000000780000000)
  object space 83968K, 62% used [0x000000077ae00000,0x000000077e130b18,0x0000000780000000)
}
Event: 81,849 GC heap before
{Heap before GC invocations=30 (full 6):
 PSYoungGen      total 545280K, used 107176K [0x00000007d5500000, 0x0000000800000000, 0x0000000800000000)
  eden space 422912K, 0% used [0x00000007d5500000,0x00000007d5500000,0x00000007ef200000)
  from space 122368K, 87% used [0x00000007f8880000,0x00000007ff12a2a8,0x0000000800000000)
  to   space 138240K, 0% used [0x00000007ef200000,0x00000007ef200000,0x00000007f7900000)
 ParOldGen       total 392704K, used 369184K [0x0000000780000000, 0x0000000797f80000, 0x00000007d5500000)
  object space 392704K, 94% used [0x0000000780000000,0x00000007968883a8,0x0000000797f80000)
 PSPermGen       total 83968K, used 52418K [0x000000077ae00000, 0x0000000780000000, 0x0000000780000000)
  object space 83968K, 62% used [0x000000077ae00000,0x000000077e130b18,0x0000000780000000)
Event: 84,034 GC heap after
Heap after GC invocations=30 (full 6):
 PSYoungGen      total 545280K, used 77567K [0x00000007d5500000, 0x0000000800000000, 0x0000000800000000)
  eden space 422912K, 0% used [0x00000007d5500000,0x00000007d5500000,0x00000007ef200000)
  from space 122368K, 63% used [0x00000007f8880000,0x00000007fd43ff00,0x0000000800000000)
  to   space 138240K, 0% used [0x00000007ef200000,0x00000007ef200000,0x00000007f7900000)
 ParOldGen       total 561664K, used 392224K [0x0000000780000000, 0x00000007a2480000, 0x00000007d5500000)
  object space 561664K, 69% used [0x0000000780000000,0x0000000797f082d0,0x00000007a2480000)
 PSPermGen       total 83968K, used 52418K [0x000000077ae00000, 0x0000000780000000, 0x0000000780000000)
  object space 83968K, 62% used [0x000000077ae00000,0x000000077e1308f8,0x0000000780000000)
}
Event: 84,737 GC heap before
{Heap before GC invocations=31 (full 6):
 PSYoungGen      total 545280K, used 500479K [0x00000007d5500000, 0x0000000800000000, 0x0000000800000000)
  eden space 422912K, 100% used [0x00000007d5500000,0x00000007ef200000,0x00000007ef200000)
  from space 122368K, 63% used [0x00000007f8880000,0x00000007fd43ff00,0x0000000800000000)
  to   space 138240K, 0% used [0x00000007ef200000,0x00000007ef200000,0x00000007f7900000)
 ParOldGen       total 561664K, used 392224K [0x0000000780000000, 0x00000007a2480000, 0x00000007d5500000)
  object space 561664K, 69% used [0x0000000780000000,0x0000000797f082d0,0x00000007a2480000)
 PSPermGen       total 83968K, used 52430K [0x000000077ae00000, 0x0000000780000000, 0x0000000780000000)
  object space 83968K, 62% used [0x000000077ae00000,0x000000077e133a90,0x0000000780000000)
Event: 84,999 GC heap after
Heap after GC invocations=31 (full 6):
 PSYoungGen      total 561152K, used 138235K [0x00000007d5500000, 0x0000000800000000, 0x0000000800000000)
  eden space 422912K, 0% used [0x00000007d5500000,0x00000007d5500000,0x00000007ef200000)
  from space 138240K, 99% used [0x00000007ef200000,0x00000007f78fee38,0x00000007f7900000)
  to   space 138240K, 0% used [0x00000007f7900000,0x00000007f7900000,0x0000000800000000)
 ParOldGen       total 561664K, used 392655K [0x0000000780000000, 0x00000007a2480000, 0x00000007d5500000)
  object space 561664K, 69% used [0x0000000780000000,0x0000000797f73f08,0x00000007a2480000)
 PSPermGen       total 83968K, used 52430K [0x000000077ae00000, 0x0000000780000000, 0x0000000780000000)
  object space 83968K, 62% used [0x000000077ae00000,0x000000077e133a90,0x0000000780000000)
}
Event: 85,491 GC heap before
{Heap before GC invocations=32 (full 6):
 PSYoungGen      total 561152K, used 561147K [0x00000007d5500000, 0x0000000800000000, 0x0000000800000000)
  eden space 422912K, 100% used [0x00000007d5500000,0x00000007ef200000,0x00000007ef200000)
  from space 138240K, 99% used [0x00000007ef200000,0x00000007f78fee38,0x00000007f7900000)
  to   space 138240K, 0% used [0x00000007f7900000,0x00000007f7900000,0x0000000800000000)
 ParOldGen       total 561664K, used 392655K [0x0000000780000000, 0x00000007a2480000, 0x00000007d5500000)
  object space 561664K, 69% used [0x0000000780000000,0x0000000797f73f08,0x00000007a2480000)
 PSPermGen       total 83968K, used 52435K [0x000000077ae00000, 0x0000000780000000, 0x0000000780000000)
  object space 83968K, 62% used [0x000000077ae00000,0x000000077e134d78,0x0000000780000000)
Event: 85,758 GC heap after
Heap after GC invocations=32 (full 6):
 PSYoungGen      total 476160K, used 136406K [0x00000007d5500000, 0x0000000800000000, 0x0000000800000000)
  eden space 337920K, 0% used [0x00000007d5500000,0x00000007d5500000,0x00000007e9f00000)
  from space 138240K, 98% used [0x00000007f7900000,0x00000007ffe35b88,0x0000000800000000)
  to   space 180736K, 0% used [0x00000007e9f00000,0x00000007e9f00000,0x00000007f4f80000)
 ParOldGen       total 561664K, used 468021K [0x0000000780000000, 0x00000007a2480000, 0x00000007d5500000)
  object space 561664K, 83% used [0x0000000780000000,0x000000079c90d468,0x00000007a2480000)
 PSPermGen       total 83968K, used 52435K [0x000000077ae00000, 0x0000000780000000, 0x0000000780000000)
  object space 83968K, 62% used [0x000000077ae00000,0x000000077e134d78,0x0000000780000000)
}
Event: 86,443 GC heap before
{Heap before GC invocations=33 (full 6):
 PSYoungGen      total 476160K, used 474326K [0x00000007d5500000, 0x0000000800000000, 0x0000000800000000)
  eden space 337920K, 100% used [0x00000007d5500000,0x00000007e9f00000,0x00000007e9f00000)
  from space 138240K, 98% used [0x00000007f7900000,0x00000007ffe35b88,0x0000000800000000)
  to   space 180736K, 0% used [0x00000007e9f00000,0x00000007e9f00000,0x00000007f4f80000)
 ParOldGen       total 561664K, used 468021K [0x0000000780000000, 0x00000007a2480000, 0x00000007d5500000)
  object space 561664K, 83% used [0x0000000780000000,0x000000079c90d468,0x00000007a2480000)
 PSPermGen       total 83968K, used 52435K [0x000000077ae00000, 0x0000000780000000, 0x0000000780000000)
  object space 83968K, 62% used [0x000000077ae00000,0x000000077e134e30,0x0000000780000000)
Event: 86,782 GC heap after
Heap after GC invocations=33 (full 6):
 PSYoungGen      total 518656K, used 180709K [0x00000007d5500000, 0x0000000800000000, 0x0000000800000000)
  eden space 337920K, 0% used [0x00000007d5500000,0x00000007d5500000,0x00000007e9f00000)
  from space 180736K, 99% used [0x00000007e9f00000,0x00000007f4f797b8,0x00000007f4f80000)
  to   space 180736K, 0% used [0x00000007f4f80000,0x00000007f4f80000,0x0000000800000000)
 ParOldGen       total 579584K, used 578172K [0x0000000780000000, 0x00000007a3600000, 0x00000007d5500000)
  object space 579584K, 99% used [0x0000000780000000,0x00000007a349f118,0x00000007a3600000)
 PSPermGen       total 83968K, used 52435K [0x000000077ae00000, 0x0000000780000000, 0x0000000780000000)
  object space 83968K, 62% used [0x000000077ae00000,0x000000077e134e30,0x0000000780000000)
}
Event: 86,782 GC heap before
{Heap before GC invocations=34 (full 7):
 PSYoungGen      total 518656K, used 180709K [0x00000007d5500000, 0x0000000800000000, 0x0000000800000000)
  eden space 337920K, 0% used [0x00000007d5500000,0x00000007d5500000,0x00000007e9f00000)
  from space 180736K, 99% used [0x00000007e9f00000,0x00000007f4f797b8,0x00000007f4f80000)
  to   space 180736K, 0% used [0x00000007f4f80000,0x00000007f4f80000,0x0000000800000000)
 ParOldGen       total 579584K, used 578172K [0x0000000780000000, 0x00000007a3600000, 0x00000007d5500000)
  object space 579584K, 99% used [0x0000000780000000,0x00000007a349f118,0x00000007a3600000)
 PSPermGen       total 83968K, used 52435K [0x000000077ae00000, 0x0000000780000000, 0x0000000780000000)
  object space 83968K, 62% used [0x000000077ae00000,0x000000077e134e30,0x0000000780000000)

Deoptimization events (10 events):
Event: 81,577 Thread 0x00007fdcb4051000 Uncommon trap: reason=unstable_if action=reinterpret pc=0x00007fdd20880720 method=java.util.DualPivotQuicksort.sort([IIIZ)V @ 705
Event: 84,302 Thread 0x00007fdcb4051000 Uncommon trap: reason=predicate action=maybe_recompile pc=0x00007fdd205457e0 method=com.android.dx.ssa.DomFront.run()[Lcom/android/dx/ssa/DomFront$DomInfo; @ 32
Event: 84,305 Thread 0x00007fdcb4051000 Uncommon trap: reason=class_check action=maybe_recompile pc=0x00007fdd205d7210 method=com.android.dx.ssa.DomFront.calcDomFronts()V @ 101
Event: 84,692 Thread 0x00007fdcb4054000 Uncommon trap: reason=unstable_if action=reinterpret pc=0x00007fdd2065288c method=com.android.dx.rop.code.RegisterSpec.equals(ILcom/android/dx/rop/type/TypeBearer;Lcom/android/dx/rop/code/LocalItem;)Z @ 31
Event: 85,026 Thread 0x00007fdcb4052800 Uncommon trap: reason=class_check action=maybe_recompile pc=0x00007fdd2077ecec method=com.android.dx.ssa.SCCP.simulateBranch(Lcom/android/dx/ssa/SsaInsn;)V @ 339
Event: 85,033 Thread 0x00007fdcb4052800 Uncommon trap: reason=class_check action=maybe_recompile pc=0x00007fdd2077ecec method=com.android.dx.ssa.SCCP.simulateBranch(Lcom/android/dx/ssa/SsaInsn;)V @ 339
Event: 85,174 Thread 0x00007fdcb404e000 Uncommon trap: reason=class_check action=maybe_recompile pc=0x00007fdd2080c578 method=java.util.TimSort.gallopLeft(Ljava/lang/Object;[Ljava/lang/Object;IIILjava/util/Comparator;)I @ 44
Event: 85,175 Thread 0x00007fdcb404e000 Uncommon trap: reason=class_check action=maybe_recompile pc=0x00007fdd2080c578 method=java.util.TimSort.gallopLeft(Ljava/lang/Object;[Ljava/lang/Object;IIILjava/util/Comparator;)I @ 44
Event: 85,175 Thread 0x00007fdcb404e000 Uncommon trap: reason=class_check action=maybe_recompile pc=0x00007fdd2080c578 method=java.util.TimSort.gallopLeft(Ljava/lang/Object;[Ljava/lang/Object;IIILjava/util/Comparator;)I @ 44
Event: 85,175 Thread 0x00007fdcb404e000 Uncommon trap: reason=class_check action=maybe_recompile pc=0x00007fdd207fce24 method=java.util.TimSort.mergeLo(IIII)V @ 185

Internal exceptions (10 events):
Event: 70,600 Thread 0x00007fdcb4051000 Implicit null exception at 0x00007fdd206310a3 to 0x00007fdd20632d19
Event: 71,692 Thread 0x00007fdcc4f49000 Implicit null exception at 0x00007fdd20667b6c to 0x00007fdd20672c41
Event: 74,438 Thread 0x00007fdcb4051000 Threw 0x00000007e8628a58 at /HUDSON/workspace/7u-2-build-linux-amd64/jdk7u80/2329/hotspot/src/share/vm/prims/jvm.cpp:1319
Event: 74,566 Thread 0x00007fdcb4054000 Implicit null exception at 0x00007fdd2079f3d7 to 0x00007fdd207a0c71
Event: 75,976 Thread 0x00007fdcc4f49000 Threw 0x00000007d8fade80 at /HUDSON/workspace/7u-2-build-linux-amd64/jdk7u80/2329/hotspot/src/share/vm/prims/jvm.cpp:1319
Event: 75,978 Thread 0x00007fdcc4f49000 Implicit null exception at 0x00007fdd201f6e5b to 0x00007fdd201f742d
Event: 80,725 Thread 0x00007fdcb4054000 Implicit null exception at 0x00007fdd2066398b to 0x00007fdd20663cf5
Event: 84,302 Thread 0x00007fdcb4051000 Threw 0x00000007e2fcf968 at /HUDSON/workspace/7u-2-build-linux-amd64/jdk7u80/2329/hotspot/src/share/vm/prims/jvm.cpp:1319
Event: 84,319 Thread 0x00007fdcb4051000 Threw 0x00000007e3045d68 at /HUDSON/workspace/7u-2-build-linux-amd64/jdk7u80/2329/hotspot/src/share/vm/prims/jvm.cpp:1319
Event: 84,692 Thread 0x00007fdcb4054000 Implicit null exception at 0x00007fdd20652529 to 0x00007fdd20652875

Events (10 events):
Event: 85,175 Thread 0x00007fdcb404e000 DEOPT UNPACKING pc=0x00007fdd1ffa0445 sp=0x00007fdd1718afb8 mode 2
Event: 85,175 Thread 0x00007fdcb404e000 Uncommon trap: trap_request=0xffffffde fr.pc=0x00007fdd2080c578
Event: 85,175 Thread 0x00007fdcb404e000 DEOPT PACKING pc=0x00007fdd2080c578 sp=0x00007fdd1718afe0
Event: 85,175 Thread 0x00007fdcb404e000 DEOPT UNPACKING pc=0x00007fdd1ffa0445 sp=0x00007fdd1718afb8 mode 2
Event: 85,175 Thread 0x00007fdcb404e000 Uncommon trap: trap_request=0xffffffde fr.pc=0x00007fdd207fce24
Event: 85,175 Thread 0x00007fdcb404e000 DEOPT PACKING pc=0x00007fdd207fce24 sp=0x00007fdd1718af80
Event: 85,175 Thread 0x00007fdcb404e000 DEOPT UNPACKING pc=0x00007fdd1ffa0445 sp=0x00007fdd1718af90 mode 2
Event: 85,490 Executing VM operation: ParallelGCFailedAllocation
Event: 85,758 Executing VM operation: ParallelGCFailedAllocation done
Event: 86,440 Executing VM operation: ParallelGCFailedAllocation


Dynamic libraries:
00400000-00401000 r-xp 00000000 08:05 1602077                            /usr/lib/jvm/java-7-oracle/bin/java
00600000-00601000 rw-p 00000000 08:05 1602077                            /usr/lib/jvm/java-7-oracle/bin/java
00f14000-00f35000 rw-p 00000000 00:00 0                                  [heap]
77ae00000-780000000 rw-p 00000000 00:00 0 
780000000-7a3600000 rw-p 00000000 00:00 0 
7b1900000-7d5500000 rw-p 00000000 00:00 0 
7d5500000-800000000 rw-p 00000000 00:00 0 
7fdca4000000-7fdca4021000 rw-p 00000000 00:00 0 
7fdca4021000-7fdca8000000 ---p 00000000 00:00 0 
7fdca8000000-7fdca8021000 rw-p 00000000 00:00 0 
7fdca8021000-7fdcac000000 ---p 00000000 00:00 0 
7fdcac000000-7fdcac021000 rw-p 00000000 00:00 0 
7fdcac021000-7fdcb0000000 ---p 00000000 00:00 0 
7fdcb0000000-7fdcb002f000 rw-p 00000000 00:00 0 
7fdcb002f000-7fdcb4000000 ---p 00000000 00:00 0 
7fdcb4000000-7fdcb41d3000 rw-p 00000000 00:00 0 
7fdcb41d3000-7fdcb8000000 ---p 00000000 00:00 0 
7fdcb8000000-7fdcb802c000 rw-p 00000000 00:00 0 
7fdcb802c000-7fdcbc000000 ---p 00000000 00:00 0 
7fdcbc000000-7fdcbc021000 rw-p 00000000 00:00 0 
7fdcbc021000-7fdcc0000000 ---p 00000000 00:00 0 
7fdcc0000000-7fdcc0021000 rw-p 00000000 00:00 0 
7fdcc0021000-7fdcc4000000 ---p 00000000 00:00 0 
7fdcc4000000-7fdcc5086000 rw-p 00000000 00:00 0 
7fdcc5086000-7fdcc8000000 ---p 00000000 00:00 0 
7fdcc8000000-7fdcc8021000 rw-p 00000000 00:00 0 
7fdcc8021000-7fdccc000000 ---p 00000000 00:00 0 
7fdccc000000-7fdccc021000 rw-p 00000000 00:00 0 
7fdccc021000-7fdcd0000000 ---p 00000000 00:00 0 
7fdcd0000000-7fdcd0021000 rw-p 00000000 00:00 0 
7fdcd0021000-7fdcd4000000 ---p 00000000 00:00 0 
7fdcd4000000-7fdcd4083000 rw-p 00000000 00:00 0 
7fdcd4083000-7fdcd8000000 ---p 00000000 00:00 0 
7fdcd8000000-7fdcd8021000 rw-p 00000000 00:00 0 
7fdcd8021000-7fdcdc000000 ---p 00000000 00:00 0 
7fdcdc000000-7fdcdc021000 rw-p 00000000 00:00 0 
7fdcdc021000-7fdce0000000 ---p 00000000 00:00 0 
7fdce0000000-7fdce0021000 rw-p 00000000 00:00 0 
7fdce0021000-7fdce4000000 ---p 00000000 00:00 0 
7fdce4000000-7fdce5a3e000 rw-p 00000000 00:00 0 
7fdce5a3e000-7fdce8000000 ---p 00000000 00:00 0 
7fdce8000000-7fdcea812000 rw-p 00000000 00:00 0 
7fdcea812000-7fdcec000000 ---p 00000000 00:00 0 
7fdcec000000-7fdcec021000 rw-p 00000000 00:00 0 
7fdcec021000-7fdcf0000000 ---p 00000000 00:00 0 
7fdcf0000000-7fdcf0021000 rw-p 00000000 00:00 0 
7fdcf0021000-7fdcf4000000 ---p 00000000 00:00 0 
7fdcf4000000-7fdcf4021000 rw-p 00000000 00:00 0 
7fdcf4021000-7fdcf8000000 ---p 00000000 00:00 0 
7fdcfbd70000-7fdd00000000 rw-p 00000000 00:00 0 
7fdd00000000-7fdd0006a000 rw-p 00000000 00:00 0 
7fdd0006a000-7fdd04000000 ---p 00000000 00:00 0 
7fdd04000000-7fdd042e1000 rw-p 00000000 00:00 0 
7fdd042e1000-7fdd08000000 ---p 00000000 00:00 0 
7fdd08000000-7fdd08055000 rw-p 00000000 00:00 0 
7fdd08055000-7fdd0c000000 ---p 00000000 00:00 0 
7fdd10000000-7fdd10034000 rw-p 00000000 00:00 0 
7fdd10034000-7fdd14000000 ---p 00000000 00:00 0 
7fdd16c88000-7fdd16c8b000 ---p 00000000 00:00 0 
7fdd16c8b000-7fdd16d89000 rw-p 00000000 00:00 0 
7fdd16d89000-7fdd16d8c000 ---p 00000000 00:00 0 
7fdd16d8c000-7fdd16e8a000 rw-p 00000000 00:00 0 
7fdd16e8a000-7fdd16e8d000 ---p 00000000 00:00 0 
7fdd16e8d000-7fdd16f8b000 rw-p 00000000 00:00 0 
7fdd16f8b000-7fdd16f8e000 ---p 00000000 00:00 0 
7fdd16f8e000-7fdd1708c000 rw-p 00000000 00:00 0 
7fdd1708c000-7fdd1708f000 ---p 00000000 00:00 0 
7fdd1708f000-7fdd1718d000 rw-p 00000000 00:00 0 
7fdd1718d000-7fdd17282000 r--s 009b1000 08:05 696661                     /home/anonymous/AndroidStudioProjects/myelaundry/app/build/intermediates/transforms/jarMerging/debug/jars/1/1f/combined.jar
7fdd17282000-7fdd17285000 ---p 00000000 00:00 0 
7fdd17285000-7fdd17383000 rw-p 00000000 00:00 0 
7fdd17383000-7fdd1738b000 r-xp 00000000 08:05 1713442                    /usr/lib/jvm/java-7-oracle/jre/lib/amd64/libmanagement.so
7fdd1738b000-7fdd1758a000 ---p 00008000 08:05 1713442                    /usr/lib/jvm/java-7-oracle/jre/lib/amd64/libmanagement.so
7fdd1758a000-7fdd1758b000 rw-p 00007000 08:05 1713442                    /usr/lib/jvm/java-7-oracle/jre/lib/amd64/libmanagement.so
7fdd1758b000-7fdd1758d000 r--s 00005000 08:07 12395                      /media/anonymous/data/Android/android-studio/gradle/m2repository/org/abego/treelayout/org.abego.treelayout.core/1.0.1/org.abego.treelayout.core-1.0.1.jar
7fdd1758d000-7fdd17595000 r--s 000a8000 08:07 12304                      /media/anonymous/data/Android/android-studio/gradle/m2repository/com/android/tools/external/lombok/lombok-ast/0.2.3/lombok-ast-0.2.3.jar
7fdd17595000-7fdd17596000 r--s 00004000 08:07 12496                      /media/anonymous/data/Android/android-studio/gradle/m2repository/com/intellij/annotations/12.0/annotations-12.0.jar
7fdd17596000-7fdd17598000 r--s 0000d000 08:07 12538                      /media/anonymous/data/Android/android-studio/gradle/m2repository/commons-codec/commons-codec/1.4/commons-codec-1.4.jar
7fdd17598000-7fdd1759a000 r--s 0000d000 08:07 12092                      /media/anonymous/data/Android/android-studio/gradle/m2repository/commons-logging/commons-logging/1.1.1/commons-logging-1.1.1.jar
7fdd1759a000-7fdd1759f000 r--s 00028000 08:07 12131                      /media/anonymous/data/Android/android-studio/gradle/m2repository/org/apache/httpcomponents/httpcore/4.1/httpcore-4.1.jar
7fdd1759f000-7fdd175a3000 r--s 00037000 08:07 12356                      /media/anonymous/data/Android/android-studio/gradle/m2repository/org/antlr/ST4/4.0.8/ST4-4.0.8.jar
7fdd175a3000-7fdd175a6000 r--s 00026000 08:07 12346                      /media/anonymous/data/Android/android-studio/gradle/m2repository/org/antlr/antlr-runtime/3.5.2/antlr-runtime-3.5.2.jar
7fdd175a6000-7fdd175a7000 r--s 00002000 08:07 12421                      /media/anonymous/data/Android/android-studio/gradle/m2repository/com/tunnelvisionlabs/antlr4-annotations/4.5/antlr4-annotations-4.5.jar
7fdd175a7000-7fdd175ae000 r--s 00062000 08:07 12409                      /media/anonymous/data/Android/android-studio/gradle/m2repository/com/tunnelvisionlabs/antlr4-runtime/4.5/antlr4-runtime-4.5.jar
7fdd175ae000-7fdd175b1000 r--s 00030000 08:07 14041                      /media/anonymous/data/Android/android-studio/gradle/m2repository/com/android/tools/lint/lint-api/25.1.2/lint-api-25.1.2.jar
7fdd175b1000-7fdd175b2000 r--s 00004000 08:07 12189                      /media/anonymous/data/Android/android-studio/gradle/m2repository/org/ow2/asm/asm-analysis/5.0.3/asm-analysis-5.0.3.jar
7fdd175b2000-7fdd175b6000 r--s 00026000 08:07 14031                      /media/anonymous/data/Android/android-studio/gradle/m2repository/com/android/tools/repository/25.1.2/repository-25.1.2.jar
7fdd175b6000-7fdd175b9000 r--s 00014000 08:07 14020                      /media/anonymous/data/Android/android-studio/gradle/m2repository/com/android/tools/layoutlib/layoutlib-api/25.1.2/layoutlib-api-25.1.2.jar
7fdd175b9000-7fdd175c0000 r--s 00053000 08:07 12148                      /media/anonymous/data/Android/android-studio/gradle/m2repository/org/apache/commons/commons-compress/1.8.1/commons-compress-1.8.1.jar
7fdd175c0000-7fdd175c2000 r--s 00005000 08:07 12124                      /media/anonymous/data/Android/android-studio/gradle/m2repository/org/apache/httpcomponents/httpmime/4.1/httpmime-4.1.jar
7fdd175c2000-7fdd175c3000 r--s 00005000 08:07 14028                      /media/anonymous/data/Android/android-studio/gradle/m2repository/com/android/tools/dvlib/25.1.2/dvlib-25.1.2.jar
7fdd175c3000-7fdd175cb000 r--s 0004e000 08:07 12140                      /media/anonymous/data/Android/android-studio/gradle/m2repository/org/apache/httpcomponents/httpclient/4.1.1/httpclient-4.1.1.jar
7fdd175cb000-7fdd175d0000 r--s 0002a000 08:07 12239                      /media/anonymous/data/Android/android-studio/gradle/m2repository/com/google/code/gson/gson/2.2.4/gson-2.2.4.jar
7fdd175d0000-7fdd175d1000 r--s 0000a000 08:07 12534                      /media/anonymous/data/Android/android-studio/gradle/m2repository/net/sf/kxml/kxml2/2.3.0/kxml2-2.3.0.jar
7fdd175d1000-7fdd175d2000 r--s 00002000 08:07 13984                      /media/anonymous/data/Android/android-studio/gradle/m2repository/com/android/databinding/baseLibrary/2.1.2/baseLibrary-2.1.2.jar
7fdd175d2000-7fdd175d6000 r--s 0002a000 08:07 12313                      /media/anonymous/data/Android/android-studio/gradle/m2repository/commons-io/commons-io/2.4/commons-io-2.4.jar
7fdd175d6000-7fdd175e0000 r--s 00099000 08:07 12413                      /media/anonymous/data/Android/android-studio/gradle/m2repository/com/tunnelvisionlabs/antlr4/4.5/antlr4-4.5.jar
7fdd175e0000-7fdd175e3000 r--s 00033000 08:07 12433                      /media/anonymous/data/Android/android-studio/gradle/m2repository/com/googlecode/juniversalchardet/juniversalchardet/1.0.3/juniversalchardet-1.0.3.jar
7fdd175e3000-7fdd175f5000 r--s 00223000 08:07 12104                      /media/anonymous/data/Android/android-studio/gradle/m2repository/org/eclipse/jdt/core/compiler/ecj/4.4.2/ecj-4.4.2.jar
7fdd175f5000-7fdd175fc000 r--s 000be000 08:07 14034                      /media/anonymous/data/Android/android-studio/gradle/m2repository/com/android/tools/lint/lint-checks/25.1.2/lint-checks-25.1.2.jar
7fdd175fc000-7fdd1760c000 r--s 000d6000 08:07 12509                      /media/anonymous/data/Android/android-studio/gradle/m2repository/net/sf/proguard/proguard-base/5.2.1/proguard-base-5.2.1.jar
7fdd1760c000-7fdd1760d000 r--s 00001000 08:07 13993                      /media/anonymous/data/Android/android-studio/gradle/m2repository/com/android/tools/annotations/25.1.2/annotations-25.1.2.jar
7fdd1760d000-7fdd17638000 r--s 001f9000 08:07 12246                      /media/anonymous/data/Android/android-studio/gradle/m2repository/com/google/guava/guava/17.0/guava-17.0.jar
7fdd17638000-7fdd17646000 r--s 00081000 08:07 12166                      /media/anonymous/data/Android/android-studio/gradle/m2repository/org/bouncycastle/bcpkix-jdk15on/1.48/bcpkix-jdk15on-1.48.jar
7fdd17646000-7fdd1764e000 r--s 00078000 08:07 14043                      /media/anonymous/data/Android/android-studio/gradle/m2repository/com/android/tools/sdklib/25.1.2/sdklib-25.1.2.jar
7fdd1764e000-7fdd17654000 r--s 0004a000 08:07 14025                      /media/anonymous/data/Android/android-studio/gradle/m2repository/com/android/tools/ddms/ddmlib/25.1.2/ddmlib-25.1.2.jar
7fdd17654000-7fdd17655000 r--s 00001000 08:07 20147                      /media/anonymous/data/Android/android-studio/gradle/m2repository/com/android/tools/jill/jill-api/0.10.0/jill-api-0.10.0.jar
7fdd17655000-7fdd17657000 r--s 00005000 08:07 14013                      /media/anonymous/data/Android/android-studio/gradle/m2repository/com/android/tools/build/builder-model/2.1.2/builder-model-2.1.2.jar
7fdd17657000-7fdd17658000 r--s 00002000 08:07 14001                      /media/anonymous/data/Android/android-studio/gradle/m2repository/com/android/tools/build/builder-test-api/2.1.2/builder-test-api-2.1.2.jar
7fdd17658000-7fdd1765b000 r--s 00028000 08:07 14007                      /media/anonymous/data/Android/android-studio/gradle/m2repository/com/android/tools/build/manifest-merger/25.1.2/manifest-merger-25.1.2.jar
7fdd1765b000-7fdd1765d000 r--s 00002000 08:07 12228                      /media/anonymous/data/Android/android-studio/gradle/m2repository/com/squareup/javawriter/2.5.0/javawriter-2.5.0.jar
7fdd1765d000-7fdd1765f000 r--s 00006000 08:07 12213                      /media/anonymous/data/Android/android-studio/gradle/m2repository/org/ow2/asm/asm-tree/5.0.3/asm-tree-5.0.3.jar
7fdd1765f000-7fdd17667000 r--s 0007c000 08:07 14022                      /media/anonymous/data/Android/android-studio/gradle/m2repository/com/android/tools/sdk-common/25.1.2/sdk-common-25.1.2.jar
7fdd17667000-7fdd1769a000 r--s 00203000 08:07 12172                      /media/anonymous/data/Android/android-studio/gradle/m2repository/org/bouncycastle/bcprov-jdk15on/1.48/bcprov-jdk15on-1.48.jar
7fdd1769a000-7fdd1769c000 r--s 00003000 08:07 20148                      /media/anonymous/data/Android/android-studio/gradle/m2repository/com/android/tools/jack/jack-api/0.10.0/jack-api-0.10.0.jar
7fdd1769c000-7fdd1769e000 r--s 00018000 08:07 14047                      /media/anonymous/data/Android/android-studio/gradle/m2repository/com/android/tools/common/25.1.2/common-25.1.2.jar
7fdd1769e000-7fdd176a3000 r--s 00058000 08:07 12328                      /media/anonymous/data/Android/android-studio/gradle/m2repository/org/ow2/asm/asm-debug-all/5.0.1/asm-debug-all-5.0.1.jar
7fdd176a3000-7fdd176a7000 r--s 0002b000 08:07 13990                      /media/anonymous/data/Android/android-studio/gradle/m2repository/com/android/databinding/compilerCommon/2.1.2/compilerCommon-2.1.2.jar
7fdd176a7000-7fdd176a9000 r--s 00023000 08:07 14038                      /media/anonymous/data/Android/android-studio/gradle/m2repository/com/android/tools/lint/lint/25.1.2/lint-25.1.2.jar
7fdd176a9000-7fdd176aa000 r--s 0000c000 08:07 12201                      /media/anonymous/data/Android/android-studio/gradle/m2repository/org/ow2/asm/asm/5.0.3/asm-5.0.3.jar
7fdd176aa000-7fdd176ab000 r--s 00002000 08:07 12520                      /media/anonymous/data/Android/android-studio/gradle/m2repository/net/sf/proguard/proguard-gradle/5.2.1/proguard-gradle-5.2.1.jar
7fdd176ab000-7fdd176ac000 r--s 00002000 08:07 14004                      /media/anonymous/data/Android/android-studio/gradle/m2repository/com/android/tools/build/gradle-api/2.1.2/gradle-api-2.1.2.jar
7fdd176ac000-7fdd176c0000 r--s 00130000 08:07 13999                      /media/anonymous/data/Android/android-studio/gradle/m2repository/com/android/tools/build/builder/2.1.2/builder-2.1.2.jar
7fdd176c0000-7fdd176c4000 r--s 0001e000 08:07 12368                      /media/anonymous/data/Android/android-studio/gradle/m2repository/org/jacoco/org.jacoco.core/0.7.4.201502262128/org.jacoco.core-0.7.4.201502262128.jar
7fdd176c4000-7fdd1778c000 r--s 01013000 08:07 14071                      /media/anonymous/data/Android/android-studio/lib/openapi.jar
7fdd1778c000-7fdd177f8000 r--s 00696000 08:07 32311                      /media/anonymous/data/Android/android-studio/lib/groovy-all-2.3.9.jar
7fdd177f8000-7fdd177fb000 ---p 00000000 00:00 0 
7fdd177fb000-7fdd17831000 rw-p 00000000 00:00 0 
7fdd17831000-7fdd178f9000 r--s 01013000 08:05 1062889                    /home/anonymous/.gradle/caches/jars-1/r0pal4pgfc3k4n3v7tiayk1rhofe1bh/openapi.jar
7fdd178f9000-7fdd178fc000 ---p 00000000 00:00 0 
7fdd178fc000-7fdd179fa000 rw-p 00000000 00:00 0 
7fdd179fa000-7fdd179fd000 ---p 00000000 00:00 0 
7fdd179fd000-7fdd17afb000 rw-p 00000000 00:00 0 
7fdd17afb000-7fdd17afe000 ---p 00000000 00:00 0 
7fdd17afe000-7fdd17bfc000 rw-p 00000000 00:00 0 
7fdd17bfc000-7fdd17bff000 ---p 00000000 00:00 0 
7fdd17bff000-7fdd17cfd000 rw-p 00000000 00:00 0 
7fdd17cfd000-7fdd17d00000 ---p 00000000 00:00 0 
7fdd17d00000-7fdd17dfe000 rw-p 00000000 00:00 0 
7fdd17dfe000-7fdd17e01000 ---p 00000000 00:00 0 
7fdd17e01000-7fdd17eff000 rw-p 00000000 00:00 0 
7fdd17eff000-7fdd17f02000 ---p 00000000 00:00 0 
7fdd17f02000-7fdd18000000 rw-p 00000000 00:00 0 
7fdd18000000-7fdd1802c000 rw-p 00000000 00:00 0 
7fdd1802c000-7fdd1c000000 ---p 00000000 00:00 0 
7fdd1c000000-7fdd1c002000 r--s 00009000 08:07 12658                      /media/anonymous/data/Android/android-studio/gradle/m2repository/org/ow2/asm/asm-commons/5.0.3/asm-commons-5.0.3.jar
7fdd1c002000-7fdd1c003000 r--s 00000000 08:07 20146                      /media/anonymous/data/Android/android-studio/gradle/m2repository/com/android/tools/build/transform-api/2.0.0-deprecated-use-gradle-api/transform-api-2.0.0-deprecated-use-gradle-api.jar
7fdd1c003000-7fdd1c01f000 r--s 0017c000 08:07 14011                      /media/anonymous/data/Android/android-studio/gradle/m2repository/com/android/tools/build/gradle-core/2.1.2/gradle-core-2.1.2.jar
7fdd1c01f000-7fdd1c021000 r--s 0000c000 08:07 14016                      /media/anonymous/data/Android/android-studio/gradle/m2repository/com/android/tools/build/gradle/2.1.2/gradle-2.1.2.jar
7fdd1c021000-7fdd1c02b000 r--s 00253000 08:05 1713580                    /usr/lib/jvm/java-7-oracle/jre/lib/resources.jar
7fdd1c02b000-7fdd1c02d000 r--s 0000c000 08:07 20118                      /media/anonymous/data/Android/android-studio/plugins/gradle/lib/gradle-tooling-extension-api.jar
7fdd1c02d000-7fdd1c032000 r--s 0002f000 08:07 12811                      /media/anonymous/data/Android/android-studio/lib/gson-2.3.1.jar
7fdd1c032000-7fdd1c033000 r--p 00000000 00:00 0 
7fdd1c033000-7fdd1c035000 r--s 00025000 08:07 20119                      /media/anonymous/data/Android/android-studio/plugins/gradle/lib/gradle-tooling-extension-impl.jar
7fdd1c035000-7fdd1c036000 r--s 00000000 08:05 700773                     /home/anonymous/.gradle/caches/jars-1/dg22azhabc6tsc1i8xni15giz1bnssh/gradle-appengine-builder-model-0.1.0.jar
7fdd1c036000-7fdd1c038000 r--s 00005000 08:05 849525                     /home/anonymous/.gradle/caches/jars-1/58e0pg21hq3pnflhjzsj1fu9zg4vjmm/builder-model-2.1.0-alpha6.jar
7fdd1c038000-7fdd1c03a000 r--s 0000c000 08:05 1062888                    /home/anonymous/.gradle/caches/jars-1/3glq3jqa8scbn248tg3ca4cghppwkj0/gradle-tooling-extension-api.jar
7fdd1c03a000-7fdd1c041000 r--s 00031000 08:05 856838                     /home/anonymous/.gradle/caches/jars-1/mjzb6pkr202klpc4mvbvp2j9mhcyoj2/gradle-base-services-2.5.jar
7fdd1c041000-7fdd1c069000 r--s 001cf000 08:05 700763                     /home/anonymous/.gradle/caches/jars-1/87eo0lrvp84r6dbxjq018wy66es2era/guava-jdk5-17.0.jar
7fdd1c069000-7fdd1c074000 r--s 00036000 08:05 856837                     /home/anonymous/.gradle/caches/jars-1/ppuug715rid7lfxxo8hcoh44crsa3x4/gradle-tooling-api-2.5.jar
7fdd1c074000-7fdd1c0df000 r--s 00e21000 08:05 1601163                    /usr/lib/jvm/java-7-oracle/lib/tools.jar
7fdd1c0df000-7fdd1c0e6000 r--s 00000000 08:05 1091058                    /usr/lib/x86_64-linux-gnu/gconv/gconv-modules.cache
7fdd1c0e6000-7fdd1c0ea000 r--s 0008b000 08:05 1719553                    /usr/lib/jvm/java-7-oracle/jre/lib/jsse.jar
7fdd1c0ea000-7fdd1c0ec000 r--s 00005000 08:05 746973                     /home/anonymous/.gradle/wrapper/dists/gradle-2.10-all/a4w5fzrkeut1ox71xslb49gst/gradle-2.10/lib/plugins/gradle-tooling-api-builders-2.10.jar
7fdd1c0ec000-7fdd1c0fc000 r--s 00088000 08:05 747677                     /home/anonymous/.gradle/wrapper/dists/gradle-2.10-all/a4w5fzrkeut1ox71xslb49gst/gradle-2.10/lib/plugins/joda-time-2.8.2.jar
7fdd1c0fc000-7fdd1c10d000 r--s 000cf000 08:05 747676                     /home/anonymous/.gradle/wrapper/dists/gradle-2.10-all/a4w5fzrkeut1ox71xslb49gst/gradle-2.10/lib/plugins/jackson-databind-2.3.2.jar
7fdd1c10d000-7fdd1c10f000 r--s 00007000 08:05 747675                     /home/anonymous/.gradle/wrapper/dists/gradle-2.10-all/a4w5fzrkeut1ox71xslb49gst/gradle-2.10/lib/plugins/jackson-annotations-2.3.2.jar
7fdd1c10f000-7fdd1c112000 r--s 0002e000 08:05 747674                     /home/anonymous/.gradle/wrapper/dists/gradle-2.10-all/a4w5fzrkeut1ox71xslb49gst/gradle-2.10/lib/plugins/jackson-core-2.3.2.jar
7fdd1c112000-7fdd1c11d000 r--s 0006b000 08:05 747673                     /home/anonymous/.gradle/wrapper/dists/gradle-2.10-all/a4w5fzrkeut1ox71xslb49gst/gradle-2.10/lib/plugins/aws-java-sdk-core-1.9.19.jar
7fdd1c11d000-7fdd1c123000 r--s 00036000 08:05 747672                     /home/anonymous/.gradle/wrapper/dists/gradle-2.10-all/a4w5fzrkeut1ox71xslb49gst/gradle-2.10/lib/plugins/aws-java-sdk-kms-1.9.19.jar
7fdd1c123000-7fdd1c12e000 r--s 00079000 08:05 747671                     /home/anonymous/.gradle/wrapper/dists/gradle-2.10-all/a4w5fzrkeut1ox71xslb49gst/gradle-2.10/lib/plugins/aws-java-sdk-s3-1.9.19.jar
7fdd1c12e000-7fdd1c12f000 r--s 00003000 08:05 746972                     /home/anonymous/.gradle/wrapper/dists/gradle-2.10-all/a4w5fzrkeut1ox71xslb49gst/gradle-2.10/lib/plugins/gradle-resources-s3-2.10.jar
7fdd1c12f000-7fdd1c130000 r--s 00004000 08:05 746971                     /home/anonymous/.gradle/wrapper/dists/gradle-2.10-all/a4w5fzrkeut1ox71xslb49gst/gradle-2.10/lib/plugins/gradle-resources-sftp-2.10.jar
7fdd1c130000-7fdd1c131000 r--s 00001000 08:05 746968                     /home/anonymous/.gradle/wrapper/dists/gradle-2.10-all/a4w5fzrkeut1ox71xslb49gst/gradle-2.10/lib/plugins/gradle-plugin-development-2.10.jar
7fdd1c131000-7fdd1c133000 r--s 00005000 08:05 746967                     /home/anonymous/.gradle/wrapper/dists/gradle-2.10-all/a4w5fzrkeut1ox71xslb49gst/gradle-2.10/lib/plugins/gradle-testing-native-2.10.jar
7fdd1c133000-7fdd1c138000 r--s 0002b000 08:05 746966                     /home/anonymous/.gradle/wrapper/dists/gradle-2.10-all/a4w5fzrkeut1ox71xslb49gst/gradle-2.10/lib/plugins/gradle-ide-native-2.10.jar
7fdd1c138000-7fdd1c13d000 r--s 0001a000 08:05 746965                     /home/anonymous/.gradle/wrapper/dists/gradle-2.10-all/a4w5fzrkeut1ox71xslb49gst/gradle-2.10/lib/plugins/gradle-language-native-2.10.jar
7fdd1c13d000-7fdd1c142000 r--s 00028000 08:05 746964                     /home/anonymous/.gradle/wrapper/dists/gradle-2.10-all/a4w5fzrkeut1ox71xslb49gst/gradle-2.10/lib/plugins/gradle-platform-play-2.10.jar
7fdd1c142000-7fdd1c14f000 r--s 0004f000 08:05 746963                     /home/anonymous/.gradle/wrapper/dists/gradle-2.10-all/a4w5fzrkeut1ox71xslb49gst/gradle-2.10/lib/plugins/gradle-platform-native-2.10.jar
7fdd1c14f000-7fdd1c152000 r--s 00008000 08:05 746962                     /home/anonymous/.gradle/wrapper/dists/gradle-2.10-all/a4w5fzrkeut1ox71xslb49gst/gradle-2.10/lib/plugins/gradle-language-scala-2.10.jar
7fdd1c152000-7fdd1c154000 r--s 00009000 08:05 746961                     /home/anonymous/.gradle/wrapper/dists/gradle-2.10-all/a4w5fzrkeut1ox71xslb49gst/gradle-2.10/lib/plugins/gradle-language-groovy-2.10.jar
7fdd1c154000-7fdd1c15a000 r--s 00023000 08:05 746960                     /home/anonymous/.gradle/wrapper/dists/gradle-2.10-all/a4w5fzrkeut1ox71xslb49gst/gradle-2.10/lib/plugins/gradle-language-java-2.10.jar
7fdd1c15a000-7fdd1c15c000 r--s 00008000 08:05 746959                     /home/anonymous/.gradle/wrapper/dists/gradle-2.10-all/a4w5fzrkeut1ox71xslb49gst/gradle-2.10/lib/plugins/gradle-language-jvm-2.10.jar
7fdd1c15c000-7fdd1c15f000 r--s 00015000 08:05 746958                     /home/anonymous/.gradle/wrapper/dists/gradle-2.10-all/a4w5fzrkeut1ox71xslb49gst/gradle-2.10/lib/plugins/gradle-platform-jvm-2.10.jar
7fdd1c15f000-7fdd1c167000 r--s 0002b000 08:05 746957                     /home/anonymous/.gradle/wrapper/dists/gradle-2.10-all/a4w5fzrkeut1ox71xslb49gst/gradle-2.10/lib/plugins/gradle-platform-base-2.10.jar
7fdd1c167000-7fdd1c16b000 r--s 00020000 08:05 746956                     /home/anonymous/.gradle/wrapper/dists/gradle-2.10-all/a4w5fzrkeut1ox71xslb49gst/gradle-2.10/lib/plugins/gradle-build-init-2.10.jar
7fdd1c16b000-7fdd1c16e000 r--s 00017000 08:05 746955                     /home/anonymous/.gradle/wrapper/dists/gradle-2.10-all/a4w5fzrkeut1ox71xslb49gst/gradle-2.10/lib/plugins/gradle-jacoco-2.10.jar
7fdd1c16e000-7fdd1c171000 r--s 0000e000 08:05 746954                     /home/anonymous/.gradle/wrapper/dists/gradle-2.10-all/a4w5fzrkeut1ox71xslb49gst/gradle-2.10/lib/plugins/gradle-ivy-2.10.jar
7fdd1c171000-7fdd1c173000 r--s 00002000 08:05 746953                     /home/anonymous/.gradle/wrapper/dists/gradle-2.10-all/a4w5fzrkeut1ox71xslb49gst/gradle-2.10/lib/plugins/gradle-publish-2.10.jar
7fdd1c173000-7fdd1c175000 r--s 00005000 08:05 747667                     /home/anonymous/.gradle/wrapper/dists/gradle-2.10-all/a4w5fzrkeut1ox71xslb49gst/gradle-2.10/lib/plugins/jatl-0.2.2.jar
7fdd1c175000-7fdd1c177000 r--s 0000f000 08:05 746952                     /home/anonymous/.gradle/wrapper/dists/gradle-2.10-all/a4w5fzrkeut1ox71xslb49gst/gradle-2.10/lib/plugins/gradle-reporting-2.10.jar
7fdd1c177000-7fdd1c17d000 r--s 00036000 08:05 746951                     /home/anonymous/.gradle/wrapper/dists/gradle-2.10-all/a4w5fzrkeut1ox71xslb49gst/gradle-2.10/lib/plugins/gradle-diagnostics-2.10.jar
7fdd1c17d000-7fdd1c184000 r--s 0008f000 08:05 746950                     /home/anonymous/.gradle/wrapper/dists/gradle-2.10-all/a4w5fzrkeut1ox71xslb49gst/gradle-2.10/lib/plugins/gradle-build-comparison-2.10.jar
7fdd1c184000-7fdd1c18b000 r--s 00035000 08:05 747666                     /home/anonymous/.gradle/wrapper/dists/gradle-2.10-all/a4w5fzrkeut1ox71xslb49gst/gradle-2.10/lib/plugins/simple-4.1.21.jar
7fdd1c18b000-7fdd1c197000 r--s 00100000 08:05 747664                     /home/anonymous/.gradle/wrapper/dists/gradle-2.10-all/a4w5fzrkeut1ox71xslb49gst/gradle-2.10/lib/plugins/rhino-1.7R3.jar
7fdd1c197000-7fdd1c19b000 r--s 0001c000 08:05 746949                     /home/anonymous/.gradle/wrapper/dists/gradle-2.10-all/a4w5fzrkeut1ox71xslb49gst/gradle-2.10/lib/plugins/gradle-javascript-2.10.jar
7fdd1c19b000-7fdd1c19d000 r--s 0000b000 08:05 746948                     /home/anonymous/.gradle/wrapper/dists/gradle-2.10-all/a4w5fzrkeut1ox71xslb49gst/gradle-2.10/lib/plugins/gradle-ear-2.10.jar
7fdd1c19d000-7fdd1c1a4000 r--s 00038000 08:05 747663                     /home/anonymous/.gradle/wrapper/dists/gradle-2.10-all/a4w5fzrkeut1ox71xslb49gst/gradle-2.10/lib/plugins/bcpg-jdk15on-1.51.jar
7fdd1c1a4000-7fdd1c1a6000 r--s 00017000 08:05 746947                     /home/anonymous/.gradle/wrapper/dists/gradle-2.10-all/a4w5fzrkeut1ox71xslb49gst/gradle-2.10/lib/plugins/gradle-signing-2.10.jar
7fdd1c1a6000-7fdd1c1a7000 r--s 00002000 08:05 747662                     /home/anonymous/.gradle/wrapper/dists/gradle-2.10-all/a4w5fzrkeut1ox71xslb49gst/gradle-2.10/lib/plugins/sonar-batch-bootstrapper-2.9.jar
7fdd1c1a7000-7fdd1c1aa000 r--s 00015000 08:05 746946                     /home/anonymous/.gradle/wrapper/dists/gradle-2.10-all/a4w5fzrkeut1ox71xslb49gst/gradle-2.10/lib/plugins/gradle-sonar-2.10.jar
7fdd1c1aa000-7fdd1c1ad000 r--s 00010000 08:05 746945                     /home/anonymous/.gradle/wrapper/dists/gradle-2.10-all/a4w5fzrkeut1ox71xslb49gst/gradle-2.10/lib/plugins/gradle-scala-2.10.jar
7fdd1c1ad000-7fdd1c1af000 r--s 0000a000 08:05 746944                     /home/anonymous/.gradle/wrapper/dists/gradle-2.10-all/a4w5fzrkeut1ox71xslb49gst/gradle-2.10/lib/plugins/gradle-announce-2.10.jar
7fdd1c1af000-7fdd1c1be000 r--s 0009f000 08:05 746943                     /home/anonymous/.gradle/wrapper/dists/gradle-2.10-all/a4w5fzrkeut1ox71xslb49gst/gradle-2.10/lib/plugins/gradle-ide-2.10.jar
7fdd1c1be000-7fdd1c1c1000 r--s 0000c000 08:05 747661                     /home/anonymous/.gradle/wrapper/dists/gradle-2.10-all/a4w5fzrkeut1ox71xslb49gst/gradle-2.10/lib/plugins/pmaven-groovy-0.8-20100325.jar
7fdd1c1c1000-7fdd1c1c2000 r--s 00004000 08:05 747660                     /home/anonymous/.gradle/wrapper/dists/gradle-2.10-all/a4w5fzrkeut1ox71xslb49gst/gradle-2.10/lib/plugins/pmaven-common-0.8-20100325.jar
7fdd1c1c2000-7fdd1c1c8000 r--s 00022000 08:05 746942                     /home/anonymous/.gradle/wrapper/dists/gradle-2.10-all/a4w5fzrkeut1ox71xslb49gst/gradle-2.10/lib/plugins/gradle-maven-2.10.jar
7fdd1c1c8000-7fdd1c1e9000 r--s 001c3000 08:05 747658                     /home/anonymous/.gradle/wrapper/dists/gradle-2.10-all/a4w5fzrkeut1ox71xslb49gst/gradle-2.10/lib/plugins/bndlib-2.4.0.jar
7fdd1c1e9000-7fdd1c1eb000 r--s 00004000 08:05 746941                     /home/anonymous/.gradle/wrapper/dists/gradle-2.10-all/a4w5fzrkeut1ox71xslb49gst/gradle-2.10/lib/plugins/gradle-osgi-2.10.jar
7fdd1c1eb000-7fdd1c1ed000 r--s 00008000 08:05 746940                     /home/anonymous/.gradle/wrapper/dists/gradle-2.10-all/a4w5fzrkeut1ox71xslb49gst/gradle-2.10/lib/plugins/gradle-antlr-2.10.jar
7fdd1c1ed000-7fdd1c1f0000 r--s 0001e000 08:05 747686                     /home/anonymous/.gradle/wrapper/dists/gradle-2.10-all/a4w5fzrkeut1ox71xslb49gst/gradle-2.10/lib/plugins/jsp-api-2.1-6.1.14.jar
7fdd1c1f0000-7fdd1c213000 r--s 00344000 08:05 747685                     /home/anonymous/.gradle/wrapper/dists/gradle-2.10-all/a4w5fzrkeut1ox71xslb49gst/gradle-2.10/lib/plugins/core-3.1.1.jar
7fdd1c213000-7fdd1c214000 r--s 00006000 08:05 747684                     /home/anonymous/.gradle/wrapper/dists/gradle-2.10-all/a4w5fzrkeut1ox71xslb49gst/gradle-2.10/lib/plugins/jetty-naming-6.1.25.jar
7fdd1c214000-7fdd1c215000 r--s 00002000 08:05 747657                     /home/anonymous/.gradle/wrapper/dists/gradle-2.10-all/a4w5fzrkeut1ox71xslb49gst/gradle-2.10/lib/plugins/geronimo-annotation_1.0_spec-1.0.jar
7fdd1c215000-7fdd1c217000 r--s 00002000 08:05 747656                     /home/anonymous/.gradle/wrapper/dists/gradle-2.10-all/a4w5fzrkeut1ox71xslb49gst/gradle-2.10/lib/plugins/jetty-annotations-6.1.25.jar
7fdd1c217000-7fdd1c228000 r--s 000ea000 08:05 747653                     /home/anonymous/.gradle/wrapper/dists/gradle-2.10-all/a4w5fzrkeut1ox71xslb49gst/gradle-2.10/lib/plugins/jsp-2.1-6.1.14.jar
7fdd1c228000-7fdd1c22a000 r--s 0000d000 08:05 747651                     /home/anonymous/.gradle/wrapper/dists/gradle-2.10-all/a4w5fzrkeut1ox71xslb49gst/gradle-2.10/lib/plugins/jetty-plus-6.1.25.jar
7fdd1c22a000-7fdd1c22c000 r--s 0001f000 08:05 746997                     /home/anonymous/.gradle/wrapper/dists/gradle-2.10-all/a4w5fzrkeut1ox71xslb49gst/gradle-2.10/lib/plugins/servlet-api-2.5-20081211.jar
7fdd1c22c000-7fdd1c230000 r--s 00028000 08:05 746980                     /home/anonymous/.gradle/wrapper/dists/gradle-2.10-all/a4w5fzrkeut1ox71xslb49gst/gradle-2.10/lib/plugins/jetty-util-6.1.25.jar
7fdd1c230000-7fdd1c237000 r--s 0007d000 08:05 746979                     /home/anonymous/.gradle/wrapper/dists/gradle-2.10-all/a4w5fzrkeut1ox71xslb49gst/gradle-2.10/lib/plugins/jetty-6.1.25.jar
7fdd1c237000-7fdd1c239000 r--s 00009000 08:05 746939                     /home/anonymous/.gradle/wrapper/dists/gradle-2.10-all/a4w5fzrkeut1ox71xslb49gst/gradle-2.10/lib/plugins/gradle-jetty-2.10.jar
7fdd1c239000-7fdd1c23f000 r--s 00037000 08:05 746938                     /home/anonymous/.gradle/wrapper/dists/gradle-2.10-all/a4w5fzrkeut1ox71xslb49gst/gradle-2.10/lib/plugins/gradle-code-quality-2.10.jar
7fdd1c23f000-7fdd1c241000 r--s 00009000 08:05 747716                     /home/anonymous/.gradle/wrapper/dists/gradle-2.10-all/a4w5fzrkeut1ox71xslb49gst/gradle-2.10/lib/plugins/hamcrest-core-1.3.jar
7fdd1c241000-7fdd1c247000 r--s 00033000 08:05 747683                     /home/anonymous/.gradle/wrapper/dists/gradle-2.10-all/a4w5fzrkeut1ox71xslb49gst/gradle-2.10/lib/plugins/snakeyaml-1.6.jar
7fdd1c247000-7fdd1c249000 r--s 00006000 08:05 747682                     /home/anonymous/.gradle/wrapper/dists/gradle-2.10-all/a4w5fzrkeut1ox71xslb49gst/gradle-2.10/lib/plugins/jcommander-1.12.jar
7fdd1c249000-7fdd1c24e000 r--s 00040000 08:05 747681                     /home/anonymous/.gradle/wrapper/dists/gradle-2.10-all/a4w5fzrkeut1ox71xslb49gst/gradle-2.10/lib/plugins/bsh-2.0b4.jar
7fdd1c24e000-7fdd1c250000 r--s 00009000 08:05 746978                     /home/anonymous/.gradle/wrapper/dists/gradle-2.10-all/a4w5fzrkeut1ox71xslb49gst/gradle-2.10/lib/plugins/commons-cli-1.2.jar
7fdd1c250000-7fdd1c259000 r--s 00089000 08:05 746977                     /home/anonymous/.gradle/wrapper/dists/gradle-2.10-all/a4w5fzrkeut1ox71xslb49gst/gradle-2.10/lib/plugins/testng-6.3.1.jar
7fdd1c259000-7fdd1c261000 r--s 00045000 08:05 746976                     /home/anonymous/.gradle/wrapper/dists/gradle-2.10-all/a4w5fzrkeut1ox71xslb49gst/gradle-2.10/lib/plugins/junit-4.12.jar
7fdd1c261000-7fdd1c26e000 r--s 00073000 08:05 746937                     /home/anonymous/.gradle/wrapper/dists/gradle-2.10-all/a4w5fzrkeut1ox71xslb49gst/gradle-2.10/lib/plugins/gradle-plugins-2.10.jar
7fdd1c26e000-7fdd1c286000 r--s 00115000 08:05 747714                     /home/anonymous/.gradle/wrapper/dists/gradle-2.10-all/a4w5fzrkeut1ox71xslb49gst/gradle-2.10/lib/plugins/xercesImpl-2.9.1.jar
7fdd1c286000-7fdd1c28e000 r--s 00028000 08:05 747715                     /home/anonymous/.gradle/wrapper/dists/gradle-2.10-all/a4w5fzrkeut1ox71xslb49gst/gradle-2.10/lib/plugins/xml-apis-1.3.04.jar
7fdd1c28e000-7fdd1c294000 r--s 0005b000 08:05 747713                     /home/anonymous/.gradle/wrapper/dists/gradle-2.10-all/a4w5fzrkeut1ox71xslb49gst/gradle-2.10/lib/plugins/jcifs-1.3.17.jar
7fdd1c294000-7fdd1c29a000 r--s 00031000 08:05 747712                     /home/anonymous/.gradle/wrapper/dists/gradle-2.10-all/a4w5fzrkeut1ox71xslb49gst/gradle-2.10/lib/plugins/httpcore-4.2.2.jar
7fdd1c29a000-7fdd1c2a0000 r--s 00033000 08:05 747711                     /home/anonymous/.gradle/wrapper/dists/gradle-2.10-all/a4w5fzrkeut1ox71xslb49gst/gradle-2.10/lib/plugins/commons-codec-1.6.jar
7fdd1c2a0000-7fdd1c2a3000 r--s 0001c000 08:05 747669                     /home/anonymous/.gradle/wrapper/dists/gradle-2.10-all/a4w5fzrkeut1ox71xslb49gst/gradle-2.10/lib/plugins/nekohtml-1.9.14.jar
7fdd1c2a3000-7fdd1c2ac000 r--s 00060000 08:05 747668                     /home/anonymous/.gradle/wrapper/dists/gradle-2.10-all/a4w5fzrkeut1ox71xslb49gst/gradle-2.10/lib/plugins/httpclient-4.2.2.jar
7fdd1c2ac000-7fdd1c2ae000 r--s 00009000 08:05 746970                     /home/anonymous/.gradle/wrapper/dists/gradle-2.10-all/a4w5fzrkeut1ox71xslb49gst/gradle-2.10/lib/plugins/gradle-resources-http-2.10.jar
7fdd1c2ae000-7fdd1c2b1000 r--s 00011000 08:05 746969                     /home/anonymous/.gradle/wrapper/dists/gradle-2.10-all/a4w5fzrkeut1ox71xslb49gst/gradle-2.10/lib/plugins/gradle-plugin-use-2.10.jar
7fdd1c2b1000-7fdd1c2b2000 r--s 00007000 08:05 747710                     /home/anonymous/.gradle/wrapper/dists/gradle-2.10-all/a4w5fzrkeut1ox71xslb49gst/gradle-2.10/lib/plugins/wagon-http-shared4-2.4.jar
7fdd1c2b2000-7fdd1c2b6000 r--s 00033000 08:05 747709                     /home/anonymous/.gradle/wrapper/dists/gradle-2.10-all/a4w5fzrkeut1ox71xslb49gst/gradle-2.10/lib/plugins/plexus-utils-2.0.6.jar
7fdd1c2b6000-7fdd1c2ba000 r--s 00021000 08:05 747708                     /home/anonymous/.gradle/wrapper/dists/gradle-2.10-all/a4w5fzrkeut1ox71xslb49gst/gradle-2.10/lib/plugins/maven-model-builder-3.0.4.jar
7fdd1c2ba000-7fdd1c2bb000 r--s 00002000 08:05 747707                     /home/anonymous/.gradle/wrapper/dists/gradle-2.10-all/a4w5fzrkeut1ox71xslb49gst/gradle-2.10/lib/plugins/wagon-file-2.4.jar
7fdd1c2bb000-7fdd1c2bd000 r--s 00002000 08:05 747706                     /home/anonymous/.gradle/wrapper/dists/gradle-2.10-all/a4w5fzrkeut1ox71xslb49gst/gradle-2.10/lib/plugins/plexus-cipher-1.7.jar
7fdd1c2bd000-7fdd1c2c0000 r--s 00013000 08:05 747705                     /home/anonymous/.gradle/wrapper/dists/gradle-2.10-all/a4w5fzrkeut1ox71xslb49gst/gradle-2.10/lib/plugins/aether-api-1.13.1.jar
7fdd1c2c0000-7fdd1c2c2000 r--s 0000a000 08:05 747704                     /home/anonymous/.gradle/wrapper/dists/gradle-2.10-all/a4w5fzrkeut1ox71xslb49gst/gradle-2.10/lib/plugins/maven-settings-3.0.4.jar
7fdd1c2c2000-7fdd1c2c4000 r--s 0000d000 08:05 747703                     /home/anonymous/.gradle/wrapper/dists/gradle-2.10-all/a4w5fzrkeut1ox71xslb49gst/gradle-2.10/lib/plugins/plexus-interpolation-1.14.jar
7fdd1c2c4000-7fdd1c2c6000 r--s 0000b000 08:05 747702                     /home/anonymous/.gradle/wrapper/dists/gradle-2.10-all/a4w5fzrkeut1ox71xslb49gst/gradle-2.10/lib/plugins/maven-artifact-3.0.4.jar
7fdd1c2c6000-7fdd1c2cd000 r--s 0002e000 08:05 747701                     /home/anonymous/.gradle/wrapper/dists/gradle-2.10-all/a4w5fzrkeut1ox71xslb49gst/gradle-2.10/lib/plugins/plexus-container-default-1.5.5.jar
7fdd1c2cd000-7fdd1c2cf000 r--s 0000b000 08:05 747700                     /home/anonymous/.gradle/wrapper/dists/gradle-2.10-all/a4w5fzrkeut1ox71xslb49gst/gradle-2.10/lib/plugins/maven-plugin-api-3.0.4.jar
7fdd1c2cf000-7fdd1c2d1000 r--s 00000000 08:05 747717                     /home/anonymous/.gradle/wrapper/dists/gradle-2.10-all/a4w5fzrkeut1ox71xslb49gst/gradle-2.10/lib/plugins/plexus-component-annotations-1.5.5.jar
7fdd1c2d1000-7fdd1c2d7000 r--s 0003f000 08:05 747699                     /home/anonymous/.gradle/wrapper/dists/gradle-2.10-all/a4w5fzrkeut1ox71xslb49gst/gradle-2.10/lib/plugins/maven-compat-3.0.4.jar
7fdd1c2d7000-7fdd1c2da000 r--s 00008000 08:05 747698                     /home/anonymous/.gradle/wrapper/dists/gradle-2.10-all/a4w5fzrkeut1ox71xslb49gst/gradle-2.10/lib/plugins/maven-settings-builder-3.0.4.jar
7fdd1c2da000-7fdd1c2db000 r--s 00002000 08:05 747697                     /home/anonymous/.gradle/wrapper/dists/gradle-2.10-all/a4w5fzrkeut1ox71xslb49gst/gradle-2.10/lib/plugins/wagon-http-2.4.jar
7fdd1c2db000-7fdd1c2dd000 r--s 00026000 08:05 747696                     /home/anonymous/.gradle/wrapper/dists/gradle-2.10-all/a4w5fzrkeut1ox71xslb49gst/gradle-2.10/lib/plugins/maven-model-3.0.4.jar
7fdd1c2dd000-7fdd1c2df000 r--s 00006000 08:05 747695                     /home/anonymous/.gradle/wrapper/dists/gradle-2.10-all/a4w5fzrkeut1ox71xslb49gst/gradle-2.10/lib/plugins/aether-connector-wagon-1.13.1.jar
7fdd1c2df000-7fdd1c2e1000 r--s 0000a000 08:05 747694                     /home/anonymous/.gradle/wrapper/dists/gradle-2.10-all/a4w5fzrkeut1ox71xslb49gst/gradle-2.10/lib/plugins/plexus-classworlds-2.4.jar
7fdd1c2e1000-7fdd1c2e3000 r--s 00006000 08:05 747693                     /home/anonymous/.gradle/wrapper/dists/gradle-2.10-all/a4w5fzrkeut1ox71xslb49gst/gradle-2.10/lib/plugins/maven-repository-metadata-3.0.4.jar
7fdd1c2e3000-7fdd1c2e5000 r--s 0000c000 08:05 747692                     /home/anonymous/.gradle/wrapper/dists/gradle-2.10-all/a4w5fzrkeut1ox71xslb49gst/gradle-2.10/lib/plugins/maven-aether-provider-3.0.4.jar
7fdd1c2e5000-7fdd1c2e7000 r--s 0000b000 08:05 747691                     /home/anonymous/.gradle/wrapper/dists/gradle-2.10-all/a4w5fzrkeut1ox71xslb49gst/gradle-2.10/lib/plugins/wagon-provider-api-2.4.jar
7fdd1c2e7000-7fdd1c2e8000 r--s 00003000 08:05 747690                     /home/anonymous/.gradle/wrapper/dists/gradle-2.10-all/a4w5fzrkeut1ox71xslb49gst/gradle-2.10/lib/plugins/aether-spi-1.13.1.jar
7fdd1c2e8000-7fdd1c2ec000 r--s 0001c000 08:05 747689                     /home/anonymous/.gradle/wrapper/dists/gradle-2.10-all/a4w5fzrkeut1ox71xslb49gst/gradle-2.10/lib/plugins/aether-util-1.13.1.jar
7fdd1c2ec000-7fdd1c2ef000 r--s 0001d000 08:05 747688                     /home/anonymous/.gradle/wrapper/dists/gradle-2.10-all/a4w5fzrkeut1ox71xslb49gst/gradle-2.10/lib/plugins/aether-impl-1.13.1.jar
7fdd1c2ef000-7fdd1c2f0000 r--s 00006000 08:05 747687                     /home/anonymous/.gradle/wrapper/dists/gradle-2.10-all/a4w5fzrkeut1ox71xslb49gst/gradle-2.10/lib/plugins/plexus-sec-dispatcher-1.3.jar
7fdd1c2f0000-7fdd1c330000 r--s 00277000 08:05 747680                     /home/anonymous/.gradle/wrapper/dists/gradle-2.10-all/a4w5fzrkeut1ox71xslb49gst/gradle-2.10/lib/plugins/bcprov-jdk15on-1.51.jar
7fdd1c330000-7fdd1c33c000 r--s 0007d000 08:05 747659                     /home/anonymous/.gradle/wrapper/dists/gradle-2.10-all/a4w5fzrkeut1ox71xslb49gst/gradle-2.10/lib/plugins/maven-core-3.0.4.jar
7fdd1c33c000-7fdd1c34b000 r--s 000d9000 08:05 747678                     /home/anonymous/.gradle/wrapper/dists/gradle-2.10-all/a4w5fzrkeut1ox71xslb49gst/gradle-2.10/lib/plugins/ivy-2.2.0.jar
7fdd1c34b000-7fdd1c361000 r-xp 00000000 08:05 925593                     /lib/x86_64-linux-gnu/libgcc_s.so.1
7fdd1c361000-7fdd1c560000 ---p 00016000 08:05 925593                     /lib/x86_64-linux-gnu/libgcc_s.so.1
7fdd1c560000-7fdd1c561000 rw-p 00015000 08:05 925593                     /lib/x86_64-linux-gnu/libgcc_s.so.1
7fdd1c561000-7fdd1c6d3000 r-xp 00000000 08:05 655572                     /usr/lib/x86_64-linux-gnu/libstdc++.so.6.0.21
7fdd1c6d3000-7fdd1c8d3000 ---p 00172000 08:05 655572                     /usr/lib/x86_64-linux-gnu/libstdc++.so.6.0.21
7fdd1c8d3000-7fdd1c8dd000 r--p 00172000 08:05 655572                     /usr/lib/x86_64-linux-gnu/libstdc++.so.6.0.21
7fdd1c8dd000-7fdd1c8df000 rw-p 0017c000 08:05 655572                     /usr/lib/x86_64-linux-gnu/libstdc++.so.6.0.21
7fdd1c8df000-7fdd1c8e3000 rw-p 00000000 00:00 0 
7fdd1c8e3000-7fdd1c8e8000 r--s 00040000 08:05 747670                     /home/anonymous/.gradle/wrapper/dists/gradle-2.10-all/a4w5fzrkeut1ox71xslb49gst/gradle-2.10/lib/plugins/jsch-0.1.53.jar
7fdd1c8e8000-7fdd1c8ec000 r--s 0001d000 08:05 747679                     /home/anonymous/.gradle/wrapper/dists/gradle-2.10-all/a4w5fzrkeut1ox71xslb49gst/gradle-2.10/lib/plugins/xbean-reflect-3.4.jar
7fdd1c8ec000-7fdd1c8f1000 r--s 0002a000 08:05 747665                     /home/anonymous/.gradle/wrapper/dists/gradle-2.10-all/a4w5fzrkeut1ox71xslb49gst/gradle-2.10/lib/plugins/gson-2.2.4.jar
7fdd1c8f1000-7fdd1c90d000 r--s 000c9000 08:05 746974                     /home/anonymous/.gradle/wrapper/dists/gradle-2.10-all/a4w5fzrkeut1ox71xslb49gst/gradle-2.10/lib/plugins/gradle-dependency-management-2.10.jar
7fdd1c90d000-7fdd1c911000 r-xp 00000000 08:05 700748                     /home/anonymous/.gradle/native/19/linux-amd64/libnative-platform.so
7fdd1c911000-7fdd1cb10000 ---p 00004000 08:05 700748                     /home/anonymous/.gradle/native/19/linux-amd64/libnative-platform.so
7fdd1cb10000-7fdd1cb11000 rw-p 00003000 08:05 700748                     /home/anonymous/.gradle/native/19/linux-amd64/libnative-platform.so
7fdd1cb11000-7fdd1cb21000 r-xp 00000000 08:05 1713426                    /usr/lib/jvm/java-7-oracle/jre/lib/amd64/libnio.so
7fdd1cb21000-7fdd1cd21000 ---p 00010000 08:05 1713426                    /usr/lib/jvm/java-7-oracle/jre/lib/amd64/libnio.so
7fdd1cd21000-7fdd1cd22000 rw-p 00010000 08:05 1713426                    /usr/lib/jvm/java-7-oracle/jre/lib/amd64/libnio.so
7fdd1cd22000-7fdd1d023000 rw-p 00000000 00:00 0 
7fdd1d023000-7fdd1d03a000 r-xp 00000000 08:05 1713494                    /usr/lib/jvm/java-7-oracle/jre/lib/amd64/libnet.so
7fdd1d03a000-7fdd1d239000 ---p 00017000 08:05 1713494                    /usr/lib/jvm/java-7-oracle/jre/lib/amd64/libnet.so
7fdd1d239000-7fdd1d23a000 rw-p 00016000 08:05 1713494                    /usr/lib/jvm/java-7-oracle/jre/lib/amd64/libnet.so
7fdd1d23a000-7fdd1d23b000 r--s 00006000 08:05 746891                     /home/anonymous/.gradle/wrapper/dists/gradle-2.10-all/a4w5fzrkeut1ox71xslb49gst/gradle-2.10/lib/gradle-wrapper-2.10.jar
7fdd1d23b000-7fdd1d246000 r--s 0003b000 08:05 746896                     /home/anonymous/.gradle/wrapper/dists/gradle-2.10-all/a4w5fzrkeut1ox71xslb49gst/gradle-2.10/lib/gradle-tooling-api-2.10.jar
7fdd1d246000-7fdd1d248000 r--s 00002000 08:05 746918                     /home/anonymous/.gradle/wrapper/dists/gradle-2.10-all/a4w5fzrkeut1ox71xslb49gst/gradle-2.10/lib/gradle-open-api-2.10.jar
7fdd1d248000-7fdd1d24e000 r--s 00032000 08:05 746920                     /home/anonymous/.gradle/wrapper/dists/gradle-2.10-all/a4w5fzrkeut1ox71xslb49gst/gradle-2.10/lib/jaxen-1.1.jar
7fdd1d24e000-7fdd1d253000 r--s 00048000 08:05 746919                     /home/anonymous/.gradle/wrapper/dists/gradle-2.10-all/a4w5fzrkeut1ox71xslb49gst/gradle-2.10/lib/dom4j-1.6.1.jar
7fdd1d253000-7fdd1d25e000 r--s 00059000 08:05 746895                     /home/anonymous/.gradle/wrapper/dists/gradle-2.10-all/a4w5fzrkeut1ox71xslb49gst/gradle-2.10/lib/gradle-ui-2.10.jar
7fdd1d25e000-7fdd1d261000 r--s 00008000 08:05 746914                     /home/anonymous/.gradle/wrapper/dists/gradle-2.10-all/a4w5fzrkeut1ox71xslb49gst/gradle-2.10/lib/gradle-resources-2.10.jar
7fdd1d261000-7fdd1d263000 r--s 00007000 08:05 746936                     /home/anonymous/.gradle/wrapper/dists/gradle-2.10-all/a4w5fzrkeut1ox71xslb49gst/gradle-2.10/lib/objenesis-1.2.jar
7fdd1d263000-7fdd1d265000 r--s 00000000 08:05 746935                     /home/anonymous/.gradle/wrapper/dists/gradle-2.10-all/a4w5fzrkeut1ox71xslb49gst/gradle-2.10/lib/minlog-1.2.jar
7fdd1d265000-7fdd1d267000 r--s 0000f000 08:05 746934                     /home/anonymous/.gradle/wrapper/dists/gradle-2.10-all/a4w5fzrkeut1ox71xslb49gst/gradle-2.10/lib/reflectasm-1.07-shaded.jar
7fdd1d267000-7fdd1d26b000 r--s 00026000 08:05 746925                     /home/anonymous/.gradle/wrapper/dists/gradle-2.10-all/a4w5fzrkeut1ox71xslb49gst/gradle-2.10/lib/kryo-2.20.jar
7fdd1d26b000-7fdd1d274000 r--s 0003f000 08:05 746913                     /home/anonymous/.gradle/wrapper/dists/gradle-2.10-all/a4w5fzrkeut1ox71xslb49gst/gradle-2.10/lib/gradle-messaging-2.10.jar
7fdd1d274000-7fdd1d275000 r--s 00003000 08:05 746933                     /home/anonymous/.gradle/wrapper/dists/gradle-2.10-all/a4w5fzrkeut1ox71xslb49gst/gradle-2.10/lib/native-platform-freebsd-amd64-0.10.jar
7fdd1d275000-7fdd1d276000 r--s 00003000 08:05 746932                     /home/anonymous/.gradle/wrapper/dists/gradle-2.10-all/a4w5fzrkeut1ox71xslb49gst/gradle-2.10/lib/native-platform-freebsd-i386-0.10.jar
7fdd1d276000-7fdd1d277000 r--s 00005000 08:05 746931                     /home/anonymous/.gradle/wrapper/dists/gradle-2.10-all/a4w5fzrkeut1ox71xslb49gst/gradle-2.10/lib/native-platform-windows-i386-0.10.jar
7fdd1d277000-7fdd1d278000 r--s 00005000 08:05 746930                     /home/anonymous/.gradle/wrapper/dists/gradle-2.10-all/a4w5fzrkeut1ox71xslb49gst/gradle-2.10/lib/native-platform-windows-amd64-0.10.jar
7fdd1d278000-7fdd1d279000 r--s 00003000 08:05 746929                     /home/anonymous/.gradle/wrapper/dists/gradle-2.10-all/a4w5fzrkeut1ox71xslb49gst/gradle-2.10/lib/native-platform-linux-i386-0.10.jar
7fdd1d279000-7fdd1d27a000 r--s 00003000 08:05 746928                     /home/anonymous/.gradle/wrapper/dists/gradle-2.10-all/a4w5fzrkeut1ox71xslb49gst/gradle-2.10/lib/native-platform-linux-amd64-0.10.jar
7fdd1d27a000-7fdd1d27b000 r--s 00002000 08:05 746927                     /home/anonymous/.gradle/wrapper/dists/gradle-2.10-all/a4w5fzrkeut1ox71xslb49gst/gradle-2.10/lib/native-platform-osx-amd64-0.10.jar
7fdd1d27b000-7fdd1d27c000 r--s 00002000 08:05 746926                     /home/anonymous/.gradle/wrapper/dists/gradle-2.10-all/a4w5fzrkeut1ox71xslb49gst/gradle-2.10/lib/native-platform-osx-i386-0.10.jar
7fdd1d27c000-7fdd1d27e000 r--s 00008000 08:05 746923                     /home/anonymous/.gradle/wrapper/dists/gradle-2.10-all/a4w5fzrkeut1ox71xslb49gst/gradle-2.10/lib/jansi-1.2.1.jar
7fdd1d27e000-7fdd1d281000 r--s 0000d000 08:05 746922                     /home/anonymous/.gradle/wrapper/dists/gradle-2.10-all/a4w5fzrkeut1ox71xslb49gst/gradle-2.10/lib/native-platform-0.10.jar
7fdd1d281000-7fdd1d285000 r--s 000e4000 08:05 746921                     /home/anonymous/.gradle/wrapper/dists/gradle-2.10-all/a4w5fzrkeut1ox71xslb49gst/gradle-2.10/lib/jna-3.2.7.jar
7fdd1d285000-7fdd1d287000 r--s 00008000 08:05 746897                     /home/anonymous/.gradle/wrapper/dists/gradle-2.10-all/a4w5fzrkeut1ox71xslb49gst/gradle-2.10/lib/gradle-native-2.10.jar
7fdd1d287000-7fdd1d289000 r--s 00005000 08:05 746894                     /home/anonymous/.gradle/wrapper/dists/gradle-2.10-all/a4w5fzrkeut1ox71xslb49gst/gradle-2.10/lib/gradle-cli-2.10.jar
7fdd1d289000-7fdd1d296000 r--s 00073000 08:05 746902                     /home/anonymous/.gradle/wrapper/dists/gradle-2.10-all/a4w5fzrkeut1ox71xslb49gst/gradle-2.10/lib/gradle-model-core-2.10.jar
7fdd1d296000-7fdd1d2a4000 r--s 0007f000 08:05 746906                     /home/anonymous/.gradle/wrapper/dists/gradle-2.10-all/a4w5fzrkeut1ox71xslb49gst/gradle-2.10/lib/commons-collections-3.2.1.jar
7fdd1d2a4000-7fdd1d313000 r--s 0063e000 08:05 746901                     /home/anonymous/.gradle/wrapper/dists/gradle-2.10-all/a4w5fzrkeut1ox71xslb49gst/gradle-2.10/lib/groovy-all-2.4.4.jar
7fdd1d313000-7fdd1d33b000 r--s 001cf000 08:05 746899                     /home/anonymous/.gradle/wrapper/dists/gradle-2.10-all/a4w5fzrkeut1ox71xslb49gst/gradle-2.10/lib/guava-jdk5-17.0.jar
7fdd1d33b000-7fdd1d35a000 r--s 001cc000 08:05 746905                     /home/anonymous/.gradle/wrapper/dists/gradle-2.10-all/a4w5fzrkeut1ox71xslb49gst/gradle-2.10/lib/ant-1.9.3.jar
7fdd1d35a000-7fdd1d391000 r--s 001bc000 08:05 746893                     /home/anonymous/.gradle/wrapper/dists/gradle-2.10-all/a4w5fzrkeut1ox71xslb49gst/gradle-2.10/lib/gradle-core-2.10.jar
7fdd1d391000-7fdd1d392000 ---p 00000000 00:00 0 
7fdd1d392000-7fdd1d492000 rw-p 00000000 00:00 0 
7fdd1d492000-7fdd1d495000 ---p 00000000 00:00 0 
7fdd1d495000-7fdd1d593000 rw-p 00000000 00:00 0 
7fdd1d593000-7fdd1d596000 ---p 00000000 00:00 0 
7fdd1d596000-7fdd1d694000 rw-p 00000000 00:00 0 
7fdd1d694000-7fdd1d697000 ---p 00000000 00:00 0 
7fdd1d697000-7fdd1d795000 rw-p 00000000 00:00 0 
7fdd1d795000-7fdd1d798000 ---p 00000000 00:00 0 
7fdd1d798000-7fdd1d896000 rw-p 00000000 00:00 0 
7fdd1d896000-7fdd1db6f000 r--p 00000000 08:05 659510                     /usr/lib/locale/locale-archive
7fdd1db6f000-7fdd1db72000 ---p 00000000 00:00 0 
7fdd1db72000-7fdd1dc70000 rw-p 00000000 00:00 0 
7fdd1dc70000-7fdd1dc73000 ---p 00000000 00:00 0 
7fdd1dc73000-7fdd1dd71000 rw-p 00000000 00:00 0 
7fdd1dd71000-7fdd1dd72000 ---p 00000000 00:00 0 
7fdd1dd72000-7fdd1ee2f000 rw-p 00000000 00:00 0 
7fdd1ee2f000-7fdd1efef000 r--s 039fb000 08:05 1719593                    /usr/lib/jvm/java-7-oracle/jre/lib/rt.jar
7fdd1efef000-7fdd1f48e000 rw-p 00000000 00:00 0 
7fdd1f48e000-7fdd1f48f000 ---p 00000000 00:00 0 
7fdd1f48f000-7fdd1f58f000 rw-p 00000000 00:00 0 
7fdd1f58f000-7fdd1f590000 ---p 00000000 00:00 0 
7fdd1f590000-7fdd1f690000 rw-p 00000000 00:00 0 
7fdd1f690000-7fdd1f691000 ---p 00000000 00:00 0 
7fdd1f691000-7fdd1f791000 rw-p 00000000 00:00 0 
7fdd1f791000-7fdd1f792000 ---p 00000000 00:00 0 
7fdd1f792000-7fdd1f9ad000 rw-p 00000000 00:00 0 
7fdd1f9ad000-7fdd1fb3d000 rw-p 00000000 00:00 0 
7fdd1fb3d000-7fdd1fb66000 rw-p 00000000 00:00 0 
7fdd1fb66000-7fdd1fc81000 rw-p 00000000 00:00 0 
7fdd1fc81000-7fdd1fe10000 rw-p 00000000 00:00 0 
7fdd1fe10000-7fdd1ff66000 rw-p 00000000 00:00 0 
7fdd1ff66000-7fdd1ff67000 rw-p 00000000 00:00 0 
7fdd1ff67000-7fdd208b7000 rwxp 00000000 00:00 0 
7fdd208b7000-7fdd22f67000 rw-p 00000000 00:00 0 
7fdd22f67000-7fdd22f7e000 r-xp 00000000 08:05 1713484                    /usr/lib/jvm/java-7-oracle/jre/lib/amd64/libzip.so
7fdd22f7e000-7fdd2317e000 ---p 00017000 08:05 1713484                    /usr/lib/jvm/java-7-oracle/jre/lib/amd64/libzip.so
7fdd2317e000-7fdd2317f000 rw-p 00017000 08:05 1713484                    /usr/lib/jvm/java-7-oracle/jre/lib/amd64/libzip.so
7fdd2317f000-7fdd2318a000 r-xp 00000000 08:05 956258                     /lib/x86_64-linux-gnu/libnss_files-2.23.so
7fdd2318a000-7fdd23389000 ---p 0000b000 08:05 956258                     /lib/x86_64-linux-gnu/libnss_files-2.23.so
7fdd23389000-7fdd2338a000 r--p 0000a000 08:05 956258                     /lib/x86_64-linux-gnu/libnss_files-2.23.so
7fdd2338a000-7fdd2338b000 rw-p 0000b000 08:05 956258                     /lib/x86_64-linux-gnu/libnss_files-2.23.so
7fdd2338b000-7fdd23391000 rw-p 00000000 00:00 0 
7fdd23391000-7fdd2339c000 r-xp 00000000 08:05 937262                     /lib/x86_64-linux-gnu/libnss_nis-2.23.so
7fdd2339c000-7fdd2359b000 ---p 0000b000 08:05 937262                     /lib/x86_64-linux-gnu/libnss_nis-2.23.so
7fdd2359b000-7fdd2359c000 r--p 0000a000 08:05 937262                     /lib/x86_64-linux-gnu/libnss_nis-2.23.so
7fdd2359c000-7fdd2359d000 rw-p 0000b000 08:05 937262                     /lib/x86_64-linux-gnu/libnss_nis-2.23.so
7fdd2359d000-7fdd235b3000 r-xp 00000000 08:05 937260                     /lib/x86_64-linux-gnu/libnsl-2.23.so
7fdd235b3000-7fdd237b2000 ---p 00016000 08:05 937260                     /lib/x86_64-linux-gnu/libnsl-2.23.so
7fdd237b2000-7fdd237b3000 r--p 00015000 08:05 937260                     /lib/x86_64-linux-gnu/libnsl-2.23.so
7fdd237b3000-7fdd237b4000 rw-p 00016000 08:05 937260                     /lib/x86_64-linux-gnu/libnsl-2.23.so
7fdd237b4000-7fdd237b6000 rw-p 00000000 00:00 0 
7fdd237b6000-7fdd237be000 r-xp 00000000 08:05 922568                     /lib/x86_64-linux-gnu/libnss_compat-2.23.so
7fdd237be000-7fdd239bd000 ---p 00008000 08:05 922568                     /lib/x86_64-linux-gnu/libnss_compat-2.23.so
7fdd239bd000-7fdd239be000 r--p 00007000 08:05 922568                     /lib/x86_64-linux-gnu/libnss_compat-2.23.so
7fdd239be000-7fdd239bf000 rw-p 00008000 08:05 922568                     /lib/x86_64-linux-gnu/libnss_compat-2.23.so
7fdd239bf000-7fdd239e8000 r-xp 00000000 08:05 1713416                    /usr/lib/jvm/java-7-oracle/jre/lib/amd64/libjava.so
7fdd239e8000-7fdd23be8000 ---p 00029000 08:05 1713416                    /usr/lib/jvm/java-7-oracle/jre/lib/amd64/libjava.so
7fdd23be8000-7fdd23bea000 rw-p 00029000 08:05 1713416                    /usr/lib/jvm/java-7-oracle/jre/lib/amd64/libjava.so
7fdd23bea000-7fdd23bf7000 r-xp 00000000 08:05 1713470                    /usr/lib/jvm/java-7-oracle/jre/lib/amd64/libverify.so
7fdd23bf7000-7fdd23df6000 ---p 0000d000 08:05 1713470                    /usr/lib/jvm/java-7-oracle/jre/lib/amd64/libverify.so
7fdd23df6000-7fdd23df8000 rw-p 0000c000 08:05 1713470                    /usr/lib/jvm/java-7-oracle/jre/lib/amd64/libverify.so
7fdd23df8000-7fdd23dff000 r-xp 00000000 08:05 956267                     /lib/x86_64-linux-gnu/librt-2.23.so
7fdd23dff000-7fdd23ffe000 ---p 00007000 08:05 956267                     /lib/x86_64-linux-gnu/librt-2.23.so
7fdd23ffe000-7fdd23fff000 r--p 00006000 08:05 956267                     /lib/x86_64-linux-gnu/librt-2.23.so
7fdd23fff000-7fdd24000000 rw-p 00007000 08:05 956267                     /lib/x86_64-linux-gnu/librt-2.23.so
7fdd24000000-7fdd24aea000 rw-p 00000000 00:00 0 
7fdd24aea000-7fdd28000000 ---p 00000000 00:00 0 
7fdd28000000-7fdd28001000 r--s 00007000 08:05 746903                     /home/anonymous/.gradle/wrapper/dists/gradle-2.10-all/a4w5fzrkeut1ox71xslb49gst/gradle-2.10/lib/gradle-model-groovy-2.10.jar
7fdd28001000-7fdd28003000 r--s 00005000 08:05 746912                     /home/anonymous/.gradle/wrapper/dists/gradle-2.10-all/a4w5fzrkeut1ox71xslb49gst/gradle-2.10/lib/gradle-base-services-groovy-2.10.jar
7fdd28003000-7fdd28005000 r--s 00003000 08:05 746917                     /home/anonymous/.gradle/wrapper/dists/gradle-2.10-all/a4w5fzrkeut1ox71xslb49gst/gradle-2.10/lib/jcl-over-slf4j-1.7.10.jar
7fdd28005000-7fdd2811d000 rw-p 00000000 00:00 0 
7fdd2811d000-7fdd28225000 r-xp 00000000 08:05 956264                     /lib/x86_64-linux-gnu/libm-2.23.so
7fdd28225000-7fdd28424000 ---p 00108000 08:05 956264                     /lib/x86_64-linux-gnu/libm-2.23.so
7fdd28424000-7fdd28425000 r--p 00107000 08:05 956264                     /lib/x86_64-linux-gnu/libm-2.23.so
7fdd28425000-7fdd28426000 rw-p 00108000 08:05 956264                     /lib/x86_64-linux-gnu/libm-2.23.so
7fdd28426000-7fdd28f9c000 r-xp 00000000 08:05 1713524                    /usr/lib/jvm/java-7-oracle/jre/lib/amd64/server/libjvm.so
7fdd28f9c000-7fdd2919b000 ---p 00b76000 08:05 1713524                    /usr/lib/jvm/java-7-oracle/jre/lib/amd64/server/libjvm.so
7fdd2919b000-7fdd2925f000 rw-p 00b75000 08:05 1713524                    /usr/lib/jvm/java-7-oracle/jre/lib/amd64/server/libjvm.so
7fdd2925f000-7fdd292a0000 rw-p 00000000 00:00 0 
7fdd292a0000-7fdd29460000 r-xp 00000000 08:05 956272                     /lib/x86_64-linux-gnu/libc-2.23.so
7fdd29460000-7fdd2965f000 ---p 001c0000 08:05 956272                     /lib/x86_64-linux-gnu/libc-2.23.so
7fdd2965f000-7fdd29663000 r--p 001bf000 08:05 956272                     /lib/x86_64-linux-gnu/libc-2.23.so
7fdd29663000-7fdd29665000 rw-p 001c3000 08:05 956272                     /lib/x86_64-linux-gnu/libc-2.23.so
7fdd29665000-7fdd29669000 rw-p 00000000 00:00 0 
7fdd29669000-7fdd2966c000 r-xp 00000000 08:05 956273                     /lib/x86_64-linux-gnu/libdl-2.23.so
7fdd2966c000-7fdd2986b000 ---p 00003000 08:05 956273                     /lib/x86_64-linux-gnu/libdl-2.23.so
7fdd2986b000-7fdd2986c000 r--p 00002000 08:05 956273                     /lib/x86_64-linux-gnu/libdl-2.23.so
7fdd2986c000-7fdd2986d000 rw-p 00003000 08:05 956273                     /lib/x86_64-linux-gnu/libdl-2.23.so
7fdd2986d000-7fdd29882000 r-xp 00000000 08:05 1601155                    /usr/lib/jvm/java-7-oracle/lib/amd64/jli/libjli.so
7fdd29882000-7fdd29a81000 ---p 00015000 08:05 1601155                    /usr/lib/jvm/java-7-oracle/lib/amd64/jli/libjli.so
7fdd29a81000-7fdd29a82000 rw-p 00014000 08:05 1601155                    /usr/lib/jvm/java-7-oracle/lib/amd64/jli/libjli.so
7fdd29a82000-7fdd29a9a000 r-xp 00000000 08:05 956271                     /lib/x86_64-linux-gnu/libpthread-2.23.so
7fdd29a9a000-7fdd29c99000 ---p 00018000 08:05 956271                     /lib/x86_64-linux-gnu/libpthread-2.23.so
7fdd29c99000-7fdd29c9a000 r--p 00017000 08:05 956271                     /lib/x86_64-linux-gnu/libpthread-2.23.so
7fdd29c9a000-7fdd29c9b000 rw-p 00018000 08:05 956271                     /lib/x86_64-linux-gnu/libpthread-2.23.so
7fdd29c9b000-7fdd29c9f000 rw-p 00000000 00:00 0 
7fdd29c9f000-7fdd29cc5000 r-xp 00000000 08:05 956268                     /lib/x86_64-linux-gnu/ld-2.23.so
7fdd29cc5000-7fdd29cc6000 r--s 00000000 08:05 746915                     /home/anonymous/.gradle/wrapper/dists/gradle-2.10-all/a4w5fzrkeut1ox71xslb49gst/gradle-2.10/lib/gradle-docs-2.10.jar
7fdd29cc6000-7fdd29cc7000 r--s 00005000 08:05 746916                     /home/anonymous/.gradle/wrapper/dists/gradle-2.10-all/a4w5fzrkeut1ox71xslb49gst/gradle-2.10/lib/log4j-over-slf4j-1.7.10.jar
7fdd29cc7000-7fdd29cc8000 r--s 00000000 08:05 746911                     /home/anonymous/.gradle/wrapper/dists/gradle-2.10-all/a4w5fzrkeut1ox71xslb49gst/gradle-2.10/lib/javax.inject-1.jar
7fdd29cc8000-7fdd29ccb000 r--s 0001b000 08:05 746910                     /home/anonymous/.gradle/wrapper/dists/gradle-2.10-all/a4w5fzrkeut1ox71xslb49gst/gradle-2.10/lib/jarjar-1.3.jar
7fdd29ccb000-7fdd29ccf000 r--s 00027000 08:05 746907                     /home/anonymous/.gradle/wrapper/dists/gradle-2.10-all/a4w5fzrkeut1ox71xslb49gst/gradle-2.10/lib/commons-io-2.2.jar
7fdd29ccf000-7fdd29cf5000 rw-p 00000000 00:00 0 
7fdd29cf5000-7fdd29d8f000 rw-p 00000000 00:00 0 
7fdd29d8f000-7fdd29d92000 ---p 00000000 00:00 0 
7fdd29d92000-7fdd29e94000 rw-p 00000000 00:00 0 
7fdd29e94000-7fdd29e96000 r--s 00000000 08:05 746909                     /home/anonymous/.gradle/wrapper/dists/gradle-2.10-all/a4w5fzrkeut1ox71xslb49gst/gradle-2.10/lib/jul-to-slf4j-1.7.10.jar
7fdd29e96000-7fdd29e97000 r--s 00000000 08:05 746908                     /home/anonymous/.gradle/wrapper/dists/gradle-2.10-all/a4w5fzrkeut1ox71xslb49gst/gradle-2.10/lib/jcip-annotations-1.0.jar
7fdd29e97000-7fdd29e9c000 r--s 00036000 08:05 746904                     /home/anonymous/.gradle/wrapper/dists/gradle-2.10-all/a4w5fzrkeut1ox71xslb49gst/gradle-2.10/lib/asm-all-5.0.3.jar
7fdd29e9c000-7fdd29ea1000 r--s 00041000 08:05 746900                     /home/anonymous/.gradle/wrapper/dists/gradle-2.10-all/a4w5fzrkeut1ox71xslb49gst/gradle-2.10/lib/commons-lang-2.6.jar
7fdd29ea1000-7fdd29ea2000 r--s 00007000 08:05 746898                     /home/anonymous/.gradle/wrapper/dists/gradle-2.10-all/a4w5fzrkeut1ox71xslb49gst/gradle-2.10/lib/slf4j-api-1.7.10.jar
7fdd29ea2000-7fdd29ea3000 r--s 00004000 08:05 746924                     /home/anonymous/.gradle/wrapper/dists/gradle-2.10-all/a4w5fzrkeut1ox71xslb49gst/gradle-2.10/lib/ant-launcher-1.9.3.jar
7fdd29ea3000-7fdd29eaa000 r--s 00034000 08:05 746892                     /home/anonymous/.gradle/wrapper/dists/gradle-2.10-all/a4w5fzrkeut1ox71xslb49gst/gradle-2.10/lib/gradle-base-services-2.10.jar
7fdd29eaa000-7fdd29eb4000 r--s 0004a000 08:05 746890                     /home/anonymous/.gradle/wrapper/dists/gradle-2.10-all/a4w5fzrkeut1ox71xslb49gst/gradle-2.10/lib/gradle-launcher-2.10.jar
7fdd29eb4000-7fdd29ebc000 rw-s 00000000 08:05 1354749                    /tmp/hsperfdata_anonymous/17711
7fdd29ebc000-7fdd29ebd000 rw-p 00000000 00:00 0 
7fdd29ebd000-7fdd29ebe000 ---p 00000000 00:00 0 
7fdd29ebe000-7fdd29ec0000 rw-p 00000000 00:00 0 
7fdd29ec0000-7fdd29ec2000 r--p 00000000 00:00 0                          [vvar]
7fdd29ec2000-7fdd29ec4000 r-xp 00000000 00:00 0                          [vdso]
7fdd29ec4000-7fdd29ec5000 r--p 00025000 08:05 956268                     /lib/x86_64-linux-gnu/ld-2.23.so
7fdd29ec5000-7fdd29ec6000 rw-p 00026000 08:05 956268                     /lib/x86_64-linux-gnu/ld-2.23.so
7fdd29ec6000-7fdd29ec7000 rw-p 00000000 00:00 0 
7fff8d497000-7fff8d4b9000 rw-p 00000000 00:00 0                          [stack]
ffffffffff600000-ffffffffff601000 r-xp 00000000 00:00 0                  [vsyscall]

VM Arguments:
jvm_args: -Xmx2048m -Dfile.encoding=UTF-8 -Duser.country=US -Duser.language=en -Duser.variant 
java_command: org.gradle.launcher.daemon.bootstrap.GradleDaemon 2.10
Launcher Type: SUN_STANDARD

Environment Variables:
JAVA_HOME=/usr/local/java/jdk1.8.0_91
JRE_HOME=/usr/local/java/jdk1.8.0_91/jre
PATH=/usr/local/sbin:/usr/local/bin:/usr/sbin:/usr/bin:/sbin:/bin:/usr/games:/usr/local/games:/snap/bin:/usr/lib/jvm/java-8-oracle/bin:/usr/lib/jvm/java-8-oracle/db/bin:/usr/lib/jvm/java-8-oracle/jre/bin:/usr/local/java/jdk1.8.0_91/bin:/usr/local/java/jdk1.8.0_91/jre/bin
LD_LIBRARY_PATH=.:
SHELL=/bin/bash
DISPLAY=:0

Signal Handlers:
SIGSEGV: [libjvm.so+0x9a3b20], sa_mask[0]=0x7ffbfeff, sa_flags=0x10000004
SIGBUS: [libjvm.so+0x9a3b20], sa_mask[0]=0x7ffbfeff, sa_flags=0x10000004
SIGFPE: [libjvm.so+0x81e740], sa_mask[0]=0x7ffbfeff, sa_flags=0x10000004
SIGPIPE: [libjvm.so+0x81e740], sa_mask[0]=0x7ffbfeff, sa_flags=0x10000004
SIGXFSZ: [libjvm.so+0x81e740], sa_mask[0]=0x7ffbfeff, sa_flags=0x10000004
SIGILL: [libjvm.so+0x81e740], sa_mask[0]=0x7ffbfeff, sa_flags=0x10000004
SIGUSR1: SIG_DFL, sa_mask[0]=0x00000000, sa_flags=0x00000000
SIGUSR2: [libjvm.so+0x81ffb0], sa_mask[0]=0x00000004, sa_flags=0x10000004
SIGHUP: [libjvm.so+0x8210d0], sa_mask[0]=0x7ffbfeff, sa_flags=0x10000004
SIGINT: [libjvm.so+0x8210d0], sa_mask[0]=0x7ffbfeff, sa_flags=0x10000004
SIGTERM: [libjvm.so+0x8210d0], sa_mask[0]=0x7ffbfeff, sa_flags=0x10000004
SIGQUIT: [libjvm.so+0x8210d0], sa_mask[0]=0x7ffbfeff, sa_flags=0x10000004


---------------  S Y S T E M  ---------------

OS:stretch/sid

uname:Linux 4.4.0-31-generic #50-Ubuntu SMP Wed Jul 13 00:07:12 UTC 2016 x86_64
libc:glibc 2.23 NPTL 2.23 
rlimit: STACK 8192k, CORE 0k, NPROC 14518, NOFILE 65536, AS infinity
load average:3,18 2,84 2,39

/proc/meminfo:
MemTotal:        3949160 kB
MemFree:          115252 kB
MemAvailable:      49640 kB
Buffers:            1888 kB
Cached:            69052 kB
SwapCached:        22440 kB
Active:          2609500 kB
Inactive:         907544 kB
Active(anon):    2582304 kB
Inactive(anon):   873884 kB
Active(file):      27196 kB
Inactive(file):    33660 kB
Unevictable:          68 kB
Mlocked:              68 kB
SwapTotal:       3126268 kB
SwapFree:           8328 kB
Dirty:                32 kB
Writeback:             0 kB
AnonPages:       3427216 kB
Mapped:           102760 kB
Shmem:              9672 kB
Slab:             103308 kB
SReclaimable:      46680 kB
SUnreclaim:        56628 kB
KernelStack:       14144 kB
PageTables:        85748 kB
NFS_Unstable:          0 kB
Bounce:                0 kB
WritebackTmp:          0 kB
CommitLimit:     5100848 kB
Committed_AS:   14739888 kB
VmallocTotal:   34359738367 kB
VmallocUsed:           0 kB
VmallocChunk:          0 kB
HardwareCorrupted:     0 kB
AnonHugePages:    843776 kB
CmaTotal:              0 kB
CmaFree:               0 kB
HugePages_Total:       0
HugePages_Free:        0
HugePages_Rsvd:        0
HugePages_Surp:        0
Hugepagesize:       2048 kB
DirectMap4k:     1258488 kB
DirectMap2M:     2838528 kB
DirectMap1G:           0 kB


CPU:total 4 (2 cores per cpu, 2 threads per core) family 6 model 69 stepping 1, cmov, cx8, fxsr, mmx, sse, sse2, sse3, ssse3, sse4.1, sse4.2, popcnt, avx, avx2, aes, erms, ht, tsc, tscinvbit

/proc/cpuinfo:
processor	: 0
vendor_id	: GenuineIntel
cpu family	: 6
model		: 69
model name	: Intel(R) Core(TM) i5-4200U CPU @ 1.60GHz
stepping	: 1
microcode	: 0x1d
cpu MHz		: 1707.437
cache size	: 3072 KB
physical id	: 0
siblings	: 4
core id		: 0
cpu cores	: 2
apicid		: 0
initial apicid	: 0
fpu		: yes
fpu_exception	: yes
cpuid level	: 13
wp		: yes
flags		: fpu vme de pse tsc msr pae mce cx8 apic sep mtrr pge mca cmov pat pse36 clflush dts acpi mmx fxsr sse sse2 ss ht tm pbe syscall nx pdpe1gb rdtscp lm constant_tsc arch_perfmon pebs bts rep_good nopl xtopology nonstop_tsc aperfmperf eagerfpu pni pclmulqdq dtes64 monitor ds_cpl vmx est tm2 ssse3 sdbg fma cx16 xtpr pdcm pcid sse4_1 sse4_2 movbe popcnt tsc_deadline_timer aes xsave avx f16c rdrand lahf_lm abm epb tpr_shadow vnmi flexpriority ept vpid fsgsbase tsc_adjust bmi1 avx2 smep bmi2 erms invpcid xsaveopt dtherm ida arat pln pts
bugs		:
bogomips	: 3192.63
clflush size	: 64
cache_alignment	: 64
address sizes	: 39 bits physical, 48 bits virtual
power management:

processor	: 1
vendor_id	: GenuineIntel
cpu family	: 6
model		: 69
model name	: Intel(R) Core(TM) i5-4200U CPU @ 1.60GHz
stepping	: 1
microcode	: 0x1d
cpu MHz		: 1636.250
cache size	: 3072 KB
physical id	: 0
siblings	: 4
core id		: 1
cpu cores	: 2
apicid		: 2
initial apicid	: 2
fpu		: yes
fpu_exception	: yes
cpuid level	: 13
wp		: yes
flags		: fpu vme de pse tsc msr pae mce cx8 apic sep mtrr pge mca cmov pat pse36 clflush dts acpi mmx fxsr sse sse2 ss ht tm pbe syscall nx pdpe1gb rdtscp lm constant_tsc arch_perfmon pebs bts rep_good nopl xtopology nonstop_tsc aperfmperf eagerfpu pni pclmulqdq dtes64 monitor ds_cpl vmx est tm2 ssse3 sdbg fma cx16 xtpr pdcm pcid sse4_1 sse4_2 movbe popcnt tsc_deadline_timer aes xsave avx f16c rdrand lahf_lm abm epb tpr_shadow vnmi flexpriority ept vpid fsgsbase tsc_adjust bmi1 avx2 smep bmi2 erms invpcid xsaveopt dtherm ida arat pln pts
bugs		:
bogomips	: 3192.63
clflush size	: 64
cache_alignment	: 64
address sizes	: 39 bits physical, 48 bits virtual
power management:

processor	: 2
vendor_id	: GenuineIntel
cpu family	: 6
model		: 69
model name	: Intel(R) Core(TM) i5-4200U CPU @ 1.60GHz
stepping	: 1
microcode	: 0x1d
cpu MHz		: 2385.062
cache size	: 3072 KB
physical id	: 0
siblings	: 4
core id		: 0
cpu cores	: 2
apicid		: 1
initial apicid	: 1
fpu		: yes
fpu_exception	: yes
cpuid level	: 13
wp		: yes
flags		: fpu vme de pse tsc msr pae mce cx8 apic sep mtrr pge mca cmov pat pse36 clflush dts acpi mmx fxsr sse sse2 ss ht tm pbe syscall nx pdpe1gb rdtscp lm constant_tsc arch_perfmon pebs bts rep_good nopl xtopology nonstop_tsc aperfmperf eagerfpu pni pclmulqdq dtes64 monitor ds_cpl vmx est tm2 ssse3 sdbg fma cx16 xtpr pdcm pcid sse4_1 sse4_2 movbe popcnt tsc_deadline_timer aes xsave avx f16c rdrand lahf_lm abm epb tpr_shadow vnmi flexpriority ept vpid fsgsbase tsc_adjust bmi1 avx2 smep bmi2 erms invpcid xsaveopt dtherm ida arat pln pts
bugs		:
bogomips	: 3192.63
clflush size	: 64
cache_alignment	: 64
address sizes	: 39 bits physical, 48 bits virtual
power management:

processor	: 3
vendor_id	: GenuineIntel
cpu family	: 6
model		: 69
model name	: Intel(R) Core(TM) i5-4200U CPU @ 1.60GHz
stepping	: 1
microcode	: 0x1d
cpu MHz		: 1600.375
cache size	: 3072 KB
physical id	: 0
siblings	: 4
core id		: 1
cpu cores	: 2
apicid		: 3
initial apicid	: 3
fpu		: yes
fpu_exception	: yes
cpuid level	: 13
wp		: yes
flags		: fpu vme de pse tsc msr pae mce cx8 apic sep mtrr pge mca cmov pat pse36 clflush dts acpi mmx fxsr sse sse2 ss ht tm pbe syscall nx pdpe1gb rdtscp lm constant_tsc arch_perfmon pebs bts rep_good nopl xtopology nonstop_tsc aperfmperf eagerfpu pni pclmulqdq dtes64 monitor ds_cpl vmx est tm2 ssse3 sdbg fma cx16 xtpr pdcm pcid sse4_1 sse4_2 movbe popcnt tsc_deadline_timer aes xsave avx f16c rdrand lahf_lm abm epb tpr_shadow vnmi flexpriority ept vpid fsgsbase tsc_adjust bmi1 avx2 smep bmi2 erms invpcid xsaveopt dtherm ida arat pln pts
bugs		:
bogomips	: 3192.63
clflush size	: 64
cache_alignment	: 64
address sizes	: 39 bits physical, 48 bits virtual
power management:



Memory: 4k page, physical 3949160k(115252k free), swap 3126268k(8328k free)

vm_info: Java HotSpot(TM) 64-Bit Server VM (24.80-b11) for linux-amd64 JRE (1.7.0_80-b15), built on Apr 10 2015 19:53:14 by "java_re" with gcc 4.3.0 20080428 (Red Hat 4.3.0-8)

time: Sat Jul 16 23:07:40 2016
elapsed time: 89 seconds

