#
# There is insufficient memory for the Java Runtime Environment to continue.
# Native memory allocation (malloc) failed to allocate 106430464 bytes for committing reserved memory.
# Possible reasons:
#   The system is out of physical RAM or swap space
#   In 32 bit mode, the process size limit was hit
# Possible solutions:
#   Reduce memory load on the system
#   Increase physical memory or swap space
#   Check if swap backing store is full
#   Use 64 bit Java on a 64 bit OS
#   Decrease Java heap size (-Xmx/-Xms)
#   Decrease number of Java threads
#   Decrease Java thread stack sizes (-Xss)
#   Set larger code cache with -XX:ReservedCodeCacheSize=
# This output file may be truncated or incomplete.
#
#  Out of Memory Error (os_linux.cpp:2756), pid=15087, tid=140666136352512
#
# JRE version: Java(TM) SE Runtime Environment (7.0_80-b15) (build 1.7.0_80-b15)
# Java VM: Java HotSpot(TM) 64-Bit Server VM (24.80-b11 mixed mode linux-amd64 compressed oops)
# Failed to write core dump. Core dumps have been disabled. To enable core dumping, try "ulimit -c unlimited" before starting Java again
#

---------------  T H R E A D  ---------------

Current thread (0x00007fef74069800):  VMThread [stack: 0x00007fef6306d000,0x00007fef6316e000] [id=15098]

Stack: [0x00007fef6306d000,0x00007fef6316e000],  sp=0x00007fef6316c260,  free space=1020k
Native frames: (J=compiled Java code, j=interpreted, Vv=VM code, C=native code)
V  [libjvm.so+0x9a320a]  VMError::report_and_die()+0x2ea
V  [libjvm.so+0x498d3b]  report_vm_out_of_memory(char const*, int, unsigned long, char const*)+0x9b
V  [libjvm.so+0x82191e]  os::Linux::commit_memory_impl(char*, unsigned long, bool)+0xfe
V  [libjvm.so+0x821e69]  os::pd_commit_memory(char*, unsigned long, unsigned long, bool)+0x29
V  [libjvm.so+0x81bb6a]  os::commit_memory(char*, unsigned long, unsigned long, bool)+0x2a
V  [libjvm.so+0x88d623]  PSVirtualSpace::expand_by(unsigned long)+0x53
V  [libjvm.so+0x87ca80]  PSOldGen::expand(unsigned long)+0x170
V  [libjvm.so+0x87cc8b]  PSOldGen::resize(unsigned long)+0x1cb
V  [libjvm.so+0x885951]  PSParallelCompact::invoke_no_policy(bool)+0x9b1
V  [libjvm.so+0x88b8cd]  PSScavenge::invoke()+0x1ad
V  [libjvm.so+0x843f40]  ParallelScavengeHeap::failed_mem_allocate(unsigned long)+0x70
V  [libjvm.so+0x9a4a97]  VM_ParallelGCFailedAllocation::doit()+0x97
V  [libjvm.so+0x9abf35]  VM_Operation::evaluate()+0x55
V  [libjvm.so+0x9aa2fa]  VMThread::evaluate_operation(VM_Operation*)+0xba
V  [libjvm.so+0x9aa67e]  VMThread::loop()+0x1ce
V  [libjvm.so+0x9aaaf0]  VMThread::run()+0x70
V  [libjvm.so+0x8238c8]  java_start(Thread*)+0x108

VM_Operation (0x00007fef5563aed0): ParallelGCFailedAllocation, mode: safepoint, requested by thread 0x00007fef0406d000


---------------  P R O C E S S  ---------------

Java Threads: ( => current thread )
  0x00007fef0406e800 JavaThread "pool-21-thread-4" [_thread_blocked, id=15735, stack(0x00007fef54914000,0x00007fef54a15000)]
  0x00007fef0406e000 JavaThread "pool-21-thread-3" [_thread_blocked, id=15734, stack(0x00007fef54813000,0x00007fef54914000)]
  0x00007fef0406d000 JavaThread "pool-21-thread-2" [_thread_blocked, id=15733, stack(0x00007fef5553c000,0x00007fef5563d000)]
  0x00007fef04075000 JavaThread "pool-22-thread-1" [_thread_blocked, id=15732, stack(0x00007fef600db000,0x00007fef601dc000)]
  0x00007fef04020000 JavaThread "pool-21-thread-1" [_thread_blocked, id=15731, stack(0x00007fef57832000,0x00007fef57933000)]
  0x00007fef0c01b000 JavaThread "pool-2-thread-1" [_thread_blocked, id=15576, stack(0x00007fef5563d000,0x00007fef5573e000)]
  0x00007fef14018000 JavaThread "pool-2-thread-3" [_thread_blocked, id=15575, stack(0x00007fef5543b000,0x00007fef5553c000)]
  0x00007fef00029000 JavaThread "pool-2-thread-4" [_thread_blocked, id=15574, stack(0x00007fef601dc000,0x00007fef602dd000)]
  0x00007fef0801d000 JavaThread "pool-2-thread-2" [_thread_blocked, id=15573, stack(0x00007fef57c6f000,0x00007fef57d70000)]
  0x00007fef0c002000 JavaThread "Java2D Disposer" daemon [_thread_blocked, id=15147, stack(0x00007fef55a6c000,0x00007fef55b6d000)]
  0x00007fef24f55000 JavaThread "pool-1-thread-4" [_thread_blocked, id=15122, stack(0x00007fef604df000,0x00007fef605e0000)]
  0x00007fef24f29800 JavaThread "pool-1-thread-3" [_thread_blocked, id=15121, stack(0x00007fef605e0000,0x00007fef606e1000)]
  0x00007fef24f34800 JavaThread "pool-1-thread-2" [_thread_blocked, id=15120, stack(0x00007fef606e1000,0x00007fef607e2000)]
  0x00007fef24f13800 JavaThread "pool-1-thread-1" [_thread_blocked, id=15119, stack(0x00007fef607e2000,0x00007fef608e3000)]
  0x00007fef244fb000 JavaThread "File lock request listener" [_thread_in_native, id=15116, stack(0x00007fef60c4f000,0x00007fef60d50000)]
  0x00007fef28007800 JavaThread "Daemon worker" [_thread_blocked, id=15110, stack(0x00007fef60efd000,0x00007fef60ffe000)]
  0x00007fef28007000 JavaThread "Cancel handler" [_thread_blocked, id=15109, stack(0x00007fef60ffe000,0x00007fef610ff000)]
  0x00007fef28003800 JavaThread "Handler for socket connection from /127.0.0.1:40809 to /127.0.0.1:58448" [_thread_in_native, id=15108, stack(0x00007fef610ff000,0x00007fef61200000)]
  0x00007fef34015800 JavaThread "Daemon" [_thread_blocked, id=15107, stack(0x00007fef61200000,0x00007fef61301000)]
  0x00007fef74ad1000 JavaThread "Incoming local TCP Connector on port 40809" [_thread_in_native, id=15106, stack(0x00007fef61301000,0x00007fef61402000)]
  0x00007fef74099000 JavaThread "Service Thread" daemon [_thread_blocked, id=15104, stack(0x00007fef6278e000,0x00007fef6288f000)]
  0x00007fef74097000 JavaThread "C2 CompilerThread1" daemon [_thread_blocked, id=15103, stack(0x00007fef6288f000,0x00007fef62990000)]
  0x00007fef74094000 JavaThread "C2 CompilerThread0" daemon [_thread_blocked, id=15102, stack(0x00007fef62990000,0x00007fef62a91000)]
  0x00007fef74091800 JavaThread "Signal Dispatcher" daemon [_thread_blocked, id=15101, stack(0x00007fef62a91000,0x00007fef62b92000)]
  0x00007fef74070000 JavaThread "Finalizer" daemon [_thread_blocked, id=15100, stack(0x00007fef62e6b000,0x00007fef62f6c000)]
  0x00007fef7406e000 JavaThread "Reference Handler" daemon [_thread_blocked, id=15099, stack(0x00007fef62f6c000,0x00007fef6306d000)]
  0x00007fef7400a000 JavaThread "main" [_thread_blocked, id=15093, stack(0x00007fef7b0ab000,0x00007fef7b1ac000)]

Other Threads:
=>0x00007fef74069800 VMThread [stack: 0x00007fef6306d000,0x00007fef6316e000] [id=15098]
  0x00007fef740a4000 WatcherThread [stack: 0x00007fef6268d000,0x00007fef6278e000] [id=15105]

VM state:at safepoint (normal execution)

VM Mutex/Monitor currently owned by a thread:  ([mutex/lock_event])
[0x00007fef74005d10] ExpandHeap_lock - owner thread: 0x00007fef74069800
[0x00007fef74006390] Threads_lock - owner thread: 0x00007fef74069800
[0x00007fef74006890] Heap_lock - owner thread: 0x00007fef0406d000

Heap
 PSYoungGen      total 593920K, used 0K [0x00000007d5500000, 0x0000000800000000, 0x0000000800000000)
  eden space 488960K, 0% used [0x00000007d5500000,0x00000007d5500000,0x00000007f3280000)
  from space 104960K, 0% used [0x00000007f3280000,0x00000007f3280000,0x00000007f9900000)
  to   space 105472K, 9% used [0x00000007f9900000,0x00000007fa2e91f8,0x0000000800000000)
 ParOldGen       total 313344K, used 313286K [0x0000000780000000, 0x0000000793200000, 0x00000007d5500000)
  object space 313344K, 99% used [0x0000000780000000,0x00000007931f18f8,0x0000000793200000)
 PSPermGen       total 83968K, used 57414K [0x000000077ae00000, 0x0000000780000000, 0x0000000780000000)
  object space 83968K, 68% used [0x000000077ae00000,0x000000077e611b28,0x0000000780000000)

Card table byte_map: [0x00007fef70bd6000,0x00007fef71000000] byte_map_base: 0x00007fef6cfff000

Polling page: 0x00007fef7b1d9000

Code Cache  [0x00007fef71000000, 0x00007fef71c40000, 0x00007fef74000000)
 total_blobs=4404 nmethods=3624 adapters=732 free_code_cache=36785Kb largest_free_block=37518912

Compilation events (10 events):
Event: 141,008 Thread 0x00007fef74097000 nmethod 4129 0x00007fef71c296d0 code [0x00007fef71c29800, 0x00007fef71c29878]
Event: 141,009 Thread 0x00007fef74097000 4130             com.android.dx.dex.file.OffsettedItem::getAbsoluteOffset (29 bytes)
Event: 141,010 Thread 0x00007fef74097000 nmethod 4130 0x00007fef71c303d0 code [0x00007fef71c30520, 0x00007fef71c305d8]
Event: 141,011 Thread 0x00007fef74097000 4131             com.android.dx.rop.annotation.NameValuePair::hashCode (19 bytes)
Event: 141,031 Thread 0x00007fef74097000 nmethod 4131 0x00007fef71c2e590 code [0x00007fef71c2e6e0, 0x00007fef71c2e8f8]
Event: 141,032 Thread 0x00007fef74097000 4132             com.android.dx.cf.direct.DirectClassFile::getSourceFile (31 bytes)
Event: 141,047 Thread 0x00007fef74097000 nmethod 4132 0x00007fef71c2dd50 code [0x00007fef71c2dec0, 0x00007fef71c2e238]
Event: 141,048 Thread 0x00007fef74097000 4133             com.android.dx.rop.annotation.Annotation::hashCode (36 bytes)
Event: 141,067 Thread 0x00007fef74097000 nmethod 4133 0x00007fef71c2b290 code [0x00007fef71c2b400, 0x00007fef71c2b678]
Event: 141,068 Thread 0x00007fef74097000 4134             com.android.dx.dex.code.DalvCode::finishProcessingIfNecessary (69 bytes)

GC Heap History (10 events):
Event: 54,855 GC heap after
Heap after GC invocations=21 (full 2):
 PSYoungGen      total 486400K, used 74220K [0x00000007d5500000, 0x0000000800000000, 0x0000000800000000)
  eden space 412160K, 0% used [0x00000007d5500000,0x00000007d5500000,0x00000007ee780000)
  from space 74240K, 99% used [0x00000007ee780000,0x00000007f2ffb3c0,0x00000007f3000000)
  to   space 102912K, 0% used [0x00000007f9b80000,0x00000007f9b80000,0x0000000800000000)
 ParOldGen       total 158208K, used 147111K [0x0000000780000000, 0x0000000789a80000, 0x00000007d5500000)
  object space 158208K, 92% used [0x0000000780000000,0x0000000788fa9f08,0x0000000789a80000)
 PSPermGen       total 83968K, used 57277K [0x000000077ae00000, 0x0000000780000000, 0x0000000780000000)
  object space 83968K, 68% used [0x000000077ae00000,0x000000077e5ef530,0x0000000780000000)
}
Event: 54,859 GC heap before
{Heap before GC invocations=22 (full 3):
 PSYoungGen      total 486400K, used 74220K [0x00000007d5500000, 0x0000000800000000, 0x0000000800000000)
  eden space 412160K, 0% used [0x00000007d5500000,0x00000007d5500000,0x00000007ee780000)
  from space 74240K, 99% used [0x00000007ee780000,0x00000007f2ffb3c0,0x00000007f3000000)
  to   space 102912K, 0% used [0x00000007f9b80000,0x00000007f9b80000,0x0000000800000000)
 ParOldGen       total 158208K, used 147111K [0x0000000780000000, 0x0000000789a80000, 0x00000007d5500000)
  object space 158208K, 92% used [0x0000000780000000,0x0000000788fa9f08,0x0000000789a80000)
 PSPermGen       total 83968K, used 57277K [0x000000077ae00000, 0x0000000780000000, 0x0000000780000000)
  object space 83968K, 68% used [0x000000077ae00000,0x000000077e5ef530,0x0000000780000000)
Event: 56,145 GC heap after
Heap after GC invocations=22 (full 3):
 PSYoungGen      total 486400K, used 34113K [0x00000007d5500000, 0x0000000800000000, 0x0000000800000000)
  eden space 412160K, 0% used [0x00000007d5500000,0x00000007d5500000,0x00000007ee780000)
  from space 74240K, 45% used [0x00000007ee780000,0x00000007f08d06f8,0x00000007f3000000)
  to   space 102912K, 0% used [0x00000007f9b80000,0x00000007f9b80000,0x0000000800000000)
 ParOldGen       total 251904K, used 157829K [0x0000000780000000, 0x000000078f600000, 0x00000007d5500000)
  object space 251904K, 62% used [0x0000000780000000,0x0000000789a21778,0x000000078f600000)
 PSPermGen       total 83968K, used 57275K [0x000000077ae00000, 0x0000000780000000, 0x0000000780000000)
  object space 83968K, 68% used [0x000000077ae00000,0x000000077e5eecd0,0x0000000780000000)
}
Event: 60,477 GC heap before
{Heap before GC invocations=23 (full 3):
 PSYoungGen      total 486400K, used 446273K [0x00000007d5500000, 0x0000000800000000, 0x0000000800000000)
  eden space 412160K, 100% used [0x00000007d5500000,0x00000007ee780000,0x00000007ee780000)
  from space 74240K, 45% used [0x00000007ee780000,0x00000007f08d06f8,0x00000007f3000000)
  to   space 102912K, 0% used [0x00000007f9b80000,0x00000007f9b80000,0x0000000800000000)
 ParOldGen       total 251904K, used 157829K [0x0000000780000000, 0x000000078f600000, 0x00000007d5500000)
  object space 251904K, 62% used [0x0000000780000000,0x0000000789a21790,0x000000078f600000)
 PSPermGen       total 83968K, used 57350K [0x000000077ae00000, 0x0000000780000000, 0x0000000780000000)
  object space 83968K, 68% used [0x000000077ae00000,0x000000077e601b08,0x0000000780000000)
Event: 61,632 GC heap after
Heap after GC invocations=23 (full 3):
 PSYoungGen      total 591360K, used 59479K [0x00000007d5500000, 0x00000007fff80000, 0x0000000800000000)
  eden space 488960K, 0% used [0x00000007d5500000,0x00000007d5500000,0x00000007f3280000)
  from space 102400K, 58% used [0x00000007f9b80000,0x00000007fd595c58,0x00000007fff80000)
  to   space 104960K, 0% used [0x00000007f3280000,0x00000007f3280000,0x00000007f9900000)
 ParOldGen       total 251904K, used 182219K [0x0000000780000000, 0x000000078f600000, 0x00000007d5500000)
  object space 251904K, 72% used [0x0000000780000000,0x000000078b1f2e20,0x000000078f600000)
 PSPermGen       total 83968K, used 57350K [0x000000077ae00000, 0x0000000780000000, 0x0000000780000000)
  object space 83968K, 68% used [0x000000077ae00000,0x000000077e601b08,0x0000000780000000)
}
Event: 70,614 GC heap before
{Heap before GC invocations=24 (full 3):
 PSYoungGen      total 591360K, used 548439K [0x00000007d5500000, 0x00000007fff80000, 0x0000000800000000)
  eden space 488960K, 100% used [0x00000007d5500000,0x00000007f3280000,0x00000007f3280000)
  from space 102400K, 58% used [0x00000007f9b80000,0x00000007fd595c58,0x00000007fff80000)
  to   space 104960K, 0% used [0x00000007f3280000,0x00000007f3280000,0x00000007f9900000)
 ParOldGen       total 251904K, used 182332K [0x0000000780000000, 0x000000078f600000, 0x00000007d5500000)
  object space 251904K, 72% used [0x0000000780000000,0x000000078b20f1f8,0x000000078f600000)
 PSPermGen       total 83968K, used 57402K [0x000000077ae00000, 0x0000000780000000, 0x0000000780000000)
  object space 83968K, 68% used [0x000000077ae00000,0x000000077e60eb18,0x0000000780000000)
Event: 139,574 GC heap after
Heap after GC invocations=24 (full 3):
 PSYoungGen      total 593920K, used 104959K [0x00000007d5500000, 0x0000000800000000, 0x0000000800000000)
  eden space 488960K, 0% used [0x00000007d5500000,0x00000007d5500000,0x00000007f3280000)
  from space 104960K, 99% used [0x00000007f3280000,0x00000007f98fff48,0x00000007f9900000)
  to   space 105472K, 0% used [0x00000007f9900000,0x00000007f9900000,0x0000000800000000)
 ParOldGen       total 251904K, used 187684K [0x0000000780000000, 0x000000078f600000, 0x00000007d5500000)
  object space 251904K, 74% used [0x0000000780000000,0x000000078b7490e0,0x000000078f600000)
 PSPermGen       total 83968K, used 57402K [0x000000077ae00000, 0x0000000780000000, 0x0000000780000000)
  object space 83968K, 68% used [0x000000077ae00000,0x000000077e60eb18,0x0000000780000000)
}
Event: 142,034 GC heap before
{Heap before GC invocations=25 (full 3):
 PSYoungGen      total 593920K, used 593919K [0x00000007d5500000, 0x0000000800000000, 0x0000000800000000)
  eden space 488960K, 100% used [0x00000007d5500000,0x00000007f3280000,0x00000007f3280000)
  from space 104960K, 99% used [0x00000007f3280000,0x00000007f98fff48,0x00000007f9900000)
  to   space 105472K, 0% used [0x00000007f9900000,0x00000007f9900000,0x0000000800000000)
 ParOldGen       total 251904K, used 187684K [0x0000000780000000, 0x000000078f600000, 0x00000007d5500000)
  object space 251904K, 74% used [0x0000000780000000,0x000000078b7490e0,0x000000078f600000)
 PSPermGen       total 83968K, used 57416K [0x000000077ae00000, 0x0000000780000000, 0x0000000780000000)
  object space 83968K, 68% used [0x000000077ae00000,0x000000077e612148,0x0000000780000000)
Event: 142,895 GC heap after
Heap after GC invocations=25 (full 3):
 PSYoungGen      total 593920K, used 593919K [0x00000007d5500000, 0x0000000800000000, 0x0000000800000000)
  eden space 488960K, 100% used [0x00000007d5500000,0x00000007f3280000,0x00000007f3280000)
  from space 104960K, 99% used [0x00000007f3280000,0x00000007f98fff48,0x00000007f9900000)
  to   space 105472K, 99% used [0x00000007f9900000,0x00000007ffffc6d0,0x0000000800000000)
 ParOldGen       total 313344K, used 313154K [0x0000000780000000, 0x0000000793200000, 0x00000007d5500000)
  object space 313344K, 99% used [0x0000000780000000,0x00000007931d08d8,0x0000000793200000)
 PSPermGen       total 83968K, used 57416K [0x000000077ae00000, 0x0000000780000000, 0x0000000780000000)
  object space 83968K, 68% used [0x000000077ae00000,0x000000077e612148,0x0000000780000000)
}
Event: 142,939 GC heap before
{Heap before GC invocations=26 (full 4):
 PSYoungGen      total 593920K, used 593919K [0x00000007d5500000, 0x0000000800000000, 0x0000000800000000)
  eden space 488960K, 100% used [0x00000007d5500000,0x00000007f3280000,0x00000007f3280000)
  from space 104960K, 99% used [0x00000007f3280000,0x00000007f98fff48,0x00000007f9900000)
  to   space 105472K, 99% used [0x00000007f9900000,0x00000007ffffc6d0,0x0000000800000000)
 ParOldGen       total 313344K, used 313154K [0x0000000780000000, 0x0000000793200000, 0x00000007d5500000)
  object space 313344K, 99% used [0x0000000780000000,0x00000007931d08d8,0x0000000793200000)
 PSPermGen       total 83968K, used 57416K [0x000000077ae00000, 0x0000000780000000, 0x0000000780000000)
  object space 83968K, 68% used [0x000000077ae00000,0x000000077e612148,0x0000000780000000)

Deoptimization events (10 events):
Event: 141,749 Thread 0x00007fef0406e000 Uncommon trap: reason=unstable_if action=reinterpret pc=0x00007fef7179dd88 method=com.android.dx.ssa.SetFactory.makeLivenessSet(I)Lcom/android/dx/util/IntSet; @ 4
Event: 141,749 Thread 0x00007fef0406e000 Uncommon trap: reason=unstable_if action=reinterpret pc=0x00007fef717429a0 method=com.android.dx.ssa.SetFactory.makeLivenessSet(I)Lcom/android/dx/util/IntSet; @ 4
Event: 141,749 Thread 0x00007fef0406e000 Uncommon trap: reason=unstable_if action=reinterpret pc=0x00007fef718fedb0 method=com.android.dx.ssa.SetFactory.makeLivenessSet(I)Lcom/android/dx/util/IntSet; @ 4
Event: 141,759 Thread 0x00007fef0406e000 Uncommon trap: reason=unstable_if action=reinterpret pc=0x00007fef719074c4 method=com.android.dx.ssa.SetFactory.makeLivenessSet(I)Lcom/android/dx/util/IntSet; @ 4
Event: 141,759 Thread 0x00007fef0406e000 Uncommon trap: reason=class_check action=maybe_recompile pc=0x00007fef71373360 method=com.android.dx.ssa.back.InterferenceGraph.add(II)V @ 19
Event: 141,759 Thread 0x00007fef0406e000 Uncommon trap: reason=class_check action=maybe_recompile pc=0x00007fef71373360 method=com.android.dx.ssa.back.InterferenceGraph.add(II)V @ 19
Event: 141,759 Thread 0x00007fef0406e000 Uncommon trap: reason=unstable_if action=reinterpret pc=0x00007fef716ac9b0 method=com.android.dx.ssa.SetFactory.makeLivenessSet(I)Lcom/android/dx/util/IntSet; @ 4
Event: 141,759 Thread 0x00007fef0406e000 Uncommon trap: reason=class_check action=maybe_recompile pc=0x00007fef71373360 method=com.android.dx.ssa.back.InterferenceGraph.add(II)V @ 19
Event: 141,759 Thread 0x00007fef0406e000 Uncommon trap: reason=class_check action=maybe_recompile pc=0x00007fef71373360 method=com.android.dx.ssa.back.InterferenceGraph.add(II)V @ 19
Event: 141,759 Thread 0x00007fef0406e000 Uncommon trap: reason=class_check action=maybe_recompile pc=0x00007fef71ba2168 method=com.android.dx.ssa.back.InterferenceGraph.add(II)V @ 19

Internal exceptions (10 events):
Event: 41,296 Thread 0x00007fef0801d000 Threw 0x00000007e87c0be0 at /HUDSON/workspace/7u-2-build-linux-amd64/jdk7u80/2329/hotspot/src/share/vm/prims/jvm.cpp:1319
Event: 50,514 Thread 0x00007feef8020000 Threw 0x00000007da868b70 at /HUDSON/workspace/7u-2-build-linux-amd64/jdk7u80/2329/hotspot/src/share/vm/prims/jvm.cpp:1319
Event: 50,597 Thread 0x00007feef8020000 Threw 0x00000007dab7c6b8 at /HUDSON/workspace/7u-2-build-linux-amd64/jdk7u80/2329/hotspot/src/share/vm/prims/jvm.cpp:1319
Event: 51,778 Thread 0x00007feef8020800 Threw 0x00000007e0d78b18 at /HUDSON/workspace/7u-2-build-linux-amd64/jdk7u80/2329/hotspot/src/share/vm/prims/jvm.cpp:1319
Event: 56,454 Thread 0x00007feef4019000 Implicit null exception at 0x00007fef71b4b948 to 0x00007fef71b5431d
Event: 56,939 Thread 0x00007feef4008000 Implicit null exception at 0x00007fef71a77984 to 0x00007fef71a78c85
Event: 56,951 Thread 0x00007feef4008000 Implicit null exception at 0x00007fef71af93fc to 0x00007fef71af9719
Event: 57,022 Thread 0x00007feef4012000 Implicit null exception at 0x00007fef71ad053c to 0x00007fef71ad06a9
Event: 59,662 Thread 0x00007fef14018000 Implicit null exception at 0x00007fef71a557eb to 0x00007fef71a578b9
Event: 65,409 Thread 0x00007fef0c01b000 Threw 0x00000007d614b0c8 at /HUDSON/workspace/7u-2-build-linux-amd64/jdk7u80/2329/hotspot/src/share/vm/prims/jvm.cpp:1319

Events (10 events):
Event: 141,759 Thread 0x00007fef0406e000 DEOPT UNPACKING pc=0x00007fef71039445 sp=0x00007fef54912040 mode 2
Event: 141,759 Thread 0x00007fef0406e000 Uncommon trap: trap_request=0xffffffde fr.pc=0x00007fef71373360
Event: 141,759 Thread 0x00007fef0406e000 DEOPT PACKING pc=0x00007fef71373360 sp=0x00007fef54912090
Event: 141,759 Thread 0x00007fef0406e000 DEOPT UNPACKING pc=0x00007fef71039445 sp=0x00007fef54912040 mode 2
Event: 141,759 Thread 0x00007fef0406e000 Uncommon trap: trap_request=0xffffffde fr.pc=0x00007fef71ba2168
Event: 141,759 Thread 0x00007fef0406e000 DEOPT PACKING pc=0x00007fef71ba2168 sp=0x00007fef54912060
Event: 141,759 Thread 0x00007fef0406e000 DEOPT UNPACKING pc=0x00007fef71039445 sp=0x00007fef54912048 mode 2
Event: 141,901 Thread 0x00007feef0021000 Thread exited: 0x00007feef0021000
Event: 141,901 Thread 0x00007feef0014000 Thread exited: 0x00007feef0014000
Event: 142,020 Executing VM operation: ParallelGCFailedAllocation


Dynamic libraries:
00400000-00401000 r-xp 00000000 08:05 1602077                            /usr/lib/jvm/java-7-oracle/bin/java
00600000-00601000 rw-p 00000000 08:05 1602077                            /usr/lib/jvm/java-7-oracle/bin/java
021c7000-021e8000 rw-p 00000000 00:00 0                                  [heap]
77ae00000-780000000 rw-p 00000000 00:00 0 
780000000-793200000 rw-p 00000000 00:00 0 
799780000-7d5500000 rw-p 00000000 00:00 0 
7d5500000-800000000 rw-p 00000000 00:00 0 
7feee8000000-7feee8021000 rw-p 00000000 00:00 0 
7feee8021000-7feeec000000 ---p 00000000 00:00 0 
7feef0000000-7feef00de000 rw-p 00000000 00:00 0 
7feef00de000-7feef4000000 ---p 00000000 00:00 0 
7feef4000000-7feef40d8000 rw-p 00000000 00:00 0 
7feef40d8000-7feef8000000 ---p 00000000 00:00 0 
7feef8000000-7feef80ec000 rw-p 00000000 00:00 0 
7feef80ec000-7feefc000000 ---p 00000000 00:00 0 
7feefc000000-7feefc021000 rw-p 00000000 00:00 0 
7feefc021000-7fef00000000 ---p 00000000 00:00 0 
7fef00000000-7fef00070000 rw-p 00000000 00:00 0 
7fef00070000-7fef04000000 ---p 00000000 00:00 0 
7fef04000000-7fef04090000 rw-p 00000000 00:00 0 
7fef04090000-7fef08000000 ---p 00000000 00:00 0 
7fef08000000-7fef0806d000 rw-p 00000000 00:00 0 
7fef0806d000-7fef0c000000 ---p 00000000 00:00 0 
7fef0c000000-7fef0c05f000 rw-p 00000000 00:00 0 
7fef0c05f000-7fef10000000 ---p 00000000 00:00 0 
7fef10000000-7fef10021000 rw-p 00000000 00:00 0 
7fef10021000-7fef14000000 ---p 00000000 00:00 0 
7fef14000000-7fef14079000 rw-p 00000000 00:00 0 
7fef14079000-7fef18000000 ---p 00000000 00:00 0 
7fef18000000-7fef18021000 rw-p 00000000 00:00 0 
7fef18021000-7fef1c000000 ---p 00000000 00:00 0 
7fef1c000000-7fef1c021000 rw-p 00000000 00:00 0 
7fef1c021000-7fef20000000 ---p 00000000 00:00 0 
7fef20000000-7fef20026000 rw-p 00000000 00:00 0 
7fef20026000-7fef24000000 ---p 00000000 00:00 0 
7fef24000000-7fef26b75000 rw-p 00000000 00:00 0 
7fef26b75000-7fef28000000 ---p 00000000 00:00 0 
7fef28000000-7fef28021000 rw-p 00000000 00:00 0 
7fef28021000-7fef2c000000 ---p 00000000 00:00 0 
7fef2c000000-7fef2c021000 rw-p 00000000 00:00 0 
7fef2c021000-7fef30000000 ---p 00000000 00:00 0 
7fef30000000-7fef30021000 rw-p 00000000 00:00 0 
7fef30021000-7fef34000000 ---p 00000000 00:00 0 
7fef34000000-7fef34083000 rw-p 00000000 00:00 0 
7fef34083000-7fef38000000 ---p 00000000 00:00 0 
7fef38000000-7fef3990b000 rw-p 00000000 00:00 0 
7fef3990b000-7fef3c000000 ---p 00000000 00:00 0 
7fef3c000000-7fef3c021000 rw-p 00000000 00:00 0 
7fef3c021000-7fef40000000 ---p 00000000 00:00 0 
7fef40000000-7fef40021000 rw-p 00000000 00:00 0 
7fef40021000-7fef44000000 ---p 00000000 00:00 0 
7fef44000000-7fef46c46000 rw-p 00000000 00:00 0 
7fef46c46000-7fef48000000 ---p 00000000 00:00 0 
7fef48000000-7fef48021000 rw-p 00000000 00:00 0 
7fef48021000-7fef4c000000 ---p 00000000 00:00 0 
7fef4c000000-7fef4c021000 rw-p 00000000 00:00 0 
7fef4c021000-7fef50000000 ---p 00000000 00:00 0 
7fef50000000-7fef503e1000 rw-p 00000000 00:00 0 
7fef503e1000-7fef54000000 ---p 00000000 00:00 0 
7fef54813000-7fef54816000 ---p 00000000 00:00 0 
7fef54816000-7fef54914000 rw-p 00000000 00:00 0 
7fef54914000-7fef54917000 ---p 00000000 00:00 0 
7fef54917000-7fef54a15000 rw-p 00000000 00:00 0 
7fef54a15000-7fef54a18000 ---p 00000000 00:00 0 
7fef54a18000-7fef54a4e000 rw-p 00000000 00:00 0 
7fef54a4e000-7fef54a51000 ---p 00000000 00:00 0 
7fef54a51000-7fef54b4f000 rw-p 00000000 00:00 0 
7fef54b4f000-7fef54b52000 ---p 00000000 00:00 0 
7fef54b52000-7fef54c50000 rw-p 00000000 00:00 0 
7fef54c50000-7fef54c53000 ---p 00000000 00:00 0 
7fef54c53000-7fef54c89000 rw-p 00000000 00:00 0 
7fef54c89000-7fef54c8c000 ---p 00000000 00:00 0 
7fef54c8c000-7fef54d8a000 rw-p 00000000 00:00 0 
7fef54d8a000-7fef54d8d000 ---p 00000000 00:00 0 
7fef54d8d000-7fef54e8b000 rw-p 00000000 00:00 0 
7fef54e8b000-7fef54e8e000 ---p 00000000 00:00 0 
7fef54e8e000-7fef54ec4000 rw-p 00000000 00:00 0 
7fef54ec4000-7fef54ec7000 ---p 00000000 00:00 0 
7fef54ec7000-7fef54fc5000 rw-p 00000000 00:00 0 
7fef54fc5000-7fef54fc8000 ---p 00000000 00:00 0 
7fef54fc8000-7fef550c6000 rw-p 00000000 00:00 0 
7fef550c6000-7fef550c9000 ---p 00000000 00:00 0 
7fef550c9000-7fef550ff000 rw-p 00000000 00:00 0 
7fef550ff000-7fef55102000 ---p 00000000 00:00 0 
7fef55102000-7fef55200000 rw-p 00000000 00:00 0 
7fef55200000-7fef55203000 ---p 00000000 00:00 0 
7fef55203000-7fef55301000 rw-p 00000000 00:00 0 
7fef55301000-7fef55304000 ---p 00000000 00:00 0 
7fef55304000-7fef5533a000 rw-p 00000000 00:00 0 
7fef5533a000-7fef5533d000 ---p 00000000 00:00 0 
7fef5533d000-7fef5543b000 rw-p 00000000 00:00 0 
7fef5543b000-7fef5543e000 ---p 00000000 00:00 0 
7fef5543e000-7fef5553c000 rw-p 00000000 00:00 0 
7fef5553c000-7fef5553f000 ---p 00000000 00:00 0 
7fef5553f000-7fef5563d000 rw-p 00000000 00:00 0 
7fef5563d000-7fef55640000 ---p 00000000 00:00 0 
7fef55640000-7fef5573e000 rw-p 00000000 00:00 0 
7fef5573e000-7fef55741000 ---p 00000000 00:00 0 
7fef55741000-7fef5583f000 rw-p 00000000 00:00 0 
7fef5583f000-7fef55869000 r-xp 00000000 08:05 1713418                    /usr/lib/jvm/java-7-oracle/jre/lib/amd64/libdcpr.so
7fef55869000-7fef55a69000 ---p 0002a000 08:05 1713418                    /usr/lib/jvm/java-7-oracle/jre/lib/amd64/libdcpr.so
7fef55a69000-7fef55a6c000 rw-p 0002a000 08:05 1713418                    /usr/lib/jvm/java-7-oracle/jre/lib/amd64/libdcpr.so
7fef55a6c000-7fef55a6f000 ---p 00000000 00:00 0 
7fef55a6f000-7fef55b6d000 rw-p 00000000 00:00 0 
7fef55b6d000-7fef55b72000 r-xp 00000000 08:05 656608                     /usr/lib/x86_64-linux-gnu/libXdmcp.so.6.0.0
7fef55b72000-7fef55d71000 ---p 00005000 08:05 656608                     /usr/lib/x86_64-linux-gnu/libXdmcp.so.6.0.0
7fef55d71000-7fef55d72000 r--p 00004000 08:05 656608                     /usr/lib/x86_64-linux-gnu/libXdmcp.so.6.0.0
7fef55d72000-7fef55d73000 rw-p 00005000 08:05 656608                     /usr/lib/x86_64-linux-gnu/libXdmcp.so.6.0.0
7fef55d73000-7fef55d75000 r-xp 00000000 08:05 666537                     /usr/lib/x86_64-linux-gnu/libXau.so.6.0.0
7fef55d75000-7fef55f75000 ---p 00002000 08:05 666537                     /usr/lib/x86_64-linux-gnu/libXau.so.6.0.0
7fef55f75000-7fef55f76000 r--p 00002000 08:05 666537                     /usr/lib/x86_64-linux-gnu/libXau.so.6.0.0
7fef55f76000-7fef55f77000 rw-p 00003000 08:05 666537                     /usr/lib/x86_64-linux-gnu/libXau.so.6.0.0
7fef55f77000-7fef55f98000 r-xp 00000000 08:05 661462                     /usr/lib/x86_64-linux-gnu/libxcb.so.1.1.0
7fef55f98000-7fef56197000 ---p 00021000 08:05 661462                     /usr/lib/x86_64-linux-gnu/libxcb.so.1.1.0
7fef56197000-7fef56198000 r--p 00020000 08:05 661462                     /usr/lib/x86_64-linux-gnu/libxcb.so.1.1.0
7fef56198000-7fef56199000 rw-p 00021000 08:05 661462                     /usr/lib/x86_64-linux-gnu/libxcb.so.1.1.0
7fef56199000-7fef561a8000 r-xp 00000000 08:05 655724                     /usr/lib/x86_64-linux-gnu/libXi.so.6.1.0
7fef561a8000-7fef563a7000 ---p 0000f000 08:05 655724                     /usr/lib/x86_64-linux-gnu/libXi.so.6.1.0
7fef563a7000-7fef563a8000 r--p 0000e000 08:05 655724                     /usr/lib/x86_64-linux-gnu/libXi.so.6.1.0
7fef563a8000-7fef563a9000 rw-p 0000f000 08:05 655724                     /usr/lib/x86_64-linux-gnu/libXi.so.6.1.0
7fef563a9000-7fef563ae000 r-xp 00000000 08:05 666578                     /usr/lib/x86_64-linux-gnu/libXtst.so.6.1.0
7fef563ae000-7fef565ad000 ---p 00005000 08:05 666578                     /usr/lib/x86_64-linux-gnu/libXtst.so.6.1.0
7fef565ad000-7fef565ae000 r--p 00004000 08:05 666578                     /usr/lib/x86_64-linux-gnu/libXtst.so.6.1.0
7fef565ae000-7fef565af000 rw-p 00005000 08:05 666578                     /usr/lib/x86_64-linux-gnu/libXtst.so.6.1.0
7fef565af000-7fef565b8000 r-xp 00000000 08:05 662807                     /usr/lib/x86_64-linux-gnu/libXrender.so.1.3.0
7fef565b8000-7fef567b7000 ---p 00009000 08:05 662807                     /usr/lib/x86_64-linux-gnu/libXrender.so.1.3.0
7fef567b7000-7fef567b8000 r--p 00008000 08:05 662807                     /usr/lib/x86_64-linux-gnu/libXrender.so.1.3.0
7fef567b8000-7fef567b9000 rw-p 00009000 08:05 662807                     /usr/lib/x86_64-linux-gnu/libXrender.so.1.3.0
7fef567b9000-7fef568ee000 r-xp 00000000 08:05 662795                     /usr/lib/x86_64-linux-gnu/libX11.so.6.3.0
7fef568ee000-7fef56aee000 ---p 00135000 08:05 662795                     /usr/lib/x86_64-linux-gnu/libX11.so.6.3.0
7fef56aee000-7fef56aef000 r--p 00135000 08:05 662795                     /usr/lib/x86_64-linux-gnu/libX11.so.6.3.0
7fef56aef000-7fef56af3000 rw-p 00136000 08:05 662795                     /usr/lib/x86_64-linux-gnu/libX11.so.6.3.0
7fef56af3000-7fef56b04000 r-xp 00000000 08:05 666550                     /usr/lib/x86_64-linux-gnu/libXext.so.6.4.0
7fef56b04000-7fef56d03000 ---p 00011000 08:05 666550                     /usr/lib/x86_64-linux-gnu/libXext.so.6.4.0
7fef56d03000-7fef56d04000 r--p 00010000 08:05 666550                     /usr/lib/x86_64-linux-gnu/libXext.so.6.4.0
7fef56d04000-7fef56d05000 rw-p 00011000 08:05 666550                     /usr/lib/x86_64-linux-gnu/libXext.so.6.4.0
7fef56d05000-7fef56d55000 r-xp 00000000 08:05 1713452                    /usr/lib/jvm/java-7-oracle/jre/lib/amd64/xawt/libmawt.so
7fef56d55000-7fef56f55000 ---p 00050000 08:05 1713452                    /usr/lib/jvm/java-7-oracle/jre/lib/amd64/xawt/libmawt.so
7fef56f55000-7fef56f59000 rw-p 00050000 08:05 1713452                    /usr/lib/jvm/java-7-oracle/jre/lib/amd64/xawt/libmawt.so
7fef56f59000-7fef56f5a000 rw-p 00000000 00:00 0 
7fef56f5a000-7fef56ffc000 r-xp 00000000 08:05 1713492                    /usr/lib/jvm/java-7-oracle/jre/lib/amd64/libawt.so
7fef56ffc000-7fef571fc000 ---p 000a2000 08:05 1713492                    /usr/lib/jvm/java-7-oracle/jre/lib/amd64/libawt.so
7fef571fc000-7fef57208000 rw-p 000a2000 08:05 1713492                    /usr/lib/jvm/java-7-oracle/jre/lib/amd64/libawt.so
7fef57208000-7fef5722c000 rw-p 00000000 00:00 0 
7fef5722c000-7fef5722f000 ---p 00000000 00:00 0 
7fef5722f000-7fef5732d000 rw-p 00000000 00:00 0 
7fef5732d000-7fef57330000 ---p 00000000 00:00 0 
7fef57330000-7fef5742e000 rw-p 00000000 00:00 0 
7fef5742e000-7fef57431000 ---p 00000000 00:00 0 
7fef57431000-7fef5752f000 rw-p 00000000 00:00 0 
7fef5752f000-7fef57532000 ---p 00000000 00:00 0 
7fef57532000-7fef57630000 rw-p 00000000 00:00 0 
7fef57630000-7fef57633000 ---p 00000000 00:00 0 
7fef57633000-7fef57731000 rw-p 00000000 00:00 0 
7fef57731000-7fef57734000 ---p 00000000 00:00 0 
7fef57734000-7fef57832000 rw-p 00000000 00:00 0 
7fef57832000-7fef57835000 ---p 00000000 00:00 0 
7fef57835000-7fef57933000 rw-p 00000000 00:00 0 
7fef57933000-7fef57936000 ---p 00000000 00:00 0 
7fef57936000-7fef57a34000 rw-p 00000000 00:00 0 
7fef57a34000-7fef57a37000 ---p 00000000 00:00 0 
7fef57a37000-7fef57a6d000 rw-p 00000000 00:00 0 
7fef57a6d000-7fef57a70000 ---p 00000000 00:00 0 
7fef57a70000-7fef57b6e000 rw-p 00000000 00:00 0 
7fef57b6e000-7fef57b71000 ---p 00000000 00:00 0 
7fef57b71000-7fef57c6f000 rw-p 00000000 00:00 0 
7fef57c6f000-7fef57c72000 ---p 00000000 00:00 0 
7fef57c72000-7fef5c000000 rw-p 00000000 00:00 0 
7fef5c000000-7fef5c04b000 rw-p 00000000 00:00 0 
7fef5c04b000-7fef60000000 ---p 00000000 00:00 0 
7fef6000c000-7fef60024000 r--s 000f5000 08:05 1364080                    /home/anonymous/AndroidStudioProjects/myelaundry/app/build/intermediates/exploded-aar/com.google.android.gms/play-services-ads/8.4.0/jars/classes.jar
7fef6002c000-7fef60030000 r--s 000f7000 08:05 1719823                    /usr/lib/jvm/java-7-oracle/jre/lib/ext/localedata.jar
7fef60030000-7fef60033000 ---p 00000000 00:00 0 
7fef60033000-7fef60069000 rw-p 00000000 00:00 0 
7fef60069000-7fef6006c000 ---p 00000000 00:00 0 
7fef6006c000-7fef600a2000 rw-p 00000000 00:00 0 
7fef600a2000-7fef600a5000 ---p 00000000 00:00 0 
7fef600a5000-7fef600db000 rw-p 00000000 00:00 0 
7fef600db000-7fef600de000 ---p 00000000 00:00 0 
7fef600de000-7fef601dc000 rw-p 00000000 00:00 0 
7fef601dc000-7fef601df000 ---p 00000000 00:00 0 
7fef601df000-7fef602dd000 rw-p 00000000 00:00 0 
7fef602dd000-7fef602e0000 ---p 00000000 00:00 0 
7fef602e0000-7fef603de000 rw-p 00000000 00:00 0 
7fef603de000-7fef603e1000 ---p 00000000 00:00 0 
7fef603e1000-7fef604df000 rw-p 00000000 00:00 0 
7fef604df000-7fef604e2000 ---p 00000000 00:00 0 
7fef604e2000-7fef605e0000 rw-p 00000000 00:00 0 
7fef605e0000-7fef605e3000 ---p 00000000 00:00 0 
7fef605e3000-7fef606e1000 rw-p 00000000 00:00 0 
7fef606e1000-7fef606e4000 ---p 00000000 00:00 0 
7fef606e4000-7fef607e2000 rw-p 00000000 00:00 0 
7fef607e2000-7fef607e5000 ---p 00000000 00:00 0 
7fef607e5000-7fef608e3000 rw-p 00000000 00:00 0 
7fef608e3000-7fef608eb000 r-xp 00000000 08:05 1713442                    /usr/lib/jvm/java-7-oracle/jre/lib/amd64/libmanagement.so
7fef608eb000-7fef60aea000 ---p 00008000 08:05 1713442                    /usr/lib/jvm/java-7-oracle/jre/lib/amd64/libmanagement.so
7fef60aea000-7fef60aeb000 rw-p 00007000 08:05 1713442                    /usr/lib/jvm/java-7-oracle/jre/lib/amd64/libmanagement.so
7fef60aeb000-7fef60aed000 r--s 00005000 08:07 12395                      /media/anonymous/data/Android/android-studio/gradle/m2repository/org/abego/treelayout/org.abego.treelayout.core/1.0.1/org.abego.treelayout.core-1.0.1.jar
7fef60aed000-7fef60af5000 r--s 000a8000 08:07 12304                      /media/anonymous/data/Android/android-studio/gradle/m2repository/com/android/tools/external/lombok/lombok-ast/0.2.3/lombok-ast-0.2.3.jar
7fef60af5000-7fef60af6000 r--s 00004000 08:07 12496                      /media/anonymous/data/Android/android-studio/gradle/m2repository/com/intellij/annotations/12.0/annotations-12.0.jar
7fef60af6000-7fef60af8000 r--s 0000d000 08:07 12538                      /media/anonymous/data/Android/android-studio/gradle/m2repository/commons-codec/commons-codec/1.4/commons-codec-1.4.jar
7fef60af8000-7fef60afa000 r--s 0000d000 08:07 12092                      /media/anonymous/data/Android/android-studio/gradle/m2repository/commons-logging/commons-logging/1.1.1/commons-logging-1.1.1.jar
7fef60afa000-7fef60aff000 r--s 00028000 08:07 12131                      /media/anonymous/data/Android/android-studio/gradle/m2repository/org/apache/httpcomponents/httpcore/4.1/httpcore-4.1.jar
7fef60aff000-7fef60b03000 r--s 00037000 08:07 12356                      /media/anonymous/data/Android/android-studio/gradle/m2repository/org/antlr/ST4/4.0.8/ST4-4.0.8.jar
7fef60b03000-7fef60b06000 r--s 00026000 08:07 12346                      /media/anonymous/data/Android/android-studio/gradle/m2repository/org/antlr/antlr-runtime/3.5.2/antlr-runtime-3.5.2.jar
7fef60b06000-7fef60b07000 r--s 00002000 08:07 12421                      /media/anonymous/data/Android/android-studio/gradle/m2repository/com/tunnelvisionlabs/antlr4-annotations/4.5/antlr4-annotations-4.5.jar
7fef60b07000-7fef60b0e000 r--s 00062000 08:07 12409                      /media/anonymous/data/Android/android-studio/gradle/m2repository/com/tunnelvisionlabs/antlr4-runtime/4.5/antlr4-runtime-4.5.jar
7fef60b0e000-7fef60b11000 r--s 00030000 08:07 14041                      /media/anonymous/data/Android/android-studio/gradle/m2repository/com/android/tools/lint/lint-api/25.1.2/lint-api-25.1.2.jar
7fef60b11000-7fef60b12000 r--s 00004000 08:07 12189                      /media/anonymous/data/Android/android-studio/gradle/m2repository/org/ow2/asm/asm-analysis/5.0.3/asm-analysis-5.0.3.jar
7fef60b12000-7fef60b16000 r--s 00026000 08:07 14031                      /media/anonymous/data/Android/android-studio/gradle/m2repository/com/android/tools/repository/25.1.2/repository-25.1.2.jar
7fef60b16000-7fef60b19000 r--s 00014000 08:07 14020                      /media/anonymous/data/Android/android-studio/gradle/m2repository/com/android/tools/layoutlib/layoutlib-api/25.1.2/layoutlib-api-25.1.2.jar
7fef60b19000-7fef60b20000 r--s 00053000 08:07 12148                      /media/anonymous/data/Android/android-studio/gradle/m2repository/org/apache/commons/commons-compress/1.8.1/commons-compress-1.8.1.jar
7fef60b20000-7fef60b22000 r--s 00005000 08:07 12124                      /media/anonymous/data/Android/android-studio/gradle/m2repository/org/apache/httpcomponents/httpmime/4.1/httpmime-4.1.jar
7fef60b22000-7fef60b23000 r--s 00005000 08:07 14028                      /media/anonymous/data/Android/android-studio/gradle/m2repository/com/android/tools/dvlib/25.1.2/dvlib-25.1.2.jar
7fef60b23000-7fef60b2b000 r--s 0004e000 08:07 12140                      /media/anonymous/data/Android/android-studio/gradle/m2repository/org/apache/httpcomponents/httpclient/4.1.1/httpclient-4.1.1.jar
7fef60b2b000-7fef60b30000 r--s 0002a000 08:07 12239                      /media/anonymous/data/Android/android-studio/gradle/m2repository/com/google/code/gson/gson/2.2.4/gson-2.2.4.jar
7fef60b30000-7fef60b31000 r--s 0000a000 08:07 12534                      /media/anonymous/data/Android/android-studio/gradle/m2repository/net/sf/kxml/kxml2/2.3.0/kxml2-2.3.0.jar
7fef60b31000-7fef60b32000 r--s 00002000 08:07 13984                      /media/anonymous/data/Android/android-studio/gradle/m2repository/com/android/databinding/baseLibrary/2.1.2/baseLibrary-2.1.2.jar
7fef60b32000-7fef60b36000 r--s 0002a000 08:07 12313                      /media/anonymous/data/Android/android-studio/gradle/m2repository/commons-io/commons-io/2.4/commons-io-2.4.jar
7fef60b36000-7fef60b40000 r--s 00099000 08:07 12413                      /media/anonymous/data/Android/android-studio/gradle/m2repository/com/tunnelvisionlabs/antlr4/4.5/antlr4-4.5.jar
7fef60b40000-7fef60b43000 r--s 00033000 08:07 12433                      /media/anonymous/data/Android/android-studio/gradle/m2repository/com/googlecode/juniversalchardet/juniversalchardet/1.0.3/juniversalchardet-1.0.3.jar
7fef60b43000-7fef60b55000 r--s 00223000 08:07 12104                      /media/anonymous/data/Android/android-studio/gradle/m2repository/org/eclipse/jdt/core/compiler/ecj/4.4.2/ecj-4.4.2.jar
7fef60b55000-7fef60b5c000 r--s 000be000 08:07 14034                      /media/anonymous/data/Android/android-studio/gradle/m2repository/com/android/tools/lint/lint-checks/25.1.2/lint-checks-25.1.2.jar
7fef60b5c000-7fef60b6c000 r--s 000d6000 08:07 12509                      /media/anonymous/data/Android/android-studio/gradle/m2repository/net/sf/proguard/proguard-base/5.2.1/proguard-base-5.2.1.jar
7fef60b6c000-7fef60b6d000 r--s 00001000 08:07 13993                      /media/anonymous/data/Android/android-studio/gradle/m2repository/com/android/tools/annotations/25.1.2/annotations-25.1.2.jar
7fef60b6d000-7fef60b98000 r--s 001f9000 08:07 12246                      /media/anonymous/data/Android/android-studio/gradle/m2repository/com/google/guava/guava/17.0/guava-17.0.jar
7fef60b98000-7fef60ba6000 r--s 00081000 08:07 12166                      /media/anonymous/data/Android/android-studio/gradle/m2repository/org/bouncycastle/bcpkix-jdk15on/1.48/bcpkix-jdk15on-1.48.jar
7fef60ba6000-7fef60bae000 r--s 00078000 08:07 14043                      /media/anonymous/data/Android/android-studio/gradle/m2repository/com/android/tools/sdklib/25.1.2/sdklib-25.1.2.jar
7fef60bae000-7fef60bb4000 r--s 0004a000 08:07 14025                      /media/anonymous/data/Android/android-studio/gradle/m2repository/com/android/tools/ddms/ddmlib/25.1.2/ddmlib-25.1.2.jar
7fef60bb4000-7fef60bb5000 r--s 00001000 08:07 20147                      /media/anonymous/data/Android/android-studio/gradle/m2repository/com/android/tools/jill/jill-api/0.10.0/jill-api-0.10.0.jar
7fef60bb5000-7fef60bb7000 r--s 00005000 08:07 14013                      /media/anonymous/data/Android/android-studio/gradle/m2repository/com/android/tools/build/builder-model/2.1.2/builder-model-2.1.2.jar
7fef60bb7000-7fef60bb8000 r--s 00002000 08:07 14001                      /media/anonymous/data/Android/android-studio/gradle/m2repository/com/android/tools/build/builder-test-api/2.1.2/builder-test-api-2.1.2.jar
7fef60bb8000-7fef60bbb000 r--s 00028000 08:07 14007                      /media/anonymous/data/Android/android-studio/gradle/m2repository/com/android/tools/build/manifest-merger/25.1.2/manifest-merger-25.1.2.jar
7fef60bbb000-7fef60bbd000 r--s 00002000 08:07 12228                      /media/anonymous/data/Android/android-studio/gradle/m2repository/com/squareup/javawriter/2.5.0/javawriter-2.5.0.jar
7fef60bbd000-7fef60bbf000 r--s 00006000 08:07 12213                      /media/anonymous/data/Android/android-studio/gradle/m2repository/org/ow2/asm/asm-tree/5.0.3/asm-tree-5.0.3.jar
7fef60bbf000-7fef60bc7000 r--s 0007c000 08:07 14022                      /media/anonymous/data/Android/android-studio/gradle/m2repository/com/android/tools/sdk-common/25.1.2/sdk-common-25.1.2.jar
7fef60bc7000-7fef60bfa000 r--s 00203000 08:07 12172                      /media/anonymous/data/Android/android-studio/gradle/m2repository/org/bouncycastle/bcprov-jdk15on/1.48/bcprov-jdk15on-1.48.jar
7fef60bfa000-7fef60bfc000 r--s 00003000 08:07 20148                      /media/anonymous/data/Android/android-studio/gradle/m2repository/com/android/tools/jack/jack-api/0.10.0/jack-api-0.10.0.jar
7fef60bfc000-7fef60bfe000 r--s 00018000 08:07 14047                      /media/anonymous/data/Android/android-studio/gradle/m2repository/com/android/tools/common/25.1.2/common-25.1.2.jar
7fef60bfe000-7fef60c03000 r--s 00058000 08:07 12328                      /media/anonymous/data/Android/android-studio/gradle/m2repository/org/ow2/asm/asm-debug-all/5.0.1/asm-debug-all-5.0.1.jar
7fef60c03000-7fef60c07000 r--s 0002b000 08:07 13990                      /media/anonymous/data/Android/android-studio/gradle/m2repository/com/android/databinding/compilerCommon/2.1.2/compilerCommon-2.1.2.jar
7fef60c07000-7fef60c09000 r--s 00023000 08:07 14038                      /media/anonymous/data/Android/android-studio/gradle/m2repository/com/android/tools/lint/lint/25.1.2/lint-25.1.2.jar
7fef60c09000-7fef60c0a000 r--s 0000c000 08:07 12201                      /media/anonymous/data/Android/android-studio/gradle/m2repository/org/ow2/asm/asm/5.0.3/asm-5.0.3.jar
7fef60c0a000-7fef60c0b000 r--s 00002000 08:07 12520                      /media/anonymous/data/Android/android-studio/gradle/m2repository/net/sf/proguard/proguard-gradle/5.2.1/proguard-gradle-5.2.1.jar
7fef60c0b000-7fef60c0c000 r--s 00002000 08:07 14004                      /media/anonymous/data/Android/android-studio/gradle/m2repository/com/android/tools/build/gradle-api/2.1.2/gradle-api-2.1.2.jar
7fef60c0c000-7fef60c0e000 r--s 00009000 08:07 12658                      /media/anonymous/data/Android/android-studio/gradle/m2repository/org/ow2/asm/asm-commons/5.0.3/asm-commons-5.0.3.jar
7fef60c0e000-7fef60c0f000 r--s 00000000 08:07 20146                      /media/anonymous/data/Android/android-studio/gradle/m2repository/com/android/tools/build/transform-api/2.0.0-deprecated-use-gradle-api/transform-api-2.0.0-deprecated-use-gradle-api.jar
7fef60c0f000-7fef60c23000 r--s 00130000 08:07 13999                      /media/anonymous/data/Android/android-studio/gradle/m2repository/com/android/tools/build/builder/2.1.2/builder-2.1.2.jar
7fef60c23000-7fef60c27000 r--s 0001e000 08:07 12368                      /media/anonymous/data/Android/android-studio/gradle/m2repository/org/jacoco/org.jacoco.core/0.7.4.201502262128/org.jacoco.core-0.7.4.201502262128.jar
7fef60c27000-7fef60c43000 r--s 0017c000 08:07 14011                      /media/anonymous/data/Android/android-studio/gradle/m2repository/com/android/tools/build/gradle-core/2.1.2/gradle-core-2.1.2.jar
7fef60c43000-7fef60c45000 r--s 0000c000 08:07 14016                      /media/anonymous/data/Android/android-studio/gradle/m2repository/com/android/tools/build/gradle/2.1.2/gradle-2.1.2.jar
7fef60c45000-7fef60c4f000 r--s 00253000 08:05 1713580                    /usr/lib/jvm/java-7-oracle/jre/lib/resources.jar
7fef60c4f000-7fef60c52000 ---p 00000000 00:00 0 
7fef60c52000-7fef60d50000 rw-p 00000000 00:00 0 
7fef60d50000-7fef60d53000 ---p 00000000 00:00 0 
7fef60d53000-7fef60d89000 rw-p 00000000 00:00 0 
7fef60d89000-7fef60d8a000 r--p 00000000 00:00 0 
7fef60d8a000-7fef60df5000 r--s 00e21000 08:05 1601163                    /usr/lib/jvm/java-7-oracle/lib/tools.jar
7fef60df5000-7fef60df8000 ---p 00000000 00:00 0 
7fef60df8000-7fef60ef6000 rw-p 00000000 00:00 0 
7fef60ef6000-7fef60efd000 r--s 00000000 08:05 1091058                    /usr/lib/x86_64-linux-gnu/gconv/gconv-modules.cache
7fef60efd000-7fef60f00000 ---p 00000000 00:00 0 
7fef60f00000-7fef60ffe000 rw-p 00000000 00:00 0 
7fef60ffe000-7fef61001000 ---p 00000000 00:00 0 
7fef61001000-7fef610ff000 rw-p 00000000 00:00 0 
7fef610ff000-7fef61102000 ---p 00000000 00:00 0 
7fef61102000-7fef61200000 rw-p 00000000 00:00 0 
7fef61200000-7fef61203000 ---p 00000000 00:00 0 
7fef61203000-7fef61301000 rw-p 00000000 00:00 0 
7fef61301000-7fef61304000 ---p 00000000 00:00 0 
7fef61304000-7fef61402000 rw-p 00000000 00:00 0 
7fef61402000-7fef61406000 r--s 0008b000 08:05 1719553                    /usr/lib/jvm/java-7-oracle/jre/lib/jsse.jar
7fef61406000-7fef61408000 r--s 00005000 08:05 746973                     /home/anonymous/.gradle/wrapper/dists/gradle-2.10-all/a4w5fzrkeut1ox71xslb49gst/gradle-2.10/lib/plugins/gradle-tooling-api-builders-2.10.jar
7fef61408000-7fef61418000 r--s 00088000 08:05 747677                     /home/anonymous/.gradle/wrapper/dists/gradle-2.10-all/a4w5fzrkeut1ox71xslb49gst/gradle-2.10/lib/plugins/joda-time-2.8.2.jar
7fef61418000-7fef61429000 r--s 000cf000 08:05 747676                     /home/anonymous/.gradle/wrapper/dists/gradle-2.10-all/a4w5fzrkeut1ox71xslb49gst/gradle-2.10/lib/plugins/jackson-databind-2.3.2.jar
7fef61429000-7fef6142b000 r--s 00007000 08:05 747675                     /home/anonymous/.gradle/wrapper/dists/gradle-2.10-all/a4w5fzrkeut1ox71xslb49gst/gradle-2.10/lib/plugins/jackson-annotations-2.3.2.jar
7fef6142b000-7fef6142e000 r--s 0002e000 08:05 747674                     /home/anonymous/.gradle/wrapper/dists/gradle-2.10-all/a4w5fzrkeut1ox71xslb49gst/gradle-2.10/lib/plugins/jackson-core-2.3.2.jar
7fef6142e000-7fef61439000 r--s 0006b000 08:05 747673                     /home/anonymous/.gradle/wrapper/dists/gradle-2.10-all/a4w5fzrkeut1ox71xslb49gst/gradle-2.10/lib/plugins/aws-java-sdk-core-1.9.19.jar
7fef61439000-7fef6143f000 r--s 00036000 08:05 747672                     /home/anonymous/.gradle/wrapper/dists/gradle-2.10-all/a4w5fzrkeut1ox71xslb49gst/gradle-2.10/lib/plugins/aws-java-sdk-kms-1.9.19.jar
7fef6143f000-7fef6144a000 r--s 00079000 08:05 747671                     /home/anonymous/.gradle/wrapper/dists/gradle-2.10-all/a4w5fzrkeut1ox71xslb49gst/gradle-2.10/lib/plugins/aws-java-sdk-s3-1.9.19.jar
7fef6144a000-7fef6144b000 r--s 00003000 08:05 746972                     /home/anonymous/.gradle/wrapper/dists/gradle-2.10-all/a4w5fzrkeut1ox71xslb49gst/gradle-2.10/lib/plugins/gradle-resources-s3-2.10.jar
7fef6144b000-7fef6144c000 r--s 00004000 08:05 746971                     /home/anonymous/.gradle/wrapper/dists/gradle-2.10-all/a4w5fzrkeut1ox71xslb49gst/gradle-2.10/lib/plugins/gradle-resources-sftp-2.10.jar
7fef6144c000-7fef6144d000 r--s 00001000 08:05 746968                     /home/anonymous/.gradle/wrapper/dists/gradle-2.10-all/a4w5fzrkeut1ox71xslb49gst/gradle-2.10/lib/plugins/gradle-plugin-development-2.10.jar
7fef6144d000-7fef6144f000 r--s 00005000 08:05 746967                     /home/anonymous/.gradle/wrapper/dists/gradle-2.10-all/a4w5fzrkeut1ox71xslb49gst/gradle-2.10/lib/plugins/gradle-testing-native-2.10.jar
7fef6144f000-7fef61454000 r--s 0002b000 08:05 746966                     /home/anonymous/.gradle/wrapper/dists/gradle-2.10-all/a4w5fzrkeut1ox71xslb49gst/gradle-2.10/lib/plugins/gradle-ide-native-2.10.jar
7fef61454000-7fef61459000 r--s 0001a000 08:05 746965                     /home/anonymous/.gradle/wrapper/dists/gradle-2.10-all/a4w5fzrkeut1ox71xslb49gst/gradle-2.10/lib/plugins/gradle-language-native-2.10.jar
7fef61459000-7fef6145e000 r--s 00028000 08:05 746964                     /home/anonymous/.gradle/wrapper/dists/gradle-2.10-all/a4w5fzrkeut1ox71xslb49gst/gradle-2.10/lib/plugins/gradle-platform-play-2.10.jar
7fef6145e000-7fef6146b000 r--s 0004f000 08:05 746963                     /home/anonymous/.gradle/wrapper/dists/gradle-2.10-all/a4w5fzrkeut1ox71xslb49gst/gradle-2.10/lib/plugins/gradle-platform-native-2.10.jar
7fef6146b000-7fef6146e000 r--s 00008000 08:05 746962                     /home/anonymous/.gradle/wrapper/dists/gradle-2.10-all/a4w5fzrkeut1ox71xslb49gst/gradle-2.10/lib/plugins/gradle-language-scala-2.10.jar
7fef6146e000-7fef61470000 r--s 00009000 08:05 746961                     /home/anonymous/.gradle/wrapper/dists/gradle-2.10-all/a4w5fzrkeut1ox71xslb49gst/gradle-2.10/lib/plugins/gradle-language-groovy-2.10.jar
7fef61470000-7fef61476000 r--s 00023000 08:05 746960                     /home/anonymous/.gradle/wrapper/dists/gradle-2.10-all/a4w5fzrkeut1ox71xslb49gst/gradle-2.10/lib/plugins/gradle-language-java-2.10.jar
7fef61476000-7fef61478000 r--s 00008000 08:05 746959                     /home/anonymous/.gradle/wrapper/dists/gradle-2.10-all/a4w5fzrkeut1ox71xslb49gst/gradle-2.10/lib/plugins/gradle-language-jvm-2.10.jar
7fef61478000-7fef6147b000 r--s 00015000 08:05 746958                     /home/anonymous/.gradle/wrapper/dists/gradle-2.10-all/a4w5fzrkeut1ox71xslb49gst/gradle-2.10/lib/plugins/gradle-platform-jvm-2.10.jar
7fef6147b000-7fef61483000 r--s 0002b000 08:05 746957                     /home/anonymous/.gradle/wrapper/dists/gradle-2.10-all/a4w5fzrkeut1ox71xslb49gst/gradle-2.10/lib/plugins/gradle-platform-base-2.10.jar
7fef61483000-7fef61487000 r--s 00020000 08:05 746956                     /home/anonymous/.gradle/wrapper/dists/gradle-2.10-all/a4w5fzrkeut1ox71xslb49gst/gradle-2.10/lib/plugins/gradle-build-init-2.10.jar
7fef61487000-7fef6148a000 r--s 00017000 08:05 746955                     /home/anonymous/.gradle/wrapper/dists/gradle-2.10-all/a4w5fzrkeut1ox71xslb49gst/gradle-2.10/lib/plugins/gradle-jacoco-2.10.jar
7fef6148a000-7fef6148d000 r--s 0000e000 08:05 746954                     /home/anonymous/.gradle/wrapper/dists/gradle-2.10-all/a4w5fzrkeut1ox71xslb49gst/gradle-2.10/lib/plugins/gradle-ivy-2.10.jar
7fef6148d000-7fef6148f000 r--s 00002000 08:05 746953                     /home/anonymous/.gradle/wrapper/dists/gradle-2.10-all/a4w5fzrkeut1ox71xslb49gst/gradle-2.10/lib/plugins/gradle-publish-2.10.jar
7fef6148f000-7fef61491000 r--s 00005000 08:05 747667                     /home/anonymous/.gradle/wrapper/dists/gradle-2.10-all/a4w5fzrkeut1ox71xslb49gst/gradle-2.10/lib/plugins/jatl-0.2.2.jar
7fef61491000-7fef61493000 r--s 0000f000 08:05 746952                     /home/anonymous/.gradle/wrapper/dists/gradle-2.10-all/a4w5fzrkeut1ox71xslb49gst/gradle-2.10/lib/plugins/gradle-reporting-2.10.jar
7fef61493000-7fef61499000 r--s 00036000 08:05 746951                     /home/anonymous/.gradle/wrapper/dists/gradle-2.10-all/a4w5fzrkeut1ox71xslb49gst/gradle-2.10/lib/plugins/gradle-diagnostics-2.10.jar
7fef61499000-7fef614a0000 r--s 0008f000 08:05 746950                     /home/anonymous/.gradle/wrapper/dists/gradle-2.10-all/a4w5fzrkeut1ox71xslb49gst/gradle-2.10/lib/plugins/gradle-build-comparison-2.10.jar
7fef614a0000-7fef614a7000 r--s 00035000 08:05 747666                     /home/anonymous/.gradle/wrapper/dists/gradle-2.10-all/a4w5fzrkeut1ox71xslb49gst/gradle-2.10/lib/plugins/simple-4.1.21.jar
7fef614a7000-7fef614b3000 r--s 00100000 08:05 747664                     /home/anonymous/.gradle/wrapper/dists/gradle-2.10-all/a4w5fzrkeut1ox71xslb49gst/gradle-2.10/lib/plugins/rhino-1.7R3.jar
7fef614b3000-7fef614b7000 r--s 0001c000 08:05 746949                     /home/anonymous/.gradle/wrapper/dists/gradle-2.10-all/a4w5fzrkeut1ox71xslb49gst/gradle-2.10/lib/plugins/gradle-javascript-2.10.jar
7fef614b7000-7fef614b9000 r--s 0000b000 08:05 746948                     /home/anonymous/.gradle/wrapper/dists/gradle-2.10-all/a4w5fzrkeut1ox71xslb49gst/gradle-2.10/lib/plugins/gradle-ear-2.10.jar
7fef614b9000-7fef614c0000 r--s 00038000 08:05 747663                     /home/anonymous/.gradle/wrapper/dists/gradle-2.10-all/a4w5fzrkeut1ox71xslb49gst/gradle-2.10/lib/plugins/bcpg-jdk15on-1.51.jar
7fef614c0000-7fef614c2000 r--s 00017000 08:05 746947                     /home/anonymous/.gradle/wrapper/dists/gradle-2.10-all/a4w5fzrkeut1ox71xslb49gst/gradle-2.10/lib/plugins/gradle-signing-2.10.jar
7fef614c2000-7fef614c3000 r--s 00002000 08:05 747662                     /home/anonymous/.gradle/wrapper/dists/gradle-2.10-all/a4w5fzrkeut1ox71xslb49gst/gradle-2.10/lib/plugins/sonar-batch-bootstrapper-2.9.jar
7fef614c3000-7fef614c6000 r--s 00015000 08:05 746946                     /home/anonymous/.gradle/wrapper/dists/gradle-2.10-all/a4w5fzrkeut1ox71xslb49gst/gradle-2.10/lib/plugins/gradle-sonar-2.10.jar
7fef614c6000-7fef614c9000 r--s 00010000 08:05 746945                     /home/anonymous/.gradle/wrapper/dists/gradle-2.10-all/a4w5fzrkeut1ox71xslb49gst/gradle-2.10/lib/plugins/gradle-scala-2.10.jar
7fef614c9000-7fef614cb000 r--s 0000a000 08:05 746944                     /home/anonymous/.gradle/wrapper/dists/gradle-2.10-all/a4w5fzrkeut1ox71xslb49gst/gradle-2.10/lib/plugins/gradle-announce-2.10.jar
7fef614cb000-7fef614da000 r--s 0009f000 08:05 746943                     /home/anonymous/.gradle/wrapper/dists/gradle-2.10-all/a4w5fzrkeut1ox71xslb49gst/gradle-2.10/lib/plugins/gradle-ide-2.10.jar
7fef614da000-7fef614dd000 r--s 0000c000 08:05 747661                     /home/anonymous/.gradle/wrapper/dists/gradle-2.10-all/a4w5fzrkeut1ox71xslb49gst/gradle-2.10/lib/plugins/pmaven-groovy-0.8-20100325.jar
7fef614dd000-7fef614de000 r--s 00004000 08:05 747660                     /home/anonymous/.gradle/wrapper/dists/gradle-2.10-all/a4w5fzrkeut1ox71xslb49gst/gradle-2.10/lib/plugins/pmaven-common-0.8-20100325.jar
7fef614de000-7fef614e4000 r--s 00022000 08:05 746942                     /home/anonymous/.gradle/wrapper/dists/gradle-2.10-all/a4w5fzrkeut1ox71xslb49gst/gradle-2.10/lib/plugins/gradle-maven-2.10.jar
7fef614e4000-7fef61505000 r--s 001c3000 08:05 747658                     /home/anonymous/.gradle/wrapper/dists/gradle-2.10-all/a4w5fzrkeut1ox71xslb49gst/gradle-2.10/lib/plugins/bndlib-2.4.0.jar
7fef61505000-7fef61507000 r--s 00004000 08:05 746941                     /home/anonymous/.gradle/wrapper/dists/gradle-2.10-all/a4w5fzrkeut1ox71xslb49gst/gradle-2.10/lib/plugins/gradle-osgi-2.10.jar
7fef61507000-7fef61509000 r--s 00008000 08:05 746940                     /home/anonymous/.gradle/wrapper/dists/gradle-2.10-all/a4w5fzrkeut1ox71xslb49gst/gradle-2.10/lib/plugins/gradle-antlr-2.10.jar
7fef61509000-7fef6150c000 r--s 0001e000 08:05 747686                     /home/anonymous/.gradle/wrapper/dists/gradle-2.10-all/a4w5fzrkeut1ox71xslb49gst/gradle-2.10/lib/plugins/jsp-api-2.1-6.1.14.jar
7fef6150c000-7fef6152f000 r--s 00344000 08:05 747685                     /home/anonymous/.gradle/wrapper/dists/gradle-2.10-all/a4w5fzrkeut1ox71xslb49gst/gradle-2.10/lib/plugins/core-3.1.1.jar
7fef6152f000-7fef61530000 r--s 00006000 08:05 747684                     /home/anonymous/.gradle/wrapper/dists/gradle-2.10-all/a4w5fzrkeut1ox71xslb49gst/gradle-2.10/lib/plugins/jetty-naming-6.1.25.jar
7fef61530000-7fef61531000 r--s 00002000 08:05 747657                     /home/anonymous/.gradle/wrapper/dists/gradle-2.10-all/a4w5fzrkeut1ox71xslb49gst/gradle-2.10/lib/plugins/geronimo-annotation_1.0_spec-1.0.jar
7fef61531000-7fef61533000 r--s 00002000 08:05 747656                     /home/anonymous/.gradle/wrapper/dists/gradle-2.10-all/a4w5fzrkeut1ox71xslb49gst/gradle-2.10/lib/plugins/jetty-annotations-6.1.25.jar
7fef61533000-7fef61544000 r--s 000ea000 08:05 747653                     /home/anonymous/.gradle/wrapper/dists/gradle-2.10-all/a4w5fzrkeut1ox71xslb49gst/gradle-2.10/lib/plugins/jsp-2.1-6.1.14.jar
7fef61544000-7fef61546000 r--s 0000d000 08:05 747651                     /home/anonymous/.gradle/wrapper/dists/gradle-2.10-all/a4w5fzrkeut1ox71xslb49gst/gradle-2.10/lib/plugins/jetty-plus-6.1.25.jar
7fef61546000-7fef61548000 r--s 0001f000 08:05 746997                     /home/anonymous/.gradle/wrapper/dists/gradle-2.10-all/a4w5fzrkeut1ox71xslb49gst/gradle-2.10/lib/plugins/servlet-api-2.5-20081211.jar
7fef61548000-7fef6154c000 r--s 00028000 08:05 746980                     /home/anonymous/.gradle/wrapper/dists/gradle-2.10-all/a4w5fzrkeut1ox71xslb49gst/gradle-2.10/lib/plugins/jetty-util-6.1.25.jar
7fef6154c000-7fef61553000 r--s 0007d000 08:05 746979                     /home/anonymous/.gradle/wrapper/dists/gradle-2.10-all/a4w5fzrkeut1ox71xslb49gst/gradle-2.10/lib/plugins/jetty-6.1.25.jar
7fef61553000-7fef61555000 r--s 00009000 08:05 746939                     /home/anonymous/.gradle/wrapper/dists/gradle-2.10-all/a4w5fzrkeut1ox71xslb49gst/gradle-2.10/lib/plugins/gradle-jetty-2.10.jar
7fef61555000-7fef6155b000 r--s 00037000 08:05 746938                     /home/anonymous/.gradle/wrapper/dists/gradle-2.10-all/a4w5fzrkeut1ox71xslb49gst/gradle-2.10/lib/plugins/gradle-code-quality-2.10.jar
7fef6155b000-7fef6155d000 r--s 00009000 08:05 747716                     /home/anonymous/.gradle/wrapper/dists/gradle-2.10-all/a4w5fzrkeut1ox71xslb49gst/gradle-2.10/lib/plugins/hamcrest-core-1.3.jar
7fef6155d000-7fef61563000 r--s 00033000 08:05 747683                     /home/anonymous/.gradle/wrapper/dists/gradle-2.10-all/a4w5fzrkeut1ox71xslb49gst/gradle-2.10/lib/plugins/snakeyaml-1.6.jar
7fef61563000-7fef61565000 r--s 00006000 08:05 747682                     /home/anonymous/.gradle/wrapper/dists/gradle-2.10-all/a4w5fzrkeut1ox71xslb49gst/gradle-2.10/lib/plugins/jcommander-1.12.jar
7fef61565000-7fef6156a000 r--s 00040000 08:05 747681                     /home/anonymous/.gradle/wrapper/dists/gradle-2.10-all/a4w5fzrkeut1ox71xslb49gst/gradle-2.10/lib/plugins/bsh-2.0b4.jar
7fef6156a000-7fef6156c000 r--s 00009000 08:05 746978                     /home/anonymous/.gradle/wrapper/dists/gradle-2.10-all/a4w5fzrkeut1ox71xslb49gst/gradle-2.10/lib/plugins/commons-cli-1.2.jar
7fef6156c000-7fef61575000 r--s 00089000 08:05 746977                     /home/anonymous/.gradle/wrapper/dists/gradle-2.10-all/a4w5fzrkeut1ox71xslb49gst/gradle-2.10/lib/plugins/testng-6.3.1.jar
7fef61575000-7fef6157d000 r--s 00045000 08:05 746976                     /home/anonymous/.gradle/wrapper/dists/gradle-2.10-all/a4w5fzrkeut1ox71xslb49gst/gradle-2.10/lib/plugins/junit-4.12.jar
7fef6157d000-7fef6158a000 r--s 00073000 08:05 746937                     /home/anonymous/.gradle/wrapper/dists/gradle-2.10-all/a4w5fzrkeut1ox71xslb49gst/gradle-2.10/lib/plugins/gradle-plugins-2.10.jar
7fef6158a000-7fef615a2000 r--s 00115000 08:05 747714                     /home/anonymous/.gradle/wrapper/dists/gradle-2.10-all/a4w5fzrkeut1ox71xslb49gst/gradle-2.10/lib/plugins/xercesImpl-2.9.1.jar
7fef615a2000-7fef615aa000 r--s 00028000 08:05 747715                     /home/anonymous/.gradle/wrapper/dists/gradle-2.10-all/a4w5fzrkeut1ox71xslb49gst/gradle-2.10/lib/plugins/xml-apis-1.3.04.jar
7fef615aa000-7fef615b0000 r--s 0005b000 08:05 747713                     /home/anonymous/.gradle/wrapper/dists/gradle-2.10-all/a4w5fzrkeut1ox71xslb49gst/gradle-2.10/lib/plugins/jcifs-1.3.17.jar
7fef615b0000-7fef615b6000 r--s 00031000 08:05 747712                     /home/anonymous/.gradle/wrapper/dists/gradle-2.10-all/a4w5fzrkeut1ox71xslb49gst/gradle-2.10/lib/plugins/httpcore-4.2.2.jar
7fef615b6000-7fef615bc000 r--s 00033000 08:05 747711                     /home/anonymous/.gradle/wrapper/dists/gradle-2.10-all/a4w5fzrkeut1ox71xslb49gst/gradle-2.10/lib/plugins/commons-codec-1.6.jar
7fef615bc000-7fef615bf000 r--s 0001c000 08:05 747669                     /home/anonymous/.gradle/wrapper/dists/gradle-2.10-all/a4w5fzrkeut1ox71xslb49gst/gradle-2.10/lib/plugins/nekohtml-1.9.14.jar
7fef615bf000-7fef615c8000 r--s 00060000 08:05 747668                     /home/anonymous/.gradle/wrapper/dists/gradle-2.10-all/a4w5fzrkeut1ox71xslb49gst/gradle-2.10/lib/plugins/httpclient-4.2.2.jar
7fef615c8000-7fef615ca000 r--s 00009000 08:05 746970                     /home/anonymous/.gradle/wrapper/dists/gradle-2.10-all/a4w5fzrkeut1ox71xslb49gst/gradle-2.10/lib/plugins/gradle-resources-http-2.10.jar
7fef615ca000-7fef615cd000 r--s 00011000 08:05 746969                     /home/anonymous/.gradle/wrapper/dists/gradle-2.10-all/a4w5fzrkeut1ox71xslb49gst/gradle-2.10/lib/plugins/gradle-plugin-use-2.10.jar
7fef615cd000-7fef615ce000 r--s 00007000 08:05 747710                     /home/anonymous/.gradle/wrapper/dists/gradle-2.10-all/a4w5fzrkeut1ox71xslb49gst/gradle-2.10/lib/plugins/wagon-http-shared4-2.4.jar
7fef615ce000-7fef615d2000 r--s 00033000 08:05 747709                     /home/anonymous/.gradle/wrapper/dists/gradle-2.10-all/a4w5fzrkeut1ox71xslb49gst/gradle-2.10/lib/plugins/plexus-utils-2.0.6.jar
7fef615d2000-7fef615d6000 r--s 00021000 08:05 747708                     /home/anonymous/.gradle/wrapper/dists/gradle-2.10-all/a4w5fzrkeut1ox71xslb49gst/gradle-2.10/lib/plugins/maven-model-builder-3.0.4.jar
7fef615d6000-7fef615d7000 r--s 00002000 08:05 747707                     /home/anonymous/.gradle/wrapper/dists/gradle-2.10-all/a4w5fzrkeut1ox71xslb49gst/gradle-2.10/lib/plugins/wagon-file-2.4.jar
7fef615d7000-7fef615d9000 r--s 00002000 08:05 747706                     /home/anonymous/.gradle/wrapper/dists/gradle-2.10-all/a4w5fzrkeut1ox71xslb49gst/gradle-2.10/lib/plugins/plexus-cipher-1.7.jar
7fef615d9000-7fef615dc000 r--s 00013000 08:05 747705                     /home/anonymous/.gradle/wrapper/dists/gradle-2.10-all/a4w5fzrkeut1ox71xslb49gst/gradle-2.10/lib/plugins/aether-api-1.13.1.jar
7fef615dc000-7fef615de000 r--s 0000a000 08:05 747704                     /home/anonymous/.gradle/wrapper/dists/gradle-2.10-all/a4w5fzrkeut1ox71xslb49gst/gradle-2.10/lib/plugins/maven-settings-3.0.4.jar
7fef615de000-7fef615e0000 r--s 0000d000 08:05 747703                     /home/anonymous/.gradle/wrapper/dists/gradle-2.10-all/a4w5fzrkeut1ox71xslb49gst/gradle-2.10/lib/plugins/plexus-interpolation-1.14.jar
7fef615e0000-7fef615e2000 r--s 0000b000 08:05 747702                     /home/anonymous/.gradle/wrapper/dists/gradle-2.10-all/a4w5fzrkeut1ox71xslb49gst/gradle-2.10/lib/plugins/maven-artifact-3.0.4.jar
7fef615e2000-7fef615e9000 r--s 0002e000 08:05 747701                     /home/anonymous/.gradle/wrapper/dists/gradle-2.10-all/a4w5fzrkeut1ox71xslb49gst/gradle-2.10/lib/plugins/plexus-container-default-1.5.5.jar
7fef615e9000-7fef615eb000 r--s 0000b000 08:05 747700                     /home/anonymous/.gradle/wrapper/dists/gradle-2.10-all/a4w5fzrkeut1ox71xslb49gst/gradle-2.10/lib/plugins/maven-plugin-api-3.0.4.jar
7fef615eb000-7fef615ed000 r--s 00000000 08:05 747717                     /home/anonymous/.gradle/wrapper/dists/gradle-2.10-all/a4w5fzrkeut1ox71xslb49gst/gradle-2.10/lib/plugins/plexus-component-annotations-1.5.5.jar
7fef615ed000-7fef615f3000 r--s 0003f000 08:05 747699                     /home/anonymous/.gradle/wrapper/dists/gradle-2.10-all/a4w5fzrkeut1ox71xslb49gst/gradle-2.10/lib/plugins/maven-compat-3.0.4.jar
7fef615f3000-7fef615f6000 r--s 00008000 08:05 747698                     /home/anonymous/.gradle/wrapper/dists/gradle-2.10-all/a4w5fzrkeut1ox71xslb49gst/gradle-2.10/lib/plugins/maven-settings-builder-3.0.4.jar
7fef615f6000-7fef615f7000 r--s 00002000 08:05 747697                     /home/anonymous/.gradle/wrapper/dists/gradle-2.10-all/a4w5fzrkeut1ox71xslb49gst/gradle-2.10/lib/plugins/wagon-http-2.4.jar
7fef615f7000-7fef615f9000 r--s 00026000 08:05 747696                     /home/anonymous/.gradle/wrapper/dists/gradle-2.10-all/a4w5fzrkeut1ox71xslb49gst/gradle-2.10/lib/plugins/maven-model-3.0.4.jar
7fef615f9000-7fef615fb000 r--s 00006000 08:05 747695                     /home/anonymous/.gradle/wrapper/dists/gradle-2.10-all/a4w5fzrkeut1ox71xslb49gst/gradle-2.10/lib/plugins/aether-connector-wagon-1.13.1.jar
7fef615fb000-7fef615fd000 r--s 0000a000 08:05 747694                     /home/anonymous/.gradle/wrapper/dists/gradle-2.10-all/a4w5fzrkeut1ox71xslb49gst/gradle-2.10/lib/plugins/plexus-classworlds-2.4.jar
7fef615fd000-7fef615ff000 r--s 00006000 08:05 747693                     /home/anonymous/.gradle/wrapper/dists/gradle-2.10-all/a4w5fzrkeut1ox71xslb49gst/gradle-2.10/lib/plugins/maven-repository-metadata-3.0.4.jar
7fef615ff000-7fef61601000 r--s 0000c000 08:05 747692                     /home/anonymous/.gradle/wrapper/dists/gradle-2.10-all/a4w5fzrkeut1ox71xslb49gst/gradle-2.10/lib/plugins/maven-aether-provider-3.0.4.jar
7fef61601000-7fef61603000 r--s 0000b000 08:05 747691                     /home/anonymous/.gradle/wrapper/dists/gradle-2.10-all/a4w5fzrkeut1ox71xslb49gst/gradle-2.10/lib/plugins/wagon-provider-api-2.4.jar
7fef61603000-7fef61604000 r--s 00003000 08:05 747690                     /home/anonymous/.gradle/wrapper/dists/gradle-2.10-all/a4w5fzrkeut1ox71xslb49gst/gradle-2.10/lib/plugins/aether-spi-1.13.1.jar
7fef61604000-7fef61608000 r--s 0001c000 08:05 747689                     /home/anonymous/.gradle/wrapper/dists/gradle-2.10-all/a4w5fzrkeut1ox71xslb49gst/gradle-2.10/lib/plugins/aether-util-1.13.1.jar
7fef61608000-7fef6160b000 r--s 0001d000 08:05 747688                     /home/anonymous/.gradle/wrapper/dists/gradle-2.10-all/a4w5fzrkeut1ox71xslb49gst/gradle-2.10/lib/plugins/aether-impl-1.13.1.jar
7fef6160b000-7fef6160c000 r--s 00006000 08:05 747687                     /home/anonymous/.gradle/wrapper/dists/gradle-2.10-all/a4w5fzrkeut1ox71xslb49gst/gradle-2.10/lib/plugins/plexus-sec-dispatcher-1.3.jar
7fef6160c000-7fef6164c000 r--s 00277000 08:05 747680                     /home/anonymous/.gradle/wrapper/dists/gradle-2.10-all/a4w5fzrkeut1ox71xslb49gst/gradle-2.10/lib/plugins/bcprov-jdk15on-1.51.jar
7fef6164c000-7fef61658000 r--s 0007d000 08:05 747659                     /home/anonymous/.gradle/wrapper/dists/gradle-2.10-all/a4w5fzrkeut1ox71xslb49gst/gradle-2.10/lib/plugins/maven-core-3.0.4.jar
7fef61658000-7fef61667000 r--s 000d9000 08:05 747678                     /home/anonymous/.gradle/wrapper/dists/gradle-2.10-all/a4w5fzrkeut1ox71xslb49gst/gradle-2.10/lib/plugins/ivy-2.2.0.jar
7fef61667000-7fef6167d000 r-xp 00000000 08:05 925593                     /lib/x86_64-linux-gnu/libgcc_s.so.1
7fef6167d000-7fef6187c000 ---p 00016000 08:05 925593                     /lib/x86_64-linux-gnu/libgcc_s.so.1
7fef6187c000-7fef6187d000 rw-p 00015000 08:05 925593                     /lib/x86_64-linux-gnu/libgcc_s.so.1
7fef6187d000-7fef619ef000 r-xp 00000000 08:05 655452                     /usr/lib/x86_64-linux-gnu/libstdc++.so.6.0.21
7fef619ef000-7fef61bef000 ---p 00172000 08:05 655452                     /usr/lib/x86_64-linux-gnu/libstdc++.so.6.0.21
7fef61bef000-7fef61bf9000 r--p 00172000 08:05 655452                     /usr/lib/x86_64-linux-gnu/libstdc++.so.6.0.21
7fef61bf9000-7fef61bfb000 rw-p 0017c000 08:05 655452                     /usr/lib/x86_64-linux-gnu/libstdc++.so.6.0.21
7fef61bfb000-7fef61bff000 rw-p 00000000 00:00 0 
7fef61bff000-7fef61c04000 r--s 00040000 08:05 747670                     /home/anonymous/.gradle/wrapper/dists/gradle-2.10-all/a4w5fzrkeut1ox71xslb49gst/gradle-2.10/lib/plugins/jsch-0.1.53.jar
7fef61c04000-7fef61c08000 r--s 0001d000 08:05 747679                     /home/anonymous/.gradle/wrapper/dists/gradle-2.10-all/a4w5fzrkeut1ox71xslb49gst/gradle-2.10/lib/plugins/xbean-reflect-3.4.jar
7fef61c08000-7fef61c0d000 r--s 0002a000 08:05 747665                     /home/anonymous/.gradle/wrapper/dists/gradle-2.10-all/a4w5fzrkeut1ox71xslb49gst/gradle-2.10/lib/plugins/gson-2.2.4.jar
7fef61c0d000-7fef61c29000 r--s 000c9000 08:05 746974                     /home/anonymous/.gradle/wrapper/dists/gradle-2.10-all/a4w5fzrkeut1ox71xslb49gst/gradle-2.10/lib/plugins/gradle-dependency-management-2.10.jar
7fef61c29000-7fef61c2d000 r-xp 00000000 08:05 700748                     /home/anonymous/.gradle/native/19/linux-amd64/libnative-platform.so
7fef61c2d000-7fef61e2c000 ---p 00004000 08:05 700748                     /home/anonymous/.gradle/native/19/linux-amd64/libnative-platform.so
7fef61e2c000-7fef61e2d000 rw-p 00003000 08:05 700748                     /home/anonymous/.gradle/native/19/linux-amd64/libnative-platform.so
7fef61e2d000-7fef61e3d000 r-xp 00000000 08:05 1713426                    /usr/lib/jvm/java-7-oracle/jre/lib/amd64/libnio.so
7fef61e3d000-7fef6203d000 ---p 00010000 08:05 1713426                    /usr/lib/jvm/java-7-oracle/jre/lib/amd64/libnio.so
7fef6203d000-7fef6203e000 rw-p 00010000 08:05 1713426                    /usr/lib/jvm/java-7-oracle/jre/lib/amd64/libnio.so
7fef6203e000-7fef6233f000 rw-p 00000000 00:00 0 
7fef6233f000-7fef62356000 r-xp 00000000 08:05 1713494                    /usr/lib/jvm/java-7-oracle/jre/lib/amd64/libnet.so
7fef62356000-7fef62555000 ---p 00017000 08:05 1713494                    /usr/lib/jvm/java-7-oracle/jre/lib/amd64/libnet.so
7fef62555000-7fef62556000 rw-p 00016000 08:05 1713494                    /usr/lib/jvm/java-7-oracle/jre/lib/amd64/libnet.so
7fef62556000-7fef62557000 r--s 00006000 08:05 746891                     /home/anonymous/.gradle/wrapper/dists/gradle-2.10-all/a4w5fzrkeut1ox71xslb49gst/gradle-2.10/lib/gradle-wrapper-2.10.jar
7fef62557000-7fef62562000 r--s 0003b000 08:05 746896                     /home/anonymous/.gradle/wrapper/dists/gradle-2.10-all/a4w5fzrkeut1ox71xslb49gst/gradle-2.10/lib/gradle-tooling-api-2.10.jar
7fef62562000-7fef62564000 r--s 00002000 08:05 746918                     /home/anonymous/.gradle/wrapper/dists/gradle-2.10-all/a4w5fzrkeut1ox71xslb49gst/gradle-2.10/lib/gradle-open-api-2.10.jar
7fef62564000-7fef6256a000 r--s 00032000 08:05 746920                     /home/anonymous/.gradle/wrapper/dists/gradle-2.10-all/a4w5fzrkeut1ox71xslb49gst/gradle-2.10/lib/jaxen-1.1.jar
7fef6256a000-7fef6256f000 r--s 00048000 08:05 746919                     /home/anonymous/.gradle/wrapper/dists/gradle-2.10-all/a4w5fzrkeut1ox71xslb49gst/gradle-2.10/lib/dom4j-1.6.1.jar
7fef6256f000-7fef6257a000 r--s 00059000 08:05 746895                     /home/anonymous/.gradle/wrapper/dists/gradle-2.10-all/a4w5fzrkeut1ox71xslb49gst/gradle-2.10/lib/gradle-ui-2.10.jar
7fef6257a000-7fef6257d000 r--s 00008000 08:05 746914                     /home/anonymous/.gradle/wrapper/dists/gradle-2.10-all/a4w5fzrkeut1ox71xslb49gst/gradle-2.10/lib/gradle-resources-2.10.jar
7fef6257d000-7fef6257f000 r--s 00007000 08:05 746936                     /home/anonymous/.gradle/wrapper/dists/gradle-2.10-all/a4w5fzrkeut1ox71xslb49gst/gradle-2.10/lib/objenesis-1.2.jar
7fef6257f000-7fef62581000 r--s 00000000 08:05 746935                     /home/anonymous/.gradle/wrapper/dists/gradle-2.10-all/a4w5fzrkeut1ox71xslb49gst/gradle-2.10/lib/minlog-1.2.jar
7fef62581000-7fef62583000 r--s 0000f000 08:05 746934                     /home/anonymous/.gradle/wrapper/dists/gradle-2.10-all/a4w5fzrkeut1ox71xslb49gst/gradle-2.10/lib/reflectasm-1.07-shaded.jar
7fef62583000-7fef62587000 r--s 00026000 08:05 746925                     /home/anonymous/.gradle/wrapper/dists/gradle-2.10-all/a4w5fzrkeut1ox71xslb49gst/gradle-2.10/lib/kryo-2.20.jar
7fef62587000-7fef62590000 r--s 0003f000 08:05 746913                     /home/anonymous/.gradle/wrapper/dists/gradle-2.10-all/a4w5fzrkeut1ox71xslb49gst/gradle-2.10/lib/gradle-messaging-2.10.jar
7fef62590000-7fef62591000 r--s 00003000 08:05 746933                     /home/anonymous/.gradle/wrapper/dists/gradle-2.10-all/a4w5fzrkeut1ox71xslb49gst/gradle-2.10/lib/native-platform-freebsd-amd64-0.10.jar
7fef62591000-7fef62592000 r--s 00003000 08:05 746932                     /home/anonymous/.gradle/wrapper/dists/gradle-2.10-all/a4w5fzrkeut1ox71xslb49gst/gradle-2.10/lib/native-platform-freebsd-i386-0.10.jar
7fef62592000-7fef62593000 r--s 00005000 08:05 746931                     /home/anonymous/.gradle/wrapper/dists/gradle-2.10-all/a4w5fzrkeut1ox71xslb49gst/gradle-2.10/lib/native-platform-windows-i386-0.10.jar
7fef62593000-7fef62594000 r--s 00005000 08:05 746930                     /home/anonymous/.gradle/wrapper/dists/gradle-2.10-all/a4w5fzrkeut1ox71xslb49gst/gradle-2.10/lib/native-platform-windows-amd64-0.10.jar
7fef62594000-7fef62595000 r--s 00003000 08:05 746929                     /home/anonymous/.gradle/wrapper/dists/gradle-2.10-all/a4w5fzrkeut1ox71xslb49gst/gradle-2.10/lib/native-platform-linux-i386-0.10.jar
7fef62595000-7fef62596000 r--s 00003000 08:05 746928                     /home/anonymous/.gradle/wrapper/dists/gradle-2.10-all/a4w5fzrkeut1ox71xslb49gst/gradle-2.10/lib/native-platform-linux-amd64-0.10.jar
7fef62596000-7fef62597000 r--s 00002000 08:05 746927                     /home/anonymous/.gradle/wrapper/dists/gradle-2.10-all/a4w5fzrkeut1ox71xslb49gst/gradle-2.10/lib/native-platform-osx-amd64-0.10.jar
7fef62597000-7fef62599000 r--s 00008000 08:05 746923                     /home/anonymous/.gradle/wrapper/dists/gradle-2.10-all/a4w5fzrkeut1ox71xslb49gst/gradle-2.10/lib/jansi-1.2.1.jar
7fef62599000-7fef6259c000 r--s 0000d000 08:05 746922                     /home/anonymous/.gradle/wrapper/dists/gradle-2.10-all/a4w5fzrkeut1ox71xslb49gst/gradle-2.10/lib/native-platform-0.10.jar
7fef6259c000-7fef625a0000 r--s 000e4000 08:05 746921                     /home/anonymous/.gradle/wrapper/dists/gradle-2.10-all/a4w5fzrkeut1ox71xslb49gst/gradle-2.10/lib/jna-3.2.7.jar
7fef625a0000-7fef6260f000 r--s 0063e000 08:05 746901                     /home/anonymous/.gradle/wrapper/dists/gradle-2.10-all/a4w5fzrkeut1ox71xslb49gst/gradle-2.10/lib/groovy-all-2.4.4.jar
7fef6260f000-7fef62637000 r--s 001cf000 08:05 746899                     /home/anonymous/.gradle/wrapper/dists/gradle-2.10-all/a4w5fzrkeut1ox71xslb49gst/gradle-2.10/lib/guava-jdk5-17.0.jar
7fef62637000-7fef62656000 r--s 001cc000 08:05 746905                     /home/anonymous/.gradle/wrapper/dists/gradle-2.10-all/a4w5fzrkeut1ox71xslb49gst/gradle-2.10/lib/ant-1.9.3.jar
7fef62656000-7fef6268d000 r--s 001bc000 08:05 746893                     /home/anonymous/.gradle/wrapper/dists/gradle-2.10-all/a4w5fzrkeut1ox71xslb49gst/gradle-2.10/lib/gradle-core-2.10.jar
7fef6268d000-7fef6268e000 ---p 00000000 00:00 0 
7fef6268e000-7fef6278e000 rw-p 00000000 00:00 0 
7fef6278e000-7fef62791000 ---p 00000000 00:00 0 
7fef62791000-7fef6288f000 rw-p 00000000 00:00 0 
7fef6288f000-7fef62892000 ---p 00000000 00:00 0 
7fef62892000-7fef62990000 rw-p 00000000 00:00 0 
7fef62990000-7fef62993000 ---p 00000000 00:00 0 
7fef62993000-7fef62a91000 rw-p 00000000 00:00 0 
7fef62a91000-7fef62a94000 ---p 00000000 00:00 0 
7fef62a94000-7fef62b92000 rw-p 00000000 00:00 0 
7fef62b92000-7fef62e6b000 r--p 00000000 08:05 659510                     /usr/lib/locale/locale-archive
7fef62e6b000-7fef62e6e000 ---p 00000000 00:00 0 
7fef62e6e000-7fef62f6c000 rw-p 00000000 00:00 0 
7fef62f6c000-7fef62f6f000 ---p 00000000 00:00 0 
7fef62f6f000-7fef6306d000 rw-p 00000000 00:00 0 
7fef6306d000-7fef6306e000 ---p 00000000 00:00 0 
7fef6306e000-7fef64000000 rw-p 00000000 00:00 0 
7fef64000000-7fef64062000 rw-p 00000000 00:00 0 
7fef64062000-7fef68000000 ---p 00000000 00:00 0 
7fef68000000-7fef68074000 rw-p 00000000 00:00 0 
7fef68074000-7fef6c000000 ---p 00000000 00:00 0 
7fef6c000000-7fef6c333000 rw-p 00000000 00:00 0 
7fef6c333000-7fef70000000 ---p 00000000 00:00 0 
7fef70000000-7fef70001000 r--s 00002000 08:05 746926                     /home/anonymous/.gradle/wrapper/dists/gradle-2.10-all/a4w5fzrkeut1ox71xslb49gst/gradle-2.10/lib/native-platform-osx-i386-0.10.jar
7fef70001000-7fef70003000 r--s 00008000 08:05 746897                     /home/anonymous/.gradle/wrapper/dists/gradle-2.10-all/a4w5fzrkeut1ox71xslb49gst/gradle-2.10/lib/gradle-native-2.10.jar
7fef70003000-7fef70005000 r--s 00005000 08:05 746894                     /home/anonymous/.gradle/wrapper/dists/gradle-2.10-all/a4w5fzrkeut1ox71xslb49gst/gradle-2.10/lib/gradle-cli-2.10.jar
7fef70005000-7fef70006000 r--s 00007000 08:05 746903                     /home/anonymous/.gradle/wrapper/dists/gradle-2.10-all/a4w5fzrkeut1ox71xslb49gst/gradle-2.10/lib/gradle-model-groovy-2.10.jar
7fef70006000-7fef70173000 rw-p 00000000 00:00 0 
7fef70173000-7fef70333000 r--s 039fb000 08:05 1719593                    /usr/lib/jvm/java-7-oracle/jre/lib/rt.jar
7fef70333000-7fef707d2000 rw-p 00000000 00:00 0 
7fef707d2000-7fef707d3000 ---p 00000000 00:00 0 
7fef707d3000-7fef708d3000 rw-p 00000000 00:00 0 
7fef708d3000-7fef708d4000 ---p 00000000 00:00 0 
7fef708d4000-7fef709d4000 rw-p 00000000 00:00 0 
7fef709d4000-7fef709d5000 ---p 00000000 00:00 0 
7fef709d5000-7fef70ad5000 rw-p 00000000 00:00 0 
7fef70ad5000-7fef70ad6000 ---p 00000000 00:00 0 
7fef70ad6000-7fef70bff000 rw-p 00000000 00:00 0 
7fef70bff000-7fef70c98000 rw-p 00000000 00:00 0 
7fef70c98000-7fef70ea9000 rw-p 00000000 00:00 0 
7fef70ea9000-7fef70fff000 rw-p 00000000 00:00 0 
7fef70fff000-7fef71000000 rw-p 00000000 00:00 0 
7fef71000000-7fef71c40000 rwxp 00000000 00:00 0 
7fef71c40000-7fef74af3000 rw-p 00000000 00:00 0 
7fef74af3000-7fef78000000 ---p 00000000 00:00 0 
7fef78000000-7fef78002000 r--s 00005000 08:05 746912                     /home/anonymous/.gradle/wrapper/dists/gradle-2.10-all/a4w5fzrkeut1ox71xslb49gst/gradle-2.10/lib/gradle-base-services-groovy-2.10.jar
7fef78002000-7fef7800f000 r--s 00073000 08:05 746902                     /home/anonymous/.gradle/wrapper/dists/gradle-2.10-all/a4w5fzrkeut1ox71xslb49gst/gradle-2.10/lib/gradle-model-core-2.10.jar
7fef7800f000-7fef78010000 r--s 00000000 08:05 746915                     /home/anonymous/.gradle/wrapper/dists/gradle-2.10-all/a4w5fzrkeut1ox71xslb49gst/gradle-2.10/lib/gradle-docs-2.10.jar
7fef78010000-7fef78012000 r--s 00003000 08:05 746917                     /home/anonymous/.gradle/wrapper/dists/gradle-2.10-all/a4w5fzrkeut1ox71xslb49gst/gradle-2.10/lib/jcl-over-slf4j-1.7.10.jar
7fef78012000-7fef78013000 r--s 00005000 08:05 746916                     /home/anonymous/.gradle/wrapper/dists/gradle-2.10-all/a4w5fzrkeut1ox71xslb49gst/gradle-2.10/lib/log4j-over-slf4j-1.7.10.jar
7fef78013000-7fef78014000 r--s 00000000 08:05 746911                     /home/anonymous/.gradle/wrapper/dists/gradle-2.10-all/a4w5fzrkeut1ox71xslb49gst/gradle-2.10/lib/javax.inject-1.jar
7fef78014000-7fef78017000 r--s 0001b000 08:05 746910                     /home/anonymous/.gradle/wrapper/dists/gradle-2.10-all/a4w5fzrkeut1ox71xslb49gst/gradle-2.10/lib/jarjar-1.3.jar
7fef78017000-7fef7801b000 r--s 00027000 08:05 746907                     /home/anonymous/.gradle/wrapper/dists/gradle-2.10-all/a4w5fzrkeut1ox71xslb49gst/gradle-2.10/lib/commons-io-2.2.jar
7fef7801b000-7fef780f1000 rw-p 00000000 00:00 0 
7fef780f1000-7fef7818a000 rw-p 00000000 00:00 0 
7fef7818a000-7fef7839c000 rw-p 00000000 00:00 0 
7fef7839c000-7fef783b3000 r-xp 00000000 08:05 1713484                    /usr/lib/jvm/java-7-oracle/jre/lib/amd64/libzip.so
7fef783b3000-7fef785b3000 ---p 00017000 08:05 1713484                    /usr/lib/jvm/java-7-oracle/jre/lib/amd64/libzip.so
7fef785b3000-7fef785b4000 rw-p 00017000 08:05 1713484                    /usr/lib/jvm/java-7-oracle/jre/lib/amd64/libzip.so
7fef785b4000-7fef785bf000 r-xp 00000000 08:05 956258                     /lib/x86_64-linux-gnu/libnss_files-2.23.so
7fef785bf000-7fef787be000 ---p 0000b000 08:05 956258                     /lib/x86_64-linux-gnu/libnss_files-2.23.so
7fef787be000-7fef787bf000 r--p 0000a000 08:05 956258                     /lib/x86_64-linux-gnu/libnss_files-2.23.so
7fef787bf000-7fef787c0000 rw-p 0000b000 08:05 956258                     /lib/x86_64-linux-gnu/libnss_files-2.23.so
7fef787c0000-7fef787c6000 rw-p 00000000 00:00 0 
7fef787c6000-7fef787d1000 r-xp 00000000 08:05 937262                     /lib/x86_64-linux-gnu/libnss_nis-2.23.so
7fef787d1000-7fef789d0000 ---p 0000b000 08:05 937262                     /lib/x86_64-linux-gnu/libnss_nis-2.23.so
7fef789d0000-7fef789d1000 r--p 0000a000 08:05 937262                     /lib/x86_64-linux-gnu/libnss_nis-2.23.so
7fef789d1000-7fef789d2000 rw-p 0000b000 08:05 937262                     /lib/x86_64-linux-gnu/libnss_nis-2.23.so
7fef789d2000-7fef789e8000 r-xp 00000000 08:05 937260                     /lib/x86_64-linux-gnu/libnsl-2.23.so
7fef789e8000-7fef78be7000 ---p 00016000 08:05 937260                     /lib/x86_64-linux-gnu/libnsl-2.23.so
7fef78be7000-7fef78be8000 r--p 00015000 08:05 937260                     /lib/x86_64-linux-gnu/libnsl-2.23.so
7fef78be8000-7fef78be9000 rw-p 00016000 08:05 937260                     /lib/x86_64-linux-gnu/libnsl-2.23.so
7fef78be9000-7fef78beb000 rw-p 00000000 00:00 0 
7fef78beb000-7fef78bf3000 r-xp 00000000 08:05 922568                     /lib/x86_64-linux-gnu/libnss_compat-2.23.so
7fef78bf3000-7fef78df2000 ---p 00008000 08:05 922568                     /lib/x86_64-linux-gnu/libnss_compat-2.23.so
7fef78df2000-7fef78df3000 r--p 00007000 08:05 922568                     /lib/x86_64-linux-gnu/libnss_compat-2.23.so
7fef78df3000-7fef78df4000 rw-p 00008000 08:05 922568                     /lib/x86_64-linux-gnu/libnss_compat-2.23.so
7fef78df4000-7fef78e1d000 r-xp 00000000 08:05 1713416                    /usr/lib/jvm/java-7-oracle/jre/lib/amd64/libjava.so
7fef78e1d000-7fef7901d000 ---p 00029000 08:05 1713416                    /usr/lib/jvm/java-7-oracle/jre/lib/amd64/libjava.so
7fef7901d000-7fef7901f000 rw-p 00029000 08:05 1713416                    /usr/lib/jvm/java-7-oracle/jre/lib/amd64/libjava.so
7fef7901f000-7fef7902c000 r-xp 00000000 08:05 1713470                    /usr/lib/jvm/java-7-oracle/jre/lib/amd64/libverify.so
7fef7902c000-7fef7922b000 ---p 0000d000 08:05 1713470                    /usr/lib/jvm/java-7-oracle/jre/lib/amd64/libverify.so
7fef7922b000-7fef7922d000 rw-p 0000c000 08:05 1713470                    /usr/lib/jvm/java-7-oracle/jre/lib/amd64/libverify.so
7fef7922d000-7fef79234000 r-xp 00000000 08:05 956267                     /lib/x86_64-linux-gnu/librt-2.23.so
7fef79234000-7fef79433000 ---p 00007000 08:05 956267                     /lib/x86_64-linux-gnu/librt-2.23.so
7fef79433000-7fef79434000 r--p 00006000 08:05 956267                     /lib/x86_64-linux-gnu/librt-2.23.so
7fef79434000-7fef79435000 rw-p 00007000 08:05 956267                     /lib/x86_64-linux-gnu/librt-2.23.so
7fef79435000-7fef7953d000 r-xp 00000000 08:05 956264                     /lib/x86_64-linux-gnu/libm-2.23.so
7fef7953d000-7fef7973c000 ---p 00108000 08:05 956264                     /lib/x86_64-linux-gnu/libm-2.23.so
7fef7973c000-7fef7973d000 r--p 00107000 08:05 956264                     /lib/x86_64-linux-gnu/libm-2.23.so
7fef7973d000-7fef7973e000 rw-p 00108000 08:05 956264                     /lib/x86_64-linux-gnu/libm-2.23.so
7fef7973e000-7fef7a2b4000 r-xp 00000000 08:05 1713524                    /usr/lib/jvm/java-7-oracle/jre/lib/amd64/server/libjvm.so
7fef7a2b4000-7fef7a4b3000 ---p 00b76000 08:05 1713524                    /usr/lib/jvm/java-7-oracle/jre/lib/amd64/server/libjvm.so
7fef7a4b3000-7fef7a577000 rw-p 00b75000 08:05 1713524                    /usr/lib/jvm/java-7-oracle/jre/lib/amd64/server/libjvm.so
7fef7a577000-7fef7a5b8000 rw-p 00000000 00:00 0 
7fef7a5b8000-7fef7a778000 r-xp 00000000 08:05 956272                     /lib/x86_64-linux-gnu/libc-2.23.so
7fef7a778000-7fef7a977000 ---p 001c0000 08:05 956272                     /lib/x86_64-linux-gnu/libc-2.23.so
7fef7a977000-7fef7a97b000 r--p 001bf000 08:05 956272                     /lib/x86_64-linux-gnu/libc-2.23.so
7fef7a97b000-7fef7a97d000 rw-p 001c3000 08:05 956272                     /lib/x86_64-linux-gnu/libc-2.23.so
7fef7a97d000-7fef7a981000 rw-p 00000000 00:00 0 
7fef7a981000-7fef7a984000 r-xp 00000000 08:05 956273                     /lib/x86_64-linux-gnu/libdl-2.23.so
7fef7a984000-7fef7ab83000 ---p 00003000 08:05 956273                     /lib/x86_64-linux-gnu/libdl-2.23.so
7fef7ab83000-7fef7ab84000 r--p 00002000 08:05 956273                     /lib/x86_64-linux-gnu/libdl-2.23.so
7fef7ab84000-7fef7ab85000 rw-p 00003000 08:05 956273                     /lib/x86_64-linux-gnu/libdl-2.23.so
7fef7ab85000-7fef7ab9a000 r-xp 00000000 08:05 1601155                    /usr/lib/jvm/java-7-oracle/lib/amd64/jli/libjli.so
7fef7ab9a000-7fef7ad99000 ---p 00015000 08:05 1601155                    /usr/lib/jvm/java-7-oracle/lib/amd64/jli/libjli.so
7fef7ad99000-7fef7ad9a000 rw-p 00014000 08:05 1601155                    /usr/lib/jvm/java-7-oracle/lib/amd64/jli/libjli.so
7fef7ad9a000-7fef7adb2000 r-xp 00000000 08:05 956271                     /lib/x86_64-linux-gnu/libpthread-2.23.so
7fef7adb2000-7fef7afb1000 ---p 00018000 08:05 956271                     /lib/x86_64-linux-gnu/libpthread-2.23.so
7fef7afb1000-7fef7afb2000 r--p 00017000 08:05 956271                     /lib/x86_64-linux-gnu/libpthread-2.23.so
7fef7afb2000-7fef7afb3000 rw-p 00018000 08:05 956271                     /lib/x86_64-linux-gnu/libpthread-2.23.so
7fef7afb3000-7fef7afb7000 rw-p 00000000 00:00 0 
7fef7afb7000-7fef7afdd000 r-xp 00000000 08:05 956268                     /lib/x86_64-linux-gnu/ld-2.23.so
7fef7afdd000-7fef7afeb000 r--s 0007f000 08:05 746906                     /home/anonymous/.gradle/wrapper/dists/gradle-2.10-all/a4w5fzrkeut1ox71xslb49gst/gradle-2.10/lib/commons-collections-3.2.1.jar
7fef7afeb000-7fef7b01c000 rw-p 00000000 00:00 0 
7fef7b01c000-7fef7b0ab000 rw-p 00000000 00:00 0 
7fef7b0ab000-7fef7b0ae000 ---p 00000000 00:00 0 
7fef7b0ae000-7fef7b1b0000 rw-p 00000000 00:00 0 
7fef7b1b0000-7fef7b1b2000 r--s 00000000 08:05 746909                     /home/anonymous/.gradle/wrapper/dists/gradle-2.10-all/a4w5fzrkeut1ox71xslb49gst/gradle-2.10/lib/jul-to-slf4j-1.7.10.jar
7fef7b1b2000-7fef7b1b3000 r--s 00000000 08:05 746908                     /home/anonymous/.gradle/wrapper/dists/gradle-2.10-all/a4w5fzrkeut1ox71xslb49gst/gradle-2.10/lib/jcip-annotations-1.0.jar
7fef7b1b3000-7fef7b1b8000 r--s 00036000 08:05 746904                     /home/anonymous/.gradle/wrapper/dists/gradle-2.10-all/a4w5fzrkeut1ox71xslb49gst/gradle-2.10/lib/asm-all-5.0.3.jar
7fef7b1b8000-7fef7b1bd000 r--s 00041000 08:05 746900                     /home/anonymous/.gradle/wrapper/dists/gradle-2.10-all/a4w5fzrkeut1ox71xslb49gst/gradle-2.10/lib/commons-lang-2.6.jar
7fef7b1bd000-7fef7b1be000 r--s 00007000 08:05 746898                     /home/anonymous/.gradle/wrapper/dists/gradle-2.10-all/a4w5fzrkeut1ox71xslb49gst/gradle-2.10/lib/slf4j-api-1.7.10.jar
7fef7b1be000-7fef7b1bf000 r--s 00004000 08:05 746924                     /home/anonymous/.gradle/wrapper/dists/gradle-2.10-all/a4w5fzrkeut1ox71xslb49gst/gradle-2.10/lib/ant-launcher-1.9.3.jar
7fef7b1bf000-7fef7b1c6000 r--s 00034000 08:05 746892                     /home/anonymous/.gradle/wrapper/dists/gradle-2.10-all/a4w5fzrkeut1ox71xslb49gst/gradle-2.10/lib/gradle-base-services-2.10.jar
7fef7b1c6000-7fef7b1d0000 r--s 0004a000 08:05 746890                     /home/anonymous/.gradle/wrapper/dists/gradle-2.10-all/a4w5fzrkeut1ox71xslb49gst/gradle-2.10/lib/gradle-launcher-2.10.jar
7fef7b1d0000-7fef7b1d8000 rw-s 00000000 08:05 1363450                    /tmp/hsperfdata_anonymous/15087
7fef7b1d8000-7fef7b1d9000 rw-p 00000000 00:00 0 
7fef7b1d9000-7fef7b1da000 ---p 00000000 00:00 0 
7fef7b1da000-7fef7b1dc000 rw-p 00000000 00:00 0 
7fef7b1dc000-7fef7b1dd000 r--p 00025000 08:05 956268                     /lib/x86_64-linux-gnu/ld-2.23.so
7fef7b1dd000-7fef7b1de000 rw-p 00026000 08:05 956268                     /lib/x86_64-linux-gnu/ld-2.23.so
7fef7b1de000-7fef7b1df000 rw-p 00000000 00:00 0 
7fff397ca000-7fff397ec000 rw-p 00000000 00:00 0                          [stack]
7fff397ec000-7fff397ee000 r--p 00000000 00:00 0                          [vvar]
7fff397ee000-7fff397f0000 r-xp 00000000 00:00 0                          [vdso]
ffffffffff600000-ffffffffff601000 r-xp 00000000 00:00 0                  [vsyscall]

VM Arguments:
jvm_args: -Xmx2048m -Dfile.encoding=UTF-8 -Duser.country=US -Duser.language=en -Duser.variant 
java_command: org.gradle.launcher.daemon.bootstrap.GradleDaemon 2.10
Launcher Type: SUN_STANDARD

Environment Variables:
JAVA_HOME=/usr/local/java/jdk1.8.0_91
JRE_HOME=/usr/local/java/jdk1.8.0_91/jre
PATH=/usr/local/sbin:/usr/local/bin:/usr/sbin:/usr/bin:/sbin:/bin:/usr/games:/usr/local/games:/snap/bin:/usr/lib/jvm/java-8-oracle/bin:/usr/lib/jvm/java-8-oracle/db/bin:/usr/lib/jvm/java-8-oracle/jre/bin:/usr/local/java/jdk1.8.0_91/bin:/usr/local/java/jdk1.8.0_91/jre/bin
LD_LIBRARY_PATH=.:
SHELL=/bin/bash
DISPLAY=:0

Signal Handlers:
SIGSEGV: [libjvm.so+0x9a3b20], sa_mask[0]=0x7ffbfeff, sa_flags=0x10000004
SIGBUS: [libjvm.so+0x9a3b20], sa_mask[0]=0x7ffbfeff, sa_flags=0x10000004
SIGFPE: [libjvm.so+0x81e740], sa_mask[0]=0x7ffbfeff, sa_flags=0x10000004
SIGPIPE: [libjvm.so+0x81e740], sa_mask[0]=0x7ffbfeff, sa_flags=0x10000004
SIGXFSZ: [libjvm.so+0x81e740], sa_mask[0]=0x7ffbfeff, sa_flags=0x10000004
SIGILL: [libjvm.so+0x81e740], sa_mask[0]=0x7ffbfeff, sa_flags=0x10000004
SIGUSR1: SIG_DFL, sa_mask[0]=0x00000000, sa_flags=0x00000000
SIGUSR2: [libjvm.so+0x81ffb0], sa_mask[0]=0x00000004, sa_flags=0x10000004
SIGHUP: [libjvm.so+0x8210d0], sa_mask[0]=0x7ffbfeff, sa_flags=0x10000004
SIGINT: [libjvm.so+0x8210d0], sa_mask[0]=0x7ffbfeff, sa_flags=0x10000004
SIGTERM: [libjvm.so+0x8210d0], sa_mask[0]=0x7ffbfeff, sa_flags=0x10000004
SIGQUIT: [libjvm.so+0x8210d0], sa_mask[0]=0x7ffbfeff, sa_flags=0x10000004


---------------  S Y S T E M  ---------------

OS:stretch/sid

uname:Linux 4.4.0-28-generic #47-Ubuntu SMP Fri Jun 24 10:09:13 UTC 2016 x86_64
libc:glibc 2.23 NPTL 2.23 
rlimit: STACK 8192k, CORE 0k, NPROC 14518, NOFILE 65536, AS infinity
load average:41,08 23,06 10,64

/proc/meminfo:
MemTotal:        3949196 kB
MemFree:          103664 kB
MemAvailable:      12172 kB
Buffers:             192 kB
Cached:            72820 kB
SwapCached:         4832 kB
Active:          2627788 kB
Inactive:         899808 kB
Active(anon):    2624228 kB
Inactive(anon):   893664 kB
Active(file):       3560 kB
Inactive(file):     6144 kB
Unevictable:          68 kB
Mlocked:              68 kB
SwapTotal:       3126268 kB
SwapFree:              0 kB
Dirty:                12 kB
Writeback:             0 kB
AnonPages:       3451520 kB
Mapped:            51748 kB
Shmem:             62204 kB
Slab:             103520 kB
SReclaimable:      46068 kB
SUnreclaim:        57452 kB
KernelStack:       13952 kB
PageTables:        84148 kB
NFS_Unstable:          0 kB
Bounce:                0 kB
WritebackTmp:          0 kB
CommitLimit:     5100864 kB
Committed_AS:   14344420 kB
VmallocTotal:   34359738367 kB
VmallocUsed:           0 kB
VmallocChunk:          0 kB
HardwareCorrupted:     0 kB
AnonHugePages:    755712 kB
CmaTotal:              0 kB
CmaFree:               0 kB
HugePages_Total:       0
HugePages_Free:        0
HugePages_Rsvd:        0
HugePages_Surp:        0
Hugepagesize:       2048 kB
DirectMap4k:      560120 kB
DirectMap2M:     3536896 kB
DirectMap1G:           0 kB


CPU:total 4 (2 cores per cpu, 2 threads per core) family 6 model 69 stepping 1, cmov, cx8, fxsr, mmx, sse, sse2, sse3, ssse3, sse4.1, sse4.2, popcnt, avx, avx2, aes, erms, ht, tsc, tscinvbit

/proc/cpuinfo:
processor	: 0
vendor_id	: GenuineIntel
cpu family	: 6
model		: 69
model name	: Intel(R) Core(TM) i5-4200U CPU @ 1.60GHz
stepping	: 1
microcode	: 0x1d
cpu MHz		: 2116.625
cache size	: 3072 KB
physical id	: 0
siblings	: 4
core id		: 0
cpu cores	: 2
apicid		: 0
initial apicid	: 0
fpu		: yes
fpu_exception	: yes
cpuid level	: 13
wp		: yes
flags		: fpu vme de pse tsc msr pae mce cx8 apic sep mtrr pge mca cmov pat pse36 clflush dts acpi mmx fxsr sse sse2 ss ht tm pbe syscall nx pdpe1gb rdtscp lm constant_tsc arch_perfmon pebs bts rep_good nopl xtopology nonstop_tsc aperfmperf eagerfpu pni pclmulqdq dtes64 monitor ds_cpl vmx est tm2 ssse3 sdbg fma cx16 xtpr pdcm pcid sse4_1 sse4_2 movbe popcnt tsc_deadline_timer aes xsave avx f16c rdrand lahf_lm abm epb tpr_shadow vnmi flexpriority ept vpid fsgsbase tsc_adjust bmi1 avx2 smep bmi2 erms invpcid xsaveopt dtherm ida arat pln pts
bugs		:
bogomips	: 3192.70
clflush size	: 64
cache_alignment	: 64
address sizes	: 39 bits physical, 48 bits virtual
power management:

processor	: 1
vendor_id	: GenuineIntel
cpu family	: 6
model		: 69
model name	: Intel(R) Core(TM) i5-4200U CPU @ 1.60GHz
stepping	: 1
microcode	: 0x1d
cpu MHz		: 1849.875
cache size	: 3072 KB
physical id	: 0
siblings	: 4
core id		: 1
cpu cores	: 2
apicid		: 2
initial apicid	: 2
fpu		: yes
fpu_exception	: yes
cpuid level	: 13
wp		: yes
flags		: fpu vme de pse tsc msr pae mce cx8 apic sep mtrr pge mca cmov pat pse36 clflush dts acpi mmx fxsr sse sse2 ss ht tm pbe syscall nx pdpe1gb rdtscp lm constant_tsc arch_perfmon pebs bts rep_good nopl xtopology nonstop_tsc aperfmperf eagerfpu pni pclmulqdq dtes64 monitor ds_cpl vmx est tm2 ssse3 sdbg fma cx16 xtpr pdcm pcid sse4_1 sse4_2 movbe popcnt tsc_deadline_timer aes xsave avx f16c rdrand lahf_lm abm epb tpr_shadow vnmi flexpriority ept vpid fsgsbase tsc_adjust bmi1 avx2 smep bmi2 erms invpcid xsaveopt dtherm ida arat pln pts
bugs		:
bogomips	: 3192.70
clflush size	: 64
cache_alignment	: 64
address sizes	: 39 bits physical, 48 bits virtual
power management:

processor	: 2
vendor_id	: GenuineIntel
cpu family	: 6
model		: 69
model name	: Intel(R) Core(TM) i5-4200U CPU @ 1.60GHz
stepping	: 1
microcode	: 0x1d
cpu MHz		: 1600.062
cache size	: 3072 KB
physical id	: 0
siblings	: 4
core id		: 0
cpu cores	: 2
apicid		: 1
initial apicid	: 1
fpu		: yes
fpu_exception	: yes
cpuid level	: 13
wp		: yes
flags		: fpu vme de pse tsc msr pae mce cx8 apic sep mtrr pge mca cmov pat pse36 clflush dts acpi mmx fxsr sse sse2 ss ht tm pbe syscall nx pdpe1gb rdtscp lm constant_tsc arch_perfmon pebs bts rep_good nopl xtopology nonstop_tsc aperfmperf eagerfpu pni pclmulqdq dtes64 monitor ds_cpl vmx est tm2 ssse3 sdbg fma cx16 xtpr pdcm pcid sse4_1 sse4_2 movbe popcnt tsc_deadline_timer aes xsave avx f16c rdrand lahf_lm abm epb tpr_shadow vnmi flexpriority ept vpid fsgsbase tsc_adjust bmi1 avx2 smep bmi2 erms invpcid xsaveopt dtherm ida arat pln pts
bugs		:
bogomips	: 3192.70
clflush size	: 64
cache_alignment	: 64
address sizes	: 39 bits physical, 48 bits virtual
power management:

processor	: 3
vendor_id	: GenuineIntel
cpu family	: 6
model		: 69
model name	: Intel(R) Core(TM) i5-4200U CPU @ 1.60GHz
stepping	: 1
microcode	: 0x1d
cpu MHz		: 1600.000
cache size	: 3072 KB
physical id	: 0
siblings	: 4
core id		: 1
cpu cores	: 2
apicid		: 3
initial apicid	: 3
fpu		: yes
fpu_exception	: yes
cpuid level	: 13
wp		: yes
flags		: fpu vme de pse tsc msr pae mce cx8 apic sep mtrr pge mca cmov pat pse36 clflush dts acpi mmx fxsr sse sse2 ss ht tm pbe syscall nx pdpe1gb rdtscp lm constant_tsc arch_perfmon pebs bts rep_good nopl xtopology nonstop_tsc aperfmperf eagerfpu pni pclmulqdq dtes64 monitor ds_cpl vmx est tm2 ssse3 sdbg fma cx16 xtpr pdcm pcid sse4_1 sse4_2 movbe popcnt tsc_deadline_timer aes xsave avx f16c rdrand lahf_lm abm epb tpr_shadow vnmi flexpriority ept vpid fsgsbase tsc_adjust bmi1 avx2 smep bmi2 erms invpcid xsaveopt dtherm ida arat pln pts
bugs		:
bogomips	: 3192.70
clflush size	: 64
cache_alignment	: 64
address sizes	: 39 bits physical, 48 bits virtual
power management:



Memory: 4k page, physical 3949196k(107704k free), swap 3126268k(0k free)

vm_info: Java HotSpot(TM) 64-Bit Server VM (24.80-b11) for linux-amd64 JRE (1.7.0_80-b15), built on Apr 10 2015 19:53:14 by "java_re" with gcc 4.3.0 20080428 (Red Hat 4.3.0-8)

time: Fri Jul 15 06:54:40 2016
elapsed time: 277 seconds

