#
# There is insufficient memory for the Java Runtime Environment to continue.
# Native memory allocation (malloc) failed to allocate 233308160 bytes for committing reserved memory.
# Possible reasons:
#   The system is out of physical RAM or swap space
#   In 32 bit mode, the process size limit was hit
# Possible solutions:
#   Reduce memory load on the system
#   Increase physical memory or swap space
#   Check if swap backing store is full
#   Use 64 bit Java on a 64 bit OS
#   Decrease Java heap size (-Xmx/-Xms)
#   Decrease number of Java threads
#   Decrease Java thread stack sizes (-Xss)
#   Set larger code cache with -XX:ReservedCodeCacheSize=
# This output file may be truncated or incomplete.
#
#  Out of Memory Error (os_linux.cpp:2756), pid=17913, tid=139913048590080
#
# JRE version: Java(TM) SE Runtime Environment (7.0_80-b15) (build 1.7.0_80-b15)
# Java VM: Java HotSpot(TM) 64-Bit Server VM (24.80-b11 mixed mode linux-amd64 compressed oops)
# Failed to write core dump. Core dumps have been disabled. To enable core dumping, try "ulimit -c unlimited" before starting Java again
#

---------------  T H R E A D  ---------------

Current thread (0x00007f4014069800):  VMThread [stack: 0x00007f400b7f8000,0x00007f400b8f9000] [id=17921]

Stack: [0x00007f400b7f8000,0x00007f400b8f9000],  sp=0x00007f400b8f7160,  free space=1020k
Native frames: (J=compiled Java code, j=interpreted, Vv=VM code, C=native code)
V  [libjvm.so+0x9a320a]  VMError::report_and_die()+0x2ea
V  [libjvm.so+0x498d3b]  report_vm_out_of_memory(char const*, int, unsigned long, char const*)+0x9b
V  [libjvm.so+0x82191e]  os::Linux::commit_memory_impl(char*, unsigned long, bool)+0xfe
V  [libjvm.so+0x821e69]  os::pd_commit_memory(char*, unsigned long, unsigned long, bool)+0x29
V  [libjvm.so+0x81bb6a]  os::commit_memory(char*, unsigned long, unsigned long, bool)+0x2a
V  [libjvm.so+0x88d623]  PSVirtualSpace::expand_by(unsigned long)+0x53
V  [libjvm.so+0x87ca80]  PSOldGen::expand(unsigned long)+0x170
V  [libjvm.so+0x87cc8b]  PSOldGen::resize(unsigned long)+0x1cb
V  [libjvm.so+0x885951]  PSParallelCompact::invoke_no_policy(bool)+0x9b1
V  [libjvm.so+0x88b8cd]  PSScavenge::invoke()+0x1ad
V  [libjvm.so+0x843f40]  ParallelScavengeHeap::failed_mem_allocate(unsigned long)+0x70
V  [libjvm.so+0x9a4a97]  VM_ParallelGCFailedAllocation::doit()+0x97
V  [libjvm.so+0x9abf35]  VM_Operation::evaluate()+0x55
V  [libjvm.so+0x9aa2fa]  VMThread::evaluate_operation(VM_Operation*)+0xba
V  [libjvm.so+0x9aa67e]  VMThread::loop()+0x1ce
V  [libjvm.so+0x9aaaf0]  VMThread::run()+0x70
V  [libjvm.so+0x8238c8]  java_start(Thread*)+0x108

VM_Operation (0x00007f4008aa3500): ParallelGCFailedAllocation, mode: safepoint, requested by thread 0x00007f3fb4060800


---------------  P R O C E S S  ---------------

Java Threads: ( => current thread )
  0x00007f3fb4060800 JavaThread "pool-3-thread-4" [_thread_blocked, id=17955, stack(0x00007f40089a4000,0x00007f4008aa5000)]
  0x00007f3fb405e800 JavaThread "pool-3-thread-3" [_thread_blocked, id=17954, stack(0x00007f4008aa5000,0x00007f4008ba6000)]
  0x00007f3fb405d000 JavaThread "pool-3-thread-2" [_thread_blocked, id=17953, stack(0x00007f4008ba6000,0x00007f4008ca7000)]
  0x00007f3fb405b000 JavaThread "pool-4-thread-1" [_thread_blocked, id=17952, stack(0x00007f4008ca7000,0x00007f4008da8000)]
  0x00007f3fb405a000 JavaThread "pool-3-thread-1" [_thread_blocked, id=17951, stack(0x00007f4008da8000,0x00007f4008ea9000)]
  0x00007f3fc4cf6800 JavaThread "pool-1-thread-1" [_thread_blocked, id=17950, stack(0x00007f4008f9e000,0x00007f400909f000)]
  0x00007f3fc447c800 JavaThread "File lock request listener" [_thread_in_native, id=17942, stack(0x00007f400940b000,0x00007f400950c000)]
  0x00007f3fc4318800 JavaThread "process reaper" daemon [_thread_blocked, id=17941, stack(0x00007f400950c000,0x00007f4009545000)]
  0x00007f3fc4022800 JavaThread "Stdin handler" [_thread_blocked, id=17939, stack(0x00007f40095b1000,0x00007f40096b2000)]
  0x00007f3fc800e000 JavaThread "Daemon worker" [_thread_blocked, id=17936, stack(0x00007f40096b9000,0x00007f40097ba000)]
  0x00007f3fc800a000 JavaThread "Cancel handler" [_thread_blocked, id=17935, stack(0x00007f40097ba000,0x00007f40098bb000)]
  0x00007f3fc8003800 JavaThread "Handler for socket connection from /127.0.0.1:34325 to /127.0.0.1:48130" [_thread_in_native, id=17934, stack(0x00007f40098bb000,0x00007f40099bc000)]
  0x00007f3fd400d000 JavaThread "Daemon" [_thread_blocked, id=17933, stack(0x00007f40099bc000,0x00007f4009abd000)]
  0x00007f4014aeb000 JavaThread "Incoming local TCP Connector on port 34325" [_thread_in_native, id=17932, stack(0x00007f4009abd000,0x00007f4009bbe000)]
  0x00007f4014099800 JavaThread "Service Thread" daemon [_thread_blocked, id=17930, stack(0x00007f400af19000,0x00007f400b01a000)]
  0x00007f4014097000 JavaThread "C2 CompilerThread1" daemon [_thread_blocked, id=17929, stack(0x00007f400b01a000,0x00007f400b11b000)]
  0x00007f4014094000 JavaThread "C2 CompilerThread0" daemon [_thread_blocked, id=17928, stack(0x00007f400b11b000,0x00007f400b21c000)]
  0x00007f4014092000 JavaThread "Signal Dispatcher" daemon [_thread_blocked, id=17927, stack(0x00007f400b21c000,0x00007f400b31d000)]
  0x00007f4014070000 JavaThread "Finalizer" daemon [_thread_blocked, id=17923, stack(0x00007f400b5f6000,0x00007f400b6f7000)]
  0x00007f401406e000 JavaThread "Reference Handler" daemon [_thread_blocked, id=17922, stack(0x00007f400b6f7000,0x00007f400b7f8000)]
  0x00007f401400a000 JavaThread "main" [_thread_blocked, id=17916, stack(0x00007f401b867000,0x00007f401b968000)]

Other Threads:
=>0x00007f4014069800 VMThread [stack: 0x00007f400b7f8000,0x00007f400b8f9000] [id=17921]
  0x00007f40140a4000 WatcherThread [stack: 0x00007f400ae18000,0x00007f400af19000] [id=17931]

VM state:at safepoint (normal execution)

VM Mutex/Monitor currently owned by a thread:  ([mutex/lock_event])
[0x00007f4014005d10] ExpandHeap_lock - owner thread: 0x00007f4014069800
[0x00007f4014006390] Threads_lock - owner thread: 0x00007f4014069800
[0x00007f4014006890] Heap_lock - owner thread: 0x00007f3fb4060800

Heap
 PSYoungGen      total 483840K, used 56607K [0x00000007d5500000, 0x0000000800000000, 0x0000000800000000)
  eden space 372736K, 0% used [0x00000007d5500000,0x00000007d5500000,0x00000007ec100000)
  from space 111104K, 50% used [0x00000007f6a80000,0x00000007fa1c7e68,0x00000007fd700000)
  to   space 163328K, 0% used [0x00000007ec100000,0x00000007ec100000,0x00000007f6080000)
 ParOldGen       total 593408K, used 593162K [0x0000000780000000, 0x00000007a4380000, 0x00000007d5500000)
  object space 593408K, 99% used [0x0000000780000000,0x00000007a4342ba8,0x00000007a4380000)
 PSPermGen       total 83968K, used 46727K [0x000000077ae00000, 0x0000000780000000, 0x0000000780000000)
  object space 83968K, 55% used [0x000000077ae00000,0x000000077dba1f30,0x0000000780000000)

Card table byte_map: [0x00007f401872e000,0x00007f4018b58000] byte_map_base: 0x00007f4014b57000

Polling page: 0x00007f401b995000

Code Cache  [0x00007f4011000000, 0x00007f4011820000, 0x00007f4014000000)
 total_blobs=2928 nmethods=2283 adapters=597 free_code_cache=41034Kb largest_free_block=41841472

Compilation events (10 events):
Event: 35,045 Thread 0x00007f4014094000 2532             com.android.dx.rop.code.Rops::pickBinaryOp (158 bytes)
Event: 35,049 Thread 0x00007f4014094000 nmethod 2532 0x00007f40116ab090 code [0x00007f40116ab200, 0x00007f40116ab478]
Event: 35,300 Thread 0x00007f4014097000 2533             java.lang.Integer::intValue (5 bytes)
Event: 35,301 Thread 0x00007f4014097000 nmethod 2533 0x00007f40117a0350 code [0x00007f40117a0480, 0x00007f40117a04d8]
Event: 35,489 Thread 0x00007f4014094000 2534             com.android.dx.dex.file.EncodedField::hashCode (8 bytes)
Event: 35,493 Thread 0x00007f4014097000 2535             com.android.dx.rop.cst.CstNat::hashCode (19 bytes)
Event: 35,498 Thread 0x00007f4014094000 nmethod 2534 0x00007f40117a5ed0 code [0x00007f40117a6040, 0x00007f40117a6518]
Event: 35,498 Thread 0x00007f4014097000 nmethod 2535 0x00007f401172ae50 code [0x00007f401172afa0, 0x00007f401172b2b8]
Event: 35,529 Thread 0x00007f4014097000 2536             com.android.dx.cf.code.BaseMachine::popArgs (137 bytes)
Event: 35,532 Thread 0x00007f4014097000 nmethod 2536 0x00007f40117a5990 code [0x00007f40117a5b00, 0x00007f40117a5ca8]

GC Heap History (10 events):
Event: 31,624 GC heap after
Heap after GC invocations=29 (full 4):
 PSYoungGen      total 430080K, used 53479K [0x00000007d5500000, 0x00000007f8300000, 0x0000000800000000)
  eden space 348672K, 0% used [0x00000007d5500000,0x00000007d5500000,0x00000007ea980000)
  from space 81408K, 65% used [0x00000007ea980000,0x00000007eddb9d88,0x00000007ef900000)
  to   space 84480K, 0% used [0x00000007f3080000,0x00000007f3080000,0x00000007f8300000)
 ParOldGen       total 407552K, used 379491K [0x0000000780000000, 0x0000000798e00000, 0x00000007d5500000)
  object space 407552K, 93% used [0x0000000780000000,0x0000000797298fa8,0x0000000798e00000)
 PSPermGen       total 83968K, used 46703K [0x000000077ae00000, 0x0000000780000000, 0x0000000780000000)
  object space 83968K, 55% used [0x000000077ae00000,0x000000077db9bfd0,0x0000000780000000)
}
Event: 31,624 GC heap before
{Heap before GC invocations=30 (full 5):
 PSYoungGen      total 430080K, used 53479K [0x00000007d5500000, 0x00000007f8300000, 0x0000000800000000)
  eden space 348672K, 0% used [0x00000007d5500000,0x00000007d5500000,0x00000007ea980000)
  from space 81408K, 65% used [0x00000007ea980000,0x00000007eddb9d88,0x00000007ef900000)
  to   space 84480K, 0% used [0x00000007f3080000,0x00000007f3080000,0x00000007f8300000)
 ParOldGen       total 407552K, used 379491K [0x0000000780000000, 0x0000000798e00000, 0x00000007d5500000)
  object space 407552K, 93% used [0x0000000780000000,0x0000000797298fa8,0x0000000798e00000)
 PSPermGen       total 83968K, used 46703K [0x000000077ae00000, 0x0000000780000000, 0x0000000780000000)
  object space 83968K, 55% used [0x000000077ae00000,0x000000077db9bfd0,0x0000000780000000)
Event: 33,848 GC heap after
Heap after GC invocations=30 (full 5):
 PSYoungGen      total 430080K, used 20960K [0x00000007d5500000, 0x00000007f8300000, 0x0000000800000000)
  eden space 348672K, 0% used [0x00000007d5500000,0x00000007d5500000,0x00000007ea980000)
  from space 81408K, 25% used [0x00000007ea980000,0x00000007ebdf8210,0x00000007ef900000)
  to   space 84480K, 0% used [0x00000007f3080000,0x00000007f3080000,0x00000007f8300000)
 ParOldGen       total 593408K, used 407349K [0x0000000780000000, 0x00000007a4380000, 0x00000007d5500000)
  object space 593408K, 68% used [0x0000000780000000,0x0000000798dcd7b8,0x00000007a4380000)
 PSPermGen       total 83968K, used 46703K [0x000000077ae00000, 0x0000000780000000, 0x0000000780000000)
  object space 83968K, 55% used [0x000000077ae00000,0x000000077db9be30,0x0000000780000000)
}
Event: 34,292 GC heap before
{Heap before GC invocations=31 (full 5):
 PSYoungGen      total 430080K, used 369632K [0x00000007d5500000, 0x00000007f8300000, 0x0000000800000000)
  eden space 348672K, 100% used [0x00000007d5500000,0x00000007ea980000,0x00000007ea980000)
  from space 81408K, 25% used [0x00000007ea980000,0x00000007ebdf8210,0x00000007ef900000)
  to   space 84480K, 0% used [0x00000007f3080000,0x00000007f3080000,0x00000007f8300000)
 ParOldGen       total 593408K, used 407349K [0x0000000780000000, 0x00000007a4380000, 0x00000007d5500000)
  object space 593408K, 68% used [0x0000000780000000,0x0000000798dcd7b8,0x00000007a4380000)
 PSPermGen       total 83968K, used 46711K [0x000000077ae00000, 0x0000000780000000, 0x0000000780000000)
  object space 83968K, 55% used [0x000000077ae00000,0x000000077db9dd60,0x0000000780000000)
Event: 34,591 GC heap after
Heap after GC invocations=31 (full 5):
 PSYoungGen      total 465408K, used 59696K [0x00000007d5500000, 0x00000007f7c80000, 0x0000000800000000)
  eden space 387584K, 0% used [0x00000007d5500000,0x00000007d5500000,0x00000007ecf80000)
  from space 77824K, 76% used [0x00000007f3080000,0x00000007f6acc318,0x00000007f7c80000)
  to   space 88576K, 0% used [0x00000007ecf80000,0x00000007ecf80000,0x00000007f2600000)
 ParOldGen       total 593408K, used 426426K [0x0000000780000000, 0x00000007a4380000, 0x00000007d5500000)
  object space 593408K, 71% used [0x0000000780000000,0x000000079a06eb90,0x00000007a4380000)
 PSPermGen       total 83968K, used 46711K [0x000000077ae00000, 0x0000000780000000, 0x0000000780000000)
  object space 83968K, 55% used [0x000000077ae00000,0x000000077db9dd60,0x0000000780000000)
}
Event: 35,092 GC heap before
{Heap before GC invocations=32 (full 5):
 PSYoungGen      total 465408K, used 447280K [0x00000007d5500000, 0x00000007f7c80000, 0x0000000800000000)
  eden space 387584K, 100% used [0x00000007d5500000,0x00000007ecf80000,0x00000007ecf80000)
  from space 77824K, 76% used [0x00000007f3080000,0x00000007f6acc318,0x00000007f7c80000)
  to   space 88576K, 0% used [0x00000007ecf80000,0x00000007ecf80000,0x00000007f2600000)
 ParOldGen       total 593408K, used 426426K [0x0000000780000000, 0x00000007a4380000, 0x00000007d5500000)
  object space 593408K, 71% used [0x0000000780000000,0x000000079a06eb90,0x00000007a4380000)
 PSPermGen       total 83968K, used 46726K [0x000000077ae00000, 0x0000000780000000, 0x0000000780000000)
  object space 83968K, 55% used [0x000000077ae00000,0x000000077dba1b08,0x0000000780000000)
Event: 35,257 GC heap after
Heap after GC invocations=32 (full 5):
 PSYoungGen      total 476160K, used 88568K [0x00000007d5500000, 0x00000007fd700000, 0x0000000800000000)
  eden space 387584K, 0% used [0x00000007d5500000,0x00000007d5500000,0x00000007ecf80000)
  from space 88576K, 99% used [0x00000007ecf80000,0x00000007f25fe208,0x00000007f2600000)
  to   space 111104K, 0% used [0x00000007f6a80000,0x00000007f6a80000,0x00000007fd700000)
 ParOldGen       total 593408K, used 451022K [0x0000000780000000, 0x00000007a4380000, 0x00000007d5500000)
  object space 593408K, 76% used [0x0000000780000000,0x000000079b873b70,0x00000007a4380000)
 PSPermGen       total 83968K, used 46726K [0x000000077ae00000, 0x0000000780000000, 0x0000000780000000)
  object space 83968K, 55% used [0x000000077ae00000,0x000000077dba1b08,0x0000000780000000)
}
Event: 35,951 GC heap before
{Heap before GC invocations=33 (full 5):
 PSYoungGen      total 476160K, used 476152K [0x00000007d5500000, 0x00000007fd700000, 0x0000000800000000)
  eden space 387584K, 100% used [0x00000007d5500000,0x00000007ecf80000,0x00000007ecf80000)
  from space 88576K, 99% used [0x00000007ecf80000,0x00000007f25fe208,0x00000007f2600000)
  to   space 111104K, 0% used [0x00000007f6a80000,0x00000007f6a80000,0x00000007fd700000)
 ParOldGen       total 593408K, used 451022K [0x0000000780000000, 0x00000007a4380000, 0x00000007d5500000)
  object space 593408K, 76% used [0x0000000780000000,0x000000079b873b70,0x00000007a4380000)
 PSPermGen       total 83968K, used 46727K [0x000000077ae00000, 0x0000000780000000, 0x0000000780000000)
  object space 83968K, 55% used [0x000000077ae00000,0x000000077dba1f50,0x0000000780000000)
Event: 36,227 GC heap after
Heap after GC invocations=33 (full 5):
 PSYoungGen      total 483840K, used 111092K [0x00000007d5500000, 0x0000000800000000, 0x0000000800000000)
  eden space 372736K, 0% used [0x00000007d5500000,0x00000007d5500000,0x00000007ec100000)
  from space 111104K, 99% used [0x00000007f6a80000,0x00000007fd6fd158,0x00000007fd700000)
  to   space 163328K, 0% used [0x00000007ec100000,0x00000007ec100000,0x00000007f6080000)
 ParOldGen       total 593408K, used 543413K [0x0000000780000000, 0x00000007a4380000, 0x00000007d5500000)
  object space 593408K, 91% used [0x0000000780000000,0x00000007a12ad528,0x00000007a4380000)
 PSPermGen       total 83968K, used 46727K [0x000000077ae00000, 0x0000000780000000, 0x0000000780000000)
  object space 83968K, 55% used [0x000000077ae00000,0x000000077dba1f50,0x0000000780000000)
}
Event: 36,227 GC heap before
{Heap before GC invocations=34 (full 6):
 PSYoungGen      total 483840K, used 111092K [0x00000007d5500000, 0x0000000800000000, 0x0000000800000000)
  eden space 372736K, 0% used [0x00000007d5500000,0x00000007d5500000,0x00000007ec100000)
  from space 111104K, 99% used [0x00000007f6a80000,0x00000007fd6fd158,0x00000007fd700000)
  to   space 163328K, 0% used [0x00000007ec100000,0x00000007ec100000,0x00000007f6080000)
 ParOldGen       total 593408K, used 543413K [0x0000000780000000, 0x00000007a4380000, 0x00000007d5500000)
  object space 593408K, 91% used [0x0000000780000000,0x00000007a12ad528,0x00000007a4380000)
 PSPermGen       total 83968K, used 46727K [0x000000077ae00000, 0x0000000780000000, 0x0000000780000000)
  object space 83968K, 55% used [0x000000077ae00000,0x000000077dba1f50,0x0000000780000000)

Deoptimization events (10 events):
Event: 34,621 Thread 0x00007f3fb405e800 Uncommon trap: reason=unstable_if action=reinterpret pc=0x00007f40115b8238 method=com.android.dx.ssa.SetFactory.makeDomFrontSet(I)Lcom/android/dx/util/IntSet; @ 4
Event: 34,626 Thread 0x00007f3fb405e800 Uncommon trap: reason=class_check action=maybe_recompile pc=0x00007f401157e740 method=com.android.dx.ssa.DomFront.calcDomFronts()V @ 101
Event: 34,653 Thread 0x00007f3fb405e800 Uncommon trap: reason=class_check action=maybe_recompile pc=0x00007f40114d45f4 method=com.android.dx.ssa.SsaConverter.placePhiFunctions(Lcom/android/dx/ssa/SsaMethod;Lcom/android/dx/ssa/LocalVariableInfo;I)V @ 257
Event: 34,858 Thread 0x00007f3fb4060800 Uncommon trap: reason=unstable_if action=reinterpret pc=0x00007f40115fc70c method=com.android.dx.rop.code.RegisterSpec.equals(ILcom/android/dx/rop/type/TypeBearer;Lcom/android/dx/rop/code/LocalItem;)Z @ 31
Event: 34,916 Thread 0x00007f3fb4060800 Uncommon trap: reason=class_check action=maybe_recompile pc=0x00007f401156cf2c method=com.android.dx.ssa.SCCP.simulateBranch(Lcom/android/dx/ssa/SsaInsn;)V @ 339
Event: 34,922 Thread 0x00007f3fb4060800 Uncommon trap: reason=class_check action=maybe_recompile pc=0x00007f401156cf2c method=com.android.dx.ssa.SCCP.simulateBranch(Lcom/android/dx/ssa/SsaInsn;)V @ 339
Event: 35,062 Thread 0x00007f3fb405d000 Uncommon trap: reason=class_check action=maybe_recompile pc=0x00007f40117acab8 method=java.util.TimSort.gallopLeft(Ljava/lang/Object;[Ljava/lang/Object;IIILjava/util/Comparator;)I @ 44
Event: 35,062 Thread 0x00007f3fb405d000 Uncommon trap: reason=class_check action=maybe_recompile pc=0x00007f40117acab8 method=java.util.TimSort.gallopLeft(Ljava/lang/Object;[Ljava/lang/Object;IIILjava/util/Comparator;)I @ 44
Event: 35,062 Thread 0x00007f3fb405d000 Uncommon trap: reason=class_check action=maybe_recompile pc=0x00007f40117acab8 method=java.util.TimSort.gallopLeft(Ljava/lang/Object;[Ljava/lang/Object;IIILjava/util/Comparator;)I @ 44
Event: 35,062 Thread 0x00007f3fb405d000 Uncommon trap: reason=class_check action=maybe_recompile pc=0x00007f40117b3d68 method=java.util.TimSort.mergeLo(IIII)V @ 185

Internal exceptions (10 events):
Event: 20,086 Thread 0x00007f3fb405d000 Implicit null exception at 0x00007f40115eb243 to 0x00007f40115ecd51
Event: 21,255 Thread 0x00007f3fb405a000 Implicit null exception at 0x00007f401163410c to 0x00007f401163f1a5
Event: 23,582 Thread 0x00007f3fb405d000 Implicit null exception at 0x00007f4011571fc3 to 0x00007f40115748f5
Event: 25,651 Thread 0x00007f3fc4cf6800 Threw 0x00000007d5e0e6c8 at /HUDSON/workspace/7u-2-build-linux-amd64/jdk7u80/2329/hotspot/src/share/vm/prims/jvm.cpp:1319
Event: 26,210 Thread 0x00007f3fc4cf6800 Threw 0x00000007dc720c68 at /HUDSON/workspace/7u-2-build-linux-amd64/jdk7u80/2329/hotspot/src/share/vm/prims/jvm.cpp:1319
Event: 26,212 Thread 0x00007f3fc4cf6800 Implicit null exception at 0x00007f40110ab2db to 0x00007f40110ab8ad
Event: 30,332 Thread 0x00007f3fc4cf6800 Implicit null exception at 0x00007f401139654b to 0x00007f40113968b5
Event: 34,622 Thread 0x00007f3fb405e800 Threw 0x00000007d70d27e8 at /HUDSON/workspace/7u-2-build-linux-amd64/jdk7u80/2329/hotspot/src/share/vm/prims/jvm.cpp:1319
Event: 34,654 Thread 0x00007f3fb405e800 Threw 0x00000007d7129bd8 at /HUDSON/workspace/7u-2-build-linux-amd64/jdk7u80/2329/hotspot/src/share/vm/prims/jvm.cpp:1319
Event: 34,858 Thread 0x00007f3fb4060800 Implicit null exception at 0x00007f40115fc3a9 to 0x00007f40115fc6f5

Events (10 events):
Event: 35,062 Thread 0x00007f3fb405d000 DEOPT UNPACKING pc=0x00007f4011039445 sp=0x00007f4008ca5078 mode 2
Event: 35,062 Thread 0x00007f3fb405d000 Uncommon trap: trap_request=0xffffffde fr.pc=0x00007f40117acab8
Event: 35,062 Thread 0x00007f3fb405d000 DEOPT PACKING pc=0x00007f40117acab8 sp=0x00007f4008ca50a0
Event: 35,062 Thread 0x00007f3fb405d000 DEOPT UNPACKING pc=0x00007f4011039445 sp=0x00007f4008ca5078 mode 2
Event: 35,062 Thread 0x00007f3fb405d000 Uncommon trap: trap_request=0xffffffde fr.pc=0x00007f40117b3d68
Event: 35,062 Thread 0x00007f3fb405d000 DEOPT PACKING pc=0x00007f40117b3d68 sp=0x00007f4008ca5040
Event: 35,062 Thread 0x00007f3fb405d000 DEOPT UNPACKING pc=0x00007f4011039445 sp=0x00007f4008ca5050 mode 2
Event: 35,091 Executing VM operation: ParallelGCFailedAllocation
Event: 35,257 Executing VM operation: ParallelGCFailedAllocation done
Event: 35,950 Executing VM operation: ParallelGCFailedAllocation


Dynamic libraries:
00400000-00401000 r-xp 00000000 08:05 1602077                            /usr/lib/jvm/java-7-oracle/bin/java
00600000-00601000 rw-p 00000000 08:05 1602077                            /usr/lib/jvm/java-7-oracle/bin/java
006ca000-006eb000 rw-p 00000000 00:00 0                                  [heap]
77ae00000-780000000 rw-p 00000000 00:00 0 
780000000-7a4380000 rw-p 00000000 00:00 0 
7b2200000-7d5500000 rw-p 00000000 00:00 0 
7d5500000-800000000 rw-p 00000000 00:00 0 
7f3f98000000-7f3f98021000 rw-p 00000000 00:00 0 
7f3f98021000-7f3f9c000000 ---p 00000000 00:00 0 
7f3fa0000000-7f3fa0021000 rw-p 00000000 00:00 0 
7f3fa0021000-7f3fa4000000 ---p 00000000 00:00 0 
7f3fa4000000-7f3fa4021000 rw-p 00000000 00:00 0 
7f3fa4021000-7f3fa8000000 ---p 00000000 00:00 0 
7f3fa8000000-7f3fa803a000 rw-p 00000000 00:00 0 
7f3fa803a000-7f3fac000000 ---p 00000000 00:00 0 
7f3fac000000-7f3fac021000 rw-p 00000000 00:00 0 
7f3fac021000-7f3fb0000000 ---p 00000000 00:00 0 
7f3fb0000000-7f3fb0021000 rw-p 00000000 00:00 0 
7f3fb0021000-7f3fb4000000 ---p 00000000 00:00 0 
7f3fb4000000-7f3fb41e4000 rw-p 00000000 00:00 0 
7f3fb41e4000-7f3fb8000000 ---p 00000000 00:00 0 
7f3fb8000000-7f3fb8021000 rw-p 00000000 00:00 0 
7f3fb8021000-7f3fbc000000 ---p 00000000 00:00 0 
7f3fbc000000-7f3fbc021000 rw-p 00000000 00:00 0 
7f3fbc021000-7f3fc0000000 ---p 00000000 00:00 0 
7f3fc0000000-7f3fc0021000 rw-p 00000000 00:00 0 
7f3fc0021000-7f3fc4000000 ---p 00000000 00:00 0 
7f3fc4000000-7f3fc510d000 rw-p 00000000 00:00 0 
7f3fc510d000-7f3fc8000000 ---p 00000000 00:00 0 
7f3fc8000000-7f3fc8021000 rw-p 00000000 00:00 0 
7f3fc8021000-7f3fcc000000 ---p 00000000 00:00 0 
7f3fcc000000-7f3fcc021000 rw-p 00000000 00:00 0 
7f3fcc021000-7f3fd0000000 ---p 00000000 00:00 0 
7f3fd0000000-7f3fd0021000 rw-p 00000000 00:00 0 
7f3fd0021000-7f3fd4000000 ---p 00000000 00:00 0 
7f3fd4000000-7f3fd4083000 rw-p 00000000 00:00 0 
7f3fd4083000-7f3fd8000000 ---p 00000000 00:00 0 
7f3fd8000000-7f3fd9bba000 rw-p 00000000 00:00 0 
7f3fd9bba000-7f3fdc000000 ---p 00000000 00:00 0 
7f3fdc000000-7f3fdc021000 rw-p 00000000 00:00 0 
7f3fdc021000-7f3fe0000000 ---p 00000000 00:00 0 
7f3fe0000000-7f3fe0021000 rw-p 00000000 00:00 0 
7f3fe0021000-7f3fe4000000 ---p 00000000 00:00 0 
7f3fe4000000-7f3fe6794000 rw-p 00000000 00:00 0 
7f3fe6794000-7f3fe8000000 ---p 00000000 00:00 0 
7f3fe8000000-7f3fe8021000 rw-p 00000000 00:00 0 
7f3fe8021000-7f3fec000000 ---p 00000000 00:00 0 
7f3fec000000-7f3fec021000 rw-p 00000000 00:00 0 
7f3fec021000-7f3ff0000000 ---p 00000000 00:00 0 
7f3ff0000000-7f3ff0251000 rw-p 00000000 00:00 0 
7f3ff0251000-7f3ff4000000 ---p 00000000 00:00 0 
7f3ff7d70000-7f3ffc000000 rw-p 00000000 00:00 0 
7f3ffc000000-7f3ffc027000 rw-p 00000000 00:00 0 
7f3ffc027000-7f4000000000 ---p 00000000 00:00 0 
7f4000000000-7f4000053000 rw-p 00000000 00:00 0 
7f4000053000-7f4004000000 ---p 00000000 00:00 0 
7f4004000000-7f4004021000 rw-p 00000000 00:00 0 
7f4004021000-7f4008000000 ---p 00000000 00:00 0 
7f40089a4000-7f40089a7000 ---p 00000000 00:00 0 
7f40089a7000-7f4008aa5000 rw-p 00000000 00:00 0 
7f4008aa5000-7f4008aa8000 ---p 00000000 00:00 0 
7f4008aa8000-7f4008ba6000 rw-p 00000000 00:00 0 
7f4008ba6000-7f4008ba9000 ---p 00000000 00:00 0 
7f4008ba9000-7f4008ca7000 rw-p 00000000 00:00 0 
7f4008ca7000-7f4008caa000 ---p 00000000 00:00 0 
7f4008caa000-7f4008da8000 rw-p 00000000 00:00 0 
7f4008da8000-7f4008dab000 ---p 00000000 00:00 0 
7f4008dab000-7f4008ea9000 rw-p 00000000 00:00 0 
7f4008ea9000-7f4008f9e000 r--s 009b1000 08:05 696661                     /home/anonymous/AndroidStudioProjects/myelaundry/app/build/intermediates/transforms/jarMerging/debug/jars/1/1f/combined.jar
7f4008f9e000-7f4008fa1000 ---p 00000000 00:00 0 
7f4008fa1000-7f400909f000 rw-p 00000000 00:00 0 
7f400909f000-7f40090a7000 r-xp 00000000 08:05 1713442                    /usr/lib/jvm/java-7-oracle/jre/lib/amd64/libmanagement.so
7f40090a7000-7f40092a6000 ---p 00008000 08:05 1713442                    /usr/lib/jvm/java-7-oracle/jre/lib/amd64/libmanagement.so
7f40092a6000-7f40092a7000 rw-p 00007000 08:05 1713442                    /usr/lib/jvm/java-7-oracle/jre/lib/amd64/libmanagement.so
7f40092a7000-7f40092a9000 r--s 00005000 08:07 12395                      /media/anonymous/data/Android/android-studio/gradle/m2repository/org/abego/treelayout/org.abego.treelayout.core/1.0.1/org.abego.treelayout.core-1.0.1.jar
7f40092a9000-7f40092b1000 r--s 000a8000 08:07 12304                      /media/anonymous/data/Android/android-studio/gradle/m2repository/com/android/tools/external/lombok/lombok-ast/0.2.3/lombok-ast-0.2.3.jar
7f40092b1000-7f40092b2000 r--s 00004000 08:07 12496                      /media/anonymous/data/Android/android-studio/gradle/m2repository/com/intellij/annotations/12.0/annotations-12.0.jar
7f40092b2000-7f40092b4000 r--s 0000d000 08:07 12538                      /media/anonymous/data/Android/android-studio/gradle/m2repository/commons-codec/commons-codec/1.4/commons-codec-1.4.jar
7f40092b4000-7f40092b6000 r--s 0000d000 08:07 12092                      /media/anonymous/data/Android/android-studio/gradle/m2repository/commons-logging/commons-logging/1.1.1/commons-logging-1.1.1.jar
7f40092b6000-7f40092bb000 r--s 00028000 08:07 12131                      /media/anonymous/data/Android/android-studio/gradle/m2repository/org/apache/httpcomponents/httpcore/4.1/httpcore-4.1.jar
7f40092bb000-7f40092bf000 r--s 00037000 08:07 12356                      /media/anonymous/data/Android/android-studio/gradle/m2repository/org/antlr/ST4/4.0.8/ST4-4.0.8.jar
7f40092bf000-7f40092c2000 r--s 00026000 08:07 12346                      /media/anonymous/data/Android/android-studio/gradle/m2repository/org/antlr/antlr-runtime/3.5.2/antlr-runtime-3.5.2.jar
7f40092c2000-7f40092c3000 r--s 00002000 08:07 12421                      /media/anonymous/data/Android/android-studio/gradle/m2repository/com/tunnelvisionlabs/antlr4-annotations/4.5/antlr4-annotations-4.5.jar
7f40092c3000-7f40092ca000 r--s 00062000 08:07 12409                      /media/anonymous/data/Android/android-studio/gradle/m2repository/com/tunnelvisionlabs/antlr4-runtime/4.5/antlr4-runtime-4.5.jar
7f40092ca000-7f40092cd000 r--s 00030000 08:07 14041                      /media/anonymous/data/Android/android-studio/gradle/m2repository/com/android/tools/lint/lint-api/25.1.2/lint-api-25.1.2.jar
7f40092cd000-7f40092ce000 r--s 00004000 08:07 12189                      /media/anonymous/data/Android/android-studio/gradle/m2repository/org/ow2/asm/asm-analysis/5.0.3/asm-analysis-5.0.3.jar
7f40092ce000-7f40092d2000 r--s 00026000 08:07 14031                      /media/anonymous/data/Android/android-studio/gradle/m2repository/com/android/tools/repository/25.1.2/repository-25.1.2.jar
7f40092d2000-7f40092d5000 r--s 00014000 08:07 14020                      /media/anonymous/data/Android/android-studio/gradle/m2repository/com/android/tools/layoutlib/layoutlib-api/25.1.2/layoutlib-api-25.1.2.jar
7f40092d5000-7f40092dc000 r--s 00053000 08:07 12148                      /media/anonymous/data/Android/android-studio/gradle/m2repository/org/apache/commons/commons-compress/1.8.1/commons-compress-1.8.1.jar
7f40092dc000-7f40092de000 r--s 00005000 08:07 12124                      /media/anonymous/data/Android/android-studio/gradle/m2repository/org/apache/httpcomponents/httpmime/4.1/httpmime-4.1.jar
7f40092de000-7f40092df000 r--s 00005000 08:07 14028                      /media/anonymous/data/Android/android-studio/gradle/m2repository/com/android/tools/dvlib/25.1.2/dvlib-25.1.2.jar
7f40092df000-7f40092e7000 r--s 0004e000 08:07 12140                      /media/anonymous/data/Android/android-studio/gradle/m2repository/org/apache/httpcomponents/httpclient/4.1.1/httpclient-4.1.1.jar
7f40092e7000-7f40092ec000 r--s 0002a000 08:07 12239                      /media/anonymous/data/Android/android-studio/gradle/m2repository/com/google/code/gson/gson/2.2.4/gson-2.2.4.jar
7f40092ec000-7f40092ed000 r--s 0000a000 08:07 12534                      /media/anonymous/data/Android/android-studio/gradle/m2repository/net/sf/kxml/kxml2/2.3.0/kxml2-2.3.0.jar
7f40092ed000-7f40092ee000 r--s 00002000 08:07 13984                      /media/anonymous/data/Android/android-studio/gradle/m2repository/com/android/databinding/baseLibrary/2.1.2/baseLibrary-2.1.2.jar
7f40092ee000-7f40092f2000 r--s 0002a000 08:07 12313                      /media/anonymous/data/Android/android-studio/gradle/m2repository/commons-io/commons-io/2.4/commons-io-2.4.jar
7f40092f2000-7f40092fc000 r--s 00099000 08:07 12413                      /media/anonymous/data/Android/android-studio/gradle/m2repository/com/tunnelvisionlabs/antlr4/4.5/antlr4-4.5.jar
7f40092fc000-7f40092ff000 r--s 00033000 08:07 12433                      /media/anonymous/data/Android/android-studio/gradle/m2repository/com/googlecode/juniversalchardet/juniversalchardet/1.0.3/juniversalchardet-1.0.3.jar
7f40092ff000-7f4009311000 r--s 00223000 08:07 12104                      /media/anonymous/data/Android/android-studio/gradle/m2repository/org/eclipse/jdt/core/compiler/ecj/4.4.2/ecj-4.4.2.jar
7f4009311000-7f4009318000 r--s 000be000 08:07 14034                      /media/anonymous/data/Android/android-studio/gradle/m2repository/com/android/tools/lint/lint-checks/25.1.2/lint-checks-25.1.2.jar
7f4009318000-7f4009328000 r--s 000d6000 08:07 12509                      /media/anonymous/data/Android/android-studio/gradle/m2repository/net/sf/proguard/proguard-base/5.2.1/proguard-base-5.2.1.jar
7f4009328000-7f4009329000 r--s 00001000 08:07 13993                      /media/anonymous/data/Android/android-studio/gradle/m2repository/com/android/tools/annotations/25.1.2/annotations-25.1.2.jar
7f4009329000-7f4009354000 r--s 001f9000 08:07 12246                      /media/anonymous/data/Android/android-studio/gradle/m2repository/com/google/guava/guava/17.0/guava-17.0.jar
7f4009354000-7f4009362000 r--s 00081000 08:07 12166                      /media/anonymous/data/Android/android-studio/gradle/m2repository/org/bouncycastle/bcpkix-jdk15on/1.48/bcpkix-jdk15on-1.48.jar
7f4009362000-7f400936a000 r--s 00078000 08:07 14043                      /media/anonymous/data/Android/android-studio/gradle/m2repository/com/android/tools/sdklib/25.1.2/sdklib-25.1.2.jar
7f400936a000-7f4009370000 r--s 0004a000 08:07 14025                      /media/anonymous/data/Android/android-studio/gradle/m2repository/com/android/tools/ddms/ddmlib/25.1.2/ddmlib-25.1.2.jar
7f4009370000-7f4009371000 r--s 00001000 08:07 20147                      /media/anonymous/data/Android/android-studio/gradle/m2repository/com/android/tools/jill/jill-api/0.10.0/jill-api-0.10.0.jar
7f4009371000-7f4009373000 r--s 00005000 08:07 14013                      /media/anonymous/data/Android/android-studio/gradle/m2repository/com/android/tools/build/builder-model/2.1.2/builder-model-2.1.2.jar
7f4009373000-7f4009374000 r--s 00002000 08:07 14001                      /media/anonymous/data/Android/android-studio/gradle/m2repository/com/android/tools/build/builder-test-api/2.1.2/builder-test-api-2.1.2.jar
7f4009374000-7f4009377000 r--s 00028000 08:07 14007                      /media/anonymous/data/Android/android-studio/gradle/m2repository/com/android/tools/build/manifest-merger/25.1.2/manifest-merger-25.1.2.jar
7f4009377000-7f4009379000 r--s 00002000 08:07 12228                      /media/anonymous/data/Android/android-studio/gradle/m2repository/com/squareup/javawriter/2.5.0/javawriter-2.5.0.jar
7f4009379000-7f400937b000 r--s 00006000 08:07 12213                      /media/anonymous/data/Android/android-studio/gradle/m2repository/org/ow2/asm/asm-tree/5.0.3/asm-tree-5.0.3.jar
7f400937b000-7f4009383000 r--s 0007c000 08:07 14022                      /media/anonymous/data/Android/android-studio/gradle/m2repository/com/android/tools/sdk-common/25.1.2/sdk-common-25.1.2.jar
7f4009383000-7f40093b6000 r--s 00203000 08:07 12172                      /media/anonymous/data/Android/android-studio/gradle/m2repository/org/bouncycastle/bcprov-jdk15on/1.48/bcprov-jdk15on-1.48.jar
7f40093b6000-7f40093b8000 r--s 00003000 08:07 20148                      /media/anonymous/data/Android/android-studio/gradle/m2repository/com/android/tools/jack/jack-api/0.10.0/jack-api-0.10.0.jar
7f40093b8000-7f40093ba000 r--s 00018000 08:07 14047                      /media/anonymous/data/Android/android-studio/gradle/m2repository/com/android/tools/common/25.1.2/common-25.1.2.jar
7f40093ba000-7f40093bf000 r--s 00058000 08:07 12328                      /media/anonymous/data/Android/android-studio/gradle/m2repository/org/ow2/asm/asm-debug-all/5.0.1/asm-debug-all-5.0.1.jar
7f40093bf000-7f40093c3000 r--s 0002b000 08:07 13990                      /media/anonymous/data/Android/android-studio/gradle/m2repository/com/android/databinding/compilerCommon/2.1.2/compilerCommon-2.1.2.jar
7f40093c3000-7f40093c5000 r--s 00023000 08:07 14038                      /media/anonymous/data/Android/android-studio/gradle/m2repository/com/android/tools/lint/lint/25.1.2/lint-25.1.2.jar
7f40093c5000-7f40093c6000 r--s 0000c000 08:07 12201                      /media/anonymous/data/Android/android-studio/gradle/m2repository/org/ow2/asm/asm/5.0.3/asm-5.0.3.jar
7f40093c6000-7f40093c7000 r--s 00002000 08:07 12520                      /media/anonymous/data/Android/android-studio/gradle/m2repository/net/sf/proguard/proguard-gradle/5.2.1/proguard-gradle-5.2.1.jar
7f40093c7000-7f40093c8000 r--s 00002000 08:07 14004                      /media/anonymous/data/Android/android-studio/gradle/m2repository/com/android/tools/build/gradle-api/2.1.2/gradle-api-2.1.2.jar
7f40093c8000-7f40093ca000 r--s 00009000 08:07 12658                      /media/anonymous/data/Android/android-studio/gradle/m2repository/org/ow2/asm/asm-commons/5.0.3/asm-commons-5.0.3.jar
7f40093ca000-7f40093cb000 r--s 00000000 08:07 20146                      /media/anonymous/data/Android/android-studio/gradle/m2repository/com/android/tools/build/transform-api/2.0.0-deprecated-use-gradle-api/transform-api-2.0.0-deprecated-use-gradle-api.jar
7f40093cb000-7f40093df000 r--s 00130000 08:07 13999                      /media/anonymous/data/Android/android-studio/gradle/m2repository/com/android/tools/build/builder/2.1.2/builder-2.1.2.jar
7f40093df000-7f40093e3000 r--s 0001e000 08:07 12368                      /media/anonymous/data/Android/android-studio/gradle/m2repository/org/jacoco/org.jacoco.core/0.7.4.201502262128/org.jacoco.core-0.7.4.201502262128.jar
7f40093e3000-7f40093ff000 r--s 0017c000 08:07 14011                      /media/anonymous/data/Android/android-studio/gradle/m2repository/com/android/tools/build/gradle-core/2.1.2/gradle-core-2.1.2.jar
7f40093ff000-7f4009401000 r--s 0000c000 08:07 14016                      /media/anonymous/data/Android/android-studio/gradle/m2repository/com/android/tools/build/gradle/2.1.2/gradle-2.1.2.jar
7f4009401000-7f400940b000 r--s 00253000 08:05 1713580                    /usr/lib/jvm/java-7-oracle/jre/lib/resources.jar
7f400940b000-7f400940e000 ---p 00000000 00:00 0 
7f400940e000-7f400950c000 rw-p 00000000 00:00 0 
7f400950c000-7f400950f000 ---p 00000000 00:00 0 
7f400950f000-7f4009545000 rw-p 00000000 00:00 0 
7f4009545000-7f4009546000 r--p 00000000 00:00 0 
7f4009546000-7f40095b1000 r--s 00e21000 08:05 1601163                    /usr/lib/jvm/java-7-oracle/lib/tools.jar
7f40095b1000-7f40095b4000 ---p 00000000 00:00 0 
7f40095b4000-7f40096b2000 rw-p 00000000 00:00 0 
7f40096b2000-7f40096b9000 r--s 00000000 08:05 1091058                    /usr/lib/x86_64-linux-gnu/gconv/gconv-modules.cache
7f40096b9000-7f40096bc000 ---p 00000000 00:00 0 
7f40096bc000-7f40097ba000 rw-p 00000000 00:00 0 
7f40097ba000-7f40097bd000 ---p 00000000 00:00 0 
7f40097bd000-7f40098bb000 rw-p 00000000 00:00 0 
7f40098bb000-7f40098be000 ---p 00000000 00:00 0 
7f40098be000-7f40099bc000 rw-p 00000000 00:00 0 
7f40099bc000-7f40099bf000 ---p 00000000 00:00 0 
7f40099bf000-7f4009abd000 rw-p 00000000 00:00 0 
7f4009abd000-7f4009ac0000 ---p 00000000 00:00 0 
7f4009ac0000-7f4009bbe000 rw-p 00000000 00:00 0 
7f4009bbe000-7f4009bc2000 r--s 0008b000 08:05 1719553                    /usr/lib/jvm/java-7-oracle/jre/lib/jsse.jar
7f4009bc2000-7f4009bc4000 r--s 00005000 08:05 746973                     /home/anonymous/.gradle/wrapper/dists/gradle-2.10-all/a4w5fzrkeut1ox71xslb49gst/gradle-2.10/lib/plugins/gradle-tooling-api-builders-2.10.jar
7f4009bc4000-7f4009bd4000 r--s 00088000 08:05 747677                     /home/anonymous/.gradle/wrapper/dists/gradle-2.10-all/a4w5fzrkeut1ox71xslb49gst/gradle-2.10/lib/plugins/joda-time-2.8.2.jar
7f4009bd4000-7f4009be5000 r--s 000cf000 08:05 747676                     /home/anonymous/.gradle/wrapper/dists/gradle-2.10-all/a4w5fzrkeut1ox71xslb49gst/gradle-2.10/lib/plugins/jackson-databind-2.3.2.jar
7f4009be5000-7f4009be7000 r--s 00007000 08:05 747675                     /home/anonymous/.gradle/wrapper/dists/gradle-2.10-all/a4w5fzrkeut1ox71xslb49gst/gradle-2.10/lib/plugins/jackson-annotations-2.3.2.jar
7f4009be7000-7f4009bea000 r--s 0002e000 08:05 747674                     /home/anonymous/.gradle/wrapper/dists/gradle-2.10-all/a4w5fzrkeut1ox71xslb49gst/gradle-2.10/lib/plugins/jackson-core-2.3.2.jar
7f4009bea000-7f4009bf5000 r--s 0006b000 08:05 747673                     /home/anonymous/.gradle/wrapper/dists/gradle-2.10-all/a4w5fzrkeut1ox71xslb49gst/gradle-2.10/lib/plugins/aws-java-sdk-core-1.9.19.jar
7f4009bf5000-7f4009bfb000 r--s 00036000 08:05 747672                     /home/anonymous/.gradle/wrapper/dists/gradle-2.10-all/a4w5fzrkeut1ox71xslb49gst/gradle-2.10/lib/plugins/aws-java-sdk-kms-1.9.19.jar
7f4009bfb000-7f4009c06000 r--s 00079000 08:05 747671                     /home/anonymous/.gradle/wrapper/dists/gradle-2.10-all/a4w5fzrkeut1ox71xslb49gst/gradle-2.10/lib/plugins/aws-java-sdk-s3-1.9.19.jar
7f4009c06000-7f4009c07000 r--s 00003000 08:05 746972                     /home/anonymous/.gradle/wrapper/dists/gradle-2.10-all/a4w5fzrkeut1ox71xslb49gst/gradle-2.10/lib/plugins/gradle-resources-s3-2.10.jar
7f4009c07000-7f4009c08000 r--s 00004000 08:05 746971                     /home/anonymous/.gradle/wrapper/dists/gradle-2.10-all/a4w5fzrkeut1ox71xslb49gst/gradle-2.10/lib/plugins/gradle-resources-sftp-2.10.jar
7f4009c08000-7f4009c09000 r--s 00001000 08:05 746968                     /home/anonymous/.gradle/wrapper/dists/gradle-2.10-all/a4w5fzrkeut1ox71xslb49gst/gradle-2.10/lib/plugins/gradle-plugin-development-2.10.jar
7f4009c09000-7f4009c0b000 r--s 00005000 08:05 746967                     /home/anonymous/.gradle/wrapper/dists/gradle-2.10-all/a4w5fzrkeut1ox71xslb49gst/gradle-2.10/lib/plugins/gradle-testing-native-2.10.jar
7f4009c0b000-7f4009c10000 r--s 0002b000 08:05 746966                     /home/anonymous/.gradle/wrapper/dists/gradle-2.10-all/a4w5fzrkeut1ox71xslb49gst/gradle-2.10/lib/plugins/gradle-ide-native-2.10.jar
7f4009c10000-7f4009c15000 r--s 0001a000 08:05 746965                     /home/anonymous/.gradle/wrapper/dists/gradle-2.10-all/a4w5fzrkeut1ox71xslb49gst/gradle-2.10/lib/plugins/gradle-language-native-2.10.jar
7f4009c15000-7f4009c1a000 r--s 00028000 08:05 746964                     /home/anonymous/.gradle/wrapper/dists/gradle-2.10-all/a4w5fzrkeut1ox71xslb49gst/gradle-2.10/lib/plugins/gradle-platform-play-2.10.jar
7f4009c1a000-7f4009c27000 r--s 0004f000 08:05 746963                     /home/anonymous/.gradle/wrapper/dists/gradle-2.10-all/a4w5fzrkeut1ox71xslb49gst/gradle-2.10/lib/plugins/gradle-platform-native-2.10.jar
7f4009c27000-7f4009c2a000 r--s 00008000 08:05 746962                     /home/anonymous/.gradle/wrapper/dists/gradle-2.10-all/a4w5fzrkeut1ox71xslb49gst/gradle-2.10/lib/plugins/gradle-language-scala-2.10.jar
7f4009c2a000-7f4009c2c000 r--s 00009000 08:05 746961                     /home/anonymous/.gradle/wrapper/dists/gradle-2.10-all/a4w5fzrkeut1ox71xslb49gst/gradle-2.10/lib/plugins/gradle-language-groovy-2.10.jar
7f4009c2c000-7f4009c32000 r--s 00023000 08:05 746960                     /home/anonymous/.gradle/wrapper/dists/gradle-2.10-all/a4w5fzrkeut1ox71xslb49gst/gradle-2.10/lib/plugins/gradle-language-java-2.10.jar
7f4009c32000-7f4009c34000 r--s 00008000 08:05 746959                     /home/anonymous/.gradle/wrapper/dists/gradle-2.10-all/a4w5fzrkeut1ox71xslb49gst/gradle-2.10/lib/plugins/gradle-language-jvm-2.10.jar
7f4009c34000-7f4009c37000 r--s 00015000 08:05 746958                     /home/anonymous/.gradle/wrapper/dists/gradle-2.10-all/a4w5fzrkeut1ox71xslb49gst/gradle-2.10/lib/plugins/gradle-platform-jvm-2.10.jar
7f4009c37000-7f4009c3f000 r--s 0002b000 08:05 746957                     /home/anonymous/.gradle/wrapper/dists/gradle-2.10-all/a4w5fzrkeut1ox71xslb49gst/gradle-2.10/lib/plugins/gradle-platform-base-2.10.jar
7f4009c3f000-7f4009c43000 r--s 00020000 08:05 746956                     /home/anonymous/.gradle/wrapper/dists/gradle-2.10-all/a4w5fzrkeut1ox71xslb49gst/gradle-2.10/lib/plugins/gradle-build-init-2.10.jar
7f4009c43000-7f4009c46000 r--s 00017000 08:05 746955                     /home/anonymous/.gradle/wrapper/dists/gradle-2.10-all/a4w5fzrkeut1ox71xslb49gst/gradle-2.10/lib/plugins/gradle-jacoco-2.10.jar
7f4009c46000-7f4009c49000 r--s 0000e000 08:05 746954                     /home/anonymous/.gradle/wrapper/dists/gradle-2.10-all/a4w5fzrkeut1ox71xslb49gst/gradle-2.10/lib/plugins/gradle-ivy-2.10.jar
7f4009c49000-7f4009c4b000 r--s 00002000 08:05 746953                     /home/anonymous/.gradle/wrapper/dists/gradle-2.10-all/a4w5fzrkeut1ox71xslb49gst/gradle-2.10/lib/plugins/gradle-publish-2.10.jar
7f4009c4b000-7f4009c4d000 r--s 00005000 08:05 747667                     /home/anonymous/.gradle/wrapper/dists/gradle-2.10-all/a4w5fzrkeut1ox71xslb49gst/gradle-2.10/lib/plugins/jatl-0.2.2.jar
7f4009c4d000-7f4009c4f000 r--s 0000f000 08:05 746952                     /home/anonymous/.gradle/wrapper/dists/gradle-2.10-all/a4w5fzrkeut1ox71xslb49gst/gradle-2.10/lib/plugins/gradle-reporting-2.10.jar
7f4009c4f000-7f4009c55000 r--s 00036000 08:05 746951                     /home/anonymous/.gradle/wrapper/dists/gradle-2.10-all/a4w5fzrkeut1ox71xslb49gst/gradle-2.10/lib/plugins/gradle-diagnostics-2.10.jar
7f4009c55000-7f4009c5c000 r--s 0008f000 08:05 746950                     /home/anonymous/.gradle/wrapper/dists/gradle-2.10-all/a4w5fzrkeut1ox71xslb49gst/gradle-2.10/lib/plugins/gradle-build-comparison-2.10.jar
7f4009c5c000-7f4009c63000 r--s 00035000 08:05 747666                     /home/anonymous/.gradle/wrapper/dists/gradle-2.10-all/a4w5fzrkeut1ox71xslb49gst/gradle-2.10/lib/plugins/simple-4.1.21.jar
7f4009c63000-7f4009c6f000 r--s 00100000 08:05 747664                     /home/anonymous/.gradle/wrapper/dists/gradle-2.10-all/a4w5fzrkeut1ox71xslb49gst/gradle-2.10/lib/plugins/rhino-1.7R3.jar
7f4009c6f000-7f4009c73000 r--s 0001c000 08:05 746949                     /home/anonymous/.gradle/wrapper/dists/gradle-2.10-all/a4w5fzrkeut1ox71xslb49gst/gradle-2.10/lib/plugins/gradle-javascript-2.10.jar
7f4009c73000-7f4009c75000 r--s 0000b000 08:05 746948                     /home/anonymous/.gradle/wrapper/dists/gradle-2.10-all/a4w5fzrkeut1ox71xslb49gst/gradle-2.10/lib/plugins/gradle-ear-2.10.jar
7f4009c75000-7f4009c7c000 r--s 00038000 08:05 747663                     /home/anonymous/.gradle/wrapper/dists/gradle-2.10-all/a4w5fzrkeut1ox71xslb49gst/gradle-2.10/lib/plugins/bcpg-jdk15on-1.51.jar
7f4009c7c000-7f4009c7e000 r--s 00017000 08:05 746947                     /home/anonymous/.gradle/wrapper/dists/gradle-2.10-all/a4w5fzrkeut1ox71xslb49gst/gradle-2.10/lib/plugins/gradle-signing-2.10.jar
7f4009c7e000-7f4009c7f000 r--s 00002000 08:05 747662                     /home/anonymous/.gradle/wrapper/dists/gradle-2.10-all/a4w5fzrkeut1ox71xslb49gst/gradle-2.10/lib/plugins/sonar-batch-bootstrapper-2.9.jar
7f4009c7f000-7f4009c82000 r--s 00015000 08:05 746946                     /home/anonymous/.gradle/wrapper/dists/gradle-2.10-all/a4w5fzrkeut1ox71xslb49gst/gradle-2.10/lib/plugins/gradle-sonar-2.10.jar
7f4009c82000-7f4009c85000 r--s 00010000 08:05 746945                     /home/anonymous/.gradle/wrapper/dists/gradle-2.10-all/a4w5fzrkeut1ox71xslb49gst/gradle-2.10/lib/plugins/gradle-scala-2.10.jar
7f4009c85000-7f4009c87000 r--s 0000a000 08:05 746944                     /home/anonymous/.gradle/wrapper/dists/gradle-2.10-all/a4w5fzrkeut1ox71xslb49gst/gradle-2.10/lib/plugins/gradle-announce-2.10.jar
7f4009c87000-7f4009c96000 r--s 0009f000 08:05 746943                     /home/anonymous/.gradle/wrapper/dists/gradle-2.10-all/a4w5fzrkeut1ox71xslb49gst/gradle-2.10/lib/plugins/gradle-ide-2.10.jar
7f4009c96000-7f4009c99000 r--s 0000c000 08:05 747661                     /home/anonymous/.gradle/wrapper/dists/gradle-2.10-all/a4w5fzrkeut1ox71xslb49gst/gradle-2.10/lib/plugins/pmaven-groovy-0.8-20100325.jar
7f4009c99000-7f4009c9a000 r--s 00004000 08:05 747660                     /home/anonymous/.gradle/wrapper/dists/gradle-2.10-all/a4w5fzrkeut1ox71xslb49gst/gradle-2.10/lib/plugins/pmaven-common-0.8-20100325.jar
7f4009c9a000-7f4009ca0000 r--s 00022000 08:05 746942                     /home/anonymous/.gradle/wrapper/dists/gradle-2.10-all/a4w5fzrkeut1ox71xslb49gst/gradle-2.10/lib/plugins/gradle-maven-2.10.jar
7f4009ca0000-7f4009cc1000 r--s 001c3000 08:05 747658                     /home/anonymous/.gradle/wrapper/dists/gradle-2.10-all/a4w5fzrkeut1ox71xslb49gst/gradle-2.10/lib/plugins/bndlib-2.4.0.jar
7f4009cc1000-7f4009cc3000 r--s 00004000 08:05 746941                     /home/anonymous/.gradle/wrapper/dists/gradle-2.10-all/a4w5fzrkeut1ox71xslb49gst/gradle-2.10/lib/plugins/gradle-osgi-2.10.jar
7f4009cc3000-7f4009cc5000 r--s 00008000 08:05 746940                     /home/anonymous/.gradle/wrapper/dists/gradle-2.10-all/a4w5fzrkeut1ox71xslb49gst/gradle-2.10/lib/plugins/gradle-antlr-2.10.jar
7f4009cc5000-7f4009cc8000 r--s 0001e000 08:05 747686                     /home/anonymous/.gradle/wrapper/dists/gradle-2.10-all/a4w5fzrkeut1ox71xslb49gst/gradle-2.10/lib/plugins/jsp-api-2.1-6.1.14.jar
7f4009cc8000-7f4009ceb000 r--s 00344000 08:05 747685                     /home/anonymous/.gradle/wrapper/dists/gradle-2.10-all/a4w5fzrkeut1ox71xslb49gst/gradle-2.10/lib/plugins/core-3.1.1.jar
7f4009ceb000-7f4009cec000 r--s 00006000 08:05 747684                     /home/anonymous/.gradle/wrapper/dists/gradle-2.10-all/a4w5fzrkeut1ox71xslb49gst/gradle-2.10/lib/plugins/jetty-naming-6.1.25.jar
7f4009cec000-7f4009ced000 r--s 00002000 08:05 747657                     /home/anonymous/.gradle/wrapper/dists/gradle-2.10-all/a4w5fzrkeut1ox71xslb49gst/gradle-2.10/lib/plugins/geronimo-annotation_1.0_spec-1.0.jar
7f4009ced000-7f4009cef000 r--s 00002000 08:05 747656                     /home/anonymous/.gradle/wrapper/dists/gradle-2.10-all/a4w5fzrkeut1ox71xslb49gst/gradle-2.10/lib/plugins/jetty-annotations-6.1.25.jar
7f4009cef000-7f4009d00000 r--s 000ea000 08:05 747653                     /home/anonymous/.gradle/wrapper/dists/gradle-2.10-all/a4w5fzrkeut1ox71xslb49gst/gradle-2.10/lib/plugins/jsp-2.1-6.1.14.jar
7f4009d00000-7f4009d02000 r--s 0000d000 08:05 747651                     /home/anonymous/.gradle/wrapper/dists/gradle-2.10-all/a4w5fzrkeut1ox71xslb49gst/gradle-2.10/lib/plugins/jetty-plus-6.1.25.jar
7f4009d02000-7f4009d04000 r--s 0001f000 08:05 746997                     /home/anonymous/.gradle/wrapper/dists/gradle-2.10-all/a4w5fzrkeut1ox71xslb49gst/gradle-2.10/lib/plugins/servlet-api-2.5-20081211.jar
7f4009d04000-7f4009d08000 r--s 00028000 08:05 746980                     /home/anonymous/.gradle/wrapper/dists/gradle-2.10-all/a4w5fzrkeut1ox71xslb49gst/gradle-2.10/lib/plugins/jetty-util-6.1.25.jar
7f4009d08000-7f4009d0f000 r--s 0007d000 08:05 746979                     /home/anonymous/.gradle/wrapper/dists/gradle-2.10-all/a4w5fzrkeut1ox71xslb49gst/gradle-2.10/lib/plugins/jetty-6.1.25.jar
7f4009d0f000-7f4009d11000 r--s 00009000 08:05 746939                     /home/anonymous/.gradle/wrapper/dists/gradle-2.10-all/a4w5fzrkeut1ox71xslb49gst/gradle-2.10/lib/plugins/gradle-jetty-2.10.jar
7f4009d11000-7f4009d17000 r--s 00037000 08:05 746938                     /home/anonymous/.gradle/wrapper/dists/gradle-2.10-all/a4w5fzrkeut1ox71xslb49gst/gradle-2.10/lib/plugins/gradle-code-quality-2.10.jar
7f4009d17000-7f4009d19000 r--s 00009000 08:05 747716                     /home/anonymous/.gradle/wrapper/dists/gradle-2.10-all/a4w5fzrkeut1ox71xslb49gst/gradle-2.10/lib/plugins/hamcrest-core-1.3.jar
7f4009d19000-7f4009d1f000 r--s 00033000 08:05 747683                     /home/anonymous/.gradle/wrapper/dists/gradle-2.10-all/a4w5fzrkeut1ox71xslb49gst/gradle-2.10/lib/plugins/snakeyaml-1.6.jar
7f4009d1f000-7f4009d21000 r--s 00006000 08:05 747682                     /home/anonymous/.gradle/wrapper/dists/gradle-2.10-all/a4w5fzrkeut1ox71xslb49gst/gradle-2.10/lib/plugins/jcommander-1.12.jar
7f4009d21000-7f4009d26000 r--s 00040000 08:05 747681                     /home/anonymous/.gradle/wrapper/dists/gradle-2.10-all/a4w5fzrkeut1ox71xslb49gst/gradle-2.10/lib/plugins/bsh-2.0b4.jar
7f4009d26000-7f4009d28000 r--s 00009000 08:05 746978                     /home/anonymous/.gradle/wrapper/dists/gradle-2.10-all/a4w5fzrkeut1ox71xslb49gst/gradle-2.10/lib/plugins/commons-cli-1.2.jar
7f4009d28000-7f4009d31000 r--s 00089000 08:05 746977                     /home/anonymous/.gradle/wrapper/dists/gradle-2.10-all/a4w5fzrkeut1ox71xslb49gst/gradle-2.10/lib/plugins/testng-6.3.1.jar
7f4009d31000-7f4009d39000 r--s 00045000 08:05 746976                     /home/anonymous/.gradle/wrapper/dists/gradle-2.10-all/a4w5fzrkeut1ox71xslb49gst/gradle-2.10/lib/plugins/junit-4.12.jar
7f4009d39000-7f4009d46000 r--s 00073000 08:05 746937                     /home/anonymous/.gradle/wrapper/dists/gradle-2.10-all/a4w5fzrkeut1ox71xslb49gst/gradle-2.10/lib/plugins/gradle-plugins-2.10.jar
7f4009d46000-7f4009d5e000 r--s 00115000 08:05 747714                     /home/anonymous/.gradle/wrapper/dists/gradle-2.10-all/a4w5fzrkeut1ox71xslb49gst/gradle-2.10/lib/plugins/xercesImpl-2.9.1.jar
7f4009d5e000-7f4009d66000 r--s 00028000 08:05 747715                     /home/anonymous/.gradle/wrapper/dists/gradle-2.10-all/a4w5fzrkeut1ox71xslb49gst/gradle-2.10/lib/plugins/xml-apis-1.3.04.jar
7f4009d66000-7f4009d6c000 r--s 0005b000 08:05 747713                     /home/anonymous/.gradle/wrapper/dists/gradle-2.10-all/a4w5fzrkeut1ox71xslb49gst/gradle-2.10/lib/plugins/jcifs-1.3.17.jar
7f4009d6c000-7f4009d72000 r--s 00031000 08:05 747712                     /home/anonymous/.gradle/wrapper/dists/gradle-2.10-all/a4w5fzrkeut1ox71xslb49gst/gradle-2.10/lib/plugins/httpcore-4.2.2.jar
7f4009d72000-7f4009d78000 r--s 00033000 08:05 747711                     /home/anonymous/.gradle/wrapper/dists/gradle-2.10-all/a4w5fzrkeut1ox71xslb49gst/gradle-2.10/lib/plugins/commons-codec-1.6.jar
7f4009d78000-7f4009d7b000 r--s 0001c000 08:05 747669                     /home/anonymous/.gradle/wrapper/dists/gradle-2.10-all/a4w5fzrkeut1ox71xslb49gst/gradle-2.10/lib/plugins/nekohtml-1.9.14.jar
7f4009d7b000-7f4009d84000 r--s 00060000 08:05 747668                     /home/anonymous/.gradle/wrapper/dists/gradle-2.10-all/a4w5fzrkeut1ox71xslb49gst/gradle-2.10/lib/plugins/httpclient-4.2.2.jar
7f4009d84000-7f4009d86000 r--s 00009000 08:05 746970                     /home/anonymous/.gradle/wrapper/dists/gradle-2.10-all/a4w5fzrkeut1ox71xslb49gst/gradle-2.10/lib/plugins/gradle-resources-http-2.10.jar
7f4009d86000-7f4009d89000 r--s 00011000 08:05 746969                     /home/anonymous/.gradle/wrapper/dists/gradle-2.10-all/a4w5fzrkeut1ox71xslb49gst/gradle-2.10/lib/plugins/gradle-plugin-use-2.10.jar
7f4009d89000-7f4009d8a000 r--s 00007000 08:05 747710                     /home/anonymous/.gradle/wrapper/dists/gradle-2.10-all/a4w5fzrkeut1ox71xslb49gst/gradle-2.10/lib/plugins/wagon-http-shared4-2.4.jar
7f4009d8a000-7f4009d8e000 r--s 00033000 08:05 747709                     /home/anonymous/.gradle/wrapper/dists/gradle-2.10-all/a4w5fzrkeut1ox71xslb49gst/gradle-2.10/lib/plugins/plexus-utils-2.0.6.jar
7f4009d8e000-7f4009d92000 r--s 00021000 08:05 747708                     /home/anonymous/.gradle/wrapper/dists/gradle-2.10-all/a4w5fzrkeut1ox71xslb49gst/gradle-2.10/lib/plugins/maven-model-builder-3.0.4.jar
7f4009d92000-7f4009d93000 r--s 00002000 08:05 747707                     /home/anonymous/.gradle/wrapper/dists/gradle-2.10-all/a4w5fzrkeut1ox71xslb49gst/gradle-2.10/lib/plugins/wagon-file-2.4.jar
7f4009d93000-7f4009d95000 r--s 00002000 08:05 747706                     /home/anonymous/.gradle/wrapper/dists/gradle-2.10-all/a4w5fzrkeut1ox71xslb49gst/gradle-2.10/lib/plugins/plexus-cipher-1.7.jar
7f4009d95000-7f4009d98000 r--s 00013000 08:05 747705                     /home/anonymous/.gradle/wrapper/dists/gradle-2.10-all/a4w5fzrkeut1ox71xslb49gst/gradle-2.10/lib/plugins/aether-api-1.13.1.jar
7f4009d98000-7f4009d9a000 r--s 0000a000 08:05 747704                     /home/anonymous/.gradle/wrapper/dists/gradle-2.10-all/a4w5fzrkeut1ox71xslb49gst/gradle-2.10/lib/plugins/maven-settings-3.0.4.jar
7f4009d9a000-7f4009d9c000 r--s 0000d000 08:05 747703                     /home/anonymous/.gradle/wrapper/dists/gradle-2.10-all/a4w5fzrkeut1ox71xslb49gst/gradle-2.10/lib/plugins/plexus-interpolation-1.14.jar
7f4009d9c000-7f4009d9e000 r--s 0000b000 08:05 747702                     /home/anonymous/.gradle/wrapper/dists/gradle-2.10-all/a4w5fzrkeut1ox71xslb49gst/gradle-2.10/lib/plugins/maven-artifact-3.0.4.jar
7f4009d9e000-7f4009da5000 r--s 0002e000 08:05 747701                     /home/anonymous/.gradle/wrapper/dists/gradle-2.10-all/a4w5fzrkeut1ox71xslb49gst/gradle-2.10/lib/plugins/plexus-container-default-1.5.5.jar
7f4009da5000-7f4009da7000 r--s 0000b000 08:05 747700                     /home/anonymous/.gradle/wrapper/dists/gradle-2.10-all/a4w5fzrkeut1ox71xslb49gst/gradle-2.10/lib/plugins/maven-plugin-api-3.0.4.jar
7f4009da7000-7f4009da9000 r--s 00000000 08:05 747717                     /home/anonymous/.gradle/wrapper/dists/gradle-2.10-all/a4w5fzrkeut1ox71xslb49gst/gradle-2.10/lib/plugins/plexus-component-annotations-1.5.5.jar
7f4009da9000-7f4009daf000 r--s 0003f000 08:05 747699                     /home/anonymous/.gradle/wrapper/dists/gradle-2.10-all/a4w5fzrkeut1ox71xslb49gst/gradle-2.10/lib/plugins/maven-compat-3.0.4.jar
7f4009daf000-7f4009db2000 r--s 00008000 08:05 747698                     /home/anonymous/.gradle/wrapper/dists/gradle-2.10-all/a4w5fzrkeut1ox71xslb49gst/gradle-2.10/lib/plugins/maven-settings-builder-3.0.4.jar
7f4009db2000-7f4009db3000 r--s 00002000 08:05 747697                     /home/anonymous/.gradle/wrapper/dists/gradle-2.10-all/a4w5fzrkeut1ox71xslb49gst/gradle-2.10/lib/plugins/wagon-http-2.4.jar
7f4009db3000-7f4009db5000 r--s 00026000 08:05 747696                     /home/anonymous/.gradle/wrapper/dists/gradle-2.10-all/a4w5fzrkeut1ox71xslb49gst/gradle-2.10/lib/plugins/maven-model-3.0.4.jar
7f4009db5000-7f4009db7000 r--s 00006000 08:05 747695                     /home/anonymous/.gradle/wrapper/dists/gradle-2.10-all/a4w5fzrkeut1ox71xslb49gst/gradle-2.10/lib/plugins/aether-connector-wagon-1.13.1.jar
7f4009db7000-7f4009db9000 r--s 0000a000 08:05 747694                     /home/anonymous/.gradle/wrapper/dists/gradle-2.10-all/a4w5fzrkeut1ox71xslb49gst/gradle-2.10/lib/plugins/plexus-classworlds-2.4.jar
7f4009db9000-7f4009dbb000 r--s 00006000 08:05 747693                     /home/anonymous/.gradle/wrapper/dists/gradle-2.10-all/a4w5fzrkeut1ox71xslb49gst/gradle-2.10/lib/plugins/maven-repository-metadata-3.0.4.jar
7f4009dbb000-7f4009dbd000 r--s 0000c000 08:05 747692                     /home/anonymous/.gradle/wrapper/dists/gradle-2.10-all/a4w5fzrkeut1ox71xslb49gst/gradle-2.10/lib/plugins/maven-aether-provider-3.0.4.jar
7f4009dbd000-7f4009dbf000 r--s 0000b000 08:05 747691                     /home/anonymous/.gradle/wrapper/dists/gradle-2.10-all/a4w5fzrkeut1ox71xslb49gst/gradle-2.10/lib/plugins/wagon-provider-api-2.4.jar
7f4009dbf000-7f4009dc0000 r--s 00003000 08:05 747690                     /home/anonymous/.gradle/wrapper/dists/gradle-2.10-all/a4w5fzrkeut1ox71xslb49gst/gradle-2.10/lib/plugins/aether-spi-1.13.1.jar
7f4009dc0000-7f4009dc4000 r--s 0001c000 08:05 747689                     /home/anonymous/.gradle/wrapper/dists/gradle-2.10-all/a4w5fzrkeut1ox71xslb49gst/gradle-2.10/lib/plugins/aether-util-1.13.1.jar
7f4009dc4000-7f4009dc7000 r--s 0001d000 08:05 747688                     /home/anonymous/.gradle/wrapper/dists/gradle-2.10-all/a4w5fzrkeut1ox71xslb49gst/gradle-2.10/lib/plugins/aether-impl-1.13.1.jar
7f4009dc7000-7f4009dc8000 r--s 00006000 08:05 747687                     /home/anonymous/.gradle/wrapper/dists/gradle-2.10-all/a4w5fzrkeut1ox71xslb49gst/gradle-2.10/lib/plugins/plexus-sec-dispatcher-1.3.jar
7f4009dc8000-7f4009e08000 r--s 00277000 08:05 747680                     /home/anonymous/.gradle/wrapper/dists/gradle-2.10-all/a4w5fzrkeut1ox71xslb49gst/gradle-2.10/lib/plugins/bcprov-jdk15on-1.51.jar
7f4009e08000-7f4009e14000 r--s 0007d000 08:05 747659                     /home/anonymous/.gradle/wrapper/dists/gradle-2.10-all/a4w5fzrkeut1ox71xslb49gst/gradle-2.10/lib/plugins/maven-core-3.0.4.jar
7f4009e14000-7f4009e23000 r--s 000d9000 08:05 747678                     /home/anonymous/.gradle/wrapper/dists/gradle-2.10-all/a4w5fzrkeut1ox71xslb49gst/gradle-2.10/lib/plugins/ivy-2.2.0.jar
7f4009e23000-7f4009e39000 r-xp 00000000 08:05 925593                     /lib/x86_64-linux-gnu/libgcc_s.so.1
7f4009e39000-7f400a038000 ---p 00016000 08:05 925593                     /lib/x86_64-linux-gnu/libgcc_s.so.1
7f400a038000-7f400a039000 rw-p 00015000 08:05 925593                     /lib/x86_64-linux-gnu/libgcc_s.so.1
7f400a039000-7f400a1ab000 r-xp 00000000 08:05 655572                     /usr/lib/x86_64-linux-gnu/libstdc++.so.6.0.21
7f400a1ab000-7f400a3ab000 ---p 00172000 08:05 655572                     /usr/lib/x86_64-linux-gnu/libstdc++.so.6.0.21
7f400a3ab000-7f400a3b5000 r--p 00172000 08:05 655572                     /usr/lib/x86_64-linux-gnu/libstdc++.so.6.0.21
7f400a3b5000-7f400a3b7000 rw-p 0017c000 08:05 655572                     /usr/lib/x86_64-linux-gnu/libstdc++.so.6.0.21
7f400a3b7000-7f400a3bb000 rw-p 00000000 00:00 0 
7f400a3bb000-7f400a3c0000 r--s 00040000 08:05 747670                     /home/anonymous/.gradle/wrapper/dists/gradle-2.10-all/a4w5fzrkeut1ox71xslb49gst/gradle-2.10/lib/plugins/jsch-0.1.53.jar
7f400a3c0000-7f400a3c4000 r--s 0001d000 08:05 747679                     /home/anonymous/.gradle/wrapper/dists/gradle-2.10-all/a4w5fzrkeut1ox71xslb49gst/gradle-2.10/lib/plugins/xbean-reflect-3.4.jar
7f400a3c4000-7f400a3c9000 r--s 0002a000 08:05 747665                     /home/anonymous/.gradle/wrapper/dists/gradle-2.10-all/a4w5fzrkeut1ox71xslb49gst/gradle-2.10/lib/plugins/gson-2.2.4.jar
7f400a3c9000-7f400a3e5000 r--s 000c9000 08:05 746974                     /home/anonymous/.gradle/wrapper/dists/gradle-2.10-all/a4w5fzrkeut1ox71xslb49gst/gradle-2.10/lib/plugins/gradle-dependency-management-2.10.jar
7f400a3e5000-7f400a3e9000 r-xp 00000000 08:05 700748                     /home/anonymous/.gradle/native/19/linux-amd64/libnative-platform.so
7f400a3e9000-7f400a5e8000 ---p 00004000 08:05 700748                     /home/anonymous/.gradle/native/19/linux-amd64/libnative-platform.so
7f400a5e8000-7f400a5e9000 rw-p 00003000 08:05 700748                     /home/anonymous/.gradle/native/19/linux-amd64/libnative-platform.so
7f400a5e9000-7f400a5f9000 r-xp 00000000 08:05 1713426                    /usr/lib/jvm/java-7-oracle/jre/lib/amd64/libnio.so
7f400a5f9000-7f400a7f9000 ---p 00010000 08:05 1713426                    /usr/lib/jvm/java-7-oracle/jre/lib/amd64/libnio.so
7f400a7f9000-7f400a7fa000 rw-p 00010000 08:05 1713426                    /usr/lib/jvm/java-7-oracle/jre/lib/amd64/libnio.so
7f400a7fa000-7f400aafb000 rw-p 00000000 00:00 0 
7f400aafb000-7f400ab12000 r-xp 00000000 08:05 1713494                    /usr/lib/jvm/java-7-oracle/jre/lib/amd64/libnet.so
7f400ab12000-7f400ad11000 ---p 00017000 08:05 1713494                    /usr/lib/jvm/java-7-oracle/jre/lib/amd64/libnet.so
7f400ad11000-7f400ad12000 rw-p 00016000 08:05 1713494                    /usr/lib/jvm/java-7-oracle/jre/lib/amd64/libnet.so
7f400ad12000-7f400ad13000 r--s 00006000 08:05 746891                     /home/anonymous/.gradle/wrapper/dists/gradle-2.10-all/a4w5fzrkeut1ox71xslb49gst/gradle-2.10/lib/gradle-wrapper-2.10.jar
7f400ad13000-7f400ad1e000 r--s 0003b000 08:05 746896                     /home/anonymous/.gradle/wrapper/dists/gradle-2.10-all/a4w5fzrkeut1ox71xslb49gst/gradle-2.10/lib/gradle-tooling-api-2.10.jar
7f400ad1e000-7f400ad20000 r--s 00002000 08:05 746918                     /home/anonymous/.gradle/wrapper/dists/gradle-2.10-all/a4w5fzrkeut1ox71xslb49gst/gradle-2.10/lib/gradle-open-api-2.10.jar
7f400ad20000-7f400ad26000 r--s 00032000 08:05 746920                     /home/anonymous/.gradle/wrapper/dists/gradle-2.10-all/a4w5fzrkeut1ox71xslb49gst/gradle-2.10/lib/jaxen-1.1.jar
7f400ad26000-7f400ad2b000 r--s 00048000 08:05 746919                     /home/anonymous/.gradle/wrapper/dists/gradle-2.10-all/a4w5fzrkeut1ox71xslb49gst/gradle-2.10/lib/dom4j-1.6.1.jar
7f400ad2b000-7f400ad36000 r--s 00059000 08:05 746895                     /home/anonymous/.gradle/wrapper/dists/gradle-2.10-all/a4w5fzrkeut1ox71xslb49gst/gradle-2.10/lib/gradle-ui-2.10.jar
7f400ad36000-7f400ad39000 r--s 00008000 08:05 746914                     /home/anonymous/.gradle/wrapper/dists/gradle-2.10-all/a4w5fzrkeut1ox71xslb49gst/gradle-2.10/lib/gradle-resources-2.10.jar
7f400ad39000-7f400ad3b000 r--s 00007000 08:05 746936                     /home/anonymous/.gradle/wrapper/dists/gradle-2.10-all/a4w5fzrkeut1ox71xslb49gst/gradle-2.10/lib/objenesis-1.2.jar
7f400ad3b000-7f400ad3d000 r--s 00000000 08:05 746935                     /home/anonymous/.gradle/wrapper/dists/gradle-2.10-all/a4w5fzrkeut1ox71xslb49gst/gradle-2.10/lib/minlog-1.2.jar
7f400ad3d000-7f400ad3f000 r--s 0000f000 08:05 746934                     /home/anonymous/.gradle/wrapper/dists/gradle-2.10-all/a4w5fzrkeut1ox71xslb49gst/gradle-2.10/lib/reflectasm-1.07-shaded.jar
7f400ad3f000-7f400ad43000 r--s 00026000 08:05 746925                     /home/anonymous/.gradle/wrapper/dists/gradle-2.10-all/a4w5fzrkeut1ox71xslb49gst/gradle-2.10/lib/kryo-2.20.jar
7f400ad43000-7f400ad4c000 r--s 0003f000 08:05 746913                     /home/anonymous/.gradle/wrapper/dists/gradle-2.10-all/a4w5fzrkeut1ox71xslb49gst/gradle-2.10/lib/gradle-messaging-2.10.jar
7f400ad4c000-7f400ad4d000 r--s 00003000 08:05 746933                     /home/anonymous/.gradle/wrapper/dists/gradle-2.10-all/a4w5fzrkeut1ox71xslb49gst/gradle-2.10/lib/native-platform-freebsd-amd64-0.10.jar
7f400ad4d000-7f400ad4e000 r--s 00003000 08:05 746932                     /home/anonymous/.gradle/wrapper/dists/gradle-2.10-all/a4w5fzrkeut1ox71xslb49gst/gradle-2.10/lib/native-platform-freebsd-i386-0.10.jar
7f400ad4e000-7f400ad4f000 r--s 00005000 08:05 746931                     /home/anonymous/.gradle/wrapper/dists/gradle-2.10-all/a4w5fzrkeut1ox71xslb49gst/gradle-2.10/lib/native-platform-windows-i386-0.10.jar
7f400ad4f000-7f400ad50000 r--s 00005000 08:05 746930                     /home/anonymous/.gradle/wrapper/dists/gradle-2.10-all/a4w5fzrkeut1ox71xslb49gst/gradle-2.10/lib/native-platform-windows-amd64-0.10.jar
7f400ad50000-7f400ad51000 r--s 00003000 08:05 746929                     /home/anonymous/.gradle/wrapper/dists/gradle-2.10-all/a4w5fzrkeut1ox71xslb49gst/gradle-2.10/lib/native-platform-linux-i386-0.10.jar
7f400ad51000-7f400ad52000 r--s 00003000 08:05 746928                     /home/anonymous/.gradle/wrapper/dists/gradle-2.10-all/a4w5fzrkeut1ox71xslb49gst/gradle-2.10/lib/native-platform-linux-amd64-0.10.jar
7f400ad52000-7f400ad53000 r--s 00002000 08:05 746927                     /home/anonymous/.gradle/wrapper/dists/gradle-2.10-all/a4w5fzrkeut1ox71xslb49gst/gradle-2.10/lib/native-platform-osx-amd64-0.10.jar
7f400ad53000-7f400ad54000 r--s 00002000 08:05 746926                     /home/anonymous/.gradle/wrapper/dists/gradle-2.10-all/a4w5fzrkeut1ox71xslb49gst/gradle-2.10/lib/native-platform-osx-i386-0.10.jar
7f400ad54000-7f400ad56000 r--s 00008000 08:05 746923                     /home/anonymous/.gradle/wrapper/dists/gradle-2.10-all/a4w5fzrkeut1ox71xslb49gst/gradle-2.10/lib/jansi-1.2.1.jar
7f400ad56000-7f400ad59000 r--s 0000d000 08:05 746922                     /home/anonymous/.gradle/wrapper/dists/gradle-2.10-all/a4w5fzrkeut1ox71xslb49gst/gradle-2.10/lib/native-platform-0.10.jar
7f400ad59000-7f400ad5d000 r--s 000e4000 08:05 746921                     /home/anonymous/.gradle/wrapper/dists/gradle-2.10-all/a4w5fzrkeut1ox71xslb49gst/gradle-2.10/lib/jna-3.2.7.jar
7f400ad5d000-7f400ad5f000 r--s 00008000 08:05 746897                     /home/anonymous/.gradle/wrapper/dists/gradle-2.10-all/a4w5fzrkeut1ox71xslb49gst/gradle-2.10/lib/gradle-native-2.10.jar
7f400ad5f000-7f400ad61000 r--s 00005000 08:05 746894                     /home/anonymous/.gradle/wrapper/dists/gradle-2.10-all/a4w5fzrkeut1ox71xslb49gst/gradle-2.10/lib/gradle-cli-2.10.jar
7f400ad61000-7f400ad62000 r--s 00007000 08:05 746903                     /home/anonymous/.gradle/wrapper/dists/gradle-2.10-all/a4w5fzrkeut1ox71xslb49gst/gradle-2.10/lib/gradle-model-groovy-2.10.jar
7f400ad62000-7f400add1000 r--s 0063e000 08:05 746901                     /home/anonymous/.gradle/wrapper/dists/gradle-2.10-all/a4w5fzrkeut1ox71xslb49gst/gradle-2.10/lib/groovy-all-2.4.4.jar
7f400add1000-7f400adf9000 r--s 001cf000 08:05 746899                     /home/anonymous/.gradle/wrapper/dists/gradle-2.10-all/a4w5fzrkeut1ox71xslb49gst/gradle-2.10/lib/guava-jdk5-17.0.jar
7f400adf9000-7f400ae18000 r--s 001cc000 08:05 746905                     /home/anonymous/.gradle/wrapper/dists/gradle-2.10-all/a4w5fzrkeut1ox71xslb49gst/gradle-2.10/lib/ant-1.9.3.jar
7f400ae18000-7f400ae19000 ---p 00000000 00:00 0 
7f400ae19000-7f400af19000 rw-p 00000000 00:00 0 
7f400af19000-7f400af1c000 ---p 00000000 00:00 0 
7f400af1c000-7f400b01a000 rw-p 00000000 00:00 0 
7f400b01a000-7f400b01d000 ---p 00000000 00:00 0 
7f400b01d000-7f400b11b000 rw-p 00000000 00:00 0 
7f400b11b000-7f400b11e000 ---p 00000000 00:00 0 
7f400b11e000-7f400b21c000 rw-p 00000000 00:00 0 
7f400b21c000-7f400b21f000 ---p 00000000 00:00 0 
7f400b21f000-7f400b31d000 rw-p 00000000 00:00 0 
7f400b31d000-7f400b5f6000 r--p 00000000 08:05 659510                     /usr/lib/locale/locale-archive
7f400b5f6000-7f400b5f9000 ---p 00000000 00:00 0 
7f400b5f9000-7f400b6f7000 rw-p 00000000 00:00 0 
7f400b6f7000-7f400b6fa000 ---p 00000000 00:00 0 
7f400b6fa000-7f400b7f8000 rw-p 00000000 00:00 0 
7f400b7f8000-7f400b7f9000 ---p 00000000 00:00 0 
7f400b7f9000-7f400c000000 rw-p 00000000 00:00 0 
7f400c000000-7f400c03d000 rw-p 00000000 00:00 0 
7f400c03d000-7f4010000000 ---p 00000000 00:00 0 
7f4010000000-7f4010002000 r--s 00005000 08:05 746912                     /home/anonymous/.gradle/wrapper/dists/gradle-2.10-all/a4w5fzrkeut1ox71xslb49gst/gradle-2.10/lib/gradle-base-services-groovy-2.10.jar
7f4010002000-7f401000f000 r--s 00073000 08:05 746902                     /home/anonymous/.gradle/wrapper/dists/gradle-2.10-all/a4w5fzrkeut1ox71xslb49gst/gradle-2.10/lib/gradle-model-core-2.10.jar
7f401000f000-7f4010010000 r--s 00000000 08:05 746915                     /home/anonymous/.gradle/wrapper/dists/gradle-2.10-all/a4w5fzrkeut1ox71xslb49gst/gradle-2.10/lib/gradle-docs-2.10.jar
7f4010010000-7f4010012000 r--s 00003000 08:05 746917                     /home/anonymous/.gradle/wrapper/dists/gradle-2.10-all/a4w5fzrkeut1ox71xslb49gst/gradle-2.10/lib/jcl-over-slf4j-1.7.10.jar
7f4010012000-7f4010013000 r--s 00005000 08:05 746916                     /home/anonymous/.gradle/wrapper/dists/gradle-2.10-all/a4w5fzrkeut1ox71xslb49gst/gradle-2.10/lib/log4j-over-slf4j-1.7.10.jar
7f4010013000-7f4010014000 r--s 00000000 08:05 746911                     /home/anonymous/.gradle/wrapper/dists/gradle-2.10-all/a4w5fzrkeut1ox71xslb49gst/gradle-2.10/lib/javax.inject-1.jar
7f4010014000-7f4010017000 r--s 0001b000 08:05 746910                     /home/anonymous/.gradle/wrapper/dists/gradle-2.10-all/a4w5fzrkeut1ox71xslb49gst/gradle-2.10/lib/jarjar-1.3.jar
7f4010017000-7f401004e000 r--s 001bc000 08:05 746893                     /home/anonymous/.gradle/wrapper/dists/gradle-2.10-all/a4w5fzrkeut1ox71xslb49gst/gradle-2.10/lib/gradle-core-2.10.jar
7f401004e000-7f4010946000 rw-p 00000000 00:00 0 
7f4010946000-7f4010b06000 r--s 039fb000 08:05 1719593                    /usr/lib/jvm/java-7-oracle/jre/lib/rt.jar
7f4010b06000-7f4011000000 rw-p 00000000 00:00 0 
7f4011000000-7f4011820000 rwxp 00000000 00:00 0 
7f4011820000-7f4014b12000 rw-p 00000000 00:00 0 
7f4014b12000-7f4018000000 ---p 00000000 00:00 0 
7f4018000000-7f4018004000 r--s 00027000 08:05 746907                     /home/anonymous/.gradle/wrapper/dists/gradle-2.10-all/a4w5fzrkeut1ox71xslb49gst/gradle-2.10/lib/commons-io-2.2.jar
7f4018004000-7f4018056000 rw-p 00000000 00:00 0 
7f4018056000-7f4018057000 ---p 00000000 00:00 0 
7f4018057000-7f4018157000 rw-p 00000000 00:00 0 
7f4018157000-7f4018158000 ---p 00000000 00:00 0 
7f4018158000-7f4018258000 rw-p 00000000 00:00 0 
7f4018258000-7f4018259000 ---p 00000000 00:00 0 
7f4018259000-7f4018359000 rw-p 00000000 00:00 0 
7f4018359000-7f401835a000 ---p 00000000 00:00 0 
7f401835a000-7f4018483000 rw-p 00000000 00:00 0 
7f4018483000-7f40185a5000 rw-p 00000000 00:00 0 
7f40185a5000-7f401872e000 rw-p 00000000 00:00 0 
7f401872e000-7f4018757000 rw-p 00000000 00:00 0 
7f4018757000-7f4018879000 rw-p 00000000 00:00 0 
7f4018879000-7f4018a01000 rw-p 00000000 00:00 0 
7f4018a01000-7f4018b57000 rw-p 00000000 00:00 0 
7f4018b57000-7f4018b58000 rw-p 00000000 00:00 0 
7f4018b58000-7f4018b6f000 r-xp 00000000 08:05 1713484                    /usr/lib/jvm/java-7-oracle/jre/lib/amd64/libzip.so
7f4018b6f000-7f4018d6f000 ---p 00017000 08:05 1713484                    /usr/lib/jvm/java-7-oracle/jre/lib/amd64/libzip.so
7f4018d6f000-7f4018d70000 rw-p 00017000 08:05 1713484                    /usr/lib/jvm/java-7-oracle/jre/lib/amd64/libzip.so
7f4018d70000-7f4018d7b000 r-xp 00000000 08:05 956258                     /lib/x86_64-linux-gnu/libnss_files-2.23.so
7f4018d7b000-7f4018f7a000 ---p 0000b000 08:05 956258                     /lib/x86_64-linux-gnu/libnss_files-2.23.so
7f4018f7a000-7f4018f7b000 r--p 0000a000 08:05 956258                     /lib/x86_64-linux-gnu/libnss_files-2.23.so
7f4018f7b000-7f4018f7c000 rw-p 0000b000 08:05 956258                     /lib/x86_64-linux-gnu/libnss_files-2.23.so
7f4018f7c000-7f4018f82000 rw-p 00000000 00:00 0 
7f4018f82000-7f4018f8d000 r-xp 00000000 08:05 937262                     /lib/x86_64-linux-gnu/libnss_nis-2.23.so
7f4018f8d000-7f401918c000 ---p 0000b000 08:05 937262                     /lib/x86_64-linux-gnu/libnss_nis-2.23.so
7f401918c000-7f401918d000 r--p 0000a000 08:05 937262                     /lib/x86_64-linux-gnu/libnss_nis-2.23.so
7f401918d000-7f401918e000 rw-p 0000b000 08:05 937262                     /lib/x86_64-linux-gnu/libnss_nis-2.23.so
7f401918e000-7f40191a4000 r-xp 00000000 08:05 937260                     /lib/x86_64-linux-gnu/libnsl-2.23.so
7f40191a4000-7f40193a3000 ---p 00016000 08:05 937260                     /lib/x86_64-linux-gnu/libnsl-2.23.so
7f40193a3000-7f40193a4000 r--p 00015000 08:05 937260                     /lib/x86_64-linux-gnu/libnsl-2.23.so
7f40193a4000-7f40193a5000 rw-p 00016000 08:05 937260                     /lib/x86_64-linux-gnu/libnsl-2.23.so
7f40193a5000-7f40193a7000 rw-p 00000000 00:00 0 
7f40193a7000-7f40193af000 r-xp 00000000 08:05 922568                     /lib/x86_64-linux-gnu/libnss_compat-2.23.so
7f40193af000-7f40195ae000 ---p 00008000 08:05 922568                     /lib/x86_64-linux-gnu/libnss_compat-2.23.so
7f40195ae000-7f40195af000 r--p 00007000 08:05 922568                     /lib/x86_64-linux-gnu/libnss_compat-2.23.so
7f40195af000-7f40195b0000 rw-p 00008000 08:05 922568                     /lib/x86_64-linux-gnu/libnss_compat-2.23.so
7f40195b0000-7f40195d9000 r-xp 00000000 08:05 1713416                    /usr/lib/jvm/java-7-oracle/jre/lib/amd64/libjava.so
7f40195d9000-7f40197d9000 ---p 00029000 08:05 1713416                    /usr/lib/jvm/java-7-oracle/jre/lib/amd64/libjava.so
7f40197d9000-7f40197db000 rw-p 00029000 08:05 1713416                    /usr/lib/jvm/java-7-oracle/jre/lib/amd64/libjava.so
7f40197db000-7f40197e8000 r-xp 00000000 08:05 1713470                    /usr/lib/jvm/java-7-oracle/jre/lib/amd64/libverify.so
7f40197e8000-7f40199e7000 ---p 0000d000 08:05 1713470                    /usr/lib/jvm/java-7-oracle/jre/lib/amd64/libverify.so
7f40199e7000-7f40199e9000 rw-p 0000c000 08:05 1713470                    /usr/lib/jvm/java-7-oracle/jre/lib/amd64/libverify.so
7f40199e9000-7f40199f0000 r-xp 00000000 08:05 956267                     /lib/x86_64-linux-gnu/librt-2.23.so
7f40199f0000-7f4019bef000 ---p 00007000 08:05 956267                     /lib/x86_64-linux-gnu/librt-2.23.so
7f4019bef000-7f4019bf0000 r--p 00006000 08:05 956267                     /lib/x86_64-linux-gnu/librt-2.23.so
7f4019bf0000-7f4019bf1000 rw-p 00007000 08:05 956267                     /lib/x86_64-linux-gnu/librt-2.23.so
7f4019bf1000-7f4019cf9000 r-xp 00000000 08:05 956264                     /lib/x86_64-linux-gnu/libm-2.23.so
7f4019cf9000-7f4019ef8000 ---p 00108000 08:05 956264                     /lib/x86_64-linux-gnu/libm-2.23.so
7f4019ef8000-7f4019ef9000 r--p 00107000 08:05 956264                     /lib/x86_64-linux-gnu/libm-2.23.so
7f4019ef9000-7f4019efa000 rw-p 00108000 08:05 956264                     /lib/x86_64-linux-gnu/libm-2.23.so
7f4019efa000-7f401aa70000 r-xp 00000000 08:05 1713524                    /usr/lib/jvm/java-7-oracle/jre/lib/amd64/server/libjvm.so
7f401aa70000-7f401ac6f000 ---p 00b76000 08:05 1713524                    /usr/lib/jvm/java-7-oracle/jre/lib/amd64/server/libjvm.so
7f401ac6f000-7f401ad33000 rw-p 00b75000 08:05 1713524                    /usr/lib/jvm/java-7-oracle/jre/lib/amd64/server/libjvm.so
7f401ad33000-7f401ad74000 rw-p 00000000 00:00 0 
7f401ad74000-7f401af34000 r-xp 00000000 08:05 956272                     /lib/x86_64-linux-gnu/libc-2.23.so
7f401af34000-7f401b133000 ---p 001c0000 08:05 956272                     /lib/x86_64-linux-gnu/libc-2.23.so
7f401b133000-7f401b137000 r--p 001bf000 08:05 956272                     /lib/x86_64-linux-gnu/libc-2.23.so
7f401b137000-7f401b139000 rw-p 001c3000 08:05 956272                     /lib/x86_64-linux-gnu/libc-2.23.so
7f401b139000-7f401b13d000 rw-p 00000000 00:00 0 
7f401b13d000-7f401b140000 r-xp 00000000 08:05 956273                     /lib/x86_64-linux-gnu/libdl-2.23.so
7f401b140000-7f401b33f000 ---p 00003000 08:05 956273                     /lib/x86_64-linux-gnu/libdl-2.23.so
7f401b33f000-7f401b340000 r--p 00002000 08:05 956273                     /lib/x86_64-linux-gnu/libdl-2.23.so
7f401b340000-7f401b341000 rw-p 00003000 08:05 956273                     /lib/x86_64-linux-gnu/libdl-2.23.so
7f401b341000-7f401b356000 r-xp 00000000 08:05 1601155                    /usr/lib/jvm/java-7-oracle/lib/amd64/jli/libjli.so
7f401b356000-7f401b555000 ---p 00015000 08:05 1601155                    /usr/lib/jvm/java-7-oracle/lib/amd64/jli/libjli.so
7f401b555000-7f401b556000 rw-p 00014000 08:05 1601155                    /usr/lib/jvm/java-7-oracle/lib/amd64/jli/libjli.so
7f401b556000-7f401b56e000 r-xp 00000000 08:05 956271                     /lib/x86_64-linux-gnu/libpthread-2.23.so
7f401b56e000-7f401b76d000 ---p 00018000 08:05 956271                     /lib/x86_64-linux-gnu/libpthread-2.23.so
7f401b76d000-7f401b76e000 r--p 00017000 08:05 956271                     /lib/x86_64-linux-gnu/libpthread-2.23.so
7f401b76e000-7f401b76f000 rw-p 00018000 08:05 956271                     /lib/x86_64-linux-gnu/libpthread-2.23.so
7f401b76f000-7f401b773000 rw-p 00000000 00:00 0 
7f401b773000-7f401b799000 r-xp 00000000 08:05 956268                     /lib/x86_64-linux-gnu/ld-2.23.so
7f401b799000-7f401b7a7000 r--s 0007f000 08:05 746906                     /home/anonymous/.gradle/wrapper/dists/gradle-2.10-all/a4w5fzrkeut1ox71xslb49gst/gradle-2.10/lib/commons-collections-3.2.1.jar
7f401b7a7000-7f401b7c8000 rw-p 00000000 00:00 0 
7f401b7c8000-7f401b867000 rw-p 00000000 00:00 0 
7f401b867000-7f401b86a000 ---p 00000000 00:00 0 
7f401b86a000-7f401b96c000 rw-p 00000000 00:00 0 
7f401b96c000-7f401b96e000 r--s 00000000 08:05 746909                     /home/anonymous/.gradle/wrapper/dists/gradle-2.10-all/a4w5fzrkeut1ox71xslb49gst/gradle-2.10/lib/jul-to-slf4j-1.7.10.jar
7f401b96e000-7f401b96f000 r--s 00000000 08:05 746908                     /home/anonymous/.gradle/wrapper/dists/gradle-2.10-all/a4w5fzrkeut1ox71xslb49gst/gradle-2.10/lib/jcip-annotations-1.0.jar
7f401b96f000-7f401b974000 r--s 00036000 08:05 746904                     /home/anonymous/.gradle/wrapper/dists/gradle-2.10-all/a4w5fzrkeut1ox71xslb49gst/gradle-2.10/lib/asm-all-5.0.3.jar
7f401b974000-7f401b979000 r--s 00041000 08:05 746900                     /home/anonymous/.gradle/wrapper/dists/gradle-2.10-all/a4w5fzrkeut1ox71xslb49gst/gradle-2.10/lib/commons-lang-2.6.jar
7f401b979000-7f401b97a000 r--s 00007000 08:05 746898                     /home/anonymous/.gradle/wrapper/dists/gradle-2.10-all/a4w5fzrkeut1ox71xslb49gst/gradle-2.10/lib/slf4j-api-1.7.10.jar
7f401b97a000-7f401b97b000 r--s 00004000 08:05 746924                     /home/anonymous/.gradle/wrapper/dists/gradle-2.10-all/a4w5fzrkeut1ox71xslb49gst/gradle-2.10/lib/ant-launcher-1.9.3.jar
7f401b97b000-7f401b982000 r--s 00034000 08:05 746892                     /home/anonymous/.gradle/wrapper/dists/gradle-2.10-all/a4w5fzrkeut1ox71xslb49gst/gradle-2.10/lib/gradle-base-services-2.10.jar
7f401b982000-7f401b98c000 r--s 0004a000 08:05 746890                     /home/anonymous/.gradle/wrapper/dists/gradle-2.10-all/a4w5fzrkeut1ox71xslb49gst/gradle-2.10/lib/gradle-launcher-2.10.jar
7f401b98c000-7f401b994000 rw-s 00000000 08:05 1354756                    /tmp/hsperfdata_anonymous/17913
7f401b994000-7f401b995000 rw-p 00000000 00:00 0 
7f401b995000-7f401b996000 ---p 00000000 00:00 0 
7f401b996000-7f401b998000 rw-p 00000000 00:00 0 
7f401b998000-7f401b999000 r--p 00025000 08:05 956268                     /lib/x86_64-linux-gnu/ld-2.23.so
7f401b999000-7f401b99a000 rw-p 00026000 08:05 956268                     /lib/x86_64-linux-gnu/ld-2.23.so
7f401b99a000-7f401b99b000 rw-p 00000000 00:00 0 
7ffcf8c04000-7ffcf8c26000 rw-p 00000000 00:00 0                          [stack]
7ffcf8d9b000-7ffcf8d9d000 r--p 00000000 00:00 0                          [vvar]
7ffcf8d9d000-7ffcf8d9f000 r-xp 00000000 00:00 0                          [vdso]
ffffffffff600000-ffffffffff601000 r-xp 00000000 00:00 0                  [vsyscall]

VM Arguments:
jvm_args: -Xmx2048m -Dfile.encoding=UTF-8 -Duser.country=US -Duser.language=en -Duser.variant 
java_command: org.gradle.launcher.daemon.bootstrap.GradleDaemon 2.10
Launcher Type: SUN_STANDARD

Environment Variables:
JAVA_HOME=/usr/local/java/jdk1.8.0_91
JRE_HOME=/usr/local/java/jdk1.8.0_91/jre
PATH=/usr/local/sbin:/usr/local/bin:/usr/sbin:/usr/bin:/sbin:/bin:/usr/games:/usr/local/games:/snap/bin:/usr/lib/jvm/java-8-oracle/bin:/usr/lib/jvm/java-8-oracle/db/bin:/usr/lib/jvm/java-8-oracle/jre/bin:/usr/local/java/jdk1.8.0_91/bin:/usr/local/java/jdk1.8.0_91/jre/bin
LD_LIBRARY_PATH=.:
SHELL=/bin/bash
DISPLAY=:0

Signal Handlers:
SIGSEGV: [libjvm.so+0x9a3b20], sa_mask[0]=0x7ffbfeff, sa_flags=0x10000004
SIGBUS: [libjvm.so+0x9a3b20], sa_mask[0]=0x7ffbfeff, sa_flags=0x10000004
SIGFPE: [libjvm.so+0x81e740], sa_mask[0]=0x7ffbfeff, sa_flags=0x10000004
SIGPIPE: [libjvm.so+0x81e740], sa_mask[0]=0x7ffbfeff, sa_flags=0x10000004
SIGXFSZ: [libjvm.so+0x81e740], sa_mask[0]=0x7ffbfeff, sa_flags=0x10000004
SIGILL: [libjvm.so+0x81e740], sa_mask[0]=0x7ffbfeff, sa_flags=0x10000004
SIGUSR1: SIG_DFL, sa_mask[0]=0x00000000, sa_flags=0x00000000
SIGUSR2: [libjvm.so+0x81ffb0], sa_mask[0]=0x00000004, sa_flags=0x10000004
SIGHUP: [libjvm.so+0x8210d0], sa_mask[0]=0x7ffbfeff, sa_flags=0x10000004
SIGINT: [libjvm.so+0x8210d0], sa_mask[0]=0x7ffbfeff, sa_flags=0x10000004
SIGTERM: [libjvm.so+0x8210d0], sa_mask[0]=0x7ffbfeff, sa_flags=0x10000004
SIGQUIT: [libjvm.so+0x8210d0], sa_mask[0]=0x7ffbfeff, sa_flags=0x10000004


---------------  S Y S T E M  ---------------

OS:stretch/sid

uname:Linux 4.4.0-31-generic #50-Ubuntu SMP Wed Jul 13 00:07:12 UTC 2016 x86_64
libc:glibc 2.23 NPTL 2.23 
rlimit: STACK 8192k, CORE 0k, NPROC 14518, NOFILE 65536, AS infinity
load average:3,80 3,03 2,51

/proc/meminfo:
MemTotal:        3949160 kB
MemFree:          116608 kB
MemAvailable:      42736 kB
Buffers:            1524 kB
Cached:            44080 kB
SwapCached:        16608 kB
Active:          2607556 kB
Inactive:         900152 kB
Active(anon):    2589860 kB
Inactive(anon):   879376 kB
Active(file):      17696 kB
Inactive(file):    20776 kB
Unevictable:          68 kB
Mlocked:              68 kB
SwapTotal:       3126268 kB
SwapFree:          26092 kB
Dirty:               424 kB
Writeback:             0 kB
AnonPages:       3449064 kB
Mapped:            82112 kB
Shmem:              6836 kB
Slab:             109316 kB
SReclaimable:      52540 kB
SUnreclaim:        56776 kB
KernelStack:       14256 kB
PageTables:        87128 kB
NFS_Unstable:          0 kB
Bounce:                0 kB
WritebackTmp:          0 kB
CommitLimit:     5100848 kB
Committed_AS:   14974880 kB
VmallocTotal:   34359738367 kB
VmallocUsed:           0 kB
VmallocChunk:          0 kB
HardwareCorrupted:     0 kB
AnonHugePages:    837632 kB
CmaTotal:              0 kB
CmaFree:               0 kB
HugePages_Total:       0
HugePages_Free:        0
HugePages_Rsvd:        0
HugePages_Surp:        0
Hugepagesize:       2048 kB
DirectMap4k:     1258488 kB
DirectMap2M:     2838528 kB
DirectMap1G:           0 kB


CPU:total 4 (2 cores per cpu, 2 threads per core) family 6 model 69 stepping 1, cmov, cx8, fxsr, mmx, sse, sse2, sse3, ssse3, sse4.1, sse4.2, popcnt, avx, avx2, aes, erms, ht, tsc, tscinvbit

/proc/cpuinfo:
processor	: 0
vendor_id	: GenuineIntel
cpu family	: 6
model		: 69
model name	: Intel(R) Core(TM) i5-4200U CPU @ 1.60GHz
stepping	: 1
microcode	: 0x1d
cpu MHz		: 1654.062
cache size	: 3072 KB
physical id	: 0
siblings	: 4
core id		: 0
cpu cores	: 2
apicid		: 0
initial apicid	: 0
fpu		: yes
fpu_exception	: yes
cpuid level	: 13
wp		: yes
flags		: fpu vme de pse tsc msr pae mce cx8 apic sep mtrr pge mca cmov pat pse36 clflush dts acpi mmx fxsr sse sse2 ss ht tm pbe syscall nx pdpe1gb rdtscp lm constant_tsc arch_perfmon pebs bts rep_good nopl xtopology nonstop_tsc aperfmperf eagerfpu pni pclmulqdq dtes64 monitor ds_cpl vmx est tm2 ssse3 sdbg fma cx16 xtpr pdcm pcid sse4_1 sse4_2 movbe popcnt tsc_deadline_timer aes xsave avx f16c rdrand lahf_lm abm epb tpr_shadow vnmi flexpriority ept vpid fsgsbase tsc_adjust bmi1 avx2 smep bmi2 erms invpcid xsaveopt dtherm ida arat pln pts
bugs		:
bogomips	: 3192.63
clflush size	: 64
cache_alignment	: 64
address sizes	: 39 bits physical, 48 bits virtual
power management:

processor	: 1
vendor_id	: GenuineIntel
cpu family	: 6
model		: 69
model name	: Intel(R) Core(TM) i5-4200U CPU @ 1.60GHz
stepping	: 1
microcode	: 0x1d
cpu MHz		: 1666.875
cache size	: 3072 KB
physical id	: 0
siblings	: 4
core id		: 1
cpu cores	: 2
apicid		: 2
initial apicid	: 2
fpu		: yes
fpu_exception	: yes
cpuid level	: 13
wp		: yes
flags		: fpu vme de pse tsc msr pae mce cx8 apic sep mtrr pge mca cmov pat pse36 clflush dts acpi mmx fxsr sse sse2 ss ht tm pbe syscall nx pdpe1gb rdtscp lm constant_tsc arch_perfmon pebs bts rep_good nopl xtopology nonstop_tsc aperfmperf eagerfpu pni pclmulqdq dtes64 monitor ds_cpl vmx est tm2 ssse3 sdbg fma cx16 xtpr pdcm pcid sse4_1 sse4_2 movbe popcnt tsc_deadline_timer aes xsave avx f16c rdrand lahf_lm abm epb tpr_shadow vnmi flexpriority ept vpid fsgsbase tsc_adjust bmi1 avx2 smep bmi2 erms invpcid xsaveopt dtherm ida arat pln pts
bugs		:
bogomips	: 3192.63
clflush size	: 64
cache_alignment	: 64
address sizes	: 39 bits physical, 48 bits virtual
power management:

processor	: 2
vendor_id	: GenuineIntel
cpu family	: 6
model		: 69
model name	: Intel(R) Core(TM) i5-4200U CPU @ 1.60GHz
stepping	: 1
microcode	: 0x1d
cpu MHz		: 2055.437
cache size	: 3072 KB
physical id	: 0
siblings	: 4
core id		: 0
cpu cores	: 2
apicid		: 1
initial apicid	: 1
fpu		: yes
fpu_exception	: yes
cpuid level	: 13
wp		: yes
flags		: fpu vme de pse tsc msr pae mce cx8 apic sep mtrr pge mca cmov pat pse36 clflush dts acpi mmx fxsr sse sse2 ss ht tm pbe syscall nx pdpe1gb rdtscp lm constant_tsc arch_perfmon pebs bts rep_good nopl xtopology nonstop_tsc aperfmperf eagerfpu pni pclmulqdq dtes64 monitor ds_cpl vmx est tm2 ssse3 sdbg fma cx16 xtpr pdcm pcid sse4_1 sse4_2 movbe popcnt tsc_deadline_timer aes xsave avx f16c rdrand lahf_lm abm epb tpr_shadow vnmi flexpriority ept vpid fsgsbase tsc_adjust bmi1 avx2 smep bmi2 erms invpcid xsaveopt dtherm ida arat pln pts
bugs		:
bogomips	: 3192.63
clflush size	: 64
cache_alignment	: 64
address sizes	: 39 bits physical, 48 bits virtual
power management:

processor	: 3
vendor_id	: GenuineIntel
cpu family	: 6
model		: 69
model name	: Intel(R) Core(TM) i5-4200U CPU @ 1.60GHz
stepping	: 1
microcode	: 0x1d
cpu MHz		: 1945.687
cache size	: 3072 KB
physical id	: 0
siblings	: 4
core id		: 1
cpu cores	: 2
apicid		: 3
initial apicid	: 3
fpu		: yes
fpu_exception	: yes
cpuid level	: 13
wp		: yes
flags		: fpu vme de pse tsc msr pae mce cx8 apic sep mtrr pge mca cmov pat pse36 clflush dts acpi mmx fxsr sse sse2 ss ht tm pbe syscall nx pdpe1gb rdtscp lm constant_tsc arch_perfmon pebs bts rep_good nopl xtopology nonstop_tsc aperfmperf eagerfpu pni pclmulqdq dtes64 monitor ds_cpl vmx est tm2 ssse3 sdbg fma cx16 xtpr pdcm pcid sse4_1 sse4_2 movbe popcnt tsc_deadline_timer aes xsave avx f16c rdrand lahf_lm abm epb tpr_shadow vnmi flexpriority ept vpid fsgsbase tsc_adjust bmi1 avx2 smep bmi2 erms invpcid xsaveopt dtherm ida arat pln pts
bugs		:
bogomips	: 3192.63
clflush size	: 64
cache_alignment	: 64
address sizes	: 39 bits physical, 48 bits virtual
power management:



Memory: 4k page, physical 3949160k(116608k free), swap 3126268k(26092k free)

vm_info: Java HotSpot(TM) 64-Bit Server VM (24.80-b11) for linux-amd64 JRE (1.7.0_80-b15), built on Apr 10 2015 19:53:14 by "java_re" with gcc 4.3.0 20080428 (Red Hat 4.3.0-8)

time: Sat Jul 16 23:09:55 2016
elapsed time: 39 seconds

