#
# There is insufficient memory for the Java Runtime Environment to continue.
# Native memory allocation (malloc) failed to allocate 216530944 bytes for committing reserved memory.
# Possible reasons:
#   The system is out of physical RAM or swap space
#   In 32 bit mode, the process size limit was hit
# Possible solutions:
#   Reduce memory load on the system
#   Increase physical memory or swap space
#   Check if swap backing store is full
#   Use 64 bit Java on a 64 bit OS
#   Decrease Java heap size (-Xmx/-Xms)
#   Decrease number of Java threads
#   Decrease Java thread stack sizes (-Xss)
#   Set larger code cache with -XX:ReservedCodeCacheSize=
# This output file may be truncated or incomplete.
#
#  Out of Memory Error (os_linux.cpp:2756), pid=17463, tid=140679969740544
#
# JRE version: Java(TM) SE Runtime Environment (7.0_80-b15) (build 1.7.0_80-b15)
# Java VM: Java HotSpot(TM) 64-Bit Server VM (24.80-b11 mixed mode linux-amd64 compressed oops)
# Failed to write core dump. Core dumps have been disabled. To enable core dumping, try "ulimit -c unlimited" before starting Java again
#

---------------  T H R E A D  ---------------

Current thread (0x00007ff2a4069800):  VMThread [stack: 0x00007ff29b8f9000,0x00007ff29b9fa000] [id=17471]

Stack: [0x00007ff29b8f9000,0x00007ff29b9fa000],  sp=0x00007ff29b9f8260,  free space=1020k
Native frames: (J=compiled Java code, j=interpreted, Vv=VM code, C=native code)
V  [libjvm.so+0x9a320a]  VMError::report_and_die()+0x2ea
V  [libjvm.so+0x498d3b]  report_vm_out_of_memory(char const*, int, unsigned long, char const*)+0x9b
V  [libjvm.so+0x82191e]  os::Linux::commit_memory_impl(char*, unsigned long, bool)+0xfe
V  [libjvm.so+0x821e69]  os::pd_commit_memory(char*, unsigned long, unsigned long, bool)+0x29
V  [libjvm.so+0x81bb6a]  os::commit_memory(char*, unsigned long, unsigned long, bool)+0x2a
V  [libjvm.so+0x88d623]  PSVirtualSpace::expand_by(unsigned long)+0x53
V  [libjvm.so+0x87ca80]  PSOldGen::expand(unsigned long)+0x170
V  [libjvm.so+0x87cc8b]  PSOldGen::resize(unsigned long)+0x1cb
V  [libjvm.so+0x885951]  PSParallelCompact::invoke_no_policy(bool)+0x9b1
V  [libjvm.so+0x88b8cd]  PSScavenge::invoke()+0x1ad
V  [libjvm.so+0x843f40]  ParallelScavengeHeap::failed_mem_allocate(unsigned long)+0x70
V  [libjvm.so+0x9a4a97]  VM_ParallelGCFailedAllocation::doit()+0x97
V  [libjvm.so+0x9abf35]  VM_Operation::evaluate()+0x55
V  [libjvm.so+0x9aa2fa]  VMThread::evaluate_operation(VM_Operation*)+0xba
V  [libjvm.so+0x9aa67e]  VMThread::loop()+0x1ce
V  [libjvm.so+0x9aaaf0]  VMThread::run()+0x70
V  [libjvm.so+0x8238c8]  java_start(Thread*)+0x108

VM_Operation (0x00007ff2981d2380): ParallelGCFailedAllocation, mode: safepoint, requested by thread 0x00007ff24c053800


---------------  P R O C E S S  ---------------

Java Threads: ( => current thread )
  0x00007ff24c056800 JavaThread "pool-3-thread-4" [_thread_blocked, id=17621, stack(0x00007ff293eff000,0x00007ff294000000)]
  0x00007ff24c053800 JavaThread "pool-3-thread-3" [_thread_blocked, id=17620, stack(0x00007ff2980d3000,0x00007ff2981d4000)]
  0x00007ff24c052000 JavaThread "pool-3-thread-2" [_thread_blocked, id=17619, stack(0x00007ff2981d4000,0x00007ff2982d5000)]
  0x00007ff24c052800 JavaThread "pool-4-thread-1" [_thread_blocked, id=17618, stack(0x00007ff2983ca000,0x00007ff2984cb000)]
  0x00007ff24c051000 JavaThread "pool-3-thread-1" [_thread_blocked, id=17617, stack(0x00007ff2984cb000,0x00007ff2985cc000)]
  0x00007ff249135000 JavaThread "pool-1-thread-1" [_thread_blocked, id=17616, stack(0x00007ff2985cc000,0x00007ff2986cd000)]
  0x00007ff24c002800 JavaThread "process reaper" daemon [_thread_blocked, id=17589, stack(0x00007ff299416000,0x00007ff29944f000)]
  0x00007ff24801f800 JavaThread "Stdin handler" [_thread_blocked, id=17584, stack(0x00007ff2996c5000,0x00007ff2997c6000)]
  0x00007ff25c003800 JavaThread "Cancel handler" [_thread_blocked, id=17581, stack(0x00007ff2998ce000,0x00007ff2999cf000)]
  0x00007ff25c00a000 JavaThread "Handler for socket connection from /127.0.0.1:34201 to /127.0.0.1:40914" [_thread_in_native, id=17580, stack(0x00007ff2999cf000,0x00007ff299ad0000)]
  0x00007ff248222000 JavaThread "File lock request listener" [_thread_in_native, id=17487, stack(0x00007ff299559000,0x00007ff29965a000)]
  0x00007ff25c00c000 JavaThread "Daemon worker" [_thread_blocked, id=17483, stack(0x00007ff2997cd000,0x00007ff2998ce000)]
  0x00007ff25800c800 JavaThread "Daemon" [_thread_blocked, id=17480, stack(0x00007ff299ad0000,0x00007ff299bd1000)]
  0x00007ff2a4afe000 JavaThread "Incoming local TCP Connector on port 34201" [_thread_in_native, id=17479, stack(0x00007ff299bd1000,0x00007ff299cd2000)]
  0x00007ff2a4099000 JavaThread "Service Thread" daemon [_thread_blocked, id=17477, stack(0x00007ff29b01a000,0x00007ff29b11b000)]
  0x00007ff2a4097000 JavaThread "C2 CompilerThread1" daemon [_thread_blocked, id=17476, stack(0x00007ff29b11b000,0x00007ff29b21c000)]
  0x00007ff2a4094000 JavaThread "C2 CompilerThread0" daemon [_thread_blocked, id=17475, stack(0x00007ff29b21c000,0x00007ff29b31d000)]
  0x00007ff2a4092000 JavaThread "Signal Dispatcher" daemon [_thread_blocked, id=17474, stack(0x00007ff29b31d000,0x00007ff29b41e000)]
  0x00007ff2a4070000 JavaThread "Finalizer" daemon [_thread_blocked, id=17473, stack(0x00007ff29b6f7000,0x00007ff29b7f8000)]
  0x00007ff2a406e000 JavaThread "Reference Handler" daemon [_thread_blocked, id=17472, stack(0x00007ff29b7f8000,0x00007ff29b8f9000)]
  0x00007ff2a400a000 JavaThread "main" [_thread_blocked, id=17466, stack(0x00007ff2ab97b000,0x00007ff2aba7c000)]

Other Threads:
=>0x00007ff2a4069800 VMThread [stack: 0x00007ff29b8f9000,0x00007ff29b9fa000] [id=17471]
  0x00007ff2a40a3800 WatcherThread [stack: 0x00007ff29af19000,0x00007ff29b01a000] [id=17478]

VM state:at safepoint (normal execution)

VM Mutex/Monitor currently owned by a thread:  ([mutex/lock_event])
[0x00007ff2a4005d10] ExpandHeap_lock - owner thread: 0x00007ff2a4069800
[0x00007ff2a4006390] Threads_lock - owner thread: 0x00007ff2a4069800
[0x00007ff2a4006890] Heap_lock - owner thread: 0x00007ff24c053800

Heap
 PSYoungGen      total 538624K, used 102966K [0x00000007d5500000, 0x0000000800000000, 0x0000000800000000)
  eden space 398848K, 0% used [0x00000007d5500000,0x00000007d5500000,0x00000007eda80000)
  from space 139776K, 73% used [0x00000007eda80000,0x00000007f3f0d980,0x00000007f6300000)
  to   space 160768K, 0% used [0x00000007f6300000,0x00000007f6300000,0x0000000800000000)
 ParOldGen       total 661504K, used 661204K [0x0000000780000000, 0x00000007a8600000, 0x00000007d5500000)
  object space 661504K, 99% used [0x0000000780000000,0x00000007a85b52f8,0x00000007a8600000)
 PSPermGen       total 83968K, used 59363K [0x000000077ae00000, 0x0000000780000000, 0x0000000780000000)
  object space 83968K, 70% used [0x000000077ae00000,0x000000077e7f8cd8,0x0000000780000000)

Card table byte_map: [0x00007ff2a8842000,0x00007ff2a8c6c000] byte_map_base: 0x00007ff2a4c6b000

Polling page: 0x00007ff2abaa9000

Code Cache  [0x00007ff2a1000000, 0x00007ff2a1b90000, 0x00007ff2a4000000)
 total_blobs=4175 nmethods=3486 adapters=641 free_code_cache=37684Kb largest_free_block=38229824

Compilation events (10 events):
Event: 174,419 Thread 0x00007ff2a4094000 nmethod 4008% 0x00007ff2a1b4e290 code [0x00007ff2a1b4e460, 0x00007ff2a1b4ec38]
Event: 174,429 Thread 0x00007ff2a4094000 4009             java.util.BitSet::or (105 bytes)
Event: 174,440 Thread 0x00007ff2a4094000 nmethod 4009 0x00007ff2a19e6ad0 code [0x00007ff2a19e6c20, 0x00007ff2a19e70d8]
Event: 174,443 Thread 0x00007ff2a4097000 nmethod 4003% 0x00007ff2a189f510 code [0x00007ff2a189f880, 0x00007ff2a18a15c0]
Event: 174,443 Thread 0x00007ff2a4097000 4010             com.android.dx.util.IntList::binarysearch (124 bytes)
Event: 174,446 Thread 0x00007ff2a4097000 nmethod 4010 0x00007ff2a19de090 code [0x00007ff2a19de1e0, 0x00007ff2a19de3b8]
Event: 174,446 Thread 0x00007ff2a4097000 4011             com.android.dx.ssa.back.LivenessAnalyzer::constructInterferenceGraph (47 bytes)
Event: 174,453 Thread 0x00007ff2a4094000 4012 %           com.android.dx.ssa.SsaConverter::placePhiFunctions @ 131 (394 bytes)
Event: 174,488 Thread 0x00007ff2a4097000 nmethod 4011 0x00007ff2a19dc550 code [0x00007ff2a19dc780, 0x00007ff2a19dd5b0]
Event: 174,488 Thread 0x00007ff2a4097000 4013 %           com.android.dx.ssa.back.LivenessAnalyzer::handleTailRecursion @ 0 (94 bytes)

GC Heap History (10 events):
Event: 169,321 GC heap after
Heap after GC invocations=32 (full 6):
 PSYoungGen      total 519680K, used 129515K [0x00000007d5500000, 0x0000000800000000, 0x0000000800000000)
  eden space 390144K, 0% used [0x00000007d5500000,0x00000007d5500000,0x00000007ed200000)
  from space 129536K, 99% used [0x00000007f8180000,0x00000007ffffad08,0x0000000800000000)
  to   space 154624K, 0% used [0x00000007ed200000,0x00000007ed200000,0x00000007f6900000)
 ParOldGen       total 418304K, used 353958K [0x0000000780000000, 0x0000000799880000, 0x00000007d5500000)
  object space 418304K, 84% used [0x0000000780000000,0x00000007959a99a8,0x0000000799880000)
 PSPermGen       total 83968K, used 59345K [0x000000077ae00000, 0x0000000780000000, 0x0000000780000000)
  object space 83968K, 70% used [0x000000077ae00000,0x000000077e7f4790,0x0000000780000000)
}
Event: 169,909 GC heap before
{Heap before GC invocations=33 (full 6):
 PSYoungGen      total 519680K, used 519659K [0x00000007d5500000, 0x0000000800000000, 0x0000000800000000)
  eden space 390144K, 100% used [0x00000007d5500000,0x00000007ed200000,0x00000007ed200000)
  from space 129536K, 99% used [0x00000007f8180000,0x00000007ffffad08,0x0000000800000000)
  to   space 154624K, 0% used [0x00000007ed200000,0x00000007ed200000,0x00000007f6900000)
 ParOldGen       total 418304K, used 353958K [0x0000000780000000, 0x0000000799880000, 0x00000007d5500000)
  object space 418304K, 84% used [0x0000000780000000,0x00000007959a99a8,0x0000000799880000)
 PSPermGen       total 83968K, used 59358K [0x000000077ae00000, 0x0000000780000000, 0x0000000780000000)
  object space 83968K, 70% used [0x000000077ae00000,0x000000077e7f7a20,0x0000000780000000)
Event: 170,325 GC heap after
Heap after GC invocations=33 (full 6):
 PSYoungGen      total 544768K, used 58693K [0x00000007d5500000, 0x0000000800000000, 0x0000000800000000)
  eden space 390144K, 0% used [0x00000007d5500000,0x00000007d5500000,0x00000007ed200000)
  from space 154624K, 37% used [0x00000007ed200000,0x00000007f0b51728,0x00000007f6900000)
  to   space 145920K, 0% used [0x00000007f7180000,0x00000007f7180000,0x0000000800000000)
 ParOldGen       total 484352K, used 484138K [0x0000000780000000, 0x000000079d900000, 0x00000007d5500000)
  object space 484352K, 99% used [0x0000000780000000,0x000000079d8cab50,0x000000079d900000)
 PSPermGen       total 83968K, used 59358K [0x000000077ae00000, 0x0000000780000000, 0x0000000780000000)
  object space 83968K, 70% used [0x000000077ae00000,0x000000077e7f7a20,0x0000000780000000)
}
Event: 170,342 GC heap before
{Heap before GC invocations=34 (full 7):
 PSYoungGen      total 544768K, used 58693K [0x00000007d5500000, 0x0000000800000000, 0x0000000800000000)
  eden space 390144K, 0% used [0x00000007d5500000,0x00000007d5500000,0x00000007ed200000)
  from space 154624K, 37% used [0x00000007ed200000,0x00000007f0b51728,0x00000007f6900000)
  to   space 145920K, 0% used [0x00000007f7180000,0x00000007f7180000,0x0000000800000000)
 ParOldGen       total 484352K, used 484138K [0x0000000780000000, 0x000000079d900000, 0x00000007d5500000)
  object space 484352K, 99% used [0x0000000780000000,0x000000079d8cab50,0x000000079d900000)
 PSPermGen       total 83968K, used 59358K [0x000000077ae00000, 0x0000000780000000, 0x0000000780000000)
  object space 83968K, 70% used [0x000000077ae00000,0x000000077e7f7a20,0x0000000780000000)
Event: 172,880 GC heap after
Heap after GC invocations=34 (full 7):
 PSYoungGen      total 544768K, used 47680K [0x00000007d5500000, 0x0000000800000000, 0x0000000800000000)
  eden space 390144K, 0% used [0x00000007d5500000,0x00000007d5500000,0x00000007ed200000)
  from space 154624K, 30% used [0x00000007ed200000,0x00000007f00901a8,0x00000007f6900000)
  to   space 145920K, 0% used [0x00000007f7180000,0x00000007f7180000,0x0000000800000000)
 ParOldGen       total 661504K, used 484044K [0x0000000780000000, 0x00000007a8600000, 0x00000007d5500000)
  object space 661504K, 73% used [0x0000000780000000,0x000000079d8b30e0,0x00000007a8600000)
 PSPermGen       total 83968K, used 59358K [0x000000077ae00000, 0x0000000780000000, 0x0000000780000000)
  object space 83968K, 70% used [0x000000077ae00000,0x000000077e7f78e0,0x0000000780000000)
}
Event: 173,362 GC heap before
{Heap before GC invocations=35 (full 7):
 PSYoungGen      total 544768K, used 437824K [0x00000007d5500000, 0x0000000800000000, 0x0000000800000000)
  eden space 390144K, 100% used [0x00000007d5500000,0x00000007ed200000,0x00000007ed200000)
  from space 154624K, 30% used [0x00000007ed200000,0x00000007f00901a8,0x00000007f6900000)
  to   space 145920K, 0% used [0x00000007f7180000,0x00000007f7180000,0x0000000800000000)
 ParOldGen       total 661504K, used 484044K [0x0000000780000000, 0x00000007a8600000, 0x00000007d5500000)
  object space 661504K, 73% used [0x0000000780000000,0x000000079d8b30e0,0x00000007a8600000)
 PSPermGen       total 83968K, used 59362K [0x000000077ae00000, 0x0000000780000000, 0x0000000780000000)
  object space 83968K, 70% used [0x000000077ae00000,0x000000077e7f89d8,0x0000000780000000)
Event: 173,709 GC heap after
Heap after GC invocations=35 (full 7):
 PSYoungGen      total 523776K, used 63673K [0x00000007d5500000, 0x00000007feb80000, 0x0000000800000000)
  eden space 398848K, 0% used [0x00000007d5500000,0x00000007d5500000,0x00000007eda80000)
  from space 124928K, 50% used [0x00000007f7180000,0x00000007fafae648,0x00000007feb80000)
  to   space 139776K, 0% used [0x00000007eda80000,0x00000007eda80000,0x00000007f6300000)
 ParOldGen       total 661504K, used 529597K [0x0000000780000000, 0x00000007a8600000, 0x00000007d5500000)
  object space 661504K, 80% used [0x0000000780000000,0x00000007a052f628,0x00000007a8600000)
 PSPermGen       total 83968K, used 59362K [0x000000077ae00000, 0x0000000780000000, 0x0000000780000000)
  object space 83968K, 70% used [0x000000077ae00000,0x000000077e7f89d8,0x0000000780000000)
}
Event: 174,645 GC heap before
{Heap before GC invocations=36 (full 7):
 PSYoungGen      total 523776K, used 462521K [0x00000007d5500000, 0x00000007feb80000, 0x0000000800000000)
  eden space 398848K, 100% used [0x00000007d5500000,0x00000007eda80000,0x00000007eda80000)
  from space 124928K, 50% used [0x00000007f7180000,0x00000007fafae648,0x00000007feb80000)
  to   space 139776K, 0% used [0x00000007eda80000,0x00000007eda80000,0x00000007f6300000)
 ParOldGen       total 661504K, used 529597K [0x0000000780000000, 0x00000007a8600000, 0x00000007d5500000)
  object space 661504K, 80% used [0x0000000780000000,0x00000007a052f628,0x00000007a8600000)
 PSPermGen       total 83968K, used 59363K [0x000000077ae00000, 0x0000000780000000, 0x0000000780000000)
  object space 83968K, 70% used [0x000000077ae00000,0x000000077e7f8d18,0x0000000780000000)
Event: 175,052 GC heap after
Heap after GC invocations=36 (full 7):
 PSYoungGen      total 538624K, used 139752K [0x00000007d5500000, 0x0000000800000000, 0x0000000800000000)
  eden space 398848K, 0% used [0x00000007d5500000,0x00000007d5500000,0x00000007eda80000)
  from space 139776K, 99% used [0x00000007eda80000,0x00000007f62fa258,0x00000007f6300000)
  to   space 160768K, 0% used [0x00000007f6300000,0x00000007f6300000,0x0000000800000000)
 ParOldGen       total 661504K, used 629769K [0x0000000780000000, 0x00000007a8600000, 0x00000007d5500000)
  object space 661504K, 95% used [0x0000000780000000,0x00000007a67025c8,0x00000007a8600000)
 PSPermGen       total 83968K, used 59363K [0x000000077ae00000, 0x0000000780000000, 0x0000000780000000)
  object space 83968K, 70% used [0x000000077ae00000,0x000000077e7f8d18,0x0000000780000000)
}
Event: 175,068 GC heap before
{Heap before GC invocations=37 (full 8):
 PSYoungGen      total 538624K, used 139752K [0x00000007d5500000, 0x0000000800000000, 0x0000000800000000)
  eden space 398848K, 0% used [0x00000007d5500000,0x00000007d5500000,0x00000007eda80000)
  from space 139776K, 99% used [0x00000007eda80000,0x00000007f62fa258,0x00000007f6300000)
  to   space 160768K, 0% used [0x00000007f6300000,0x00000007f6300000,0x0000000800000000)
 ParOldGen       total 661504K, used 629769K [0x0000000780000000, 0x00000007a8600000, 0x00000007d5500000)
  object space 661504K, 95% used [0x0000000780000000,0x00000007a67025c8,0x00000007a8600000)
 PSPermGen       total 83968K, used 59363K [0x000000077ae00000, 0x0000000780000000, 0x0000000780000000)
  object space 83968K, 70% used [0x000000077ae00000,0x000000077e7f8d18,0x0000000780000000)

Deoptimization events (10 events):
Event: 174,317 Thread 0x00007ff24c051000 Uncommon trap: reason=class_check action=maybe_recompile pc=0x00007ff2a181ed70 method=com.android.dx.ssa.SsaConverter.placePhiFunctions(Lcom/android/dx/ssa/SsaMethod;Lcom/android/dx/ssa/LocalVariableInfo;I)V @ 257
Event: 174,365 Thread 0x00007ff24c056800 Uncommon trap: reason=class_check action=maybe_recompile pc=0x00007ff2a181ed70 method=com.android.dx.ssa.SsaConverter.placePhiFunctions(Lcom/android/dx/ssa/SsaMethod;Lcom/android/dx/ssa/LocalVariableInfo;I)V @ 257
Event: 174,406 Thread 0x00007ff24c053800 Uncommon trap: reason=predicate action=maybe_recompile pc=0x00007ff2a175f088 method=com.android.dx.ssa.back.InterferenceGraph.<init>(I)V @ 23
Event: 174,406 Thread 0x00007ff24c053800 Uncommon trap: reason=unstable_if action=reinterpret pc=0x00007ff2a1823cb8 method=com.android.dx.ssa.SetFactory.makeInterferenceSet(I)Lcom/android/dx/util/IntSet; @ 4
Event: 174,421 Thread 0x00007ff24c053800 Uncommon trap: reason=unloaded action=reinterpret pc=0x00007ff2a17fcc28 method=com.android.dx.ssa.SetFactory.makeLivenessSet(I)Lcom/android/dx/util/IntSet; @ 18
Event: 174,443 Thread 0x00007ff24c051000 Uncommon trap: reason=predicate action=maybe_recompile pc=0x00007ff2a1824b10 method=com.android.dx.ssa.back.InterferenceGraph.<init>(I)V @ 23
Event: 174,444 Thread 0x00007ff24c053800 Uncommon trap: reason=class_check action=maybe_recompile pc=0x00007ff2a1a10768 method=com.android.dx.ssa.back.InterferenceGraph.add(II)V @ 19
Event: 174,444 Thread 0x00007ff24c053800 Uncommon trap: reason=class_check action=maybe_recompile pc=0x00007ff2a1a10768 method=com.android.dx.ssa.back.InterferenceGraph.add(II)V @ 19
Event: 174,444 Thread 0x00007ff24c053800 Uncommon trap: reason=class_check action=maybe_recompile pc=0x00007ff2a1a10768 method=com.android.dx.ssa.back.InterferenceGraph.add(II)V @ 19
Event: 174,444 Thread 0x00007ff24c053800 Uncommon trap: reason=class_check action=maybe_recompile pc=0x00007ff2a1a10768 method=com.android.dx.ssa.back.InterferenceGraph.add(II)V @ 19

Internal exceptions (10 events):
Event: 153,726 Thread 0x00007ff249135000 Threw 0x00000007e7d908d8 at /HUDSON/workspace/7u-2-build-linux-amd64/jdk7u80/2329/hotspot/src/share/vm/prims/jvm.cpp:1319
Event: 154,303 Thread 0x00007ff249135000 Implicit null exception at 0x00007ff2a1881db5 to 0x00007ff2a1885cd1
Event: 154,470 Thread 0x00007ff24c052000 Threw 0x00000007ead54bb8 at /HUDSON/workspace/7u-2-build-linux-amd64/jdk7u80/2329/hotspot/src/share/vm/prims/jvm.cpp:1319
Event: 158,151 Thread 0x00007ff24c051000 Implicit null exception at 0x00007ff2a1905237 to 0x00007ff2a1906769
Event: 158,274 Thread 0x00007ff249135000 Implicit null exception at 0x00007ff2a19263ec to 0x00007ff2a1931109
Event: 158,597 Thread 0x00007ff24c053800 Implicit null exception at 0x00007ff2a18d9bca to 0x00007ff2a18da539
Event: 162,254 Thread 0x00007ff24c056800 Threw 0x00000007d6023428 at /HUDSON/workspace/7u-2-build-linux-amd64/jdk7u80/2329/hotspot/src/share/vm/prims/jvm.cpp:1319
Event: 162,602 Thread 0x00007ff249135000 Threw 0x00000007dd4474c8 at /HUDSON/workspace/7u-2-build-linux-amd64/jdk7u80/2329/hotspot/src/share/vm/prims/jvm.cpp:1319
Event: 169,651 Thread 0x00007ff24c052000 Threw 0x00000007e1cfd288 at /HUDSON/workspace/7u-2-build-linux-amd64/jdk7u80/2329/hotspot/src/share/vm/prims/jvm.cpp:1319
Event: 169,664 Thread 0x00007ff24c052000 Threw 0x00000007e1d54628 at /HUDSON/workspace/7u-2-build-linux-amd64/jdk7u80/2329/hotspot/src/share/vm/prims/jvm.cpp:1319

Events (10 events):
Event: 174,444 Thread 0x00007ff24c053800 Uncommon trap: trap_request=0xffffffde fr.pc=0x00007ff2a1a10768
Event: 174,444 Thread 0x00007ff24c053800 DEOPT PACKING pc=0x00007ff2a1a10768 sp=0x00007ff2981d2360
Event: 174,444 Thread 0x00007ff24c053800 DEOPT UNPACKING pc=0x00007ff2a1039445 sp=0x00007ff2981d2348 mode 2
Event: 174,444 Thread 0x00007ff24c053800 Uncommon trap: trap_request=0xffffffde fr.pc=0x00007ff2a1a10768
Event: 174,444 Thread 0x00007ff24c053800 DEOPT PACKING pc=0x00007ff2a1a10768 sp=0x00007ff2981d2360
Event: 174,444 Thread 0x00007ff24c053800 DEOPT UNPACKING pc=0x00007ff2a1039445 sp=0x00007ff2981d2348 mode 2
Event: 174,444 Thread 0x00007ff24c053800 Uncommon trap: trap_request=0xffffffde fr.pc=0x00007ff2a1a10768
Event: 174,444 Thread 0x00007ff24c053800 DEOPT PACKING pc=0x00007ff2a1a10768 sp=0x00007ff2981d2360
Event: 174,444 Thread 0x00007ff24c053800 DEOPT UNPACKING pc=0x00007ff2a1039445 sp=0x00007ff2981d2348 mode 2
Event: 174,644 Executing VM operation: ParallelGCFailedAllocation


Dynamic libraries:
00400000-00401000 r-xp 00000000 08:05 1602077                            /usr/lib/jvm/java-7-oracle/bin/java
00600000-00601000 rw-p 00000000 08:05 1602077                            /usr/lib/jvm/java-7-oracle/bin/java
0109e000-010bf000 rw-p 00000000 00:00 0                                  [heap]
77ae00000-780000000 rw-p 00000000 00:00 0 
780000000-7a8600000 rw-p 00000000 00:00 0 
7b5480000-7d5500000 rw-p 00000000 00:00 0 
7d5500000-800000000 rw-p 00000000 00:00 0 
7ff228000000-7ff228021000 rw-p 00000000 00:00 0 
7ff228021000-7ff22c000000 ---p 00000000 00:00 0 
7ff22c000000-7ff22c021000 rw-p 00000000 00:00 0 
7ff22c021000-7ff230000000 ---p 00000000 00:00 0 
7ff230000000-7ff230022000 rw-p 00000000 00:00 0 
7ff230022000-7ff234000000 ---p 00000000 00:00 0 
7ff234000000-7ff234028000 rw-p 00000000 00:00 0 
7ff234028000-7ff238000000 ---p 00000000 00:00 0 
7ff238000000-7ff238021000 rw-p 00000000 00:00 0 
7ff238021000-7ff23c000000 ---p 00000000 00:00 0 
7ff23c000000-7ff23c021000 rw-p 00000000 00:00 0 
7ff23c021000-7ff240000000 ---p 00000000 00:00 0 
7ff240000000-7ff240021000 rw-p 00000000 00:00 0 
7ff240021000-7ff244000000 ---p 00000000 00:00 0 
7ff244000000-7ff244021000 rw-p 00000000 00:00 0 
7ff244021000-7ff248000000 ---p 00000000 00:00 0 
7ff248000000-7ff249385000 rw-p 00000000 00:00 0 
7ff249385000-7ff24c000000 ---p 00000000 00:00 0 
7ff24c000000-7ff24c1d0000 rw-p 00000000 00:00 0 
7ff24c1d0000-7ff250000000 ---p 00000000 00:00 0 
7ff250000000-7ff250021000 rw-p 00000000 00:00 0 
7ff250021000-7ff254000000 ---p 00000000 00:00 0 
7ff254000000-7ff254021000 rw-p 00000000 00:00 0 
7ff254021000-7ff258000000 ---p 00000000 00:00 0 
7ff258000000-7ff258083000 rw-p 00000000 00:00 0 
7ff258083000-7ff25c000000 ---p 00000000 00:00 0 
7ff25c000000-7ff25c021000 rw-p 00000000 00:00 0 
7ff25c021000-7ff260000000 ---p 00000000 00:00 0 
7ff260000000-7ff260021000 rw-p 00000000 00:00 0 
7ff260021000-7ff264000000 ---p 00000000 00:00 0 
7ff264000000-7ff264021000 rw-p 00000000 00:00 0 
7ff264021000-7ff268000000 ---p 00000000 00:00 0 
7ff268000000-7ff269fb5000 rw-p 00000000 00:00 0 
7ff269fb5000-7ff26c000000 ---p 00000000 00:00 0 
7ff26c000000-7ff26de18000 rw-p 00000000 00:00 0 
7ff26de18000-7ff270000000 ---p 00000000 00:00 0 
7ff270000000-7ff270021000 rw-p 00000000 00:00 0 
7ff270021000-7ff274000000 ---p 00000000 00:00 0 
7ff274000000-7ff274021000 rw-p 00000000 00:00 0 
7ff274021000-7ff278000000 ---p 00000000 00:00 0 
7ff278000000-7ff278021000 rw-p 00000000 00:00 0 
7ff278021000-7ff27c000000 ---p 00000000 00:00 0 
7ff27fd70000-7ff284000000 rw-p 00000000 00:00 0 
7ff284000000-7ff284036000 rw-p 00000000 00:00 0 
7ff284036000-7ff288000000 ---p 00000000 00:00 0 
7ff288000000-7ff288301000 rw-p 00000000 00:00 0 
7ff288301000-7ff28c000000 ---p 00000000 00:00 0 
7ff28c000000-7ff28c032000 rw-p 00000000 00:00 0 
7ff28c032000-7ff290000000 ---p 00000000 00:00 0 
7ff293eff000-7ff293f02000 ---p 00000000 00:00 0 
7ff293f02000-7ff294000000 rw-p 00000000 00:00 0 
7ff294000000-7ff294042000 rw-p 00000000 00:00 0 
7ff294042000-7ff298000000 ---p 00000000 00:00 0 
7ff2980d3000-7ff2980d6000 ---p 00000000 00:00 0 
7ff2980d6000-7ff2981d4000 rw-p 00000000 00:00 0 
7ff2981d4000-7ff2981d7000 ---p 00000000 00:00 0 
7ff2981d7000-7ff2982d5000 rw-p 00000000 00:00 0 
7ff2982d5000-7ff2983ca000 r--s 009b1000 08:05 696661                     /home/anonymous/AndroidStudioProjects/myelaundry/app/build/intermediates/transforms/jarMerging/debug/jars/1/1f/combined.jar
7ff2983ca000-7ff2983cd000 ---p 00000000 00:00 0 
7ff2983cd000-7ff2984cb000 rw-p 00000000 00:00 0 
7ff2984cb000-7ff2984ce000 ---p 00000000 00:00 0 
7ff2984ce000-7ff2985cc000 rw-p 00000000 00:00 0 
7ff2985cc000-7ff2985cf000 ---p 00000000 00:00 0 
7ff2985cf000-7ff2986cd000 rw-p 00000000 00:00 0 
7ff2986cd000-7ff2986e4000 r-xp 00000000 08:05 956263                     /lib/x86_64-linux-gnu/libresolv-2.23.so
7ff2986e4000-7ff2988e4000 ---p 00017000 08:05 956263                     /lib/x86_64-linux-gnu/libresolv-2.23.so
7ff2988e4000-7ff2988e5000 r--p 00017000 08:05 956263                     /lib/x86_64-linux-gnu/libresolv-2.23.so
7ff2988e5000-7ff2988e6000 rw-p 00018000 08:05 956263                     /lib/x86_64-linux-gnu/libresolv-2.23.so
7ff2988e6000-7ff2988e8000 rw-p 00000000 00:00 0 
7ff2988e8000-7ff2988ed000 r-xp 00000000 08:05 956270                     /lib/x86_64-linux-gnu/libnss_dns-2.23.so
7ff2988ed000-7ff298aed000 ---p 00005000 08:05 956270                     /lib/x86_64-linux-gnu/libnss_dns-2.23.so
7ff298aed000-7ff298aee000 r--p 00005000 08:05 956270                     /lib/x86_64-linux-gnu/libnss_dns-2.23.so
7ff298aee000-7ff298aef000 rw-p 00006000 08:05 956270                     /lib/x86_64-linux-gnu/libnss_dns-2.23.so
7ff298aef000-7ff298af1000 r-xp 00000000 08:05 931027                     /lib/x86_64-linux-gnu/libnss_mdns4_minimal.so.2
7ff298af1000-7ff298cf0000 ---p 00002000 08:05 931027                     /lib/x86_64-linux-gnu/libnss_mdns4_minimal.so.2
7ff298cf0000-7ff298cf1000 r--p 00001000 08:05 931027                     /lib/x86_64-linux-gnu/libnss_mdns4_minimal.so.2
7ff298cf1000-7ff298cf2000 rw-p 00002000 08:05 931027                     /lib/x86_64-linux-gnu/libnss_mdns4_minimal.so.2
7ff298d1c000-7ff298d20000 r--s 0002d000 08:05 1719819                    /usr/lib/jvm/java-7-oracle/jre/lib/ext/sunjce_provider.jar
7ff298d20000-7ff298d52000 r-xp 00000000 08:05 1713448                    /usr/lib/jvm/java-7-oracle/jre/lib/amd64/libsunec.so
7ff298d52000-7ff298f51000 ---p 00032000 08:05 1713448                    /usr/lib/jvm/java-7-oracle/jre/lib/amd64/libsunec.so
7ff298f51000-7ff298f57000 rw-p 00031000 08:05 1713448                    /usr/lib/jvm/java-7-oracle/jre/lib/amd64/libsunec.so
7ff298f57000-7ff298f67000 rw-p 00000000 00:00 0 
7ff298f67000-7ff298f68000 r--s 00003000 08:05 1719811                    /usr/lib/jvm/java-7-oracle/jre/lib/ext/sunec.jar
7ff298f68000-7ff298f6c000 r--s 00037000 08:05 1719815                    /usr/lib/jvm/java-7-oracle/jre/lib/ext/sunpkcs11.jar
7ff298f6c000-7ff298f6f000 r--s 00019000 08:05 1719497                    /usr/lib/jvm/java-7-oracle/jre/lib/jce.jar
7ff298f6f000-7ff298f77000 r-xp 00000000 08:05 1713442                    /usr/lib/jvm/java-7-oracle/jre/lib/amd64/libmanagement.so
7ff298f77000-7ff299176000 ---p 00008000 08:05 1713442                    /usr/lib/jvm/java-7-oracle/jre/lib/amd64/libmanagement.so
7ff299176000-7ff299177000 rw-p 00007000 08:05 1713442                    /usr/lib/jvm/java-7-oracle/jre/lib/amd64/libmanagement.so
7ff299177000-7ff299179000 r--s 00005000 08:07 12395                      /media/anonymous/data/Android/android-studio/gradle/m2repository/org/abego/treelayout/org.abego.treelayout.core/1.0.1/org.abego.treelayout.core-1.0.1.jar
7ff299179000-7ff299181000 r--s 000a8000 08:07 12304                      /media/anonymous/data/Android/android-studio/gradle/m2repository/com/android/tools/external/lombok/lombok-ast/0.2.3/lombok-ast-0.2.3.jar
7ff299181000-7ff299182000 r--s 00004000 08:07 12496                      /media/anonymous/data/Android/android-studio/gradle/m2repository/com/intellij/annotations/12.0/annotations-12.0.jar
7ff299182000-7ff299184000 r--s 0000d000 08:07 12538                      /media/anonymous/data/Android/android-studio/gradle/m2repository/commons-codec/commons-codec/1.4/commons-codec-1.4.jar
7ff299184000-7ff299186000 r--s 0000d000 08:07 12092                      /media/anonymous/data/Android/android-studio/gradle/m2repository/commons-logging/commons-logging/1.1.1/commons-logging-1.1.1.jar
7ff299186000-7ff29918b000 r--s 00028000 08:07 12131                      /media/anonymous/data/Android/android-studio/gradle/m2repository/org/apache/httpcomponents/httpcore/4.1/httpcore-4.1.jar
7ff29918b000-7ff29918f000 r--s 00037000 08:07 12356                      /media/anonymous/data/Android/android-studio/gradle/m2repository/org/antlr/ST4/4.0.8/ST4-4.0.8.jar
7ff29918f000-7ff299192000 r--s 00026000 08:07 12346                      /media/anonymous/data/Android/android-studio/gradle/m2repository/org/antlr/antlr-runtime/3.5.2/antlr-runtime-3.5.2.jar
7ff299192000-7ff299193000 r--s 00002000 08:07 12421                      /media/anonymous/data/Android/android-studio/gradle/m2repository/com/tunnelvisionlabs/antlr4-annotations/4.5/antlr4-annotations-4.5.jar
7ff299193000-7ff29919a000 r--s 00062000 08:07 12409                      /media/anonymous/data/Android/android-studio/gradle/m2repository/com/tunnelvisionlabs/antlr4-runtime/4.5/antlr4-runtime-4.5.jar
7ff29919a000-7ff29919d000 r--s 00030000 08:07 14041                      /media/anonymous/data/Android/android-studio/gradle/m2repository/com/android/tools/lint/lint-api/25.1.2/lint-api-25.1.2.jar
7ff29919d000-7ff29919e000 r--s 00004000 08:07 12189                      /media/anonymous/data/Android/android-studio/gradle/m2repository/org/ow2/asm/asm-analysis/5.0.3/asm-analysis-5.0.3.jar
7ff29919e000-7ff2991a2000 r--s 00026000 08:07 14031                      /media/anonymous/data/Android/android-studio/gradle/m2repository/com/android/tools/repository/25.1.2/repository-25.1.2.jar
7ff2991a2000-7ff2991a5000 r--s 00014000 08:07 14020                      /media/anonymous/data/Android/android-studio/gradle/m2repository/com/android/tools/layoutlib/layoutlib-api/25.1.2/layoutlib-api-25.1.2.jar
7ff2991a5000-7ff2991ac000 r--s 00053000 08:07 12148                      /media/anonymous/data/Android/android-studio/gradle/m2repository/org/apache/commons/commons-compress/1.8.1/commons-compress-1.8.1.jar
7ff2991ac000-7ff2991ae000 r--s 00005000 08:07 12124                      /media/anonymous/data/Android/android-studio/gradle/m2repository/org/apache/httpcomponents/httpmime/4.1/httpmime-4.1.jar
7ff2991ae000-7ff2991af000 r--s 00005000 08:07 14028                      /media/anonymous/data/Android/android-studio/gradle/m2repository/com/android/tools/dvlib/25.1.2/dvlib-25.1.2.jar
7ff2991af000-7ff2991b7000 r--s 0004e000 08:07 12140                      /media/anonymous/data/Android/android-studio/gradle/m2repository/org/apache/httpcomponents/httpclient/4.1.1/httpclient-4.1.1.jar
7ff2991b7000-7ff2991bc000 r--s 0002a000 08:07 12239                      /media/anonymous/data/Android/android-studio/gradle/m2repository/com/google/code/gson/gson/2.2.4/gson-2.2.4.jar
7ff2991bc000-7ff2991bd000 r--s 0000a000 08:07 12534                      /media/anonymous/data/Android/android-studio/gradle/m2repository/net/sf/kxml/kxml2/2.3.0/kxml2-2.3.0.jar
7ff2991bd000-7ff2991be000 r--s 00002000 08:07 13984                      /media/anonymous/data/Android/android-studio/gradle/m2repository/com/android/databinding/baseLibrary/2.1.2/baseLibrary-2.1.2.jar
7ff2991be000-7ff2991c2000 r--s 0002a000 08:07 12313                      /media/anonymous/data/Android/android-studio/gradle/m2repository/commons-io/commons-io/2.4/commons-io-2.4.jar
7ff2991c2000-7ff2991cc000 r--s 00099000 08:07 12413                      /media/anonymous/data/Android/android-studio/gradle/m2repository/com/tunnelvisionlabs/antlr4/4.5/antlr4-4.5.jar
7ff2991cc000-7ff2991cf000 r--s 00033000 08:07 12433                      /media/anonymous/data/Android/android-studio/gradle/m2repository/com/googlecode/juniversalchardet/juniversalchardet/1.0.3/juniversalchardet-1.0.3.jar
7ff2991cf000-7ff2991e1000 r--s 00223000 08:07 12104                      /media/anonymous/data/Android/android-studio/gradle/m2repository/org/eclipse/jdt/core/compiler/ecj/4.4.2/ecj-4.4.2.jar
7ff2991e1000-7ff2991e8000 r--s 000be000 08:07 14034                      /media/anonymous/data/Android/android-studio/gradle/m2repository/com/android/tools/lint/lint-checks/25.1.2/lint-checks-25.1.2.jar
7ff2991e8000-7ff2991f8000 r--s 000d6000 08:07 12509                      /media/anonymous/data/Android/android-studio/gradle/m2repository/net/sf/proguard/proguard-base/5.2.1/proguard-base-5.2.1.jar
7ff2991f8000-7ff2991f9000 r--s 00001000 08:07 13993                      /media/anonymous/data/Android/android-studio/gradle/m2repository/com/android/tools/annotations/25.1.2/annotations-25.1.2.jar
7ff2991f9000-7ff299224000 r--s 001f9000 08:07 12246                      /media/anonymous/data/Android/android-studio/gradle/m2repository/com/google/guava/guava/17.0/guava-17.0.jar
7ff299224000-7ff299232000 r--s 00081000 08:07 12166                      /media/anonymous/data/Android/android-studio/gradle/m2repository/org/bouncycastle/bcpkix-jdk15on/1.48/bcpkix-jdk15on-1.48.jar
7ff299232000-7ff29923a000 r--s 00078000 08:07 14043                      /media/anonymous/data/Android/android-studio/gradle/m2repository/com/android/tools/sdklib/25.1.2/sdklib-25.1.2.jar
7ff29923a000-7ff299240000 r--s 0004a000 08:07 14025                      /media/anonymous/data/Android/android-studio/gradle/m2repository/com/android/tools/ddms/ddmlib/25.1.2/ddmlib-25.1.2.jar
7ff299240000-7ff299241000 r--s 00001000 08:07 20147                      /media/anonymous/data/Android/android-studio/gradle/m2repository/com/android/tools/jill/jill-api/0.10.0/jill-api-0.10.0.jar
7ff299241000-7ff299243000 r--s 00005000 08:07 14013                      /media/anonymous/data/Android/android-studio/gradle/m2repository/com/android/tools/build/builder-model/2.1.2/builder-model-2.1.2.jar
7ff299243000-7ff299244000 r--s 00002000 08:07 14001                      /media/anonymous/data/Android/android-studio/gradle/m2repository/com/android/tools/build/builder-test-api/2.1.2/builder-test-api-2.1.2.jar
7ff299244000-7ff299247000 r--s 00028000 08:07 14007                      /media/anonymous/data/Android/android-studio/gradle/m2repository/com/android/tools/build/manifest-merger/25.1.2/manifest-merger-25.1.2.jar
7ff299247000-7ff299249000 r--s 00002000 08:07 12228                      /media/anonymous/data/Android/android-studio/gradle/m2repository/com/squareup/javawriter/2.5.0/javawriter-2.5.0.jar
7ff299249000-7ff29924b000 r--s 00006000 08:07 12213                      /media/anonymous/data/Android/android-studio/gradle/m2repository/org/ow2/asm/asm-tree/5.0.3/asm-tree-5.0.3.jar
7ff29924b000-7ff299253000 r--s 0007c000 08:07 14022                      /media/anonymous/data/Android/android-studio/gradle/m2repository/com/android/tools/sdk-common/25.1.2/sdk-common-25.1.2.jar
7ff299253000-7ff299286000 r--s 00203000 08:07 12172                      /media/anonymous/data/Android/android-studio/gradle/m2repository/org/bouncycastle/bcprov-jdk15on/1.48/bcprov-jdk15on-1.48.jar
7ff299286000-7ff299288000 r--s 00003000 08:07 20148                      /media/anonymous/data/Android/android-studio/gradle/m2repository/com/android/tools/jack/jack-api/0.10.0/jack-api-0.10.0.jar
7ff299288000-7ff29928a000 r--s 00018000 08:07 14047                      /media/anonymous/data/Android/android-studio/gradle/m2repository/com/android/tools/common/25.1.2/common-25.1.2.jar
7ff29928a000-7ff29928f000 r--s 00058000 08:07 12328                      /media/anonymous/data/Android/android-studio/gradle/m2repository/org/ow2/asm/asm-debug-all/5.0.1/asm-debug-all-5.0.1.jar
7ff29928f000-7ff299293000 r--s 0002b000 08:07 13990                      /media/anonymous/data/Android/android-studio/gradle/m2repository/com/android/databinding/compilerCommon/2.1.2/compilerCommon-2.1.2.jar
7ff299293000-7ff299295000 r--s 00023000 08:07 14038                      /media/anonymous/data/Android/android-studio/gradle/m2repository/com/android/tools/lint/lint/25.1.2/lint-25.1.2.jar
7ff299295000-7ff299296000 r--s 0000c000 08:07 12201                      /media/anonymous/data/Android/android-studio/gradle/m2repository/org/ow2/asm/asm/5.0.3/asm-5.0.3.jar
7ff299296000-7ff299297000 r--s 00002000 08:07 12520                      /media/anonymous/data/Android/android-studio/gradle/m2repository/net/sf/proguard/proguard-gradle/5.2.1/proguard-gradle-5.2.1.jar
7ff299297000-7ff299298000 r--s 00002000 08:07 14004                      /media/anonymous/data/Android/android-studio/gradle/m2repository/com/android/tools/build/gradle-api/2.1.2/gradle-api-2.1.2.jar
7ff299298000-7ff29929a000 r--s 00009000 08:07 12658                      /media/anonymous/data/Android/android-studio/gradle/m2repository/org/ow2/asm/asm-commons/5.0.3/asm-commons-5.0.3.jar
7ff29929a000-7ff29929b000 r--s 00000000 08:07 20146                      /media/anonymous/data/Android/android-studio/gradle/m2repository/com/android/tools/build/transform-api/2.0.0-deprecated-use-gradle-api/transform-api-2.0.0-deprecated-use-gradle-api.jar
7ff29929b000-7ff2992af000 r--s 00130000 08:07 13999                      /media/anonymous/data/Android/android-studio/gradle/m2repository/com/android/tools/build/builder/2.1.2/builder-2.1.2.jar
7ff2992af000-7ff2992b3000 r--s 0001e000 08:07 12368                      /media/anonymous/data/Android/android-studio/gradle/m2repository/org/jacoco/org.jacoco.core/0.7.4.201502262128/org.jacoco.core-0.7.4.201502262128.jar
7ff2992b3000-7ff2992cf000 r--s 0017c000 08:07 14011                      /media/anonymous/data/Android/android-studio/gradle/m2repository/com/android/tools/build/gradle-core/2.1.2/gradle-core-2.1.2.jar
7ff2992cf000-7ff2992d1000 r--s 0000c000 08:07 14016                      /media/anonymous/data/Android/android-studio/gradle/m2repository/com/android/tools/build/gradle/2.1.2/gradle-2.1.2.jar
7ff2992d1000-7ff2992db000 r--s 00253000 08:05 1713580                    /usr/lib/jvm/java-7-oracle/jre/lib/resources.jar
7ff2992db000-7ff2992dd000 r--s 0000c000 08:07 20118                      /media/anonymous/data/Android/android-studio/plugins/gradle/lib/gradle-tooling-extension-api.jar
7ff2992dd000-7ff2993a5000 r--s 01013000 08:07 14071                      /media/anonymous/data/Android/android-studio/lib/openapi.jar
7ff2993a5000-7ff299411000 r--s 00696000 08:07 32311                      /media/anonymous/data/Android/android-studio/lib/groovy-all-2.3.9.jar
7ff299411000-7ff299416000 r--s 0002f000 08:07 12811                      /media/anonymous/data/Android/android-studio/lib/gson-2.3.1.jar
7ff299416000-7ff299419000 ---p 00000000 00:00 0 
7ff299419000-7ff29944f000 rw-p 00000000 00:00 0 
7ff29944f000-7ff299450000 r--p 00000000 00:00 0 
7ff299450000-7ff299452000 r--s 00025000 08:07 20119                      /media/anonymous/data/Android/android-studio/plugins/gradle/lib/gradle-tooling-extension-impl.jar
7ff299452000-7ff299453000 r--s 00000000 08:05 700773                     /home/anonymous/.gradle/caches/jars-1/dg22azhabc6tsc1i8xni15giz1bnssh/gradle-appengine-builder-model-0.1.0.jar
7ff299453000-7ff299455000 r--s 00005000 08:05 849525                     /home/anonymous/.gradle/caches/jars-1/58e0pg21hq3pnflhjzsj1fu9zg4vjmm/builder-model-2.1.0-alpha6.jar
7ff299455000-7ff29951d000 r--s 01013000 08:05 1062889                    /home/anonymous/.gradle/caches/jars-1/r0pal4pgfc3k4n3v7tiayk1rhofe1bh/openapi.jar
7ff29951d000-7ff29951f000 r--s 0000c000 08:05 1062888                    /home/anonymous/.gradle/caches/jars-1/3glq3jqa8scbn248tg3ca4cghppwkj0/gradle-tooling-extension-api.jar
7ff29951f000-7ff299526000 r--s 00031000 08:05 856838                     /home/anonymous/.gradle/caches/jars-1/mjzb6pkr202klpc4mvbvp2j9mhcyoj2/gradle-base-services-2.5.jar
7ff299526000-7ff29954e000 r--s 001cf000 08:05 700763                     /home/anonymous/.gradle/caches/jars-1/87eo0lrvp84r6dbxjq018wy66es2era/guava-jdk5-17.0.jar
7ff29954e000-7ff299559000 r--s 00036000 08:05 856837                     /home/anonymous/.gradle/caches/jars-1/ppuug715rid7lfxxo8hcoh44crsa3x4/gradle-tooling-api-2.5.jar
7ff299559000-7ff29955c000 ---p 00000000 00:00 0 
7ff29955c000-7ff29965a000 rw-p 00000000 00:00 0 
7ff29965a000-7ff2996c5000 r--s 00e21000 08:05 1601163                    /usr/lib/jvm/java-7-oracle/lib/tools.jar
7ff2996c5000-7ff2996c8000 ---p 00000000 00:00 0 
7ff2996c8000-7ff2997c6000 rw-p 00000000 00:00 0 
7ff2997c6000-7ff2997cd000 r--s 00000000 08:05 1091058                    /usr/lib/x86_64-linux-gnu/gconv/gconv-modules.cache
7ff2997cd000-7ff2997d0000 ---p 00000000 00:00 0 
7ff2997d0000-7ff2998ce000 rw-p 00000000 00:00 0 
7ff2998ce000-7ff2998d1000 ---p 00000000 00:00 0 
7ff2998d1000-7ff2999cf000 rw-p 00000000 00:00 0 
7ff2999cf000-7ff2999d2000 ---p 00000000 00:00 0 
7ff2999d2000-7ff299ad0000 rw-p 00000000 00:00 0 
7ff299ad0000-7ff299ad3000 ---p 00000000 00:00 0 
7ff299ad3000-7ff299bd1000 rw-p 00000000 00:00 0 
7ff299bd1000-7ff299bd4000 ---p 00000000 00:00 0 
7ff299bd4000-7ff299cd2000 rw-p 00000000 00:00 0 
7ff299cd2000-7ff299cd6000 r--s 0008b000 08:05 1719553                    /usr/lib/jvm/java-7-oracle/jre/lib/jsse.jar
7ff299cd6000-7ff299cd8000 r--s 00005000 08:05 746973                     /home/anonymous/.gradle/wrapper/dists/gradle-2.10-all/a4w5fzrkeut1ox71xslb49gst/gradle-2.10/lib/plugins/gradle-tooling-api-builders-2.10.jar
7ff299cd8000-7ff299ce8000 r--s 00088000 08:05 747677                     /home/anonymous/.gradle/wrapper/dists/gradle-2.10-all/a4w5fzrkeut1ox71xslb49gst/gradle-2.10/lib/plugins/joda-time-2.8.2.jar
7ff299ce8000-7ff299cf9000 r--s 000cf000 08:05 747676                     /home/anonymous/.gradle/wrapper/dists/gradle-2.10-all/a4w5fzrkeut1ox71xslb49gst/gradle-2.10/lib/plugins/jackson-databind-2.3.2.jar
7ff299cf9000-7ff299cfb000 r--s 00007000 08:05 747675                     /home/anonymous/.gradle/wrapper/dists/gradle-2.10-all/a4w5fzrkeut1ox71xslb49gst/gradle-2.10/lib/plugins/jackson-annotations-2.3.2.jar
7ff299cfb000-7ff299cfe000 r--s 0002e000 08:05 747674                     /home/anonymous/.gradle/wrapper/dists/gradle-2.10-all/a4w5fzrkeut1ox71xslb49gst/gradle-2.10/lib/plugins/jackson-core-2.3.2.jar
7ff299cfe000-7ff299d09000 r--s 0006b000 08:05 747673                     /home/anonymous/.gradle/wrapper/dists/gradle-2.10-all/a4w5fzrkeut1ox71xslb49gst/gradle-2.10/lib/plugins/aws-java-sdk-core-1.9.19.jar
7ff299d09000-7ff299d0f000 r--s 00036000 08:05 747672                     /home/anonymous/.gradle/wrapper/dists/gradle-2.10-all/a4w5fzrkeut1ox71xslb49gst/gradle-2.10/lib/plugins/aws-java-sdk-kms-1.9.19.jar
7ff299d0f000-7ff299d1a000 r--s 00079000 08:05 747671                     /home/anonymous/.gradle/wrapper/dists/gradle-2.10-all/a4w5fzrkeut1ox71xslb49gst/gradle-2.10/lib/plugins/aws-java-sdk-s3-1.9.19.jar
7ff299d1a000-7ff299d1b000 r--s 00003000 08:05 746972                     /home/anonymous/.gradle/wrapper/dists/gradle-2.10-all/a4w5fzrkeut1ox71xslb49gst/gradle-2.10/lib/plugins/gradle-resources-s3-2.10.jar
7ff299d1b000-7ff299d1c000 r--s 00004000 08:05 746971                     /home/anonymous/.gradle/wrapper/dists/gradle-2.10-all/a4w5fzrkeut1ox71xslb49gst/gradle-2.10/lib/plugins/gradle-resources-sftp-2.10.jar
7ff299d1c000-7ff299d1d000 r--s 00001000 08:05 746968                     /home/anonymous/.gradle/wrapper/dists/gradle-2.10-all/a4w5fzrkeut1ox71xslb49gst/gradle-2.10/lib/plugins/gradle-plugin-development-2.10.jar
7ff299d1d000-7ff299d1f000 r--s 00005000 08:05 746967                     /home/anonymous/.gradle/wrapper/dists/gradle-2.10-all/a4w5fzrkeut1ox71xslb49gst/gradle-2.10/lib/plugins/gradle-testing-native-2.10.jar
7ff299d1f000-7ff299d24000 r--s 0002b000 08:05 746966                     /home/anonymous/.gradle/wrapper/dists/gradle-2.10-all/a4w5fzrkeut1ox71xslb49gst/gradle-2.10/lib/plugins/gradle-ide-native-2.10.jar
7ff299d24000-7ff299d29000 r--s 0001a000 08:05 746965                     /home/anonymous/.gradle/wrapper/dists/gradle-2.10-all/a4w5fzrkeut1ox71xslb49gst/gradle-2.10/lib/plugins/gradle-language-native-2.10.jar
7ff299d29000-7ff299d2e000 r--s 00028000 08:05 746964                     /home/anonymous/.gradle/wrapper/dists/gradle-2.10-all/a4w5fzrkeut1ox71xslb49gst/gradle-2.10/lib/plugins/gradle-platform-play-2.10.jar
7ff299d2e000-7ff299d3b000 r--s 0004f000 08:05 746963                     /home/anonymous/.gradle/wrapper/dists/gradle-2.10-all/a4w5fzrkeut1ox71xslb49gst/gradle-2.10/lib/plugins/gradle-platform-native-2.10.jar
7ff299d3b000-7ff299d3e000 r--s 00008000 08:05 746962                     /home/anonymous/.gradle/wrapper/dists/gradle-2.10-all/a4w5fzrkeut1ox71xslb49gst/gradle-2.10/lib/plugins/gradle-language-scala-2.10.jar
7ff299d3e000-7ff299d40000 r--s 00009000 08:05 746961                     /home/anonymous/.gradle/wrapper/dists/gradle-2.10-all/a4w5fzrkeut1ox71xslb49gst/gradle-2.10/lib/plugins/gradle-language-groovy-2.10.jar
7ff299d40000-7ff299d46000 r--s 00023000 08:05 746960                     /home/anonymous/.gradle/wrapper/dists/gradle-2.10-all/a4w5fzrkeut1ox71xslb49gst/gradle-2.10/lib/plugins/gradle-language-java-2.10.jar
7ff299d46000-7ff299d48000 r--s 00008000 08:05 746959                     /home/anonymous/.gradle/wrapper/dists/gradle-2.10-all/a4w5fzrkeut1ox71xslb49gst/gradle-2.10/lib/plugins/gradle-language-jvm-2.10.jar
7ff299d48000-7ff299d4b000 r--s 00015000 08:05 746958                     /home/anonymous/.gradle/wrapper/dists/gradle-2.10-all/a4w5fzrkeut1ox71xslb49gst/gradle-2.10/lib/plugins/gradle-platform-jvm-2.10.jar
7ff299d4b000-7ff299d53000 r--s 0002b000 08:05 746957                     /home/anonymous/.gradle/wrapper/dists/gradle-2.10-all/a4w5fzrkeut1ox71xslb49gst/gradle-2.10/lib/plugins/gradle-platform-base-2.10.jar
7ff299d53000-7ff299d57000 r--s 00020000 08:05 746956                     /home/anonymous/.gradle/wrapper/dists/gradle-2.10-all/a4w5fzrkeut1ox71xslb49gst/gradle-2.10/lib/plugins/gradle-build-init-2.10.jar
7ff299d57000-7ff299d5a000 r--s 00017000 08:05 746955                     /home/anonymous/.gradle/wrapper/dists/gradle-2.10-all/a4w5fzrkeut1ox71xslb49gst/gradle-2.10/lib/plugins/gradle-jacoco-2.10.jar
7ff299d5a000-7ff299d5d000 r--s 0000e000 08:05 746954                     /home/anonymous/.gradle/wrapper/dists/gradle-2.10-all/a4w5fzrkeut1ox71xslb49gst/gradle-2.10/lib/plugins/gradle-ivy-2.10.jar
7ff299d5d000-7ff299d5f000 r--s 00002000 08:05 746953                     /home/anonymous/.gradle/wrapper/dists/gradle-2.10-all/a4w5fzrkeut1ox71xslb49gst/gradle-2.10/lib/plugins/gradle-publish-2.10.jar
7ff299d5f000-7ff299d61000 r--s 00005000 08:05 747667                     /home/anonymous/.gradle/wrapper/dists/gradle-2.10-all/a4w5fzrkeut1ox71xslb49gst/gradle-2.10/lib/plugins/jatl-0.2.2.jar
7ff299d61000-7ff299d63000 r--s 0000f000 08:05 746952                     /home/anonymous/.gradle/wrapper/dists/gradle-2.10-all/a4w5fzrkeut1ox71xslb49gst/gradle-2.10/lib/plugins/gradle-reporting-2.10.jar
7ff299d63000-7ff299d69000 r--s 00036000 08:05 746951                     /home/anonymous/.gradle/wrapper/dists/gradle-2.10-all/a4w5fzrkeut1ox71xslb49gst/gradle-2.10/lib/plugins/gradle-diagnostics-2.10.jar
7ff299d69000-7ff299d70000 r--s 0008f000 08:05 746950                     /home/anonymous/.gradle/wrapper/dists/gradle-2.10-all/a4w5fzrkeut1ox71xslb49gst/gradle-2.10/lib/plugins/gradle-build-comparison-2.10.jar
7ff299d70000-7ff299d77000 r--s 00035000 08:05 747666                     /home/anonymous/.gradle/wrapper/dists/gradle-2.10-all/a4w5fzrkeut1ox71xslb49gst/gradle-2.10/lib/plugins/simple-4.1.21.jar
7ff299d77000-7ff299d83000 r--s 00100000 08:05 747664                     /home/anonymous/.gradle/wrapper/dists/gradle-2.10-all/a4w5fzrkeut1ox71xslb49gst/gradle-2.10/lib/plugins/rhino-1.7R3.jar
7ff299d83000-7ff299d87000 r--s 0001c000 08:05 746949                     /home/anonymous/.gradle/wrapper/dists/gradle-2.10-all/a4w5fzrkeut1ox71xslb49gst/gradle-2.10/lib/plugins/gradle-javascript-2.10.jar
7ff299d87000-7ff299d89000 r--s 0000b000 08:05 746948                     /home/anonymous/.gradle/wrapper/dists/gradle-2.10-all/a4w5fzrkeut1ox71xslb49gst/gradle-2.10/lib/plugins/gradle-ear-2.10.jar
7ff299d89000-7ff299d90000 r--s 00038000 08:05 747663                     /home/anonymous/.gradle/wrapper/dists/gradle-2.10-all/a4w5fzrkeut1ox71xslb49gst/gradle-2.10/lib/plugins/bcpg-jdk15on-1.51.jar
7ff299d90000-7ff299d92000 r--s 00017000 08:05 746947                     /home/anonymous/.gradle/wrapper/dists/gradle-2.10-all/a4w5fzrkeut1ox71xslb49gst/gradle-2.10/lib/plugins/gradle-signing-2.10.jar
7ff299d92000-7ff299d93000 r--s 00002000 08:05 747662                     /home/anonymous/.gradle/wrapper/dists/gradle-2.10-all/a4w5fzrkeut1ox71xslb49gst/gradle-2.10/lib/plugins/sonar-batch-bootstrapper-2.9.jar
7ff299d93000-7ff299d96000 r--s 00015000 08:05 746946                     /home/anonymous/.gradle/wrapper/dists/gradle-2.10-all/a4w5fzrkeut1ox71xslb49gst/gradle-2.10/lib/plugins/gradle-sonar-2.10.jar
7ff299d96000-7ff299d99000 r--s 00010000 08:05 746945                     /home/anonymous/.gradle/wrapper/dists/gradle-2.10-all/a4w5fzrkeut1ox71xslb49gst/gradle-2.10/lib/plugins/gradle-scala-2.10.jar
7ff299d99000-7ff299d9b000 r--s 0000a000 08:05 746944                     /home/anonymous/.gradle/wrapper/dists/gradle-2.10-all/a4w5fzrkeut1ox71xslb49gst/gradle-2.10/lib/plugins/gradle-announce-2.10.jar
7ff299d9b000-7ff299daa000 r--s 0009f000 08:05 746943                     /home/anonymous/.gradle/wrapper/dists/gradle-2.10-all/a4w5fzrkeut1ox71xslb49gst/gradle-2.10/lib/plugins/gradle-ide-2.10.jar
7ff299daa000-7ff299dad000 r--s 0000c000 08:05 747661                     /home/anonymous/.gradle/wrapper/dists/gradle-2.10-all/a4w5fzrkeut1ox71xslb49gst/gradle-2.10/lib/plugins/pmaven-groovy-0.8-20100325.jar
7ff299dad000-7ff299dae000 r--s 00004000 08:05 747660                     /home/anonymous/.gradle/wrapper/dists/gradle-2.10-all/a4w5fzrkeut1ox71xslb49gst/gradle-2.10/lib/plugins/pmaven-common-0.8-20100325.jar
7ff299dae000-7ff299db4000 r--s 00022000 08:05 746942                     /home/anonymous/.gradle/wrapper/dists/gradle-2.10-all/a4w5fzrkeut1ox71xslb49gst/gradle-2.10/lib/plugins/gradle-maven-2.10.jar
7ff299db4000-7ff299dd5000 r--s 001c3000 08:05 747658                     /home/anonymous/.gradle/wrapper/dists/gradle-2.10-all/a4w5fzrkeut1ox71xslb49gst/gradle-2.10/lib/plugins/bndlib-2.4.0.jar
7ff299dd5000-7ff299dd7000 r--s 00004000 08:05 746941                     /home/anonymous/.gradle/wrapper/dists/gradle-2.10-all/a4w5fzrkeut1ox71xslb49gst/gradle-2.10/lib/plugins/gradle-osgi-2.10.jar
7ff299dd7000-7ff299dd9000 r--s 00008000 08:05 746940                     /home/anonymous/.gradle/wrapper/dists/gradle-2.10-all/a4w5fzrkeut1ox71xslb49gst/gradle-2.10/lib/plugins/gradle-antlr-2.10.jar
7ff299dd9000-7ff299ddc000 r--s 0001e000 08:05 747686                     /home/anonymous/.gradle/wrapper/dists/gradle-2.10-all/a4w5fzrkeut1ox71xslb49gst/gradle-2.10/lib/plugins/jsp-api-2.1-6.1.14.jar
7ff299ddc000-7ff299dff000 r--s 00344000 08:05 747685                     /home/anonymous/.gradle/wrapper/dists/gradle-2.10-all/a4w5fzrkeut1ox71xslb49gst/gradle-2.10/lib/plugins/core-3.1.1.jar
7ff299dff000-7ff299e00000 r--s 00006000 08:05 747684                     /home/anonymous/.gradle/wrapper/dists/gradle-2.10-all/a4w5fzrkeut1ox71xslb49gst/gradle-2.10/lib/plugins/jetty-naming-6.1.25.jar
7ff299e00000-7ff299e01000 r--s 00002000 08:05 747657                     /home/anonymous/.gradle/wrapper/dists/gradle-2.10-all/a4w5fzrkeut1ox71xslb49gst/gradle-2.10/lib/plugins/geronimo-annotation_1.0_spec-1.0.jar
7ff299e01000-7ff299e03000 r--s 00002000 08:05 747656                     /home/anonymous/.gradle/wrapper/dists/gradle-2.10-all/a4w5fzrkeut1ox71xslb49gst/gradle-2.10/lib/plugins/jetty-annotations-6.1.25.jar
7ff299e03000-7ff299e14000 r--s 000ea000 08:05 747653                     /home/anonymous/.gradle/wrapper/dists/gradle-2.10-all/a4w5fzrkeut1ox71xslb49gst/gradle-2.10/lib/plugins/jsp-2.1-6.1.14.jar
7ff299e14000-7ff299e16000 r--s 0000d000 08:05 747651                     /home/anonymous/.gradle/wrapper/dists/gradle-2.10-all/a4w5fzrkeut1ox71xslb49gst/gradle-2.10/lib/plugins/jetty-plus-6.1.25.jar
7ff299e16000-7ff299e18000 r--s 0001f000 08:05 746997                     /home/anonymous/.gradle/wrapper/dists/gradle-2.10-all/a4w5fzrkeut1ox71xslb49gst/gradle-2.10/lib/plugins/servlet-api-2.5-20081211.jar
7ff299e18000-7ff299e1c000 r--s 00028000 08:05 746980                     /home/anonymous/.gradle/wrapper/dists/gradle-2.10-all/a4w5fzrkeut1ox71xslb49gst/gradle-2.10/lib/plugins/jetty-util-6.1.25.jar
7ff299e1c000-7ff299e23000 r--s 0007d000 08:05 746979                     /home/anonymous/.gradle/wrapper/dists/gradle-2.10-all/a4w5fzrkeut1ox71xslb49gst/gradle-2.10/lib/plugins/jetty-6.1.25.jar
7ff299e23000-7ff299e25000 r--s 00009000 08:05 746939                     /home/anonymous/.gradle/wrapper/dists/gradle-2.10-all/a4w5fzrkeut1ox71xslb49gst/gradle-2.10/lib/plugins/gradle-jetty-2.10.jar
7ff299e25000-7ff299e2b000 r--s 00037000 08:05 746938                     /home/anonymous/.gradle/wrapper/dists/gradle-2.10-all/a4w5fzrkeut1ox71xslb49gst/gradle-2.10/lib/plugins/gradle-code-quality-2.10.jar
7ff299e2b000-7ff299e2d000 r--s 00009000 08:05 747716                     /home/anonymous/.gradle/wrapper/dists/gradle-2.10-all/a4w5fzrkeut1ox71xslb49gst/gradle-2.10/lib/plugins/hamcrest-core-1.3.jar
7ff299e2d000-7ff299e33000 r--s 00033000 08:05 747683                     /home/anonymous/.gradle/wrapper/dists/gradle-2.10-all/a4w5fzrkeut1ox71xslb49gst/gradle-2.10/lib/plugins/snakeyaml-1.6.jar
7ff299e33000-7ff299e35000 r--s 00006000 08:05 747682                     /home/anonymous/.gradle/wrapper/dists/gradle-2.10-all/a4w5fzrkeut1ox71xslb49gst/gradle-2.10/lib/plugins/jcommander-1.12.jar
7ff299e35000-7ff299e3a000 r--s 00040000 08:05 747681                     /home/anonymous/.gradle/wrapper/dists/gradle-2.10-all/a4w5fzrkeut1ox71xslb49gst/gradle-2.10/lib/plugins/bsh-2.0b4.jar
7ff299e3a000-7ff299e3c000 r--s 00009000 08:05 746978                     /home/anonymous/.gradle/wrapper/dists/gradle-2.10-all/a4w5fzrkeut1ox71xslb49gst/gradle-2.10/lib/plugins/commons-cli-1.2.jar
7ff299e3c000-7ff299e45000 r--s 00089000 08:05 746977                     /home/anonymous/.gradle/wrapper/dists/gradle-2.10-all/a4w5fzrkeut1ox71xslb49gst/gradle-2.10/lib/plugins/testng-6.3.1.jar
7ff299e45000-7ff299e4d000 r--s 00045000 08:05 746976                     /home/anonymous/.gradle/wrapper/dists/gradle-2.10-all/a4w5fzrkeut1ox71xslb49gst/gradle-2.10/lib/plugins/junit-4.12.jar
7ff299e4d000-7ff299e5a000 r--s 00073000 08:05 746937                     /home/anonymous/.gradle/wrapper/dists/gradle-2.10-all/a4w5fzrkeut1ox71xslb49gst/gradle-2.10/lib/plugins/gradle-plugins-2.10.jar
7ff299e5a000-7ff299e72000 r--s 00115000 08:05 747714                     /home/anonymous/.gradle/wrapper/dists/gradle-2.10-all/a4w5fzrkeut1ox71xslb49gst/gradle-2.10/lib/plugins/xercesImpl-2.9.1.jar
7ff299e72000-7ff299e7a000 r--s 00028000 08:05 747715                     /home/anonymous/.gradle/wrapper/dists/gradle-2.10-all/a4w5fzrkeut1ox71xslb49gst/gradle-2.10/lib/plugins/xml-apis-1.3.04.jar
7ff299e7a000-7ff299e80000 r--s 0005b000 08:05 747713                     /home/anonymous/.gradle/wrapper/dists/gradle-2.10-all/a4w5fzrkeut1ox71xslb49gst/gradle-2.10/lib/plugins/jcifs-1.3.17.jar
7ff299e80000-7ff299e86000 r--s 00031000 08:05 747712                     /home/anonymous/.gradle/wrapper/dists/gradle-2.10-all/a4w5fzrkeut1ox71xslb49gst/gradle-2.10/lib/plugins/httpcore-4.2.2.jar
7ff299e86000-7ff299e8c000 r--s 00033000 08:05 747711                     /home/anonymous/.gradle/wrapper/dists/gradle-2.10-all/a4w5fzrkeut1ox71xslb49gst/gradle-2.10/lib/plugins/commons-codec-1.6.jar
7ff299e8c000-7ff299e8f000 r--s 0001c000 08:05 747669                     /home/anonymous/.gradle/wrapper/dists/gradle-2.10-all/a4w5fzrkeut1ox71xslb49gst/gradle-2.10/lib/plugins/nekohtml-1.9.14.jar
7ff299e8f000-7ff299e98000 r--s 00060000 08:05 747668                     /home/anonymous/.gradle/wrapper/dists/gradle-2.10-all/a4w5fzrkeut1ox71xslb49gst/gradle-2.10/lib/plugins/httpclient-4.2.2.jar
7ff299e98000-7ff299e9a000 r--s 00009000 08:05 746970                     /home/anonymous/.gradle/wrapper/dists/gradle-2.10-all/a4w5fzrkeut1ox71xslb49gst/gradle-2.10/lib/plugins/gradle-resources-http-2.10.jar
7ff299e9a000-7ff299e9d000 r--s 00011000 08:05 746969                     /home/anonymous/.gradle/wrapper/dists/gradle-2.10-all/a4w5fzrkeut1ox71xslb49gst/gradle-2.10/lib/plugins/gradle-plugin-use-2.10.jar
7ff299e9d000-7ff299e9e000 r--s 00007000 08:05 747710                     /home/anonymous/.gradle/wrapper/dists/gradle-2.10-all/a4w5fzrkeut1ox71xslb49gst/gradle-2.10/lib/plugins/wagon-http-shared4-2.4.jar
7ff299e9e000-7ff299ea2000 r--s 00033000 08:05 747709                     /home/anonymous/.gradle/wrapper/dists/gradle-2.10-all/a4w5fzrkeut1ox71xslb49gst/gradle-2.10/lib/plugins/plexus-utils-2.0.6.jar
7ff299ea2000-7ff299ea6000 r--s 00021000 08:05 747708                     /home/anonymous/.gradle/wrapper/dists/gradle-2.10-all/a4w5fzrkeut1ox71xslb49gst/gradle-2.10/lib/plugins/maven-model-builder-3.0.4.jar
7ff299ea6000-7ff299ea7000 r--s 00002000 08:05 747707                     /home/anonymous/.gradle/wrapper/dists/gradle-2.10-all/a4w5fzrkeut1ox71xslb49gst/gradle-2.10/lib/plugins/wagon-file-2.4.jar
7ff299ea7000-7ff299ea9000 r--s 00002000 08:05 747706                     /home/anonymous/.gradle/wrapper/dists/gradle-2.10-all/a4w5fzrkeut1ox71xslb49gst/gradle-2.10/lib/plugins/plexus-cipher-1.7.jar
7ff299ea9000-7ff299eac000 r--s 00013000 08:05 747705                     /home/anonymous/.gradle/wrapper/dists/gradle-2.10-all/a4w5fzrkeut1ox71xslb49gst/gradle-2.10/lib/plugins/aether-api-1.13.1.jar
7ff299eac000-7ff299eae000 r--s 0000a000 08:05 747704                     /home/anonymous/.gradle/wrapper/dists/gradle-2.10-all/a4w5fzrkeut1ox71xslb49gst/gradle-2.10/lib/plugins/maven-settings-3.0.4.jar
7ff299eae000-7ff299eb0000 r--s 0000d000 08:05 747703                     /home/anonymous/.gradle/wrapper/dists/gradle-2.10-all/a4w5fzrkeut1ox71xslb49gst/gradle-2.10/lib/plugins/plexus-interpolation-1.14.jar
7ff299eb0000-7ff299eb2000 r--s 0000b000 08:05 747702                     /home/anonymous/.gradle/wrapper/dists/gradle-2.10-all/a4w5fzrkeut1ox71xslb49gst/gradle-2.10/lib/plugins/maven-artifact-3.0.4.jar
7ff299eb2000-7ff299eb9000 r--s 0002e000 08:05 747701                     /home/anonymous/.gradle/wrapper/dists/gradle-2.10-all/a4w5fzrkeut1ox71xslb49gst/gradle-2.10/lib/plugins/plexus-container-default-1.5.5.jar
7ff299eb9000-7ff299ebb000 r--s 0000b000 08:05 747700                     /home/anonymous/.gradle/wrapper/dists/gradle-2.10-all/a4w5fzrkeut1ox71xslb49gst/gradle-2.10/lib/plugins/maven-plugin-api-3.0.4.jar
7ff299ebb000-7ff299ebd000 r--s 00000000 08:05 747717                     /home/anonymous/.gradle/wrapper/dists/gradle-2.10-all/a4w5fzrkeut1ox71xslb49gst/gradle-2.10/lib/plugins/plexus-component-annotations-1.5.5.jar
7ff299ebd000-7ff299ec3000 r--s 0003f000 08:05 747699                     /home/anonymous/.gradle/wrapper/dists/gradle-2.10-all/a4w5fzrkeut1ox71xslb49gst/gradle-2.10/lib/plugins/maven-compat-3.0.4.jar
7ff299ec3000-7ff299ec6000 r--s 00008000 08:05 747698                     /home/anonymous/.gradle/wrapper/dists/gradle-2.10-all/a4w5fzrkeut1ox71xslb49gst/gradle-2.10/lib/plugins/maven-settings-builder-3.0.4.jar
7ff299ec6000-7ff299ec7000 r--s 00002000 08:05 747697                     /home/anonymous/.gradle/wrapper/dists/gradle-2.10-all/a4w5fzrkeut1ox71xslb49gst/gradle-2.10/lib/plugins/wagon-http-2.4.jar
7ff299ec7000-7ff299ec9000 r--s 00026000 08:05 747696                     /home/anonymous/.gradle/wrapper/dists/gradle-2.10-all/a4w5fzrkeut1ox71xslb49gst/gradle-2.10/lib/plugins/maven-model-3.0.4.jar
7ff299ec9000-7ff299ecb000 r--s 00006000 08:05 747695                     /home/anonymous/.gradle/wrapper/dists/gradle-2.10-all/a4w5fzrkeut1ox71xslb49gst/gradle-2.10/lib/plugins/aether-connector-wagon-1.13.1.jar
7ff299ecb000-7ff299ecd000 r--s 0000a000 08:05 747694                     /home/anonymous/.gradle/wrapper/dists/gradle-2.10-all/a4w5fzrkeut1ox71xslb49gst/gradle-2.10/lib/plugins/plexus-classworlds-2.4.jar
7ff299ecd000-7ff299ecf000 r--s 00006000 08:05 747693                     /home/anonymous/.gradle/wrapper/dists/gradle-2.10-all/a4w5fzrkeut1ox71xslb49gst/gradle-2.10/lib/plugins/maven-repository-metadata-3.0.4.jar
7ff299ecf000-7ff299ed1000 r--s 0000c000 08:05 747692                     /home/anonymous/.gradle/wrapper/dists/gradle-2.10-all/a4w5fzrkeut1ox71xslb49gst/gradle-2.10/lib/plugins/maven-aether-provider-3.0.4.jar
7ff299ed1000-7ff299ed3000 r--s 0000b000 08:05 747691                     /home/anonymous/.gradle/wrapper/dists/gradle-2.10-all/a4w5fzrkeut1ox71xslb49gst/gradle-2.10/lib/plugins/wagon-provider-api-2.4.jar
7ff299ed3000-7ff299ed4000 r--s 00003000 08:05 747690                     /home/anonymous/.gradle/wrapper/dists/gradle-2.10-all/a4w5fzrkeut1ox71xslb49gst/gradle-2.10/lib/plugins/aether-spi-1.13.1.jar
7ff299ed4000-7ff299ed8000 r--s 0001c000 08:05 747689                     /home/anonymous/.gradle/wrapper/dists/gradle-2.10-all/a4w5fzrkeut1ox71xslb49gst/gradle-2.10/lib/plugins/aether-util-1.13.1.jar
7ff299ed8000-7ff299edb000 r--s 0001d000 08:05 747688                     /home/anonymous/.gradle/wrapper/dists/gradle-2.10-all/a4w5fzrkeut1ox71xslb49gst/gradle-2.10/lib/plugins/aether-impl-1.13.1.jar
7ff299edb000-7ff299edc000 r--s 00006000 08:05 747687                     /home/anonymous/.gradle/wrapper/dists/gradle-2.10-all/a4w5fzrkeut1ox71xslb49gst/gradle-2.10/lib/plugins/plexus-sec-dispatcher-1.3.jar
7ff299edc000-7ff299f1c000 r--s 00277000 08:05 747680                     /home/anonymous/.gradle/wrapper/dists/gradle-2.10-all/a4w5fzrkeut1ox71xslb49gst/gradle-2.10/lib/plugins/bcprov-jdk15on-1.51.jar
7ff299f1c000-7ff299f28000 r--s 0007d000 08:05 747659                     /home/anonymous/.gradle/wrapper/dists/gradle-2.10-all/a4w5fzrkeut1ox71xslb49gst/gradle-2.10/lib/plugins/maven-core-3.0.4.jar
7ff299f28000-7ff299f37000 r--s 000d9000 08:05 747678                     /home/anonymous/.gradle/wrapper/dists/gradle-2.10-all/a4w5fzrkeut1ox71xslb49gst/gradle-2.10/lib/plugins/ivy-2.2.0.jar
7ff299f37000-7ff299f4d000 r-xp 00000000 08:05 925593                     /lib/x86_64-linux-gnu/libgcc_s.so.1
7ff299f4d000-7ff29a14c000 ---p 00016000 08:05 925593                     /lib/x86_64-linux-gnu/libgcc_s.so.1
7ff29a14c000-7ff29a14d000 rw-p 00015000 08:05 925593                     /lib/x86_64-linux-gnu/libgcc_s.so.1
7ff29a14d000-7ff29a2bf000 r-xp 00000000 08:05 655572                     /usr/lib/x86_64-linux-gnu/libstdc++.so.6.0.21
7ff29a2bf000-7ff29a4bf000 ---p 00172000 08:05 655572                     /usr/lib/x86_64-linux-gnu/libstdc++.so.6.0.21
7ff29a4bf000-7ff29a4c9000 r--p 00172000 08:05 655572                     /usr/lib/x86_64-linux-gnu/libstdc++.so.6.0.21
7ff29a4c9000-7ff29a4cb000 rw-p 0017c000 08:05 655572                     /usr/lib/x86_64-linux-gnu/libstdc++.so.6.0.21
7ff29a4cb000-7ff29a4cf000 rw-p 00000000 00:00 0 
7ff29a4cf000-7ff29a4d4000 r--s 00040000 08:05 747670                     /home/anonymous/.gradle/wrapper/dists/gradle-2.10-all/a4w5fzrkeut1ox71xslb49gst/gradle-2.10/lib/plugins/jsch-0.1.53.jar
7ff29a4d4000-7ff29a4d8000 r--s 0001d000 08:05 747679                     /home/anonymous/.gradle/wrapper/dists/gradle-2.10-all/a4w5fzrkeut1ox71xslb49gst/gradle-2.10/lib/plugins/xbean-reflect-3.4.jar
7ff29a4d8000-7ff29a4dd000 r--s 0002a000 08:05 747665                     /home/anonymous/.gradle/wrapper/dists/gradle-2.10-all/a4w5fzrkeut1ox71xslb49gst/gradle-2.10/lib/plugins/gson-2.2.4.jar
7ff29a4dd000-7ff29a4f9000 r--s 000c9000 08:05 746974                     /home/anonymous/.gradle/wrapper/dists/gradle-2.10-all/a4w5fzrkeut1ox71xslb49gst/gradle-2.10/lib/plugins/gradle-dependency-management-2.10.jar
7ff29a4f9000-7ff29a4fd000 r-xp 00000000 08:05 700748                     /home/anonymous/.gradle/native/19/linux-amd64/libnative-platform.so
7ff29a4fd000-7ff29a6fc000 ---p 00004000 08:05 700748                     /home/anonymous/.gradle/native/19/linux-amd64/libnative-platform.so
7ff29a6fc000-7ff29a6fd000 rw-p 00003000 08:05 700748                     /home/anonymous/.gradle/native/19/linux-amd64/libnative-platform.so
7ff29a6fd000-7ff29a70d000 r-xp 00000000 08:05 1713426                    /usr/lib/jvm/java-7-oracle/jre/lib/amd64/libnio.so
7ff29a70d000-7ff29a90d000 ---p 00010000 08:05 1713426                    /usr/lib/jvm/java-7-oracle/jre/lib/amd64/libnio.so
7ff29a90d000-7ff29a90e000 rw-p 00010000 08:05 1713426                    /usr/lib/jvm/java-7-oracle/jre/lib/amd64/libnio.so
7ff29a90e000-7ff29ac0f000 rw-p 00000000 00:00 0 
7ff29ac0f000-7ff29ac26000 r-xp 00000000 08:05 1713494                    /usr/lib/jvm/java-7-oracle/jre/lib/amd64/libnet.so
7ff29ac26000-7ff29ae25000 ---p 00017000 08:05 1713494                    /usr/lib/jvm/java-7-oracle/jre/lib/amd64/libnet.so
7ff29ae25000-7ff29ae26000 rw-p 00016000 08:05 1713494                    /usr/lib/jvm/java-7-oracle/jre/lib/amd64/libnet.so
7ff29ae26000-7ff29ae27000 r--s 00006000 08:05 746891                     /home/anonymous/.gradle/wrapper/dists/gradle-2.10-all/a4w5fzrkeut1ox71xslb49gst/gradle-2.10/lib/gradle-wrapper-2.10.jar
7ff29ae27000-7ff29ae32000 r--s 0003b000 08:05 746896                     /home/anonymous/.gradle/wrapper/dists/gradle-2.10-all/a4w5fzrkeut1ox71xslb49gst/gradle-2.10/lib/gradle-tooling-api-2.10.jar
7ff29ae32000-7ff29ae34000 r--s 00002000 08:05 746918                     /home/anonymous/.gradle/wrapper/dists/gradle-2.10-all/a4w5fzrkeut1ox71xslb49gst/gradle-2.10/lib/gradle-open-api-2.10.jar
7ff29ae34000-7ff29ae3a000 r--s 00032000 08:05 746920                     /home/anonymous/.gradle/wrapper/dists/gradle-2.10-all/a4w5fzrkeut1ox71xslb49gst/gradle-2.10/lib/jaxen-1.1.jar
7ff29ae3a000-7ff29ae3f000 r--s 00048000 08:05 746919                     /home/anonymous/.gradle/wrapper/dists/gradle-2.10-all/a4w5fzrkeut1ox71xslb49gst/gradle-2.10/lib/dom4j-1.6.1.jar
7ff29ae3f000-7ff29ae4a000 r--s 00059000 08:05 746895                     /home/anonymous/.gradle/wrapper/dists/gradle-2.10-all/a4w5fzrkeut1ox71xslb49gst/gradle-2.10/lib/gradle-ui-2.10.jar
7ff29ae4a000-7ff29ae4d000 r--s 00008000 08:05 746914                     /home/anonymous/.gradle/wrapper/dists/gradle-2.10-all/a4w5fzrkeut1ox71xslb49gst/gradle-2.10/lib/gradle-resources-2.10.jar
7ff29ae4d000-7ff29ae4f000 r--s 00007000 08:05 746936                     /home/anonymous/.gradle/wrapper/dists/gradle-2.10-all/a4w5fzrkeut1ox71xslb49gst/gradle-2.10/lib/objenesis-1.2.jar
7ff29ae4f000-7ff29ae51000 r--s 00000000 08:05 746935                     /home/anonymous/.gradle/wrapper/dists/gradle-2.10-all/a4w5fzrkeut1ox71xslb49gst/gradle-2.10/lib/minlog-1.2.jar
7ff29ae51000-7ff29ae53000 r--s 0000f000 08:05 746934                     /home/anonymous/.gradle/wrapper/dists/gradle-2.10-all/a4w5fzrkeut1ox71xslb49gst/gradle-2.10/lib/reflectasm-1.07-shaded.jar
7ff29ae53000-7ff29ae57000 r--s 00026000 08:05 746925                     /home/anonymous/.gradle/wrapper/dists/gradle-2.10-all/a4w5fzrkeut1ox71xslb49gst/gradle-2.10/lib/kryo-2.20.jar
7ff29ae57000-7ff29ae60000 r--s 0003f000 08:05 746913                     /home/anonymous/.gradle/wrapper/dists/gradle-2.10-all/a4w5fzrkeut1ox71xslb49gst/gradle-2.10/lib/gradle-messaging-2.10.jar
7ff29ae60000-7ff29ae61000 r--s 00003000 08:05 746933                     /home/anonymous/.gradle/wrapper/dists/gradle-2.10-all/a4w5fzrkeut1ox71xslb49gst/gradle-2.10/lib/native-platform-freebsd-amd64-0.10.jar
7ff29ae61000-7ff29ae62000 r--s 00003000 08:05 746932                     /home/anonymous/.gradle/wrapper/dists/gradle-2.10-all/a4w5fzrkeut1ox71xslb49gst/gradle-2.10/lib/native-platform-freebsd-i386-0.10.jar
7ff29ae62000-7ff29ae63000 r--s 00005000 08:05 746931                     /home/anonymous/.gradle/wrapper/dists/gradle-2.10-all/a4w5fzrkeut1ox71xslb49gst/gradle-2.10/lib/native-platform-windows-i386-0.10.jar
7ff29ae63000-7ff29ae64000 r--s 00005000 08:05 746930                     /home/anonymous/.gradle/wrapper/dists/gradle-2.10-all/a4w5fzrkeut1ox71xslb49gst/gradle-2.10/lib/native-platform-windows-amd64-0.10.jar
7ff29ae64000-7ff29ae65000 r--s 00003000 08:05 746929                     /home/anonymous/.gradle/wrapper/dists/gradle-2.10-all/a4w5fzrkeut1ox71xslb49gst/gradle-2.10/lib/native-platform-linux-i386-0.10.jar
7ff29ae65000-7ff29ae66000 r--s 00003000 08:05 746928                     /home/anonymous/.gradle/wrapper/dists/gradle-2.10-all/a4w5fzrkeut1ox71xslb49gst/gradle-2.10/lib/native-platform-linux-amd64-0.10.jar
7ff29ae66000-7ff29ae67000 r--s 00002000 08:05 746927                     /home/anonymous/.gradle/wrapper/dists/gradle-2.10-all/a4w5fzrkeut1ox71xslb49gst/gradle-2.10/lib/native-platform-osx-amd64-0.10.jar
7ff29ae67000-7ff29ae68000 r--s 00002000 08:05 746926                     /home/anonymous/.gradle/wrapper/dists/gradle-2.10-all/a4w5fzrkeut1ox71xslb49gst/gradle-2.10/lib/native-platform-osx-i386-0.10.jar
7ff29ae68000-7ff29ae6a000 r--s 00008000 08:05 746923                     /home/anonymous/.gradle/wrapper/dists/gradle-2.10-all/a4w5fzrkeut1ox71xslb49gst/gradle-2.10/lib/jansi-1.2.1.jar
7ff29ae6a000-7ff29ae6d000 r--s 0000d000 08:05 746922                     /home/anonymous/.gradle/wrapper/dists/gradle-2.10-all/a4w5fzrkeut1ox71xslb49gst/gradle-2.10/lib/native-platform-0.10.jar
7ff29ae6d000-7ff29ae71000 r--s 000e4000 08:05 746921                     /home/anonymous/.gradle/wrapper/dists/gradle-2.10-all/a4w5fzrkeut1ox71xslb49gst/gradle-2.10/lib/jna-3.2.7.jar
7ff29ae71000-7ff29ae73000 r--s 00008000 08:05 746897                     /home/anonymous/.gradle/wrapper/dists/gradle-2.10-all/a4w5fzrkeut1ox71xslb49gst/gradle-2.10/lib/gradle-native-2.10.jar
7ff29ae73000-7ff29ae75000 r--s 00005000 08:05 746894                     /home/anonymous/.gradle/wrapper/dists/gradle-2.10-all/a4w5fzrkeut1ox71xslb49gst/gradle-2.10/lib/gradle-cli-2.10.jar
7ff29ae75000-7ff29ae82000 r--s 00073000 08:05 746902                     /home/anonymous/.gradle/wrapper/dists/gradle-2.10-all/a4w5fzrkeut1ox71xslb49gst/gradle-2.10/lib/gradle-model-core-2.10.jar
7ff29ae82000-7ff29aef1000 r--s 0063e000 08:05 746901                     /home/anonymous/.gradle/wrapper/dists/gradle-2.10-all/a4w5fzrkeut1ox71xslb49gst/gradle-2.10/lib/groovy-all-2.4.4.jar
7ff29aef1000-7ff29af19000 r--s 001cf000 08:05 746899                     /home/anonymous/.gradle/wrapper/dists/gradle-2.10-all/a4w5fzrkeut1ox71xslb49gst/gradle-2.10/lib/guava-jdk5-17.0.jar
7ff29af19000-7ff29af1a000 ---p 00000000 00:00 0 
7ff29af1a000-7ff29b01a000 rw-p 00000000 00:00 0 
7ff29b01a000-7ff29b01d000 ---p 00000000 00:00 0 
7ff29b01d000-7ff29b11b000 rw-p 00000000 00:00 0 
7ff29b11b000-7ff29b11e000 ---p 00000000 00:00 0 
7ff29b11e000-7ff29b21c000 rw-p 00000000 00:00 0 
7ff29b21c000-7ff29b21f000 ---p 00000000 00:00 0 
7ff29b21f000-7ff29b31d000 rw-p 00000000 00:00 0 
7ff29b31d000-7ff29b320000 ---p 00000000 00:00 0 
7ff29b320000-7ff29b41e000 rw-p 00000000 00:00 0 
7ff29b41e000-7ff29b6f7000 r--p 00000000 08:05 659510                     /usr/lib/locale/locale-archive
7ff29b6f7000-7ff29b6fa000 ---p 00000000 00:00 0 
7ff29b6fa000-7ff29b7f8000 rw-p 00000000 00:00 0 
7ff29b7f8000-7ff29b7fb000 ---p 00000000 00:00 0 
7ff29b7fb000-7ff29b8f9000 rw-p 00000000 00:00 0 
7ff29b8f9000-7ff29b8fa000 ---p 00000000 00:00 0 
7ff29b8fa000-7ff29c000000 rw-p 00000000 00:00 0 
7ff29c000000-7ff29c032000 rw-p 00000000 00:00 0 
7ff29c032000-7ff2a0000000 ---p 00000000 00:00 0 
7ff2a0000000-7ff2a0001000 r--s 00007000 08:05 746903                     /home/anonymous/.gradle/wrapper/dists/gradle-2.10-all/a4w5fzrkeut1ox71xslb49gst/gradle-2.10/lib/gradle-model-groovy-2.10.jar
7ff2a0001000-7ff2a0003000 r--s 00005000 08:05 746912                     /home/anonymous/.gradle/wrapper/dists/gradle-2.10-all/a4w5fzrkeut1ox71xslb49gst/gradle-2.10/lib/gradle-base-services-groovy-2.10.jar
7ff2a0003000-7ff2a0004000 r--s 00000000 08:05 746915                     /home/anonymous/.gradle/wrapper/dists/gradle-2.10-all/a4w5fzrkeut1ox71xslb49gst/gradle-2.10/lib/gradle-docs-2.10.jar
7ff2a0004000-7ff2a0006000 r--s 00003000 08:05 746917                     /home/anonymous/.gradle/wrapper/dists/gradle-2.10-all/a4w5fzrkeut1ox71xslb49gst/gradle-2.10/lib/jcl-over-slf4j-1.7.10.jar
7ff2a0006000-7ff2a0007000 r--s 00005000 08:05 746916                     /home/anonymous/.gradle/wrapper/dists/gradle-2.10-all/a4w5fzrkeut1ox71xslb49gst/gradle-2.10/lib/log4j-over-slf4j-1.7.10.jar
7ff2a0007000-7ff2a000a000 r--s 0001b000 08:05 746910                     /home/anonymous/.gradle/wrapper/dists/gradle-2.10-all/a4w5fzrkeut1ox71xslb49gst/gradle-2.10/lib/jarjar-1.3.jar
7ff2a000a000-7ff2a0029000 r--s 001cc000 08:05 746905                     /home/anonymous/.gradle/wrapper/dists/gradle-2.10-all/a4w5fzrkeut1ox71xslb49gst/gradle-2.10/lib/ant-1.9.3.jar
7ff2a0029000-7ff2a0060000 r--s 001bc000 08:05 746893                     /home/anonymous/.gradle/wrapper/dists/gradle-2.10-all/a4w5fzrkeut1ox71xslb49gst/gradle-2.10/lib/gradle-core-2.10.jar
7ff2a0060000-7ff2a0a17000 rw-p 00000000 00:00 0 
7ff2a0a17000-7ff2a0bd7000 r--s 039fb000 08:05 1719593                    /usr/lib/jvm/java-7-oracle/jre/lib/rt.jar
7ff2a0bd7000-7ff2a1000000 rw-p 00000000 00:00 0 
7ff2a1000000-7ff2a1b90000 rwxp 00000000 00:00 0 
7ff2a1b90000-7ff2a4b21000 rw-p 00000000 00:00 0 
7ff2a4b21000-7ff2a8000000 ---p 00000000 00:00 0 
7ff2a8000000-7ff2a8001000 r--s 00000000 08:05 746911                     /home/anonymous/.gradle/wrapper/dists/gradle-2.10-all/a4w5fzrkeut1ox71xslb49gst/gradle-2.10/lib/javax.inject-1.jar
7ff2a8001000-7ff2a8005000 r--s 00027000 08:05 746907                     /home/anonymous/.gradle/wrapper/dists/gradle-2.10-all/a4w5fzrkeut1ox71xslb49gst/gradle-2.10/lib/commons-io-2.2.jar
7ff2a8005000-7ff2a816a000 rw-p 00000000 00:00 0 
7ff2a816a000-7ff2a816b000 ---p 00000000 00:00 0 
7ff2a816b000-7ff2a826b000 rw-p 00000000 00:00 0 
7ff2a826b000-7ff2a826c000 ---p 00000000 00:00 0 
7ff2a826c000-7ff2a836c000 rw-p 00000000 00:00 0 
7ff2a836c000-7ff2a836d000 ---p 00000000 00:00 0 
7ff2a836d000-7ff2a846d000 rw-p 00000000 00:00 0 
7ff2a846d000-7ff2a846e000 ---p 00000000 00:00 0 
7ff2a846e000-7ff2a8597000 rw-p 00000000 00:00 0 
7ff2a8597000-7ff2a86da000 rw-p 00000000 00:00 0 
7ff2a86da000-7ff2a8842000 rw-p 00000000 00:00 0 
7ff2a8842000-7ff2a886b000 rw-p 00000000 00:00 0 
7ff2a886b000-7ff2a89ae000 rw-p 00000000 00:00 0 
7ff2a89ae000-7ff2a8b15000 rw-p 00000000 00:00 0 
7ff2a8b15000-7ff2a8c6b000 rw-p 00000000 00:00 0 
7ff2a8c6b000-7ff2a8c6c000 rw-p 00000000 00:00 0 
7ff2a8c6c000-7ff2a8c83000 r-xp 00000000 08:05 1713484                    /usr/lib/jvm/java-7-oracle/jre/lib/amd64/libzip.so
7ff2a8c83000-7ff2a8e83000 ---p 00017000 08:05 1713484                    /usr/lib/jvm/java-7-oracle/jre/lib/amd64/libzip.so
7ff2a8e83000-7ff2a8e84000 rw-p 00017000 08:05 1713484                    /usr/lib/jvm/java-7-oracle/jre/lib/amd64/libzip.so
7ff2a8e84000-7ff2a8e8f000 r-xp 00000000 08:05 956258                     /lib/x86_64-linux-gnu/libnss_files-2.23.so
7ff2a8e8f000-7ff2a908e000 ---p 0000b000 08:05 956258                     /lib/x86_64-linux-gnu/libnss_files-2.23.so
7ff2a908e000-7ff2a908f000 r--p 0000a000 08:05 956258                     /lib/x86_64-linux-gnu/libnss_files-2.23.so
7ff2a908f000-7ff2a9090000 rw-p 0000b000 08:05 956258                     /lib/x86_64-linux-gnu/libnss_files-2.23.so
7ff2a9090000-7ff2a9096000 rw-p 00000000 00:00 0 
7ff2a9096000-7ff2a90a1000 r-xp 00000000 08:05 937262                     /lib/x86_64-linux-gnu/libnss_nis-2.23.so
7ff2a90a1000-7ff2a92a0000 ---p 0000b000 08:05 937262                     /lib/x86_64-linux-gnu/libnss_nis-2.23.so
7ff2a92a0000-7ff2a92a1000 r--p 0000a000 08:05 937262                     /lib/x86_64-linux-gnu/libnss_nis-2.23.so
7ff2a92a1000-7ff2a92a2000 rw-p 0000b000 08:05 937262                     /lib/x86_64-linux-gnu/libnss_nis-2.23.so
7ff2a92a2000-7ff2a92b8000 r-xp 00000000 08:05 937260                     /lib/x86_64-linux-gnu/libnsl-2.23.so
7ff2a92b8000-7ff2a94b7000 ---p 00016000 08:05 937260                     /lib/x86_64-linux-gnu/libnsl-2.23.so
7ff2a94b7000-7ff2a94b8000 r--p 00015000 08:05 937260                     /lib/x86_64-linux-gnu/libnsl-2.23.so
7ff2a94b8000-7ff2a94b9000 rw-p 00016000 08:05 937260                     /lib/x86_64-linux-gnu/libnsl-2.23.so
7ff2a94b9000-7ff2a94bb000 rw-p 00000000 00:00 0 
7ff2a94bb000-7ff2a94c3000 r-xp 00000000 08:05 922568                     /lib/x86_64-linux-gnu/libnss_compat-2.23.so
7ff2a94c3000-7ff2a96c2000 ---p 00008000 08:05 922568                     /lib/x86_64-linux-gnu/libnss_compat-2.23.so
7ff2a96c2000-7ff2a96c3000 r--p 00007000 08:05 922568                     /lib/x86_64-linux-gnu/libnss_compat-2.23.so
7ff2a96c3000-7ff2a96c4000 rw-p 00008000 08:05 922568                     /lib/x86_64-linux-gnu/libnss_compat-2.23.so
7ff2a96c4000-7ff2a96ed000 r-xp 00000000 08:05 1713416                    /usr/lib/jvm/java-7-oracle/jre/lib/amd64/libjava.so
7ff2a96ed000-7ff2a98ed000 ---p 00029000 08:05 1713416                    /usr/lib/jvm/java-7-oracle/jre/lib/amd64/libjava.so
7ff2a98ed000-7ff2a98ef000 rw-p 00029000 08:05 1713416                    /usr/lib/jvm/java-7-oracle/jre/lib/amd64/libjava.so
7ff2a98ef000-7ff2a98fc000 r-xp 00000000 08:05 1713470                    /usr/lib/jvm/java-7-oracle/jre/lib/amd64/libverify.so
7ff2a98fc000-7ff2a9afb000 ---p 0000d000 08:05 1713470                    /usr/lib/jvm/java-7-oracle/jre/lib/amd64/libverify.so
7ff2a9afb000-7ff2a9afd000 rw-p 0000c000 08:05 1713470                    /usr/lib/jvm/java-7-oracle/jre/lib/amd64/libverify.so
7ff2a9afd000-7ff2a9b04000 r-xp 00000000 08:05 956267                     /lib/x86_64-linux-gnu/librt-2.23.so
7ff2a9b04000-7ff2a9d03000 ---p 00007000 08:05 956267                     /lib/x86_64-linux-gnu/librt-2.23.so
7ff2a9d03000-7ff2a9d04000 r--p 00006000 08:05 956267                     /lib/x86_64-linux-gnu/librt-2.23.so
7ff2a9d04000-7ff2a9d05000 rw-p 00007000 08:05 956267                     /lib/x86_64-linux-gnu/librt-2.23.so
7ff2a9d05000-7ff2a9e0d000 r-xp 00000000 08:05 956264                     /lib/x86_64-linux-gnu/libm-2.23.so
7ff2a9e0d000-7ff2aa00c000 ---p 00108000 08:05 956264                     /lib/x86_64-linux-gnu/libm-2.23.so
7ff2aa00c000-7ff2aa00d000 r--p 00107000 08:05 956264                     /lib/x86_64-linux-gnu/libm-2.23.so
7ff2aa00d000-7ff2aa00e000 rw-p 00108000 08:05 956264                     /lib/x86_64-linux-gnu/libm-2.23.so
7ff2aa00e000-7ff2aab84000 r-xp 00000000 08:05 1713524                    /usr/lib/jvm/java-7-oracle/jre/lib/amd64/server/libjvm.so
7ff2aab84000-7ff2aad83000 ---p 00b76000 08:05 1713524                    /usr/lib/jvm/java-7-oracle/jre/lib/amd64/server/libjvm.so
7ff2aad83000-7ff2aae47000 rw-p 00b75000 08:05 1713524                    /usr/lib/jvm/java-7-oracle/jre/lib/amd64/server/libjvm.so
7ff2aae47000-7ff2aae88000 rw-p 00000000 00:00 0 
7ff2aae88000-7ff2ab048000 r-xp 00000000 08:05 956272                     /lib/x86_64-linux-gnu/libc-2.23.so
7ff2ab048000-7ff2ab247000 ---p 001c0000 08:05 956272                     /lib/x86_64-linux-gnu/libc-2.23.so
7ff2ab247000-7ff2ab24b000 r--p 001bf000 08:05 956272                     /lib/x86_64-linux-gnu/libc-2.23.so
7ff2ab24b000-7ff2ab24d000 rw-p 001c3000 08:05 956272                     /lib/x86_64-linux-gnu/libc-2.23.so
7ff2ab24d000-7ff2ab251000 rw-p 00000000 00:00 0 
7ff2ab251000-7ff2ab254000 r-xp 00000000 08:05 956273                     /lib/x86_64-linux-gnu/libdl-2.23.so
7ff2ab254000-7ff2ab453000 ---p 00003000 08:05 956273                     /lib/x86_64-linux-gnu/libdl-2.23.so
7ff2ab453000-7ff2ab454000 r--p 00002000 08:05 956273                     /lib/x86_64-linux-gnu/libdl-2.23.so
7ff2ab454000-7ff2ab455000 rw-p 00003000 08:05 956273                     /lib/x86_64-linux-gnu/libdl-2.23.so
7ff2ab455000-7ff2ab46a000 r-xp 00000000 08:05 1601155                    /usr/lib/jvm/java-7-oracle/lib/amd64/jli/libjli.so
7ff2ab46a000-7ff2ab669000 ---p 00015000 08:05 1601155                    /usr/lib/jvm/java-7-oracle/lib/amd64/jli/libjli.so
7ff2ab669000-7ff2ab66a000 rw-p 00014000 08:05 1601155                    /usr/lib/jvm/java-7-oracle/lib/amd64/jli/libjli.so
7ff2ab66a000-7ff2ab682000 r-xp 00000000 08:05 956271                     /lib/x86_64-linux-gnu/libpthread-2.23.so
7ff2ab682000-7ff2ab881000 ---p 00018000 08:05 956271                     /lib/x86_64-linux-gnu/libpthread-2.23.so
7ff2ab881000-7ff2ab882000 r--p 00017000 08:05 956271                     /lib/x86_64-linux-gnu/libpthread-2.23.so
7ff2ab882000-7ff2ab883000 rw-p 00018000 08:05 956271                     /lib/x86_64-linux-gnu/libpthread-2.23.so
7ff2ab883000-7ff2ab887000 rw-p 00000000 00:00 0 
7ff2ab887000-7ff2ab8ad000 r-xp 00000000 08:05 956268                     /lib/x86_64-linux-gnu/ld-2.23.so
7ff2ab8ad000-7ff2ab8bb000 r--s 0007f000 08:05 746906                     /home/anonymous/.gradle/wrapper/dists/gradle-2.10-all/a4w5fzrkeut1ox71xslb49gst/gradle-2.10/lib/commons-collections-3.2.1.jar
7ff2ab8bb000-7ff2ab8ea000 rw-p 00000000 00:00 0 
7ff2ab8ea000-7ff2ab97b000 rw-p 00000000 00:00 0 
7ff2ab97b000-7ff2ab97e000 ---p 00000000 00:00 0 
7ff2ab97e000-7ff2aba80000 rw-p 00000000 00:00 0 
7ff2aba80000-7ff2aba82000 r--s 00000000 08:05 746909                     /home/anonymous/.gradle/wrapper/dists/gradle-2.10-all/a4w5fzrkeut1ox71xslb49gst/gradle-2.10/lib/jul-to-slf4j-1.7.10.jar
7ff2aba82000-7ff2aba83000 r--s 00000000 08:05 746908                     /home/anonymous/.gradle/wrapper/dists/gradle-2.10-all/a4w5fzrkeut1ox71xslb49gst/gradle-2.10/lib/jcip-annotations-1.0.jar
7ff2aba83000-7ff2aba88000 r--s 00036000 08:05 746904                     /home/anonymous/.gradle/wrapper/dists/gradle-2.10-all/a4w5fzrkeut1ox71xslb49gst/gradle-2.10/lib/asm-all-5.0.3.jar
7ff2aba88000-7ff2aba8d000 r--s 00041000 08:05 746900                     /home/anonymous/.gradle/wrapper/dists/gradle-2.10-all/a4w5fzrkeut1ox71xslb49gst/gradle-2.10/lib/commons-lang-2.6.jar
7ff2aba8d000-7ff2aba8e000 r--s 00007000 08:05 746898                     /home/anonymous/.gradle/wrapper/dists/gradle-2.10-all/a4w5fzrkeut1ox71xslb49gst/gradle-2.10/lib/slf4j-api-1.7.10.jar
7ff2aba8e000-7ff2aba8f000 r--s 00004000 08:05 746924                     /home/anonymous/.gradle/wrapper/dists/gradle-2.10-all/a4w5fzrkeut1ox71xslb49gst/gradle-2.10/lib/ant-launcher-1.9.3.jar
7ff2aba8f000-7ff2aba96000 r--s 00034000 08:05 746892                     /home/anonymous/.gradle/wrapper/dists/gradle-2.10-all/a4w5fzrkeut1ox71xslb49gst/gradle-2.10/lib/gradle-base-services-2.10.jar
7ff2aba96000-7ff2abaa0000 r--s 0004a000 08:05 746890                     /home/anonymous/.gradle/wrapper/dists/gradle-2.10-all/a4w5fzrkeut1ox71xslb49gst/gradle-2.10/lib/gradle-launcher-2.10.jar
7ff2abaa0000-7ff2abaa8000 rw-s 00000000 08:05 1354740                    /tmp/hsperfdata_anonymous/17463
7ff2abaa8000-7ff2abaa9000 rw-p 00000000 00:00 0 
7ff2abaa9000-7ff2abaaa000 ---p 00000000 00:00 0 
7ff2abaaa000-7ff2abaac000 rw-p 00000000 00:00 0 
7ff2abaac000-7ff2abaad000 r--p 00025000 08:05 956268                     /lib/x86_64-linux-gnu/ld-2.23.so
7ff2abaad000-7ff2abaae000 rw-p 00026000 08:05 956268                     /lib/x86_64-linux-gnu/ld-2.23.so
7ff2abaae000-7ff2abaaf000 rw-p 00000000 00:00 0 
7ffe13462000-7ffe13484000 rw-p 00000000 00:00 0                          [stack]
7ffe1354d000-7ffe1354f000 r--p 00000000 00:00 0                          [vvar]
7ffe1354f000-7ffe13551000 r-xp 00000000 00:00 0                          [vdso]
ffffffffff600000-ffffffffff601000 r-xp 00000000 00:00 0                  [vsyscall]

VM Arguments:
jvm_args: -Xmx2048m -Dfile.encoding=UTF-8 -Duser.country=US -Duser.language=en -Duser.variant 
java_command: org.gradle.launcher.daemon.bootstrap.GradleDaemon 2.10
Launcher Type: SUN_STANDARD

Environment Variables:
JAVA_HOME=/usr/local/java/jdk1.8.0_91
JRE_HOME=/usr/local/java/jdk1.8.0_91/jre
PATH=/usr/local/sbin:/usr/local/bin:/usr/sbin:/usr/bin:/sbin:/bin:/usr/games:/usr/local/games:/snap/bin:/usr/lib/jvm/java-8-oracle/bin:/usr/lib/jvm/java-8-oracle/db/bin:/usr/lib/jvm/java-8-oracle/jre/bin:/usr/local/java/jdk1.8.0_91/bin:/usr/local/java/jdk1.8.0_91/jre/bin
LD_LIBRARY_PATH=.:
SHELL=/bin/bash
DISPLAY=:0

Signal Handlers:
SIGSEGV: [libjvm.so+0x9a3b20], sa_mask[0]=0x7ffbfeff, sa_flags=0x10000004
SIGBUS: [libjvm.so+0x9a3b20], sa_mask[0]=0x7ffbfeff, sa_flags=0x10000004
SIGFPE: [libjvm.so+0x81e740], sa_mask[0]=0x7ffbfeff, sa_flags=0x10000004
SIGPIPE: [libjvm.so+0x81e740], sa_mask[0]=0x7ffbfeff, sa_flags=0x10000004
SIGXFSZ: [libjvm.so+0x81e740], sa_mask[0]=0x7ffbfeff, sa_flags=0x10000004
SIGILL: [libjvm.so+0x81e740], sa_mask[0]=0x7ffbfeff, sa_flags=0x10000004
SIGUSR1: SIG_DFL, sa_mask[0]=0x00000000, sa_flags=0x00000000
SIGUSR2: [libjvm.so+0x81ffb0], sa_mask[0]=0x00000004, sa_flags=0x10000004
SIGHUP: [libjvm.so+0x8210d0], sa_mask[0]=0x7ffbfeff, sa_flags=0x10000004
SIGINT: [libjvm.so+0x8210d0], sa_mask[0]=0x7ffbfeff, sa_flags=0x10000004
SIGTERM: [libjvm.so+0x8210d0], sa_mask[0]=0x7ffbfeff, sa_flags=0x10000004
SIGQUIT: [libjvm.so+0x8210d0], sa_mask[0]=0x7ffbfeff, sa_flags=0x10000004


---------------  S Y S T E M  ---------------

OS:stretch/sid

uname:Linux 4.4.0-31-generic #50-Ubuntu SMP Wed Jul 13 00:07:12 UTC 2016 x86_64
libc:glibc 2.23 NPTL 2.23 
rlimit: STACK 8192k, CORE 0k, NPROC 14518, NOFILE 65536, AS infinity
load average:4,18 2,81 2,31

/proc/meminfo:
MemTotal:        3949160 kB
MemFree:          110560 kB
MemAvailable:      19936 kB
Buffers:             300 kB
Cached:            23884 kB
SwapCached:         6900 kB
Active:          2645772 kB
Inactive:         873816 kB
Active(anon):    2639980 kB
Inactive(anon):   865992 kB
Active(file):       5792 kB
Inactive(file):     7824 kB
Unevictable:          68 kB
Mlocked:              68 kB
SwapTotal:       3126268 kB
SwapFree:              0 kB
Dirty:                28 kB
Writeback:             0 kB
AnonPages:       3492776 kB
Mapped:            60004 kB
Shmem:              8120 kB
Slab:             101108 kB
SReclaimable:      43892 kB
SUnreclaim:        57216 kB
KernelStack:       14464 kB
PageTables:        87320 kB
NFS_Unstable:          0 kB
Bounce:                0 kB
WritebackTmp:          0 kB
CommitLimit:     5100848 kB
Committed_AS:   14982340 kB
VmallocTotal:   34359738367 kB
VmallocUsed:           0 kB
VmallocChunk:          0 kB
HardwareCorrupted:     0 kB
AnonHugePages:    710656 kB
CmaTotal:              0 kB
CmaFree:               0 kB
HugePages_Total:       0
HugePages_Free:        0
HugePages_Rsvd:        0
HugePages_Surp:        0
Hugepagesize:       2048 kB
DirectMap4k:     1258488 kB
DirectMap2M:     2838528 kB
DirectMap1G:           0 kB


CPU:total 4 (2 cores per cpu, 2 threads per core) family 6 model 69 stepping 1, cmov, cx8, fxsr, mmx, sse, sse2, sse3, ssse3, sse4.1, sse4.2, popcnt, avx, avx2, aes, erms, ht, tsc, tscinvbit

/proc/cpuinfo:
processor	: 0
vendor_id	: GenuineIntel
cpu family	: 6
model		: 69
model name	: Intel(R) Core(TM) i5-4200U CPU @ 1.60GHz
stepping	: 1
microcode	: 0x1d
cpu MHz		: 1781.250
cache size	: 3072 KB
physical id	: 0
siblings	: 4
core id		: 0
cpu cores	: 2
apicid		: 0
initial apicid	: 0
fpu		: yes
fpu_exception	: yes
cpuid level	: 13
wp		: yes
flags		: fpu vme de pse tsc msr pae mce cx8 apic sep mtrr pge mca cmov pat pse36 clflush dts acpi mmx fxsr sse sse2 ss ht tm pbe syscall nx pdpe1gb rdtscp lm constant_tsc arch_perfmon pebs bts rep_good nopl xtopology nonstop_tsc aperfmperf eagerfpu pni pclmulqdq dtes64 monitor ds_cpl vmx est tm2 ssse3 sdbg fma cx16 xtpr pdcm pcid sse4_1 sse4_2 movbe popcnt tsc_deadline_timer aes xsave avx f16c rdrand lahf_lm abm epb tpr_shadow vnmi flexpriority ept vpid fsgsbase tsc_adjust bmi1 avx2 smep bmi2 erms invpcid xsaveopt dtherm ida arat pln pts
bugs		:
bogomips	: 3192.63
clflush size	: 64
cache_alignment	: 64
address sizes	: 39 bits physical, 48 bits virtual
power management:

processor	: 1
vendor_id	: GenuineIntel
cpu family	: 6
model		: 69
model name	: Intel(R) Core(TM) i5-4200U CPU @ 1.60GHz
stepping	: 1
microcode	: 0x1d
cpu MHz		: 1592.687
cache size	: 3072 KB
physical id	: 0
siblings	: 4
core id		: 1
cpu cores	: 2
apicid		: 2
initial apicid	: 2
fpu		: yes
fpu_exception	: yes
cpuid level	: 13
wp		: yes
flags		: fpu vme de pse tsc msr pae mce cx8 apic sep mtrr pge mca cmov pat pse36 clflush dts acpi mmx fxsr sse sse2 ss ht tm pbe syscall nx pdpe1gb rdtscp lm constant_tsc arch_perfmon pebs bts rep_good nopl xtopology nonstop_tsc aperfmperf eagerfpu pni pclmulqdq dtes64 monitor ds_cpl vmx est tm2 ssse3 sdbg fma cx16 xtpr pdcm pcid sse4_1 sse4_2 movbe popcnt tsc_deadline_timer aes xsave avx f16c rdrand lahf_lm abm epb tpr_shadow vnmi flexpriority ept vpid fsgsbase tsc_adjust bmi1 avx2 smep bmi2 erms invpcid xsaveopt dtherm ida arat pln pts
bugs		:
bogomips	: 3192.63
clflush size	: 64
cache_alignment	: 64
address sizes	: 39 bits physical, 48 bits virtual
power management:

processor	: 2
vendor_id	: GenuineIntel
cpu family	: 6
model		: 69
model name	: Intel(R) Core(TM) i5-4200U CPU @ 1.60GHz
stepping	: 1
microcode	: 0x1d
cpu MHz		: 1665.562
cache size	: 3072 KB
physical id	: 0
siblings	: 4
core id		: 0
cpu cores	: 2
apicid		: 1
initial apicid	: 1
fpu		: yes
fpu_exception	: yes
cpuid level	: 13
wp		: yes
flags		: fpu vme de pse tsc msr pae mce cx8 apic sep mtrr pge mca cmov pat pse36 clflush dts acpi mmx fxsr sse sse2 ss ht tm pbe syscall nx pdpe1gb rdtscp lm constant_tsc arch_perfmon pebs bts rep_good nopl xtopology nonstop_tsc aperfmperf eagerfpu pni pclmulqdq dtes64 monitor ds_cpl vmx est tm2 ssse3 sdbg fma cx16 xtpr pdcm pcid sse4_1 sse4_2 movbe popcnt tsc_deadline_timer aes xsave avx f16c rdrand lahf_lm abm epb tpr_shadow vnmi flexpriority ept vpid fsgsbase tsc_adjust bmi1 avx2 smep bmi2 erms invpcid xsaveopt dtherm ida arat pln pts
bugs		:
bogomips	: 3192.63
clflush size	: 64
cache_alignment	: 64
address sizes	: 39 bits physical, 48 bits virtual
power management:

processor	: 3
vendor_id	: GenuineIntel
cpu family	: 6
model		: 69
model name	: Intel(R) Core(TM) i5-4200U CPU @ 1.60GHz
stepping	: 1
microcode	: 0x1d
cpu MHz		: 1600.125
cache size	: 3072 KB
physical id	: 0
siblings	: 4
core id		: 1
cpu cores	: 2
apicid		: 3
initial apicid	: 3
fpu		: yes
fpu_exception	: yes
cpuid level	: 13
wp		: yes
flags		: fpu vme de pse tsc msr pae mce cx8 apic sep mtrr pge mca cmov pat pse36 clflush dts acpi mmx fxsr sse sse2 ss ht tm pbe syscall nx pdpe1gb rdtscp lm constant_tsc arch_perfmon pebs bts rep_good nopl xtopology nonstop_tsc aperfmperf eagerfpu pni pclmulqdq dtes64 monitor ds_cpl vmx est tm2 ssse3 sdbg fma cx16 xtpr pdcm pcid sse4_1 sse4_2 movbe popcnt tsc_deadline_timer aes xsave avx f16c rdrand lahf_lm abm epb tpr_shadow vnmi flexpriority ept vpid fsgsbase tsc_adjust bmi1 avx2 smep bmi2 erms invpcid xsaveopt dtherm ida arat pln pts
bugs		:
bogomips	: 3192.63
clflush size	: 64
cache_alignment	: 64
address sizes	: 39 bits physical, 48 bits virtual
power management:



Memory: 4k page, physical 3949160k(107876k free), swap 3126268k(4k free)

vm_info: Java HotSpot(TM) 64-Bit Server VM (24.80-b11) for linux-amd64 JRE (1.7.0_80-b15), built on Apr 10 2015 19:53:14 by "java_re" with gcc 4.3.0 20080428 (Red Hat 4.3.0-8)

time: Sat Jul 16 23:05:12 2016
elapsed time: 181 seconds

