#
# There is insufficient memory for the Java Runtime Environment to continue.
# Native memory allocation (malloc) failed to allocate 152567808 bytes for committing reserved memory.
# Possible reasons:
#   The system is out of physical RAM or swap space
#   In 32 bit mode, the process size limit was hit
# Possible solutions:
#   Reduce memory load on the system
#   Increase physical memory or swap space
#   Check if swap backing store is full
#   Use 64 bit Java on a 64 bit OS
#   Decrease Java heap size (-Xmx/-Xms)
#   Decrease number of Java threads
#   Decrease Java thread stack sizes (-Xss)
#   Set larger code cache with -XX:ReservedCodeCacheSize=
# This output file may be truncated or incomplete.
#
#  Out of Memory Error (os_linux.cpp:2756), pid=26271, tid=140679836575488
#
# JRE version: Java(TM) SE Runtime Environment (7.0_80-b15) (build 1.7.0_80-b15)
# Java VM: Java HotSpot(TM) 64-Bit Server VM (24.80-b11 mixed mode linux-amd64 compressed oops)
# Failed to write core dump. Core dumps have been disabled. To enable core dumping, try "ulimit -c unlimited" before starting Java again
#

---------------  T H R E A D  ---------------

Current thread (0x00007ff2a406a000):  VMThread [stack: 0x00007ff2939fa000,0x00007ff293afb000] [id=26281]

Stack: [0x00007ff2939fa000,0x00007ff293afb000],  sp=0x00007ff293af9260,  free space=1020k
Native frames: (J=compiled Java code, j=interpreted, Vv=VM code, C=native code)
V  [libjvm.so+0x9a320a]  VMError::report_and_die()+0x2ea
V  [libjvm.so+0x498d3b]  report_vm_out_of_memory(char const*, int, unsigned long, char const*)+0x9b
V  [libjvm.so+0x82191e]  os::Linux::commit_memory_impl(char*, unsigned long, bool)+0xfe
V  [libjvm.so+0x821e69]  os::pd_commit_memory(char*, unsigned long, unsigned long, bool)+0x29
V  [libjvm.so+0x81bb6a]  os::commit_memory(char*, unsigned long, unsigned long, bool)+0x2a
V  [libjvm.so+0x88d623]  PSVirtualSpace::expand_by(unsigned long)+0x53
V  [libjvm.so+0x87ca80]  PSOldGen::expand(unsigned long)+0x170
V  [libjvm.so+0x87cc8b]  PSOldGen::resize(unsigned long)+0x1cb
V  [libjvm.so+0x885951]  PSParallelCompact::invoke_no_policy(bool)+0x9b1
V  [libjvm.so+0x88b8cd]  PSScavenge::invoke()+0x1ad
V  [libjvm.so+0x843f40]  ParallelScavengeHeap::failed_mem_allocate(unsigned long)+0x70
V  [libjvm.so+0x9a4a97]  VM_ParallelGCFailedAllocation::doit()+0x97
V  [libjvm.so+0x9abf35]  VM_Operation::evaluate()+0x55
V  [libjvm.so+0x9aa2fa]  VMThread::evaluate_operation(VM_Operation*)+0xba
V  [libjvm.so+0x9aa67e]  VMThread::loop()+0x1ce
V  [libjvm.so+0x9aaaf0]  VMThread::run()+0x70
V  [libjvm.so+0x8238c8]  java_start(Thread*)+0x108

VM_Operation (0x00007ff2920e0df0): ParallelGCFailedAllocation, mode: safepoint, requested by thread 0x00007ff2a4154800


---------------  P R O C E S S  ---------------

Java Threads: ( => current thread )
  0x00007ff2a4154800 JavaThread "pool-1-thread-4" [_thread_blocked, id=26293, stack(0x00007ff291fe2000,0x00007ff2920e3000)]
  0x00007ff2a4152800 JavaThread "pool-1-thread-3" [_thread_blocked, id=26292, stack(0x00007ff2920e3000,0x00007ff2921e4000)]
  0x00007ff2a4151800 JavaThread "pool-1-thread-2" [_thread_blocked, id=26291, stack(0x00007ff2921e4000,0x00007ff2922e5000)]
  0x00007ff2a414d800 JavaThread "pool-2-thread-1" [_thread_blocked, id=26290, stack(0x00007ff2922e5000,0x00007ff2923e6000)]
  0x00007ff2a4149000 JavaThread "pool-1-thread-1" [_thread_blocked, id=26289, stack(0x00007ff2923e6000,0x00007ff2924e7000)]
  0x00007ff2a409a000 JavaThread "Service Thread" daemon [_thread_blocked, id=26287, stack(0x00007ff292d11000,0x00007ff292e12000)]
  0x00007ff2a4098000 JavaThread "C2 CompilerThread1" daemon [_thread_blocked, id=26286, stack(0x00007ff292e12000,0x00007ff292f13000)]
  0x00007ff2a4095000 JavaThread "C2 CompilerThread0" daemon [_thread_blocked, id=26285, stack(0x00007ff292f13000,0x00007ff293014000)]
  0x00007ff2a4092800 JavaThread "Signal Dispatcher" daemon [_thread_blocked, id=26284, stack(0x00007ff293014000,0x00007ff293115000)]
  0x00007ff2a4070800 JavaThread "Finalizer" daemon [_thread_blocked, id=26283, stack(0x00007ff2937f8000,0x00007ff2938f9000)]
  0x00007ff2a406e800 JavaThread "Reference Handler" daemon [_thread_blocked, id=26282, stack(0x00007ff2938f9000,0x00007ff2939fa000)]
  0x00007ff2a400a000 JavaThread "main" [_thread_blocked, id=26273, stack(0x00007ff2ad797000,0x00007ff2ad898000)]

Other Threads:
=>0x00007ff2a406a000 VMThread [stack: 0x00007ff2939fa000,0x00007ff293afb000] [id=26281]
  0x00007ff2a40a5000 WatcherThread [stack: 0x00007ff292c10000,0x00007ff292d11000] [id=26288]

VM state:at safepoint (normal execution)

VM Mutex/Monitor currently owned by a thread:  ([mutex/lock_event])
[0x00007ff2a4006080] ExpandHeap_lock - owner thread: 0x00007ff2a406a000
[0x00007ff2a4006700] Threads_lock - owner thread: 0x00007ff2a406a000
[0x00007ff2a4006c00] Heap_lock - owner thread: 0x00007ff2a4154800

Heap
 PSYoungGen      total 236032K, used 11284K [0x00000000eaa80000, 0x0000000100000000, 0x0000000100000000)
  eden space 122368K, 0% used [0x00000000eaa80000,0x00000000eaa80000,0x00000000f2200000)
  from space 113664K, 9% used [0x00000000f2200000,0x00000000f2d050e8,0x00000000f9100000)
  to   space 107008K, 0% used [0x00000000f9780000,0x00000000f9780000,0x0000000100000000)
 ParOldGen       total 241152K, used 240804K [0x00000000c0000000, 0x00000000ceb80000, 0x00000000eaa80000)
  object space 241152K, 99% used [0x00000000c0000000,0x00000000ceb293b8,0x00000000ceb80000)
 PSPermGen       total 21504K, used 5995K [0x00000000bae00000, 0x00000000bc300000, 0x00000000c0000000)
  object space 21504K, 27% used [0x00000000bae00000,0x00000000bb3dae10,0x00000000bc300000)

Card table byte_map: [0x00007ff2aa861000,0x00007ff2aaa8b000] byte_map_base: 0x00007ff2aa28a000

Polling page: 0x00007ff2ad8c3000

Code Cache  [0x00007ff2a1000000, 0x00007ff2a12e0000, 0x00007ff2a4000000)
 total_blobs=974 nmethods=744 adapters=183 free_code_cache=46307Kb largest_free_block=47373504

Compilation events (10 events):
Event: 65,332 Thread 0x00007ff2a4095000 nmethod 765 0x00007ff2a12c7150 code [0x00007ff2a12c72c0, 0x00007ff2a12c7758]
Event: 65,332 Thread 0x00007ff2a4095000  766             com.android.dx.ssa.back.LivenessAnalyzer::liveOutAtStatement (61 bytes)
Event: 65,352 Thread 0x00007ff2a4095000 nmethod 766 0x00007ff2a12c5890 code [0x00007ff2a12c5a00, 0x00007ff2a12c5ba8]
Event: 65,352 Thread 0x00007ff2a4095000  767             com.android.dx.ssa.SsaInsn::isResultReg (24 bytes)
Event: 65,352 Thread 0x00007ff2a4095000 nmethod 767 0x00007ff2a126cb90 code [0x00007ff2a126ccc0, 0x00007ff2a126cd38]
Event: 65,352 Thread 0x00007ff2a4095000  768             com.android.dx.ssa.back.LivenessAnalyzer::liveInAtStatement (55 bytes)
Event: 65,519 Thread 0x00007ff2a4095000 nmethod 768 0x00007ff2a12bdd10 code [0x00007ff2a12bdee0, 0x00007ff2a12be988]
Event: 65,519 Thread 0x00007ff2a4095000  769             com.android.dx.ssa.SetFactory::makeLivenessSet (26 bytes)
Event: 65,532 Thread 0x00007ff2a4095000 nmethod 769 0x00007ff2a12ce310 code [0x00007ff2a12ce480, 0x00007ff2a12ce7b8]
Event: 65,532 Thread 0x00007ff2a4095000  770             com.android.dx.ssa.back.LivenessAnalyzer::liveOutAtBlock (68 bytes)

GC Heap History (10 events):
Event: 54,092 GC heap after
Heap after GC invocations=14 (full 2):
 PSYoungGen      total 267264K, used 51513K [0x00000000eaa80000, 0x0000000100000000, 0x0000000100000000)
  eden space 196096K, 0% used [0x00000000eaa80000,0x00000000eaa80000,0x00000000f6a00000)
  from space 71168K, 72% used [0x00000000fba80000,0x00000000fecce698,0x0000000100000000)
  to   space 76800K, 0% used [0x00000000f6a00000,0x00000000f6a00000,0x00000000fb500000)
 ParOldGen       total 216576K, used 168431K [0x00000000c0000000, 0x00000000cd380000, 0x00000000eaa80000)
  object space 216576K, 77% used [0x00000000c0000000,0x00000000ca47bf48,0x00000000cd380000)
 PSPermGen       total 21504K, used 5983K [0x00000000bae00000, 0x00000000bc300000, 0x00000000c0000000)
  object space 21504K, 27% used [0x00000000bae00000,0x00000000bb3d7ee0,0x00000000bc300000)
}
Event: 58,922 GC heap before
{Heap before GC invocations=15 (full 2):
 PSYoungGen      total 267264K, used 247609K [0x00000000eaa80000, 0x0000000100000000, 0x0000000100000000)
  eden space 196096K, 100% used [0x00000000eaa80000,0x00000000f6a00000,0x00000000f6a00000)
  from space 71168K, 72% used [0x00000000fba80000,0x00000000fecce698,0x0000000100000000)
  to   space 76800K, 0% used [0x00000000f6a00000,0x00000000f6a00000,0x00000000fb500000)
 ParOldGen       total 216576K, used 168431K [0x00000000c0000000, 0x00000000cd380000, 0x00000000eaa80000)
  object space 216576K, 77% used [0x00000000c0000000,0x00000000ca47bf48,0x00000000cd380000)
 PSPermGen       total 21504K, used 5992K [0x00000000bae00000, 0x00000000bc300000, 0x00000000c0000000)
  object space 21504K, 27% used [0x00000000bae00000,0x00000000bb3da288,0x00000000bc300000)
Event: 59,576 GC heap after
Heap after GC invocations=15 (full 2):
 PSYoungGen      total 272896K, used 76785K [0x00000000eaa80000, 0x0000000100000000, 0x0000000100000000)
  eden space 196096K, 0% used [0x00000000eaa80000,0x00000000eaa80000,0x00000000f6a00000)
  from space 76800K, 99% used [0x00000000f6a00000,0x00000000fb4fc608,0x00000000fb500000)
  to   space 76800K, 0% used [0x00000000fb500000,0x00000000fb500000,0x0000000100000000)
 ParOldGen       total 216576K, used 188250K [0x00000000c0000000, 0x00000000cd380000, 0x00000000eaa80000)
  object space 216576K, 86% used [0x00000000c0000000,0x00000000cb7d6ba8,0x00000000cd380000)
 PSPermGen       total 21504K, used 5992K [0x00000000bae00000, 0x00000000bc300000, 0x00000000c0000000)
  object space 21504K, 27% used [0x00000000bae00000,0x00000000bb3da288,0x00000000bc300000)
}
Event: 59,576 GC heap before
{Heap before GC invocations=16 (full 3):
 PSYoungGen      total 272896K, used 76785K [0x00000000eaa80000, 0x0000000100000000, 0x0000000100000000)
  eden space 196096K, 0% used [0x00000000eaa80000,0x00000000eaa80000,0x00000000f6a00000)
  from space 76800K, 99% used [0x00000000f6a00000,0x00000000fb4fc608,0x00000000fb500000)
  to   space 76800K, 0% used [0x00000000fb500000,0x00000000fb500000,0x0000000100000000)
 ParOldGen       total 216576K, used 188250K [0x00000000c0000000, 0x00000000cd380000, 0x00000000eaa80000)
  object space 216576K, 86% used [0x00000000c0000000,0x00000000cb7d6ba8,0x00000000cd380000)
 PSPermGen       total 21504K, used 5992K [0x00000000bae00000, 0x00000000bc300000, 0x00000000c0000000)
  object space 21504K, 27% used [0x00000000bae00000,0x00000000bb3da288,0x00000000bc300000)
Event: 61,683 GC heap after
Heap after GC invocations=16 (full 3):
 PSYoungGen      total 272896K, used 0K [0x00000000eaa80000, 0x0000000100000000, 0x0000000100000000)
  eden space 196096K, 0% used [0x00000000eaa80000,0x00000000eaa80000,0x00000000f6a00000)
  from space 76800K, 0% used [0x00000000f6a00000,0x00000000f6a00000,0x00000000fb500000)
  to   space 76800K, 0% used [0x00000000fb500000,0x00000000fb500000,0x0000000100000000)
 ParOldGen       total 241152K, used 134495K [0x00000000c0000000, 0x00000000ceb80000, 0x00000000eaa80000)
  object space 241152K, 55% used [0x00000000c0000000,0x00000000c8357e18,0x00000000ceb80000)
 PSPermGen       total 21504K, used 5992K [0x00000000bae00000, 0x00000000bc300000, 0x00000000c0000000)
  object space 21504K, 27% used [0x00000000bae00000,0x00000000bb3da048,0x00000000bc300000)
}
Event: 64,071 GC heap before
{Heap before GC invocations=17 (full 3):
 PSYoungGen      total 272896K, used 196096K [0x00000000eaa80000, 0x0000000100000000, 0x0000000100000000)
  eden space 196096K, 100% used [0x00000000eaa80000,0x00000000f6a00000,0x00000000f6a00000)
  from space 76800K, 0% used [0x00000000f6a00000,0x00000000f6a00000,0x00000000fb500000)
  to   space 76800K, 0% used [0x00000000fb500000,0x00000000fb500000,0x0000000100000000)
 ParOldGen       total 241152K, used 134495K [0x00000000c0000000, 0x00000000ceb80000, 0x00000000eaa80000)
  object space 241152K, 55% used [0x00000000c0000000,0x00000000c8357e18,0x00000000ceb80000)
 PSPermGen       total 21504K, used 5995K [0x00000000bae00000, 0x00000000bc300000, 0x00000000c0000000)
  object space 21504K, 27% used [0x00000000bae00000,0x00000000bb3dadc8,0x00000000bc300000)
Event: 64,442 GC heap after
Heap after GC invocations=17 (full 3):
 PSYoungGen      total 199168K, used 76784K [0x00000000eaa80000, 0x0000000100000000, 0x0000000100000000)
  eden space 122368K, 0% used [0x00000000eaa80000,0x00000000eaa80000,0x00000000f2200000)
  from space 76800K, 99% used [0x00000000fb500000,0x00000000ffffc2c0,0x0000000100000000)
  to   space 113664K, 0% used [0x00000000f2200000,0x00000000f2200000,0x00000000f9100000)
 ParOldGen       total 241152K, used 151014K [0x00000000c0000000, 0x00000000ceb80000, 0x00000000eaa80000)
  object space 241152K, 62% used [0x00000000c0000000,0x00000000c9379ac8,0x00000000ceb80000)
 PSPermGen       total 21504K, used 5995K [0x00000000bae00000, 0x00000000bc300000, 0x00000000c0000000)
  object space 21504K, 27% used [0x00000000bae00000,0x00000000bb3dadc8,0x00000000bc300000)
}
Event: 65,671 GC heap before
{Heap before GC invocations=18 (full 3):
 PSYoungGen      total 199168K, used 199152K [0x00000000eaa80000, 0x0000000100000000, 0x0000000100000000)
  eden space 122368K, 100% used [0x00000000eaa80000,0x00000000f2200000,0x00000000f2200000)
  from space 76800K, 99% used [0x00000000fb500000,0x00000000ffffc2c0,0x0000000100000000)
  to   space 113664K, 0% used [0x00000000f2200000,0x00000000f2200000,0x00000000f9100000)
 ParOldGen       total 241152K, used 151014K [0x00000000c0000000, 0x00000000ceb80000, 0x00000000eaa80000)
  object space 241152K, 62% used [0x00000000c0000000,0x00000000c9379ac8,0x00000000ceb80000)
 PSPermGen       total 21504K, used 5995K [0x00000000bae00000, 0x00000000bc300000, 0x00000000c0000000)
  object space 21504K, 27% used [0x00000000bae00000,0x00000000bb3dae70,0x00000000bc300000)
Event: 65,979 GC heap after
Heap after GC invocations=18 (full 3):
 PSYoungGen      total 236032K, used 33534K [0x00000000eaa80000, 0x0000000100000000, 0x0000000100000000)
  eden space 122368K, 0% used [0x00000000eaa80000,0x00000000eaa80000,0x00000000f2200000)
  from space 113664K, 29% used [0x00000000f2200000,0x00000000f42bfae0,0x00000000f9100000)
  to   space 107008K, 0% used [0x00000000f9780000,0x00000000f9780000,0x0000000100000000)
 ParOldGen       total 241152K, used 228438K [0x00000000c0000000, 0x00000000ceb80000, 0x00000000eaa80000)
  object space 241152K, 94% used [0x00000000c0000000,0x00000000cdf15988,0x00000000ceb80000)
 PSPermGen       total 21504K, used 5995K [0x00000000bae00000, 0x00000000bc300000, 0x00000000c0000000)
  object space 21504K, 27% used [0x00000000bae00000,0x00000000bb3dae70,0x00000000bc300000)
}
Event: 65,979 GC heap before
{Heap before GC invocations=19 (full 4):
 PSYoungGen      total 236032K, used 33534K [0x00000000eaa80000, 0x0000000100000000, 0x0000000100000000)
  eden space 122368K, 0% used [0x00000000eaa80000,0x00000000eaa80000,0x00000000f2200000)
  from space 113664K, 29% used [0x00000000f2200000,0x00000000f42bfae0,0x00000000f9100000)
  to   space 107008K, 0% used [0x00000000f9780000,0x00000000f9780000,0x0000000100000000)
 ParOldGen       total 241152K, used 228438K [0x00000000c0000000, 0x00000000ceb80000, 0x00000000eaa80000)
  object space 241152K, 94% used [0x00000000c0000000,0x00000000cdf15988,0x00000000ceb80000)
 PSPermGen       total 21504K, used 5995K [0x00000000bae00000, 0x00000000bc300000, 0x00000000c0000000)
  object space 21504K, 27% used [0x00000000bae00000,0x00000000bb3dae70,0x00000000bc300000)

Deoptimization events (10 events):
Event: 35,369 Thread 0x00007ff2a400a000 Uncommon trap: reason=unstable_if action=reinterpret pc=0x00007ff2a1190e34 method=java.util.BitSet.ensureCapacity(I)V @ 6
Event: 35,714 Thread 0x00007ff2a400a000 Uncommon trap: reason=unstable_if action=reinterpret pc=0x00007ff2a11eb588 method=java.util.BitSet.ensureCapacity(I)V @ 6
Event: 36,056 Thread 0x00007ff2a400a000 Uncommon trap: reason=unstable_if action=reinterpret pc=0x00007ff2a11e0d8c method=java.util.BitSet.ensureCapacity(I)V @ 6
Event: 36,121 Thread 0x00007ff2a400a000 Uncommon trap: reason=unstable_if action=reinterpret pc=0x00007ff2a115e3a8 method=com.android.dx.rop.code.BasicBlockList.preferredSuccessorOf(Lcom/android/dx/rop/code/BasicBlock;)Lcom/android/dx/rop/code/BasicBlock; @ 58
Event: 45,365 Thread 0x00007ff2a4151800 Uncommon trap: reason=class_check action=maybe_recompile pc=0x00007ff2a10b1f48 method=com.android.dx.ssa.SsaConverter.placePhiFunctions(Lcom/android/dx/ssa/SsaMethod;Lcom/android/dx/ssa/LocalVariableInfo;I)V @ 257
Event: 45,842 Thread 0x00007ff2a4149000 Uncommon trap: reason=class_check action=maybe_recompile pc=0x00007ff2a10b1f48 method=com.android.dx.ssa.SsaConverter.placePhiFunctions(Lcom/android/dx/ssa/SsaMethod;Lcom/android/dx/ssa/LocalVariableInfo;I)V @ 257
Event: 49,111 Thread 0x00007ff2a4154800 Uncommon trap: reason=class_check action=maybe_recompile pc=0x00007ff2a10b1f48 method=com.android.dx.ssa.SsaConverter.placePhiFunctions(Lcom/android/dx/ssa/SsaMethod;Lcom/android/dx/ssa/LocalVariableInfo;I)V @ 257
Event: 50,616 Thread 0x00007ff2a400a000 Uncommon trap: reason=unstable_if action=reinterpret pc=0x00007ff2a117d280 method=com.android.dx.ssa.SCCP.simulateStmt(Lcom/android/dx/ssa/SsaInsn;)V @ 59
Event: 54,378 Thread 0x00007ff2a400a000 Uncommon trap: reason=null_check action=make_not_entrant pc=0x00007ff2a1270df0 method=com.android.dx.dex.file.FieldIdsSection.intern(Lcom/android/dx/rop/cst/CstFieldRef;)Lcom/android/dx/dex/file/FieldIdItem; @ 26
Event: 62,071 Thread 0x00007ff2a400a000 Uncommon trap: reason=unstable_if action=reinterpret pc=0x00007ff2a1153550 method=com.android.dx.cf.code.Merger.mergeStack(Lcom/android/dx/cf/code/ExecutionStack;Lcom/android/dx/cf/code/ExecutionStack;)Lcom/android/dx/cf/code/ExecutionStack; @ 2

Internal exceptions (10 events):
Event: 5,535 Thread 0x00007ff2a4149000 Threw 0x00000000eac07e08 at /HUDSON/workspace/7u-2-build-linux-amd64/jdk7u80/2329/hotspot/src/share/vm/prims/jvm.cpp:1319
Event: 5,536 Thread 0x00007ff2a4149000 Threw 0x00000000eac0d6d0 at /HUDSON/workspace/7u-2-build-linux-amd64/jdk7u80/2329/hotspot/src/share/vm/prims/jvm.cpp:1319
Event: 5,537 Thread 0x00007ff2a4149000 Threw 0x00000000eac12d20 at /HUDSON/workspace/7u-2-build-linux-amd64/jdk7u80/2329/hotspot/src/share/vm/prims/jvm.cpp:1319
Event: 10,339 Thread 0x00007ff2a400a000 Threw 0x00000000ec333648 at /HUDSON/workspace/7u-2-build-linux-amd64/jdk7u80/2329/hotspot/src/share/vm/prims/jvm.cpp:1319
Event: 11,963 Thread 0x00007ff2a4154800 Threw 0x00000000eb4ae1f0 at /HUDSON/workspace/7u-2-build-linux-amd64/jdk7u80/2329/hotspot/src/share/vm/prims/jvm.cpp:1319
Event: 12,463 Thread 0x00007ff2a4149000 Threw 0x00000000ebb9d9a0 at /HUDSON/workspace/7u-2-build-linux-amd64/jdk7u80/2329/hotspot/src/share/vm/prims/jvm.cpp:1319
Event: 15,096 Thread 0x00007ff2a400a000 Implicit null exception at 0x00007ff2a10e990f to 0x00007ff2a10e9ff1
Event: 25,984 Thread 0x00007ff2a400a000 Threw 0x00000000ef02af38 at /HUDSON/workspace/7u-2-build-linux-amd64/jdk7u80/2329/hotspot/src/share/vm/prims/jvm.cpp:1319
Event: 26,095 Thread 0x00007ff2a400a000 Threw 0x00000000ef10a478 at /HUDSON/workspace/7u-2-build-linux-amd64/jdk7u80/2329/hotspot/src/share/vm/prims/jvm.cpp:1319
Event: 35,010 Thread 0x00007ff2a400a000 Implicit null exception at 0x00007ff2a1149261 to 0x00007ff2a114cb05

Events (10 events):
Event: 57,498 Thread 0x00007ff2a4095000 flushing nmethod 0x00007ff2a117bf90
Event: 58,909 Executing VM operation: ParallelGCFailedAllocation
Event: 61,683 Executing VM operation: ParallelGCFailedAllocation done
Event: 62,071 Thread 0x00007ff2a400a000 Uncommon trap: trap_request=0xffffff75 fr.pc=0x00007ff2a1153550
Event: 62,071 Thread 0x00007ff2a400a000 DEOPT PACKING pc=0x00007ff2a1153550 sp=0x00007ff2ad8959d0
Event: 62,071 Thread 0x00007ff2a400a000 DEOPT UNPACKING pc=0x00007ff2a1039445 sp=0x00007ff2ad895888 mode 2
Event: 62,125 Thread 0x00007ff2a4098000 flushing nmethod 0x00007ff2a126b890
Event: 64,056 Executing VM operation: ParallelGCFailedAllocation
Event: 64,443 Executing VM operation: ParallelGCFailedAllocation done
Event: 65,652 Executing VM operation: ParallelGCFailedAllocation


Dynamic libraries:
00400000-00401000 r-xp 00000000 08:05 1602077                            /usr/lib/jvm/java-7-oracle/bin/java
00600000-00601000 rw-p 00000000 08:05 1602077                            /usr/lib/jvm/java-7-oracle/bin/java
01be0000-01c01000 rw-p 00000000 00:00 0                                  [heap]
bae00000-bc300000 rw-p 00000000 00:00 0 
bc300000-c0000000 rw-p 00000000 00:00 0 
c0000000-ceb80000 rw-p 00000000 00:00 0 
d7d00000-eaa80000 rw-p 00000000 00:00 0 
eaa80000-100000000 rw-p 00000000 00:00 0 
7ff258000000-7ff258021000 rw-p 00000000 00:00 0 
7ff258021000-7ff25c000000 ---p 00000000 00:00 0 
7ff25c000000-7ff25c028000 rw-p 00000000 00:00 0 
7ff25c028000-7ff260000000 ---p 00000000 00:00 0 
7ff260000000-7ff260021000 rw-p 00000000 00:00 0 
7ff260021000-7ff264000000 ---p 00000000 00:00 0 
7ff264000000-7ff264021000 rw-p 00000000 00:00 0 
7ff264021000-7ff268000000 ---p 00000000 00:00 0 
7ff268000000-7ff268021000 rw-p 00000000 00:00 0 
7ff268021000-7ff26c000000 ---p 00000000 00:00 0 
7ff26c000000-7ff26c034000 rw-p 00000000 00:00 0 
7ff26c034000-7ff270000000 ---p 00000000 00:00 0 
7ff270000000-7ff27190b000 rw-p 00000000 00:00 0 
7ff27190b000-7ff274000000 ---p 00000000 00:00 0 
7ff274000000-7ff274021000 rw-p 00000000 00:00 0 
7ff274021000-7ff278000000 ---p 00000000 00:00 0 
7ff278000000-7ff278021000 rw-p 00000000 00:00 0 
7ff278021000-7ff27c000000 ---p 00000000 00:00 0 
7ff27c000000-7ff27d64a000 rw-p 00000000 00:00 0 
7ff27d64a000-7ff280000000 ---p 00000000 00:00 0 
7ff280000000-7ff280021000 rw-p 00000000 00:00 0 
7ff280021000-7ff284000000 ---p 00000000 00:00 0 
7ff284000000-7ff284021000 rw-p 00000000 00:00 0 
7ff284021000-7ff288000000 ---p 00000000 00:00 0 
7ff288000000-7ff288257000 rw-p 00000000 00:00 0 
7ff288257000-7ff28c000000 ---p 00000000 00:00 0 
7ff28c000000-7ff28c021000 rw-p 00000000 00:00 0 
7ff28c021000-7ff290000000 ---p 00000000 00:00 0 
7ff291fe2000-7ff291fe5000 ---p 00000000 00:00 0 
7ff291fe5000-7ff2920e3000 rw-p 00000000 00:00 0                          [stack:26293]
7ff2920e3000-7ff2920e6000 ---p 00000000 00:00 0 
7ff2920e6000-7ff2921e4000 rw-p 00000000 00:00 0                          [stack:26292]
7ff2921e4000-7ff2921e7000 ---p 00000000 00:00 0 
7ff2921e7000-7ff2922e5000 rw-p 00000000 00:00 0                          [stack:26291]
7ff2922e5000-7ff2922e8000 ---p 00000000 00:00 0 
7ff2922e8000-7ff2923e6000 rw-p 00000000 00:00 0                          [stack:26290]
7ff2923e6000-7ff2923e9000 ---p 00000000 00:00 0 
7ff2923e9000-7ff2927e8000 rw-p 00000000 00:00 0                          [stack:26289]
7ff2927e8000-7ff2927ff000 r-xp 00000000 08:05 1713494                    /usr/lib/jvm/java-7-oracle/jre/lib/amd64/libnet.so
7ff2927ff000-7ff2929fe000 ---p 00017000 08:05 1713494                    /usr/lib/jvm/java-7-oracle/jre/lib/amd64/libnet.so
7ff2929fe000-7ff2929ff000 rw-p 00016000 08:05 1713494                    /usr/lib/jvm/java-7-oracle/jre/lib/amd64/libnet.so
7ff2929ff000-7ff292a0f000 r-xp 00000000 08:05 1713426                    /usr/lib/jvm/java-7-oracle/jre/lib/amd64/libnio.so
7ff292a0f000-7ff292c0f000 ---p 00010000 08:05 1713426                    /usr/lib/jvm/java-7-oracle/jre/lib/amd64/libnio.so
7ff292c0f000-7ff292c10000 rw-p 00010000 08:05 1713426                    /usr/lib/jvm/java-7-oracle/jre/lib/amd64/libnio.so
7ff292c10000-7ff292c11000 ---p 00000000 00:00 0 
7ff292c11000-7ff292d11000 rw-p 00000000 00:00 0                          [stack:26288]
7ff292d11000-7ff292d14000 ---p 00000000 00:00 0 
7ff292d14000-7ff292e12000 rw-p 00000000 00:00 0                          [stack:26287]
7ff292e12000-7ff292e15000 ---p 00000000 00:00 0 
7ff292e15000-7ff292f13000 rw-p 00000000 00:00 0                          [stack:26286]
7ff292f13000-7ff292f16000 ---p 00000000 00:00 0 
7ff292f16000-7ff293014000 rw-p 00000000 00:00 0                          [stack:26285]
7ff293014000-7ff293017000 ---p 00000000 00:00 0 
7ff293017000-7ff293115000 rw-p 00000000 00:00 0                          [stack:26284]
7ff293115000-7ff2937f8000 r--p 00000000 08:05 664400                     /usr/lib/locale/locale-archive
7ff2937f8000-7ff2937fb000 ---p 00000000 00:00 0 
7ff2937fb000-7ff2938f9000 rw-p 00000000 00:00 0                          [stack:26283]
7ff2938f9000-7ff2938fc000 ---p 00000000 00:00 0 
7ff2938fc000-7ff2939fa000 rw-p 00000000 00:00 0                          [stack:26282]
7ff2939fa000-7ff2939fb000 ---p 00000000 00:00 0 
7ff2939fb000-7ff294000000 rw-p 00000000 00:00 0                          [stack:26281]
7ff294000000-7ff294021000 rw-p 00000000 00:00 0 
7ff294021000-7ff298000000 ---p 00000000 00:00 0 
7ff298000000-7ff298021000 rw-p 00000000 00:00 0 
7ff298021000-7ff29c000000 ---p 00000000 00:00 0 
7ff29c000000-7ff29c021000 rw-p 00000000 00:00 0 
7ff29c021000-7ff2a0000000 ---p 00000000 00:00 0 
7ff2a0055000-7ff2a006d000 r--s 000f5000 08:05 1049998                    /home/anonymous/AndroidStudioProjects/e-laundry/app/build/intermediates/exploded-aar/com.google.android.gms/play-services-ads/8.4.0/jars/classes.jar
7ff2a006d000-7ff2a0b46000 rw-p 00000000 00:00 0 
7ff2a0b46000-7ff2a0d06000 r--s 039fb000 08:05 1719593                    /usr/lib/jvm/java-7-oracle/jre/lib/rt.jar
7ff2a0d06000-7ff2a1000000 rw-p 00000000 00:00 0 
7ff2a1000000-7ff2a12e0000 rwxp 00000000 00:00 0 
7ff2a12e0000-7ff2a418d000 rw-p 00000000 00:00 0 
7ff2a418d000-7ff2a8000000 ---p 00000000 00:00 0 
7ff2a8005000-7ff2aa2de000 rw-p 00000000 00:00 0 
7ff2aa2de000-7ff2aa2df000 ---p 00000000 00:00 0 
7ff2aa2df000-7ff2aa3df000 rw-p 00000000 00:00 0                          [stack:26280]
7ff2aa3df000-7ff2aa3e0000 ---p 00000000 00:00 0 
7ff2aa3e0000-7ff2aa4e0000 rw-p 00000000 00:00 0                          [stack:26279]
7ff2aa4e0000-7ff2aa4e1000 ---p 00000000 00:00 0 
7ff2aa4e1000-7ff2aa5e1000 rw-p 00000000 00:00 0                          [stack:26278]
7ff2aa5e1000-7ff2aa5e2000 ---p 00000000 00:00 0 
7ff2aa5e2000-7ff2aa6ed000 rw-p 00000000 00:00 0                          [stack:26277]
7ff2aa6ed000-7ff2aa70b000 rw-p 00000000 00:00 0 
7ff2aa70b000-7ff2aa781000 rw-p 00000000 00:00 0 
7ff2aa781000-7ff2aa861000 rw-p 00000000 00:00 0 
7ff2aa861000-7ff2aa86c000 rw-p 00000000 00:00 0 
7ff2aa86c000-7ff2aa88a000 rw-p 00000000 00:00 0 
7ff2aa88a000-7ff2aa900000 rw-p 00000000 00:00 0 
7ff2aa900000-7ff2aa9df000 rw-p 00000000 00:00 0 
7ff2aa9df000-7ff2aaa8a000 rw-p 00000000 00:00 0 
7ff2aaa8a000-7ff2aaa8b000 rw-p 00000000 00:00 0 
7ff2aaa8b000-7ff2aaaa2000 r-xp 00000000 08:05 1713484                    /usr/lib/jvm/java-7-oracle/jre/lib/amd64/libzip.so
7ff2aaaa2000-7ff2aaca2000 ---p 00017000 08:05 1713484                    /usr/lib/jvm/java-7-oracle/jre/lib/amd64/libzip.so
7ff2aaca2000-7ff2aaca3000 rw-p 00017000 08:05 1713484                    /usr/lib/jvm/java-7-oracle/jre/lib/amd64/libzip.so
7ff2aaca3000-7ff2aacaf000 r-xp 00000000 08:05 918711                     /lib/x86_64-linux-gnu/libnss_files-2.21.so
7ff2aacaf000-7ff2aaeae000 ---p 0000c000 08:05 918711                     /lib/x86_64-linux-gnu/libnss_files-2.21.so
7ff2aaeae000-7ff2aaeaf000 r--p 0000b000 08:05 918711                     /lib/x86_64-linux-gnu/libnss_files-2.21.so
7ff2aaeaf000-7ff2aaeb0000 rw-p 0000c000 08:05 918711                     /lib/x86_64-linux-gnu/libnss_files-2.21.so
7ff2aaeb0000-7ff2aaebb000 r-xp 00000000 08:05 918723                     /lib/x86_64-linux-gnu/libnss_nis-2.21.so
7ff2aaebb000-7ff2ab0ba000 ---p 0000b000 08:05 918723                     /lib/x86_64-linux-gnu/libnss_nis-2.21.so
7ff2ab0ba000-7ff2ab0bb000 r--p 0000a000 08:05 918723                     /lib/x86_64-linux-gnu/libnss_nis-2.21.so
7ff2ab0bb000-7ff2ab0bc000 rw-p 0000b000 08:05 918723                     /lib/x86_64-linux-gnu/libnss_nis-2.21.so
7ff2ab0bc000-7ff2ab0d3000 r-xp 00000000 08:05 918717                     /lib/x86_64-linux-gnu/libnsl-2.21.so
7ff2ab0d3000-7ff2ab2d2000 ---p 00017000 08:05 918717                     /lib/x86_64-linux-gnu/libnsl-2.21.so
7ff2ab2d2000-7ff2ab2d3000 r--p 00016000 08:05 918717                     /lib/x86_64-linux-gnu/libnsl-2.21.so
7ff2ab2d3000-7ff2ab2d4000 rw-p 00017000 08:05 918717                     /lib/x86_64-linux-gnu/libnsl-2.21.so
7ff2ab2d4000-7ff2ab2d6000 rw-p 00000000 00:00 0 
7ff2ab2d6000-7ff2ab2de000 r-xp 00000000 08:05 918713                     /lib/x86_64-linux-gnu/libnss_compat-2.21.so
7ff2ab2de000-7ff2ab4dd000 ---p 00008000 08:05 918713                     /lib/x86_64-linux-gnu/libnss_compat-2.21.so
7ff2ab4dd000-7ff2ab4de000 r--p 00007000 08:05 918713                     /lib/x86_64-linux-gnu/libnss_compat-2.21.so
7ff2ab4de000-7ff2ab4df000 rw-p 00008000 08:05 918713                     /lib/x86_64-linux-gnu/libnss_compat-2.21.so
7ff2ab4df000-7ff2ab508000 r-xp 00000000 08:05 1713416                    /usr/lib/jvm/java-7-oracle/jre/lib/amd64/libjava.so
7ff2ab508000-7ff2ab708000 ---p 00029000 08:05 1713416                    /usr/lib/jvm/java-7-oracle/jre/lib/amd64/libjava.so
7ff2ab708000-7ff2ab70a000 rw-p 00029000 08:05 1713416                    /usr/lib/jvm/java-7-oracle/jre/lib/amd64/libjava.so
7ff2ab70a000-7ff2ab717000 r-xp 00000000 08:05 1713470                    /usr/lib/jvm/java-7-oracle/jre/lib/amd64/libverify.so
7ff2ab717000-7ff2ab916000 ---p 0000d000 08:05 1713470                    /usr/lib/jvm/java-7-oracle/jre/lib/amd64/libverify.so
7ff2ab916000-7ff2ab918000 rw-p 0000c000 08:05 1713470                    /usr/lib/jvm/java-7-oracle/jre/lib/amd64/libverify.so
7ff2ab918000-7ff2ab91f000 r-xp 00000000 08:05 918709                     /lib/x86_64-linux-gnu/librt-2.21.so
7ff2ab91f000-7ff2abb1e000 ---p 00007000 08:05 918709                     /lib/x86_64-linux-gnu/librt-2.21.so
7ff2abb1e000-7ff2abb1f000 r--p 00006000 08:05 918709                     /lib/x86_64-linux-gnu/librt-2.21.so
7ff2abb1f000-7ff2abb20000 rw-p 00007000 08:05 918709                     /lib/x86_64-linux-gnu/librt-2.21.so
7ff2abb20000-7ff2abc27000 r-xp 00000000 08:05 918725                     /lib/x86_64-linux-gnu/libm-2.21.so
7ff2abc27000-7ff2abe26000 ---p 00107000 08:05 918725                     /lib/x86_64-linux-gnu/libm-2.21.so
7ff2abe26000-7ff2abe27000 r--p 00106000 08:05 918725                     /lib/x86_64-linux-gnu/libm-2.21.so
7ff2abe27000-7ff2abe28000 rw-p 00107000 08:05 918725                     /lib/x86_64-linux-gnu/libm-2.21.so
7ff2abe28000-7ff2ac99e000 r-xp 00000000 08:05 1713524                    /usr/lib/jvm/java-7-oracle/jre/lib/amd64/server/libjvm.so
7ff2ac99e000-7ff2acb9d000 ---p 00b76000 08:05 1713524                    /usr/lib/jvm/java-7-oracle/jre/lib/amd64/server/libjvm.so
7ff2acb9d000-7ff2acc61000 rw-p 00b75000 08:05 1713524                    /usr/lib/jvm/java-7-oracle/jre/lib/amd64/server/libjvm.so
7ff2acc61000-7ff2acca2000 rw-p 00000000 00:00 0 
7ff2acca2000-7ff2ace62000 r-xp 00000000 08:05 918726                     /lib/x86_64-linux-gnu/libc-2.21.so
7ff2ace62000-7ff2ad062000 ---p 001c0000 08:05 918726                     /lib/x86_64-linux-gnu/libc-2.21.so
7ff2ad062000-7ff2ad066000 r--p 001c0000 08:05 918726                     /lib/x86_64-linux-gnu/libc-2.21.so
7ff2ad066000-7ff2ad068000 rw-p 001c4000 08:05 918726                     /lib/x86_64-linux-gnu/libc-2.21.so
7ff2ad068000-7ff2ad06c000 rw-p 00000000 00:00 0 
7ff2ad06c000-7ff2ad06f000 r-xp 00000000 08:05 918722                     /lib/x86_64-linux-gnu/libdl-2.21.so
7ff2ad06f000-7ff2ad26e000 ---p 00003000 08:05 918722                     /lib/x86_64-linux-gnu/libdl-2.21.so
7ff2ad26e000-7ff2ad26f000 r--p 00002000 08:05 918722                     /lib/x86_64-linux-gnu/libdl-2.21.so
7ff2ad26f000-7ff2ad270000 rw-p 00003000 08:05 918722                     /lib/x86_64-linux-gnu/libdl-2.21.so
7ff2ad270000-7ff2ad285000 r-xp 00000000 08:05 1601155                    /usr/lib/jvm/java-7-oracle/lib/amd64/jli/libjli.so
7ff2ad285000-7ff2ad484000 ---p 00015000 08:05 1601155                    /usr/lib/jvm/java-7-oracle/lib/amd64/jli/libjli.so
7ff2ad484000-7ff2ad485000 rw-p 00014000 08:05 1601155                    /usr/lib/jvm/java-7-oracle/lib/amd64/jli/libjli.so
7ff2ad485000-7ff2ad49d000 r-xp 00000000 08:05 918710                     /lib/x86_64-linux-gnu/libpthread-2.21.so
7ff2ad49d000-7ff2ad69d000 ---p 00018000 08:05 918710                     /lib/x86_64-linux-gnu/libpthread-2.21.so
7ff2ad69d000-7ff2ad69e000 r--p 00018000 08:05 918710                     /lib/x86_64-linux-gnu/libpthread-2.21.so
7ff2ad69e000-7ff2ad69f000 rw-p 00019000 08:05 918710                     /lib/x86_64-linux-gnu/libpthread-2.21.so
7ff2ad69f000-7ff2ad6a3000 rw-p 00000000 00:00 0 
7ff2ad6a3000-7ff2ad6c7000 r-xp 00000000 08:05 918720                     /lib/x86_64-linux-gnu/ld-2.21.so
7ff2ad6c8000-7ff2ad6d7000 r--s 000df000 08:07 105507                     /media/anonymous/data/Android/android-sdk-linux/build-tools/23.0.2/lib/dx.jar
7ff2ad6d7000-7ff2ad6e3000 rw-p 00000000 00:00 0 
7ff2ad6e3000-7ff2ad797000 rw-p 00000000 00:00 0 
7ff2ad797000-7ff2ad79a000 ---p 00000000 00:00 0 
7ff2ad79a000-7ff2ad89c000 rw-p 00000000 00:00 0                          [stack:26273]
7ff2ad8a3000-7ff2ad8ba000 rw-p 00000000 00:00 0 
7ff2ad8ba000-7ff2ad8c2000 rw-s 00000000 08:05 1313050                    /tmp/hsperfdata_anonymous/26271
7ff2ad8c2000-7ff2ad8c3000 rw-p 00000000 00:00 0 
7ff2ad8c3000-7ff2ad8c4000 ---p 00000000 00:00 0 
7ff2ad8c4000-7ff2ad8c6000 rw-p 00000000 00:00 0 
7ff2ad8c6000-7ff2ad8c7000 r--p 00023000 08:05 918720                     /lib/x86_64-linux-gnu/ld-2.21.so
7ff2ad8c7000-7ff2ad8c8000 rw-p 00024000 08:05 918720                     /lib/x86_64-linux-gnu/ld-2.21.so
7ff2ad8c8000-7ff2ad8c9000 rw-p 00000000 00:00 0 
7ffe95c70000-7ffe95c92000 rw-p 00000000 00:00 0                          [stack]
7ffe95d21000-7ffe95d23000 r--p 00000000 00:00 0                          [vvar]
7ffe95d23000-7ffe95d25000 r-xp 00000000 00:00 0                          [vdso]
ffffffffff600000-ffffffffff601000 r-xp 00000000 00:00 0                  [vsyscall]

VM Arguments:
jvm_args: -Djava.awt.headless=true -Xmx1024M -Dfile.encoding=UTF-8 -Duser.country=US -Duser.language=en -Duser.variant 
java_command: com.android.dx.command.Main --dex --force-jumbo --num-threads=4 --output /home/anonymous/AndroidStudioProjects/e-laundry/app/build/intermediates/pre-dexed/debug/com.google.android.gms-play-services-ads-8.4.0_1447c9b78d721ac9cccb9668753edac0f9f35a97.jar /home/anonymous/AndroidStudioProjects/e-laundry/app/build/intermediates/exploded-aar/com.google.android.gms/play-services-ads/8.4.0/jars/classes.jar
Launcher Type: SUN_STANDARD

Environment Variables:
JAVA_HOME=/usr/local/java/jdk1.7.0_80
JRE_HOME=/usr/local/java/jdk1.7.0_80/jre
PATH=/usr/local/sbin:/usr/local/bin:/usr/sbin:/usr/bin:/sbin:/bin:/usr/games:/usr/local/games:/usr/lib/jvm/java-7-oracle/bin:/usr/lib/jvm/java-7-oracle/db/bin:/usr/lib/jvm/java-7-oracle/jre/bin:/usr/local/java/jdk1.7.0_80/bin:/usr/local/java/jdk1.7.0_80/jre/bin
LD_LIBRARY_PATH=.:
SHELL=/bin/bash
DISPLAY=:0

Signal Handlers:
SIGSEGV: [libjvm.so+0x9a3b20], sa_mask[0]=0x7ffbfeff, sa_flags=0x10000004
SIGBUS: [libjvm.so+0x9a3b20], sa_mask[0]=0x7ffbfeff, sa_flags=0x10000004
SIGFPE: [libjvm.so+0x81e740], sa_mask[0]=0x7ffbfeff, sa_flags=0x10000004
SIGPIPE: [libjvm.so+0x81e740], sa_mask[0]=0x7ffbfeff, sa_flags=0x10000004
SIGXFSZ: [libjvm.so+0x81e740], sa_mask[0]=0x7ffbfeff, sa_flags=0x10000004
SIGILL: [libjvm.so+0x81e740], sa_mask[0]=0x7ffbfeff, sa_flags=0x10000004
SIGUSR1: SIG_DFL, sa_mask[0]=0x00000000, sa_flags=0x00000000
SIGUSR2: [libjvm.so+0x81ffb0], sa_mask[0]=0x00000004, sa_flags=0x10000004
SIGHUP: [libjvm.so+0x8210d0], sa_mask[0]=0x7ffbfeff, sa_flags=0x10000004
SIGINT: [libjvm.so+0x8210d0], sa_mask[0]=0x7ffbfeff, sa_flags=0x10000004
SIGTERM: [libjvm.so+0x8210d0], sa_mask[0]=0x7ffbfeff, sa_flags=0x10000004
SIGQUIT: [libjvm.so+0x8210d0], sa_mask[0]=0x7ffbfeff, sa_flags=0x10000004


---------------  S Y S T E M  ---------------

OS:jessie/sid

uname:Linux 4.2.0-35-generic #40-Ubuntu SMP Tue Mar 15 22:15:45 UTC 2016 x86_64
libc:glibc 2.21 NPTL 2.21 
rlimit: STACK 8192k, CORE 0k, NPROC 14529, NOFILE 65536, AS infinity
load average:18,89 12,81 6,04

/proc/meminfo:
MemTotal:        3949548 kB
MemFree:           34436 kB
MemAvailable:     130468 kB
Buffers:            3688 kB
Cached:           109732 kB
SwapCached:        10448 kB
Active:          2241080 kB
Inactive:         786480 kB
Active(anon):    2198996 kB
Inactive(anon):   763108 kB
Active(file):      42084 kB
Inactive(file):    23372 kB
Unevictable:          92 kB
Mlocked:              92 kB
SwapTotal:       3126268 kB
SwapFree:            788 kB
Dirty:               112 kB
Writeback:             0 kB
AnonPages:       2904744 kB
Mapped:           631828 kB
Shmem:             47948 kB
Slab:             119444 kB
SReclaimable:      59928 kB
SUnreclaim:        59516 kB
KernelStack:       16400 kB
PageTables:        96796 kB
NFS_Unstable:          0 kB
Bounce:                0 kB
WritebackTmp:          0 kB
CommitLimit:     5101040 kB
Committed_AS:   16322844 kB
VmallocTotal:   34359738367 kB
VmallocUsed:      394104 kB
VmallocChunk:   34358947836 kB
HardwareCorrupted:     0 kB
AnonHugePages:    393216 kB
CmaTotal:              0 kB
CmaFree:               0 kB
HugePages_Total:       0
HugePages_Free:        0
HugePages_Rsvd:        0
HugePages_Surp:        0
Hugepagesize:       2048 kB
DirectMap4k:     1369080 kB
DirectMap2M:     2727936 kB
DirectMap1G:           0 kB


CPU:total 4 (2 cores per cpu, 2 threads per core) family 6 model 69 stepping 1, cmov, cx8, fxsr, mmx, sse, sse2, sse3, ssse3, sse4.1, sse4.2, popcnt, avx, avx2, aes, erms, ht, tsc, tscinvbit

/proc/cpuinfo:
processor	: 0
vendor_id	: GenuineIntel
cpu family	: 6
model		: 69
model name	: Intel(R) Core(TM) i5-4200U CPU @ 1.60GHz
stepping	: 1
microcode	: 0x1c
cpu MHz		: 1599.937
cache size	: 3072 KB
physical id	: 0
siblings	: 4
core id		: 0
cpu cores	: 2
apicid		: 0
initial apicid	: 0
fpu		: yes
fpu_exception	: yes
cpuid level	: 13
wp		: yes
flags		: fpu vme de pse tsc msr pae mce cx8 apic sep mtrr pge mca cmov pat pse36 clflush dts acpi mmx fxsr sse sse2 ss ht tm pbe syscall nx pdpe1gb rdtscp lm constant_tsc arch_perfmon pebs bts rep_good nopl xtopology nonstop_tsc aperfmperf eagerfpu pni pclmulqdq dtes64 monitor ds_cpl vmx est tm2 ssse3 fma cx16 xtpr pdcm pcid sse4_1 sse4_2 movbe popcnt tsc_deadline_timer aes xsave avx f16c rdrand lahf_lm abm arat epb pln pts dtherm tpr_shadow vnmi flexpriority ept vpid fsgsbase tsc_adjust bmi1 avx2 smep bmi2 erms invpcid xsaveopt
bugs		:
bogomips	: 3192.50
clflush size	: 64
cache_alignment	: 64
address sizes	: 39 bits physical, 48 bits virtual
power management:

processor	: 1
vendor_id	: GenuineIntel
cpu family	: 6
model		: 69
model name	: Intel(R) Core(TM) i5-4200U CPU @ 1.60GHz
stepping	: 1
microcode	: 0x1c
cpu MHz		: 1600.000
cache size	: 3072 KB
physical id	: 0
siblings	: 4
core id		: 1
cpu cores	: 2
apicid		: 2
initial apicid	: 2
fpu		: yes
fpu_exception	: yes
cpuid level	: 13
wp		: yes
flags		: fpu vme de pse tsc msr pae mce cx8 apic sep mtrr pge mca cmov pat pse36 clflush dts acpi mmx fxsr sse sse2 ss ht tm pbe syscall nx pdpe1gb rdtscp lm constant_tsc arch_perfmon pebs bts rep_good nopl xtopology nonstop_tsc aperfmperf eagerfpu pni pclmulqdq dtes64 monitor ds_cpl vmx est tm2 ssse3 fma cx16 xtpr pdcm pcid sse4_1 sse4_2 movbe popcnt tsc_deadline_timer aes xsave avx f16c rdrand lahf_lm abm arat epb pln pts dtherm tpr_shadow vnmi flexpriority ept vpid fsgsbase tsc_adjust bmi1 avx2 smep bmi2 erms invpcid xsaveopt
bugs		:
bogomips	: 3192.50
clflush size	: 64
cache_alignment	: 64
address sizes	: 39 bits physical, 48 bits virtual
power management:

processor	: 2
vendor_id	: GenuineIntel
cpu family	: 6
model		: 69
model name	: Intel(R) Core(TM) i5-4200U CPU @ 1.60GHz
stepping	: 1
microcode	: 0x1c
cpu MHz		: 1600.000
cache size	: 3072 KB
physical id	: 0
siblings	: 4
core id		: 0
cpu cores	: 2
apicid		: 1
initial apicid	: 1
fpu		: yes
fpu_exception	: yes
cpuid level	: 13
wp		: yes
flags		: fpu vme de pse tsc msr pae mce cx8 apic sep mtrr pge mca cmov pat pse36 clflush dts acpi mmx fxsr sse sse2 ss ht tm pbe syscall nx pdpe1gb rdtscp lm constant_tsc arch_perfmon pebs bts rep_good nopl xtopology nonstop_tsc aperfmperf eagerfpu pni pclmulqdq dtes64 monitor ds_cpl vmx est tm2 ssse3 fma cx16 xtpr pdcm pcid sse4_1 sse4_2 movbe popcnt tsc_deadline_timer aes xsave avx f16c rdrand lahf_lm abm arat epb pln pts dtherm tpr_shadow vnmi flexpriority ept vpid fsgsbase tsc_adjust bmi1 avx2 smep bmi2 erms invpcid xsaveopt
bugs		:
bogomips	: 3192.50
clflush size	: 64
cache_alignment	: 64
address sizes	: 39 bits physical, 48 bits virtual
power management:

processor	: 3
vendor_id	: GenuineIntel
cpu family	: 6
model		: 69
model name	: Intel(R) Core(TM) i5-4200U CPU @ 1.60GHz
stepping	: 1
microcode	: 0x1c
cpu MHz		: 1599.937
cache size	: 3072 KB
physical id	: 0
siblings	: 4
core id		: 1
cpu cores	: 2
apicid		: 3
initial apicid	: 3
fpu		: yes
fpu_exception	: yes
cpuid level	: 13
wp		: yes
flags		: fpu vme de pse tsc msr pae mce cx8 apic sep mtrr pge mca cmov pat pse36 clflush dts acpi mmx fxsr sse sse2 ss ht tm pbe syscall nx pdpe1gb rdtscp lm constant_tsc arch_perfmon pebs bts rep_good nopl xtopology nonstop_tsc aperfmperf eagerfpu pni pclmulqdq dtes64 monitor ds_cpl vmx est tm2 ssse3 fma cx16 xtpr pdcm pcid sse4_1 sse4_2 movbe popcnt tsc_deadline_timer aes xsave avx f16c rdrand lahf_lm abm arat epb pln pts dtherm tpr_shadow vnmi flexpriority ept vpid fsgsbase tsc_adjust bmi1 avx2 smep bmi2 erms invpcid xsaveopt
bugs		:
bogomips	: 3192.50
clflush size	: 64
cache_alignment	: 64
address sizes	: 39 bits physical, 48 bits virtual
power management:



Memory: 4k page, physical 3949548k(34188k free), swap 3126268k(788k free)

vm_info: Java HotSpot(TM) 64-Bit Server VM (24.80-b11) for linux-amd64 JRE (1.7.0_80-b15), built on Apr 10 2015 19:53:14 by "java_re" with gcc 4.3.0 20080428 (Red Hat 4.3.0-8)

time: Tue Apr 26 07:53:42 2016
elapsed time: 68 seconds

